#
# There is insufficient memory for the Java Runtime Environment to continue.
# Native memory allocation (mmap) failed to map 343932928 bytes for Failed to commit area from 0x0000000099800000 to 0x00000000ae000000 of length 343932928.
# Possible reasons:
#   The system is out of physical RAM or swap space
#   The process is running with CompressedOops enabled, and the Java Heap may be blocking the growth of the native heap
# Possible solutions:
#   Reduce memory load on the system
#   Increase physical memory or swap space
#   Check if swap backing store is full
#   Decrease Java heap size (-Xmx/-Xms)
#   Decrease number of Java threads
#   Decrease Java thread stack sizes (-Xss)
#   Set larger code cache with -XX:ReservedCodeCacheSize=
#   JVM is running with Unscaled Compressed Oops mode in which the Java heap is
#     placed in the first 4GB address space. The Java Heap base address is the
#     maximum limit for the native heap growth. Please use -XX:HeapBaseMinAddress
#     to set the Java Heap base and to place the Java Heap above 4GB virtual address.
# This output file may be truncated or incomplete.
#
#  Out of Memory Error (./src/hotspot/os/windows/os_windows.cpp:3303), pid=6336, tid=3828
#
# JRE version: OpenJDK Runtime Environment (11.0.8+10) (build 11.0.8+10-b944.6842174)
# Java VM: OpenJDK 64-Bit Server VM (11.0.8+10-b944.6842174, mixed mode, tiered, compressed oops, g1 gc, windows-amd64)
# No core dump will be written. Minidumps are not enabled by default on client versions of Windows
#

---------------  S U M M A R Y ------------

Command Line: --add-opens=java.base/java.util=ALL-UNNAMED --add-opens=java.base/java.lang=ALL-UNNAMED --add-opens=java.base/java.lang.invoke=ALL-UNNAMED --add-opens=java.prefs/java.util.prefs=ALL-UNNAMED -Xmx2048m -Dfile.encoding=UTF-8 -Duser.country=RU -Duser.language=ru -Duser.variant org.gradle.launcher.daemon.bootstrap.GradleDaemon 6.5

Host: Intel(R) Core(TM) i3-2370M CPU @ 2.40GHz, 4 cores, 3G,  Windows 10 , 64 bit Build 17763 (10.0.17763.2090)
Time: Wed Aug 25 21:08:21 2021 RTZ 2 (ceia) elapsed time: 103 seconds (0d 0h 1m 43s)

---------------  T H R E A D  ---------------

Current thread (0x0000026dc2c4b000):  VMThread "VM Thread" [stack: 0x000000d35d300000,0x000000d35d400000] [id=3828]

Stack: [0x000000d35d300000,0x000000d35d400000]
[error occurred during error reporting (printing stack bounds), id 0xc0000005, EXCEPTION_ACCESS_VIOLATION (0xc0000005) at pc=0x0000026dac400dad]

Native frames: (J=compiled Java code, j=interpreted, Vv=VM code, C=native code)
V  [jvm.dll+0x5de50a]
V  [jvm.dll+0x7122f5]
V  [jvm.dll+0x71384d]
V  [jvm.dll+0x713e65]
V  [jvm.dll+0x713e1b]
V  [jvm.dll+0x5dd958]
V  [jvm.dll+0x5de0f8]
C  [ntdll.dll+0xa4a2f]
C  [ntdll.dll+0x4cef]
C  [ntdll.dll+0xa379e]
C  0x0000026dac400dad

VM_Operation (0x000000d35ccfb7f0): G1CollectForAllocation, mode: safepoint, requested by thread 0x0000026dc77f6800


---------------  P R O C E S S  ---------------

Threads class SMR info:
_java_thread_list=0x0000026dcfb7ecd0, length=53, elements={
0x0000026da72c9800, 0x0000026dc2c4d800, 0x0000026dc2c51000, 0x0000026dc2c69000,
0x0000026dc2c6c000, 0x0000026dc2c6d000, 0x0000026dc3634000, 0x0000026dc363b000,
0x0000026dc3724000, 0x0000026dc3748800, 0x0000026dc5160800, 0x0000026dc6028800,
0x0000026dc4baf800, 0x0000026dc6320800, 0x0000026dc5e20800, 0x0000026dc48b6800,
0x0000026dc48b2800, 0x0000026dc5601800, 0x0000026dc4078000, 0x0000026dc3656800,
0x0000026dc3658800, 0x0000026dc3659000, 0x0000026dc3653800, 0x0000026dc3654000,
0x0000026dc365a000, 0x0000026dc3655000, 0x0000026dc3656000, 0x0000026dc5374800,
0x0000026dc5370800, 0x0000026dc5371000, 0x0000026dc536e800, 0x0000026dc5372000,
0x0000026dc5a35800, 0x0000026dc5a39800, 0x0000026dc5a33800, 0x0000026dc5a34800,
0x0000026dc77f2800, 0x0000026dc77ef800, 0x0000026dc77f1000, 0x0000026dc77f3800,
0x0000026dc77f0000, 0x0000026dc77ee800, 0x0000026dc77f7800, 0x0000026dc77f5000,
0x0000026dc77f6800, 0x0000026dc77f2000, 0x0000026dc77f8800, 0x0000026dc5a2b800,
0x0000026dcfb07000, 0x0000026dc5a2a800, 0x0000026dc5a2f800, 0x0000026dc5a31000,
0x0000026dc5a32000
}

Java Threads: ( => current thread )
  0x0000026da72c9800 JavaThread "main" [_thread_blocked, id=6972, stack(0x000000d35cd00000,0x000000d35ce00000)]
  0x0000026dc2c4d800 JavaThread "Reference Handler" daemon [_thread_blocked, id=532, stack(0x000000d35d400000,0x000000d35d500000)]
  0x0000026dc2c51000 JavaThread "Finalizer" daemon [_thread_blocked, id=368, stack(0x000000d35d500000,0x000000d35d600000)]
  0x0000026dc2c69000 JavaThread "Signal Dispatcher" daemon [_thread_blocked, id=4928, stack(0x000000d35d600000,0x000000d35d700000)]
  0x0000026dc2c6c000 JavaThread "Attach Listener" daemon [_thread_blocked, id=6600, stack(0x000000d35d700000,0x000000d35d800000)]
  0x0000026dc2c6d000 JavaThread "C2 CompilerThread0" daemon [_thread_blocked, id=820, stack(0x000000d35d800000,0x000000d35d900000)]
  0x0000026dc3634000 JavaThread "C1 CompilerThread0" daemon [_thread_blocked, id=1388, stack(0x000000d35d900000,0x000000d35da00000)]
  0x0000026dc363b000 JavaThread "Sweeper thread" daemon [_thread_blocked, id=5888, stack(0x000000d35da00000,0x000000d35db00000)]
  0x0000026dc3724000 JavaThread "Common-Cleaner" daemon [_thread_blocked, id=5928, stack(0x000000d35db00000,0x000000d35dc00000)]
  0x0000026dc3748800 JavaThread "Service Thread" daemon [_thread_blocked, id=964, stack(0x000000d35dc00000,0x000000d35dd00000)]
  0x0000026dc5160800 JavaThread "Daemon health stats" [_thread_blocked, id=4184, stack(0x000000d35e000000,0x000000d35e100000)]
  0x0000026dc6028800 JavaThread "Incoming local TCP Connector on port 54101" [_thread_in_native, id=1476, stack(0x000000d35e200000,0x000000d35e300000)]
  0x0000026dc4baf800 JavaThread "Daemon periodic checks" [_thread_blocked, id=6164, stack(0x000000d35e300000,0x000000d35e400000)]
  0x0000026dc6320800 JavaThread "Daemon" [_thread_blocked, id=5036, stack(0x000000d35e400000,0x000000d35e500000)]
  0x0000026dc5e20800 JavaThread "Handler for socket connection from /127.0.0.1:54101 to /127.0.0.1:54102" [_thread_in_native, id=372, stack(0x000000d35e500000,0x000000d35e600000)]
  0x0000026dc48b6800 JavaThread "Cancel handler" [_thread_blocked, id=4880, stack(0x000000d35e600000,0x000000d35e700000)]
  0x0000026dc48b2800 JavaThread "Daemon worker" [_thread_blocked, id=3028, stack(0x000000d35e700000,0x000000d35e800000)]
  0x0000026dc5601800 JavaThread "Asynchronous log dispatcher for DefaultDaemonConnection: socket connection from /127.0.0.1:54101 to /127.0.0.1:54102" [_thread_blocked, id=4628, stack(0x000000d35e800000,0x000000d35e900000)]
  0x0000026dc4078000 JavaThread "Thread-8" [_thread_blocked, id=1820, stack(0x000000d35ea00000,0x000000d35eb00000)]
  0x0000026dc3656800 JavaThread "Cache worker for journal cache (C:\Users\Home\.gradle\caches\journal-1)" [_thread_blocked, id=5316, stack(0x000000d35ed00000,0x000000d35ee00000)]
  0x0000026dc3658800 JavaThread "File lock request listener" [_thread_in_native, id=5936, stack(0x000000d35ee00000,0x000000d35ef00000)]
  0x0000026dc3659000 JavaThread "Cache worker for file hash cache (C:\Users\Home\.gradle\caches\6.5\fileHashes)" [_thread_blocked, id=2848, stack(0x000000d35ef00000,0x000000d35f000000)]
  0x0000026dc3653800 JavaThread "Cache worker for file hash cache (D:\AndroidProjects\Unscramble\.gradle\6.5\fileHashes)" [_thread_blocked, id=1664, stack(0x000000d35f000000,0x000000d35f100000)]
  0x0000026dc3654000 JavaThread "Cache worker for checksums cache (D:\AndroidProjects\Unscramble\.gradle\checksums)" [_thread_blocked, id=1788, stack(0x000000d35f100000,0x000000d35f200000)]
  0x0000026dc365a000 JavaThread "Cache worker for cache directory md-supplier (C:\Users\Home\.gradle\caches\6.5\md-supplier)" [_thread_blocked, id=4972, stack(0x000000d35f200000,0x000000d35f300000)]
  0x0000026dc3655000 JavaThread "Cache worker for cache directory md-rule (C:\Users\Home\.gradle\caches\6.5\md-rule)" [_thread_blocked, id=3272, stack(0x000000d35f300000,0x000000d35f400000)]
  0x0000026dc3656000 JavaThread "Cache worker for execution history cache (C:\Users\Home\.gradle\caches\6.5\executionHistory)" [_thread_blocked, id=2880, stack(0x000000d35f400000,0x000000d35f500000)]
  0x0000026dc5374800 JavaThread "Cache worker for file content cache (C:\Users\Home\.gradle\caches\6.5\fileContent)" [_thread_blocked, id=1080, stack(0x000000d35f700000,0x000000d35f800000)]
  0x0000026dc5370800 JavaThread "Build operations" [_thread_blocked, id=4636, stack(0x000000d35f800000,0x000000d35f900000)]
  0x0000026dc5371000 JavaThread "Build operations Thread 2" [_thread_blocked, id=5956, stack(0x000000d35f900000,0x000000d35fa00000)]
  0x0000026dc536e800 JavaThread "Build operations Thread 3" [_thread_blocked, id=6856, stack(0x000000d35fa00000,0x000000d35fb00000)]
  0x0000026dc5372000 JavaThread "Build operations Thread 4" [_thread_blocked, id=5660, stack(0x000000d35fb00000,0x000000d35fc00000)]
  0x0000026dc5a35800 JavaThread "Cache worker for Build Output Cleanup Cache (D:\AndroidProjects\Unscramble\.gradle\buildOutputCleanup)" [_thread_blocked, id=4348, stack(0x000000d35f500000,0x000000d35f600000)]
  0x0000026dc5a39800 JavaThread "Memory manager" [_thread_blocked, id=2060, stack(0x000000d366e00000,0x000000d366f00000)]
  0x0000026dc5a33800 JavaThread "Cache worker for file content cache (D:\AndroidProjects\Unscramble\.gradle\6.5\fileContent)" [_thread_blocked, id=1700, stack(0x000000d366f00000,0x000000d367000000)]
  0x0000026dc5a34800 JavaThread "Execution worker for ':'" [_thread_blocked, id=780, stack(0x000000d367000000,0x000000d367100000)]
  0x0000026dc77f2800 JavaThread "Execution worker for ':' Thread 2" [_thread_blocked, id=1852, stack(0x000000d367100000,0x000000d367200000)]
  0x0000026dc77ef800 JavaThread "Execution worker for ':' Thread 3" [_thread_blocked, id=4320, stack(0x000000d367200000,0x000000d367300000)]
  0x0000026dc77f1000 JavaThread "Cache worker for execution history cache (D:\AndroidProjects\Unscramble\.gradle\6.5\executionHistory)" [_thread_blocked, id=6064, stack(0x000000d367300000,0x000000d367400000)]
  0x0000026dc77f3800 JavaThread "RMI Scheduler(0)" daemon [_thread_blocked, id=2364, stack(0x000000d366d00000,0x000000d366e00000)]
  0x0000026dc77f0000 JavaThread "RMI GC Daemon" daemon [_thread_blocked, id=4820, stack(0x000000d367500000,0x000000d367600000)]
  0x0000026dc77ee800 JavaThread "RMI TCP Accept-0" daemon [_thread_in_native, id=4840, stack(0x000000d367600000,0x000000d367700000)]
  0x0000026dc77f7800 JavaThread "RMI Reaper" [_thread_blocked, id=2384, stack(0x000000d367700000,0x000000d367800000)]
  0x0000026dc77f5000 JavaThread "RMI TCP Connection(idle)" daemon [_thread_blocked, id=1208, stack(0x000000d367800000,0x000000d367900000)]
  0x0000026dc77f6800 JavaThread "WorkerExecutor Queue" [_thread_blocked, id=3492, stack(0x000000d35cc00000,0x000000d35cd00000)]
  0x0000026dc77f2000 JavaThread "WorkerExecutor Queue Thread 2" [_thread_blocked, id=6460, stack(0x000000d35e900000,0x000000d35ea00000)]
  0x0000026dc77f8800 JavaThread "WorkerExecutor Queue Thread 3" [_thread_blocked, id=1772, stack(0x000000d35f600000,0x000000d35f700000)]
  0x0000026dc5a2b800 JavaThread "WorkerExecutor Queue Thread 4" [_thread_blocked, id=5792, stack(0x000000d35fc00000,0x000000d35fd00000)]
  0x0000026dcfb07000 JavaThread "C2 CompilerThread1" daemon [_thread_blocked, id=4924, stack(0x000000d35cb00000,0x000000d35cc00000)]
  0x0000026dc5a2a800 JavaThread "ForkJoinPool-1-worker-3" daemon [_thread_blocked, id=3308, stack(0x000000d35fd00000,0x000000d35fe00000)]
  0x0000026dc5a2f800 JavaThread "ForkJoinPool-1-worker-5" daemon [_thread_blocked, id=3156, stack(0x000000d35fe00000,0x000000d35ff00000)]
  0x0000026dc5a31000 JavaThread "ForkJoinPool-1-worker-7" daemon [_thread_blocked, id=5804, stack(0x000000d35ff00000,0x000000d360000000)]
  0x0000026dc5a32000 JavaThread "ForkJoinPool-1-worker-1" daemon [_thread_blocked, id=1356, stack(0x000000d360000000,0x000000d360100000)]

Other Threads:
=>0x0000026dc2c4b000 VMThread "VM Thread" [stack: 0x000000d35d300000,0x000000d35d400000] [id=3828]
  0x0000026dc374a000 WatcherThread [stack: 0x000000d35dd00000,0x000000d35de00000] [id=5680]
  0x0000026da72e3000 GCTaskThread "GC Thread#0" [stack: 0x000000d35ce00000,0x000000d35cf00000] [id=1148]
  0x0000026dc393c000 GCTaskThread "GC Thread#1" [stack: 0x000000d35de00000,0x000000d35df00000] [id=4532]
  0x0000026dc52ad800 GCTaskThread "GC Thread#2" [stack: 0x000000d35eb00000,0x000000d35ec00000] [id=2408]
  0x0000026dc3a71000 GCTaskThread "GC Thread#3" [stack: 0x000000d35ec00000,0x000000d35ed00000] [id=5068]
  0x0000026da731c000 ConcurrentGCThread "G1 Main Marker" [stack: 0x000000d35cf00000,0x000000d35d000000] [id=2808]
  0x0000026da731d000 ConcurrentGCThread "G1 Conc#0" [stack: 0x000000d35d000000,0x000000d35d100000] [id=6396]
  0x0000026da7375800 ConcurrentGCThread "G1 Refine#0" [stack: 0x000000d35d100000,0x000000d35d200000] [id=3140]
  0x0000026da7376800 ConcurrentGCThread "G1 Young RemSet Sampling" [stack: 0x000000d35d200000,0x000000d35d300000] [id=5708]

Threads with active compile tasks:
C2 CompilerThread0 103416 15899       4       com.sun.org.apache.xerces.internal.parsers.AbstractDOMParser::characters (394 bytes)
C1 CompilerThread0 103417 15904       3       com.android.tools.r8.graph.f0$$Lambda$1231/0x0000000100d12040::accept (12 bytes)
C2 CompilerThread1 103417 15897       4       com.sun.org.apache.xerces.internal.dom.DeferredDocumentImpl::ensureCapacity (358 bytes)

VM state:at safepoint (normal execution)

VM Mutex/Monitor currently owned by a thread:  ([mutex/lock_event])
[0x0000026da72c88c0] Threads_lock - owner thread: 0x0000026dc2c4b000
[0x0000026da72c8290] Heap_lock - owner thread: 0x0000026dc77f6800

Heap address: 0x0000000080000000, size: 2048 MB, Compressed Oops mode: 32-bit
Narrow klass base: 0x0000000000000000, Narrow klass shift: 3
Compressed class space size: 1073741824 Address: 0x0000000100000000

Heap:
 garbage-first heap   total 753664K, used 257985K [0x0000000080000000, 0x0000000100000000)
  region size 1024K, 7 young (7168K), 7 survivors (7168K)
 Metaspace       used 116658K, capacity 119445K, committed 119672K, reserved 1153024K
  class space    used 14698K, capacity 15751K, committed 15820K, reserved 1048576K
Heap Regions: E=young(eden), S=young(survivor), O=old, HS=humongous(starts), HC=humongous(continues), CS=collection set, F=free, A=archive, TAMS=top-at-mark-start (previous, next)
|   0|0x0000000080000000, 0x0000000080100000, 0x0000000080100000|100%| O|  |TAMS 0x0000000080100000, 0x0000000080000000| Updating 
|   1|0x0000000080100000, 0x0000000080200000, 0x0000000080200000|100%| O|  |TAMS 0x0000000080200000, 0x0000000080100000| Updating 
|   2|0x0000000080200000, 0x0000000080300000, 0x0000000080300000|100%| O|  |TAMS 0x0000000080300000, 0x0000000080200000| Updating 
|   3|0x0000000080300000, 0x0000000080400000, 0x0000000080400000|100%|HS|  |TAMS 0x0000000080400000, 0x0000000080300000| Complete 
|   4|0x0000000080400000, 0x0000000080500000, 0x0000000080500000|100%|HC|  |TAMS 0x0000000080500000, 0x0000000080400000| Complete 
|   5|0x0000000080500000, 0x0000000080600000, 0x0000000080600000|100%|HC|  |TAMS 0x0000000080600000, 0x0000000080500000| Complete 
|   6|0x0000000080600000, 0x0000000080700000, 0x0000000080700000|100%| O|  |TAMS 0x0000000080700000, 0x0000000080600000| Updating 
|   7|0x0000000080700000, 0x0000000080800000, 0x0000000080800000|100%| O|  |TAMS 0x0000000080800000, 0x0000000080700000| Updating 
|   8|0x0000000080800000, 0x0000000080900000, 0x0000000080900000|100%| O|  |TAMS 0x0000000080900000, 0x0000000080800000| Updating 
|   9|0x0000000080900000, 0x0000000080a00000, 0x0000000080a00000|100%| O|  |TAMS 0x0000000080a00000, 0x0000000080900000| Updating 
|  10|0x0000000080a00000, 0x0000000080b00000, 0x0000000080b00000|100%| O|  |TAMS 0x0000000080b00000, 0x0000000080a00000| Updating 
|  11|0x0000000080b00000, 0x0000000080c00000, 0x0000000080c00000|100%| O|  |TAMS 0x0000000080c00000, 0x0000000080b00000| Updating 
|  12|0x0000000080c00000, 0x0000000080d00000, 0x0000000080d00000|100%| O|  |TAMS 0x0000000080d00000, 0x0000000080c00000| Updating 
|  13|0x0000000080d00000, 0x0000000080e00000, 0x0000000080e00000|100%| O|  |TAMS 0x0000000080e00000, 0x0000000080d00000| Updating 
|  14|0x0000000080e00000, 0x0000000080f00000, 0x0000000080f00000|100%| O|  |TAMS 0x0000000080f00000, 0x0000000080e00000| Updating 
|  15|0x0000000080f00000, 0x0000000081000000, 0x0000000081000000|100%| O|  |TAMS 0x0000000081000000, 0x0000000080f00000| Updating 
|  16|0x0000000081000000, 0x0000000081100000, 0x0000000081100000|100%| O|  |TAMS 0x0000000081100000, 0x0000000081000000| Updating 
|  17|0x0000000081100000, 0x0000000081200000, 0x0000000081200000|100%| O|  |TAMS 0x0000000081200000, 0x0000000081100000| Updating 
|  18|0x0000000081200000, 0x0000000081300000, 0x0000000081300000|100%| O|  |TAMS 0x0000000081300000, 0x0000000081200000| Updating 
|  19|0x0000000081300000, 0x0000000081400000, 0x0000000081400000|100%| O|  |TAMS 0x0000000081400000, 0x0000000081300000| Updating 
|  20|0x0000000081400000, 0x0000000081500000, 0x0000000081500000|100%| O|  |TAMS 0x0000000081500000, 0x0000000081400000| Updating 
|  21|0x0000000081500000, 0x0000000081600000, 0x0000000081600000|100%| O|  |TAMS 0x0000000081600000, 0x0000000081500000| Updating 
|  22|0x0000000081600000, 0x0000000081700000, 0x0000000081700000|100%| O|  |TAMS 0x0000000081700000, 0x0000000081600000| Updating 
|  23|0x0000000081700000, 0x0000000081800000, 0x0000000081800000|100%| O|  |TAMS 0x0000000081800000, 0x0000000081700000| Updating 
|  24|0x0000000081800000, 0x0000000081900000, 0x0000000081900000|100%|HS|  |TAMS 0x0000000081900000, 0x0000000081800000| Complete 
|  25|0x0000000081900000, 0x0000000081a00000, 0x0000000081a00000|100%|HS|  |TAMS 0x0000000081a00000, 0x0000000081900000| Complete 
|  26|0x0000000081a00000, 0x0000000081b00000, 0x0000000081b00000|100%|HC|  |TAMS 0x0000000081b00000, 0x0000000081a00000| Complete 
|  27|0x0000000081b00000, 0x0000000081c00000, 0x0000000081c00000|100%|HC|  |TAMS 0x0000000081c00000, 0x0000000081b00000| Complete 
|  28|0x0000000081c00000, 0x0000000081d00000, 0x0000000081d00000|100%| O|  |TAMS 0x0000000081d00000, 0x0000000081c00000| Updating 
|  29|0x0000000081d00000, 0x0000000081e00000, 0x0000000081e00000|100%| O|  |TAMS 0x0000000081e00000, 0x0000000081d00000| Updating 
|  30|0x0000000081e00000, 0x0000000081f00000, 0x0000000081f00000|100%| O|  |TAMS 0x0000000081f00000, 0x0000000081e00000| Updating 
|  31|0x0000000081f00000, 0x0000000082000000, 0x0000000082000000|100%| O|  |TAMS 0x0000000082000000, 0x0000000081f00000| Updating 
|  32|0x0000000082000000, 0x0000000082100000, 0x0000000082100000|100%|HS|  |TAMS 0x0000000082100000, 0x0000000082000000| Complete 
|  33|0x0000000082100000, 0x0000000082200000, 0x0000000082200000|100%|HC|  |TAMS 0x0000000082200000, 0x0000000082100000| Complete 
|  34|0x0000000082200000, 0x0000000082300000, 0x0000000082300000|100%| O|  |TAMS 0x0000000082300000, 0x0000000082200000| Updating 
|  35|0x0000000082300000, 0x0000000082400000, 0x0000000082400000|100%| O|  |TAMS 0x0000000082400000, 0x0000000082300000| Updating 
|  36|0x0000000082400000, 0x0000000082500000, 0x0000000082500000|100%| O|  |TAMS 0x0000000082500000, 0x0000000082400000| Updating 
|  37|0x0000000082500000, 0x0000000082600000, 0x0000000082600000|100%| O|  |TAMS 0x0000000082600000, 0x0000000082500000| Updating 
|  38|0x0000000082600000, 0x0000000082700000, 0x0000000082700000|100%| O|  |TAMS 0x0000000082700000, 0x0000000082600000| Updating 
|  39|0x0000000082700000, 0x0000000082800000, 0x0000000082800000|100%| O|  |TAMS 0x0000000082800000, 0x0000000082700000| Updating 
|  40|0x0000000082800000, 0x0000000082900000, 0x0000000082900000|100%| O|  |TAMS 0x0000000082900000, 0x0000000082800000| Updating 
|  41|0x0000000082900000, 0x0000000082a00000, 0x0000000082a00000|100%| O|  |TAMS 0x0000000082a00000, 0x0000000082900000| Updating 
|  42|0x0000000082a00000, 0x0000000082b00000, 0x0000000082b00000|100%| O|  |TAMS 0x0000000082b00000, 0x0000000082a00000| Updating 
|  43|0x0000000082b00000, 0x0000000082c00000, 0x0000000082c00000|100%| O|  |TAMS 0x0000000082c00000, 0x0000000082b00000| Updating 
|  44|0x0000000082c00000, 0x0000000082d00000, 0x0000000082d00000|100%| O|  |TAMS 0x0000000082d00000, 0x0000000082c00000| Updating 
|  45|0x0000000082d00000, 0x0000000082e00000, 0x0000000082e00000|100%| O|  |TAMS 0x0000000082e00000, 0x0000000082d00000| Updating 
|  46|0x0000000082e00000, 0x0000000082f00000, 0x0000000082f00000|100%| O|  |TAMS 0x0000000082f00000, 0x0000000082e00000| Updating 
|  47|0x0000000082f00000, 0x0000000083000000, 0x0000000083000000|100%| O|  |TAMS 0x0000000083000000, 0x0000000082f00000| Updating 
|  48|0x0000000083000000, 0x0000000083100000, 0x0000000083100000|100%| O|  |TAMS 0x0000000083100000, 0x0000000083000000| Updating 
|  49|0x0000000083100000, 0x0000000083200000, 0x0000000083200000|100%| O|  |TAMS 0x0000000083200000, 0x0000000083100000| Updating 
|  50|0x0000000083200000, 0x0000000083300000, 0x0000000083300000|100%| O|  |TAMS 0x0000000083300000, 0x0000000083200000| Updating 
|  51|0x0000000083300000, 0x0000000083400000, 0x0000000083400000|100%| O|  |TAMS 0x0000000083400000, 0x0000000083300000| Updating 
|  52|0x0000000083400000, 0x0000000083500000, 0x0000000083500000|100%| O|  |TAMS 0x0000000083500000, 0x0000000083400000| Updating 
|  53|0x0000000083500000, 0x0000000083600000, 0x0000000083600000|100%| O|  |TAMS 0x0000000083600000, 0x0000000083500000| Updating 
|  54|0x0000000083600000, 0x0000000083700000, 0x0000000083700000|100%| O|  |TAMS 0x0000000083700000, 0x0000000083600000| Updating 
|  55|0x0000000083700000, 0x0000000083800000, 0x0000000083800000|100%| O|  |TAMS 0x0000000083800000, 0x0000000083700000| Updating 
|  56|0x0000000083800000, 0x0000000083900000, 0x0000000083900000|100%| O|  |TAMS 0x0000000083900000, 0x0000000083800000| Updating 
|  57|0x0000000083900000, 0x0000000083a00000, 0x0000000083a00000|100%| O|  |TAMS 0x0000000083a00000, 0x0000000083900000| Updating 
|  58|0x0000000083a00000, 0x0000000083b00000, 0x0000000083b00000|100%| O|  |TAMS 0x0000000083b00000, 0x0000000083a00000| Updating 
|  59|0x0000000083b00000, 0x0000000083c00000, 0x0000000083c00000|100%| O|  |TAMS 0x0000000083c00000, 0x0000000083b00000| Updating 
|  60|0x0000000083c00000, 0x0000000083d00000, 0x0000000083d00000|100%| O|  |TAMS 0x0000000083d00000, 0x0000000083c00000| Updating 
|  61|0x0000000083d00000, 0x0000000083e00000, 0x0000000083e00000|100%| O|  |TAMS 0x0000000083e00000, 0x0000000083d00000| Updating 
|  62|0x0000000083e00000, 0x0000000083f00000, 0x0000000083f00000|100%| O|  |TAMS 0x0000000083f00000, 0x0000000083e00000| Updating 
|  63|0x0000000083f00000, 0x0000000084000000, 0x0000000084000000|100%| O|  |TAMS 0x0000000084000000, 0x0000000083f00000| Updating 
|  64|0x0000000084000000, 0x0000000084100000, 0x0000000084100000|100%| O|  |TAMS 0x0000000084100000, 0x0000000084000000| Updating 
|  65|0x0000000084100000, 0x0000000084200000, 0x0000000084200000|100%| O|  |TAMS 0x0000000084200000, 0x0000000084100000| Updating 
|  66|0x0000000084200000, 0x0000000084300000, 0x0000000084300000|100%| O|  |TAMS 0x0000000084300000, 0x0000000084200000| Updating 
|  67|0x0000000084300000, 0x0000000084400000, 0x0000000084400000|100%| O|  |TAMS 0x0000000084400000, 0x0000000084300000| Updating 
|  68|0x0000000084400000, 0x0000000084500000, 0x0000000084500000|100%| O|  |TAMS 0x0000000084500000, 0x0000000084400000| Updating 
|  69|0x0000000084500000, 0x0000000084600000, 0x0000000084600000|100%| O|  |TAMS 0x0000000084600000, 0x0000000084500000| Updating 
|  70|0x0000000084600000, 0x0000000084700000, 0x0000000084700000|100%| O|  |TAMS 0x0000000084700000, 0x0000000084600000| Updating 
|  71|0x0000000084700000, 0x0000000084800000, 0x0000000084800000|100%| O|  |TAMS 0x0000000084800000, 0x0000000084700000| Updating 
|  72|0x0000000084800000, 0x0000000084900000, 0x0000000084900000|100%| O|  |TAMS 0x0000000084900000, 0x0000000084800000| Updating 
|  73|0x0000000084900000, 0x0000000084a00000, 0x0000000084a00000|100%| O|  |TAMS 0x0000000084a00000, 0x0000000084900000| Updating 
|  74|0x0000000084a00000, 0x0000000084b00000, 0x0000000084b00000|100%| O|  |TAMS 0x0000000084b00000, 0x0000000084a00000| Updating 
|  75|0x0000000084b00000, 0x0000000084c00000, 0x0000000084c00000|100%| O|  |TAMS 0x0000000084c00000, 0x0000000084b00000| Updating 
|  76|0x0000000084c00000, 0x0000000084d00000, 0x0000000084d00000|100%| O|  |TAMS 0x0000000084d00000, 0x0000000084c00000| Updating 
|  77|0x0000000084d00000, 0x0000000084e00000, 0x0000000084e00000|100%| O|  |TAMS 0x0000000084e00000, 0x0000000084d00000| Updating 
|  78|0x0000000084e00000, 0x0000000084f00000, 0x0000000084f00000|100%| O|  |TAMS 0x0000000084f00000, 0x0000000084e00000| Updating 
|  79|0x0000000084f00000, 0x0000000085000000, 0x0000000085000000|100%| O|  |TAMS 0x0000000084f00000, 0x0000000084f00000| Untracked 
|  80|0x0000000085000000, 0x0000000085100000, 0x0000000085100000|100%| O|  |TAMS 0x0000000085100000, 0x0000000085000000| Updating 
|  81|0x0000000085100000, 0x0000000085200000, 0x0000000085200000|100%| O|  |TAMS 0x0000000085200000, 0x0000000085100000| Updating 
|  82|0x0000000085200000, 0x0000000085300000, 0x0000000085300000|100%| O|  |TAMS 0x0000000085300000, 0x0000000085200000| Updating 
|  83|0x0000000085300000, 0x0000000085400000, 0x0000000085400000|100%| O|  |TAMS 0x0000000085400000, 0x0000000085300000| Updating 
|  84|0x0000000085400000, 0x0000000085500000, 0x0000000085500000|100%| O|  |TAMS 0x0000000085500000, 0x0000000085400000| Updating 
|  85|0x0000000085500000, 0x0000000085600000, 0x0000000085600000|100%| O|  |TAMS 0x0000000085600000, 0x0000000085500000| Updating 
|  86|0x0000000085600000, 0x0000000085700000, 0x0000000085700000|100%| O|  |TAMS 0x0000000085600000, 0x0000000085600000| Untracked 
|  87|0x0000000085700000, 0x0000000085800000, 0x0000000085800000|100%|HS|  |TAMS 0x0000000085800000, 0x0000000085700000| Complete 
|  88|0x0000000085800000, 0x0000000085900000, 0x0000000085900000|100%|HC|  |TAMS 0x0000000085900000, 0x0000000085800000| Complete 
|  89|0x0000000085900000, 0x0000000085a00000, 0x0000000085a00000|100%|HS|  |TAMS 0x0000000085900000, 0x0000000085900000| Complete 
|  90|0x0000000085a00000, 0x0000000085b00000, 0x0000000085b00000|100%|HC|  |TAMS 0x0000000085a00000, 0x0000000085a00000| Complete 
|  91|0x0000000085b00000, 0x0000000085c00000, 0x0000000085c00000|100%| O|  |TAMS 0x0000000085c00000, 0x0000000085b00000| Updating 
|  92|0x0000000085c00000, 0x0000000085d00000, 0x0000000085d00000|100%| O|  |TAMS 0x0000000085d00000, 0x0000000085c00000| Updating 
|  93|0x0000000085d00000, 0x0000000085e00000, 0x0000000085e00000|100%| O|  |TAMS 0x0000000085e00000, 0x0000000085d00000| Updating 
|  94|0x0000000085e00000, 0x0000000085f00000, 0x0000000085f00000|100%| O|  |TAMS 0x0000000085f00000, 0x0000000085e00000| Updating 
|  95|0x0000000085f00000, 0x0000000086000000, 0x0000000086000000|100%| O|  |TAMS 0x0000000086000000, 0x0000000085f00000| Updating 
|  96|0x0000000086000000, 0x0000000086100000, 0x0000000086100000|100%| O|  |TAMS 0x0000000086100000, 0x0000000086000000| Updating 
|  97|0x0000000086100000, 0x0000000086200000, 0x0000000086200000|100%| O|  |TAMS 0x0000000086200000, 0x0000000086100000| Updating 
|  98|0x0000000086200000, 0x0000000086300000, 0x0000000086300000|100%| O|  |TAMS 0x0000000086300000, 0x0000000086200000| Updating 
|  99|0x0000000086300000, 0x0000000086400000, 0x0000000086400000|100%| O|  |TAMS 0x0000000086400000, 0x0000000086300000| Updating 
| 100|0x0000000086400000, 0x0000000086500000, 0x0000000086500000|100%| O|  |TAMS 0x0000000086500000, 0x0000000086400000| Updating 
| 101|0x0000000086500000, 0x0000000086600000, 0x0000000086600000|100%| O|  |TAMS 0x0000000086600000, 0x0000000086500000| Updating 
| 102|0x0000000086600000, 0x0000000086700000, 0x0000000086700000|100%| O|  |TAMS 0x0000000086700000, 0x0000000086600000| Updating 
| 103|0x0000000086700000, 0x0000000086800000, 0x0000000086800000|100%| O|  |TAMS 0x0000000086800000, 0x0000000086700000| Updating 
| 104|0x0000000086800000, 0x0000000086900000, 0x0000000086900000|100%| O|  |TAMS 0x0000000086900000, 0x0000000086800000| Updating 
| 105|0x0000000086900000, 0x0000000086a00000, 0x0000000086a00000|100%| O|  |TAMS 0x0000000086a00000, 0x0000000086900000| Updating 
| 106|0x0000000086a00000, 0x0000000086b00000, 0x0000000086b00000|100%| O|  |TAMS 0x0000000086b00000, 0x0000000086a00000| Updating 
| 107|0x0000000086b00000, 0x0000000086c00000, 0x0000000086c00000|100%| O|  |TAMS 0x0000000086c00000, 0x0000000086b00000| Updating 
| 108|0x0000000086c00000, 0x0000000086d00000, 0x0000000086d00000|100%| O|  |TAMS 0x0000000086d00000, 0x0000000086c00000| Updating 
| 109|0x0000000086d00000, 0x0000000086e00000, 0x0000000086e00000|100%| O|  |TAMS 0x0000000086e00000, 0x0000000086d00000| Updating 
| 110|0x0000000086e00000, 0x0000000086f00000, 0x0000000086f00000|100%| O|  |TAMS 0x0000000086f00000, 0x0000000086e00000| Updating 
| 111|0x0000000086f00000, 0x0000000087000000, 0x0000000087000000|100%| O|  |TAMS 0x0000000087000000, 0x0000000086f00000| Updating 
| 112|0x0000000087000000, 0x0000000087100000, 0x0000000087100000|100%| O|  |TAMS 0x0000000087100000, 0x0000000087000000| Updating 
| 113|0x0000000087100000, 0x0000000087200000, 0x0000000087200000|100%| O|  |TAMS 0x0000000087200000, 0x0000000087100000| Updating 
| 114|0x0000000087200000, 0x0000000087300000, 0x0000000087300000|100%| O|  |TAMS 0x0000000087300000, 0x0000000087200000| Updating 
| 115|0x0000000087300000, 0x0000000087400000, 0x0000000087400000|100%| O|  |TAMS 0x0000000087400000, 0x0000000087300000| Updating 
| 116|0x0000000087400000, 0x0000000087500000, 0x0000000087500000|100%| O|  |TAMS 0x0000000087500000, 0x0000000087400000| Updating 
| 117|0x0000000087500000, 0x0000000087600000, 0x0000000087600000|100%| O|  |TAMS 0x0000000087600000, 0x0000000087500000| Updating 
| 118|0x0000000087600000, 0x0000000087700000, 0x0000000087700000|100%| O|  |TAMS 0x0000000087700000, 0x0000000087600000| Updating 
| 119|0x0000000087700000, 0x0000000087800000, 0x0000000087800000|100%| O|  |TAMS 0x0000000087800000, 0x0000000087700000| Updating 
| 120|0x0000000087800000, 0x0000000087900000, 0x0000000087900000|100%| O|  |TAMS 0x0000000087900000, 0x0000000087800000| Updating 
| 121|0x0000000087900000, 0x0000000087a00000, 0x0000000087a00000|100%| O|  |TAMS 0x0000000087a00000, 0x0000000087900000| Updating 
| 122|0x0000000087a00000, 0x0000000087b00000, 0x0000000087b00000|100%| O|  |TAMS 0x0000000087b00000, 0x0000000087a00000| Updating 
| 123|0x0000000087b00000, 0x0000000087c00000, 0x0000000087c00000|100%| O|  |TAMS 0x0000000087c00000, 0x0000000087b00000| Updating 
| 124|0x0000000087c00000, 0x0000000087d00000, 0x0000000087d00000|100%| O|  |TAMS 0x0000000087d00000, 0x0000000087c00000| Updating 
| 125|0x0000000087d00000, 0x0000000087e00000, 0x0000000087e00000|100%| O|  |TAMS 0x0000000087e00000, 0x0000000087d00000| Updating 
| 126|0x0000000087e00000, 0x0000000087f00000, 0x0000000087f00000|100%| O|  |TAMS 0x0000000087f00000, 0x0000000087e00000| Updating 
| 127|0x0000000087f00000, 0x0000000088000000, 0x0000000088000000|100%| O|  |TAMS 0x0000000088000000, 0x0000000087f00000| Updating 
| 128|0x0000000088000000, 0x0000000088100000, 0x0000000088100000|100%| O|  |TAMS 0x0000000088100000, 0x0000000088000000| Updating 
| 129|0x0000000088100000, 0x0000000088200000, 0x0000000088200000|100%| O|  |TAMS 0x0000000088200000, 0x0000000088100000| Updating 
| 130|0x0000000088200000, 0x0000000088300000, 0x0000000088300000|100%| O|  |TAMS 0x0000000088300000, 0x0000000088200000| Updating 
| 131|0x0000000088300000, 0x0000000088400000, 0x0000000088400000|100%| O|  |TAMS 0x0000000088400000, 0x0000000088300000| Updating 
| 132|0x0000000088400000, 0x0000000088500000, 0x0000000088500000|100%| O|  |TAMS 0x0000000088500000, 0x0000000088400000| Updating 
| 133|0x0000000088500000, 0x0000000088600000, 0x0000000088600000|100%|HS|  |TAMS 0x0000000088600000, 0x0000000088500000| Complete 
| 134|0x0000000088600000, 0x0000000088700000, 0x0000000088700000|100%|HC|  |TAMS 0x0000000088700000, 0x0000000088600000| Complete 
| 135|0x0000000088700000, 0x0000000088800000, 0x0000000088800000|100%|HS|  |TAMS 0x0000000088800000, 0x0000000088700000| Complete 
| 136|0x0000000088800000, 0x0000000088900000, 0x0000000088900000|100%|HC|  |TAMS 0x0000000088900000, 0x0000000088800000| Complete 
| 137|0x0000000088900000, 0x0000000088a00000, 0x0000000088a00000|100%|HS|  |TAMS 0x0000000088a00000, 0x0000000088900000| Complete 
| 138|0x0000000088a00000, 0x0000000088b00000, 0x0000000088b00000|100%|HS|  |TAMS 0x0000000088b00000, 0x0000000088a00000| Complete 
| 139|0x0000000088b00000, 0x0000000088c00000, 0x0000000088c00000|100%|HS|  |TAMS 0x0000000088c00000, 0x0000000088b00000| Complete 
| 140|0x0000000088c00000, 0x0000000088d00000, 0x0000000088d00000|100%| O|  |TAMS 0x0000000088d00000, 0x0000000088c00000| Updating 
| 141|0x0000000088d00000, 0x0000000088e00000, 0x0000000088e00000|100%| O|  |TAMS 0x0000000088e00000, 0x0000000088d00000| Updating 
| 142|0x0000000088e00000, 0x0000000088f00000, 0x0000000088f00000|100%| O|  |TAMS 0x0000000088f00000, 0x0000000088e00000| Updating 
| 143|0x0000000088f00000, 0x0000000089000000, 0x0000000089000000|100%| O|  |TAMS 0x0000000089000000, 0x0000000088f00000| Updating 
| 144|0x0000000089000000, 0x0000000089100000, 0x0000000089100000|100%| O|  |TAMS 0x0000000089100000, 0x0000000089000000| Updating 
| 145|0x0000000089100000, 0x0000000089200000, 0x0000000089200000|100%| O|  |TAMS 0x0000000089200000, 0x0000000089100000| Updating 
| 146|0x0000000089200000, 0x0000000089300000, 0x0000000089300000|100%| O|  |TAMS 0x0000000089300000, 0x0000000089200000| Updating 
| 147|0x0000000089300000, 0x0000000089400000, 0x0000000089400000|100%| O|  |TAMS 0x0000000089300000, 0x0000000089300000| Untracked 
| 148|0x0000000089400000, 0x0000000089500000, 0x0000000089500000|100%| O|  |TAMS 0x0000000089400000, 0x0000000089400000| Untracked 
| 149|0x0000000089500000, 0x0000000089600000, 0x0000000089600000|100%| O|  |TAMS 0x0000000089500000, 0x0000000089500000| Untracked 
| 150|0x0000000089600000, 0x0000000089700000, 0x0000000089700000|100%|HS|  |TAMS 0x0000000089700000, 0x0000000089600000| Complete 
| 151|0x0000000089700000, 0x0000000089800000, 0x0000000089800000|100%|HC|  |TAMS 0x0000000089800000, 0x0000000089700000| Complete 
| 152|0x0000000089800000, 0x0000000089900000, 0x0000000089900000|100%| O|  |TAMS 0x0000000089900000, 0x0000000089800000| Updating 
| 153|0x0000000089900000, 0x0000000089a00000, 0x0000000089a00000|100%| O|  |TAMS 0x0000000089a00000, 0x0000000089900000| Updating 
| 154|0x0000000089a00000, 0x0000000089b00000, 0x0000000089b00000|100%| O|  |TAMS 0x0000000089b00000, 0x0000000089a00000| Updating 
| 155|0x0000000089b00000, 0x0000000089c00000, 0x0000000089c00000|100%| O|  |TAMS 0x0000000089c00000, 0x0000000089b00000| Updating 
| 156|0x0000000089c00000, 0x0000000089d00000, 0x0000000089d00000|100%| O|  |TAMS 0x0000000089d00000, 0x0000000089c00000| Updating 
| 157|0x0000000089d00000, 0x0000000089e00000, 0x0000000089e00000|100%| O|  |TAMS 0x0000000089e00000, 0x0000000089d00000| Updating 
| 158|0x0000000089e00000, 0x0000000089f00000, 0x0000000089f00000|100%|HS|  |TAMS 0x0000000089f00000, 0x0000000089e00000| Complete 
| 159|0x0000000089f00000, 0x000000008a000000, 0x000000008a000000|100%| O|  |TAMS 0x000000008a000000, 0x0000000089f00000| Updating 
| 160|0x000000008a000000, 0x000000008a100000, 0x000000008a100000|100%| O|  |TAMS 0x000000008a100000, 0x000000008a000000| Updating 
| 161|0x000000008a100000, 0x000000008a200000, 0x000000008a200000|100%| O|  |TAMS 0x000000008a200000, 0x000000008a100000| Updating 
| 162|0x000000008a200000, 0x000000008a300000, 0x000000008a300000|100%| O|  |TAMS 0x000000008a300000, 0x000000008a200000| Updating 
| 163|0x000000008a300000, 0x000000008a400000, 0x000000008a400000|100%| O|  |TAMS 0x000000008a400000, 0x000000008a300000| Updating 
| 164|0x000000008a400000, 0x000000008a500000, 0x000000008a500000|100%| O|  |TAMS 0x000000008a500000, 0x000000008a400000| Updating 
| 165|0x000000008a500000, 0x000000008a600000, 0x000000008a600000|100%| O|  |TAMS 0x000000008a600000, 0x000000008a500000| Updating 
| 166|0x000000008a600000, 0x000000008a700000, 0x000000008a700000|100%| O|  |TAMS 0x000000008a700000, 0x000000008a600000| Updating 
| 167|0x000000008a700000, 0x000000008a800000, 0x000000008a800000|100%| O|  |TAMS 0x000000008a800000, 0x000000008a700000| Updating 
| 168|0x000000008a800000, 0x000000008a900000, 0x000000008a900000|100%| O|  |TAMS 0x000000008a900000, 0x000000008a800000| Updating 
| 169|0x000000008a900000, 0x000000008aa00000, 0x000000008aa00000|100%| O|  |TAMS 0x000000008aa00000, 0x000000008a900000| Updating 
| 170|0x000000008aa00000, 0x000000008ab00000, 0x000000008ab00000|100%| O|  |TAMS 0x000000008ab00000, 0x000000008aa00000| Updating 
| 171|0x000000008ab00000, 0x000000008ac00000, 0x000000008ac00000|100%| O|  |TAMS 0x000000008ac00000, 0x000000008ab00000| Updating 
| 172|0x000000008ac00000, 0x000000008ad00000, 0x000000008ad00000|100%| O|  |TAMS 0x000000008ad00000, 0x000000008ac00000| Updating 
| 173|0x000000008ad00000, 0x000000008ae00000, 0x000000008ae00000|100%| O|  |TAMS 0x000000008ae00000, 0x000000008ad00000| Updating 
| 174|0x000000008ae00000, 0x000000008af00000, 0x000000008af00000|100%| O|  |TAMS 0x000000008af00000, 0x000000008ae00000| Updating 
| 175|0x000000008af00000, 0x000000008b000000, 0x000000008b000000|100%| O|  |TAMS 0x000000008b000000, 0x000000008af00000| Updating 
| 176|0x000000008b000000, 0x000000008b100000, 0x000000008b100000|100%| O|  |TAMS 0x000000008b100000, 0x000000008b000000| Updating 
| 177|0x000000008b100000, 0x000000008b200000, 0x000000008b200000|100%| O|  |TAMS 0x000000008b200000, 0x000000008b100000| Updating 
| 178|0x000000008b200000, 0x000000008b300000, 0x000000008b300000|100%| O|  |TAMS 0x000000008b300000, 0x000000008b200000| Updating 
| 179|0x000000008b300000, 0x000000008b400000, 0x000000008b400000|100%| O|  |TAMS 0x000000008b400000, 0x000000008b300000| Updating 
| 180|0x000000008b400000, 0x000000008b500000, 0x000000008b500000|100%| O|  |TAMS 0x000000008b500000, 0x000000008b400000| Updating 
| 181|0x000000008b500000, 0x000000008b600000, 0x000000008b600000|100%| O|  |TAMS 0x000000008b600000, 0x000000008b500000| Updating 
| 182|0x000000008b600000, 0x000000008b700000, 0x000000008b700000|100%| O|  |TAMS 0x000000008b700000, 0x000000008b600000| Updating 
| 183|0x000000008b700000, 0x000000008b800000, 0x000000008b800000|100%| O|  |TAMS 0x000000008b800000, 0x000000008b700000| Updating 
| 184|0x000000008b800000, 0x000000008b900000, 0x000000008b900000|100%| O|  |TAMS 0x000000008b900000, 0x000000008b800000| Updating 
| 185|0x000000008b900000, 0x000000008ba00000, 0x000000008ba00000|100%| O|  |TAMS 0x000000008ba00000, 0x000000008b900000| Updating 
| 186|0x000000008ba00000, 0x000000008bb00000, 0x000000008bb00000|100%| O|  |TAMS 0x000000008bb00000, 0x000000008ba00000| Updating 
| 187|0x000000008bb00000, 0x000000008bc00000, 0x000000008bc00000|100%| O|  |TAMS 0x000000008bc00000, 0x000000008bb00000| Updating 
| 188|0x000000008bc00000, 0x000000008bd00000, 0x000000008bd00000|100%|HS|  |TAMS 0x000000008bd00000, 0x000000008bc00000| Complete 
| 189|0x000000008bd00000, 0x000000008be00000, 0x000000008be00000|100%| O|  |TAMS 0x000000008be00000, 0x000000008bd00000| Updating 
| 190|0x000000008be00000, 0x000000008bf00000, 0x000000008bf00000|100%| O|  |TAMS 0x000000008bf00000, 0x000000008be00000| Updating 
| 191|0x000000008bf00000, 0x000000008c000000, 0x000000008c000000|100%| O|  |TAMS 0x000000008c000000, 0x000000008bf00000| Updating 
| 192|0x000000008c000000, 0x000000008c100000, 0x000000008c100000|100%| O|  |TAMS 0x000000008c100000, 0x000000008c000000| Updating 
| 193|0x000000008c100000, 0x000000008c200000, 0x000000008c200000|100%| O|  |TAMS 0x000000008c200000, 0x000000008c100000| Updating 
| 194|0x000000008c200000, 0x000000008c300000, 0x000000008c300000|100%| O|  |TAMS 0x000000008c300000, 0x000000008c200000| Updating 
| 195|0x000000008c300000, 0x000000008c400000, 0x000000008c400000|100%| O|  |TAMS 0x000000008c400000, 0x000000008c300000| Updating 
| 196|0x000000008c400000, 0x000000008c500000, 0x000000008c500000|100%| O|  |TAMS 0x000000008c500000, 0x000000008c400000| Updating 
| 197|0x000000008c500000, 0x000000008c600000, 0x000000008c600000|100%| O|  |TAMS 0x000000008c600000, 0x000000008c500000| Updating 
| 198|0x000000008c600000, 0x000000008c700000, 0x000000008c700000|100%| O|  |TAMS 0x000000008c700000, 0x000000008c600000| Updating 
| 199|0x000000008c700000, 0x000000008c800000, 0x000000008c800000|100%| O|  |TAMS 0x000000008c800000, 0x000000008c700000| Updating 
| 200|0x000000008c800000, 0x000000008c900000, 0x000000008c900000|100%| O|  |TAMS 0x000000008c900000, 0x000000008c800000| Updating 
| 201|0x000000008c900000, 0x000000008ca00000, 0x000000008ca00000|100%| O|  |TAMS 0x000000008ca00000, 0x000000008c900000| Updating 
| 202|0x000000008ca00000, 0x000000008cb00000, 0x000000008cb00000|100%| O|  |TAMS 0x000000008cb00000, 0x000000008ca00000| Updating 
| 203|0x000000008cb00000, 0x000000008cc00000, 0x000000008cc00000|100%| O|  |TAMS 0x000000008cc00000, 0x000000008cb00000| Updating 
| 204|0x000000008cc00000, 0x000000008cd00000, 0x000000008cd00000|100%| O|  |TAMS 0x000000008cd00000, 0x000000008cc00000| Updating 
| 205|0x000000008cd00000, 0x000000008ce00000, 0x000000008ce00000|100%| O|  |TAMS 0x000000008ce00000, 0x000000008cd00000| Updating 
| 206|0x000000008ce00000, 0x000000008cf00000, 0x000000008cf00000|100%| O|  |TAMS 0x000000008cf00000, 0x000000008ce00000| Updating 
| 207|0x000000008cf00000, 0x000000008d000000, 0x000000008d000000|100%| O|  |TAMS 0x000000008d000000, 0x000000008cf00000| Updating 
| 208|0x000000008d000000, 0x000000008d100000, 0x000000008d100000|100%| O|  |TAMS 0x000000008d100000, 0x000000008d000000| Updating 
| 209|0x000000008d100000, 0x000000008d200000, 0x000000008d200000|100%| O|  |TAMS 0x000000008d200000, 0x000000008d100000| Updating 
| 210|0x000000008d200000, 0x000000008d300000, 0x000000008d300000|100%| O|  |TAMS 0x000000008d300000, 0x000000008d200000| Updating 
| 211|0x000000008d300000, 0x000000008d400000, 0x000000008d400000|100%| O|  |TAMS 0x000000008d400000, 0x000000008d300000| Updating 
| 212|0x000000008d400000, 0x000000008d500000, 0x000000008d500000|100%| O|  |TAMS 0x000000008d500000, 0x000000008d400000| Updating 
| 213|0x000000008d500000, 0x000000008d600000, 0x000000008d600000|100%| O|  |TAMS 0x000000008d600000, 0x000000008d500000| Updating 
| 214|0x000000008d600000, 0x000000008d700000, 0x000000008d700000|100%| O|  |TAMS 0x000000008d700000, 0x000000008d600000| Updating 
| 215|0x000000008d700000, 0x000000008d800000, 0x000000008d800000|100%| O|  |TAMS 0x000000008d800000, 0x000000008d700000| Updating 
| 216|0x000000008d800000, 0x000000008d900000, 0x000000008d900000|100%| O|  |TAMS 0x000000008d900000, 0x000000008d800000| Updating 
| 217|0x000000008d900000, 0x000000008da00000, 0x000000008da00000|100%| O|  |TAMS 0x000000008da00000, 0x000000008d900000| Updating 
| 218|0x000000008da00000, 0x000000008db00000, 0x000000008db00000|100%| O|  |TAMS 0x000000008db00000, 0x000000008da00000| Updating 
| 219|0x000000008db00000, 0x000000008dc00000, 0x000000008dc00000|100%| O|  |TAMS 0x000000008dc00000, 0x000000008db00000| Updating 
| 220|0x000000008dc00000, 0x000000008dd00000, 0x000000008dd00000|100%| O|  |TAMS 0x000000008dd00000, 0x000000008dc00000| Updating 
| 221|0x000000008dd00000, 0x000000008de00000, 0x000000008de00000|100%| O|  |TAMS 0x000000008de00000, 0x000000008dd00000| Updating 
| 222|0x000000008de00000, 0x000000008df00000, 0x000000008df00000|100%| O|  |TAMS 0x000000008df00000, 0x000000008de00000| Updating 
| 223|0x000000008df00000, 0x000000008e000000, 0x000000008e000000|100%| O|  |TAMS 0x000000008df80000, 0x000000008df00000| Updating 
| 224|0x000000008e000000, 0x000000008e100000, 0x000000008e100000|100%|HS|  |TAMS 0x000000008e000000, 0x000000008e000000| Complete 
| 225|0x000000008e100000, 0x000000008e200000, 0x000000008e200000|100%|HS|  |TAMS 0x000000008e100000, 0x000000008e100000| Complete 
| 226|0x000000008e200000, 0x000000008e300000, 0x000000008e300000|100%| O|  |TAMS 0x000000008e200000, 0x000000008e200000| Untracked 
| 227|0x000000008e300000, 0x000000008e400000, 0x000000008e400000|100%| O|  |TAMS 0x000000008e300000, 0x000000008e300000| Untracked 
| 228|0x000000008e400000, 0x000000008e500000, 0x000000008e500000|100%| O|  |TAMS 0x000000008e400000, 0x000000008e400000| Untracked 
| 229|0x000000008e500000, 0x000000008e600000, 0x000000008e600000|100%| O|  |TAMS 0x000000008e500000, 0x000000008e500000| Untracked 
| 230|0x000000008e600000, 0x000000008e700000, 0x000000008e700000|100%| O|  |TAMS 0x000000008e600000, 0x000000008e600000| Untracked 
| 231|0x000000008e700000, 0x000000008e800000, 0x000000008e800000|100%| O|  |TAMS 0x000000008e700000, 0x000000008e700000| Untracked 
| 232|0x000000008e800000, 0x000000008e900000, 0x000000008e900000|100%| O|  |TAMS 0x000000008e800000, 0x000000008e800000| Untracked 
| 233|0x000000008e900000, 0x000000008ea00000, 0x000000008ea00000|100%| O|  |TAMS 0x000000008e900000, 0x000000008e900000| Untracked 
| 234|0x000000008ea00000, 0x000000008eb00000, 0x000000008eb00000|100%| O|  |TAMS 0x000000008ea00000, 0x000000008ea00000| Untracked 
| 235|0x000000008eb00000, 0x000000008ec00000, 0x000000008ec00000|100%| O|  |TAMS 0x000000008eb00000, 0x000000008eb00000| Untracked 
| 236|0x000000008ec00000, 0x000000008ed00000, 0x000000008ed00000|100%| O|  |TAMS 0x000000008ec00000, 0x000000008ec00000| Untracked 
| 237|0x000000008ed00000, 0x000000008ee00000, 0x000000008ee00000|100%| O|  |TAMS 0x000000008ed00000, 0x000000008ed00000| Untracked 
| 238|0x000000008ee00000, 0x000000008ef00000, 0x000000008ef00000|100%| O|  |TAMS 0x000000008ee00000, 0x000000008ee00000| Untracked 
| 239|0x000000008ef00000, 0x000000008f000000, 0x000000008f000000|100%| O|  |TAMS 0x000000008ef00000, 0x000000008ef00000| Untracked 
| 240|0x000000008f000000, 0x000000008f100000, 0x000000008f100000|100%| O|  |TAMS 0x000000008f000000, 0x000000008f000000| Untracked 
| 241|0x000000008f100000, 0x000000008f200000, 0x000000008f200000|100%| O|  |TAMS 0x000000008f100000, 0x000000008f100000| Untracked 
| 242|0x000000008f200000, 0x000000008f300000, 0x000000008f300000|100%| O|  |TAMS 0x000000008f200000, 0x000000008f200000| Untracked 
| 243|0x000000008f300000, 0x000000008f400000, 0x000000008f400000|100%| O|  |TAMS 0x000000008f300000, 0x000000008f300000| Untracked 
| 244|0x000000008f400000, 0x000000008f4f0600, 0x000000008f500000| 93%| O|  |TAMS 0x000000008f400000, 0x000000008f400000| Untracked 
| 245|0x000000008f500000, 0x000000008f500000, 0x000000008f600000|  0%| F|  |TAMS 0x000000008f500000, 0x000000008f500000| Untracked 
| 246|0x000000008f600000, 0x000000008f600000, 0x000000008f700000|  0%| F|  |TAMS 0x000000008f600000, 0x000000008f600000| Untracked 
| 247|0x000000008f700000, 0x000000008f700000, 0x000000008f800000|  0%| F|  |TAMS 0x000000008f700000, 0x000000008f700000| Untracked 
| 248|0x000000008f800000, 0x000000008f800000, 0x000000008f900000|  0%| F|  |TAMS 0x000000008f800000, 0x000000008f800000| Untracked 
| 249|0x000000008f900000, 0x000000008f900000, 0x000000008fa00000|  0%| F|  |TAMS 0x000000008f900000, 0x000000008f900000| Untracked 
| 250|0x000000008fa00000, 0x000000008fa00000, 0x000000008fb00000|  0%| F|  |TAMS 0x000000008fa00000, 0x000000008fa00000| Untracked 
| 251|0x000000008fb00000, 0x000000008fb00000, 0x000000008fc00000|  0%| F|  |TAMS 0x000000008fb00000, 0x000000008fb00000| Untracked 
| 252|0x000000008fc00000, 0x000000008fc00000, 0x000000008fd00000|  0%| F|  |TAMS 0x000000008fc00000, 0x000000008fc00000| Untracked 
| 253|0x000000008fd00000, 0x000000008fd00000, 0x000000008fe00000|  0%| F|  |TAMS 0x000000008fd00000, 0x000000008fd00000| Untracked 
| 254|0x000000008fe00000, 0x000000008fe00000, 0x000000008ff00000|  0%| F|  |TAMS 0x000000008fe00000, 0x000000008fe00000| Untracked 
| 255|0x000000008ff00000, 0x000000008ff00000, 0x0000000090000000|  0%| F|  |TAMS 0x000000008ff00000, 0x000000008ff00000| Untracked 
| 256|0x0000000090000000, 0x0000000090000000, 0x0000000090100000|  0%| F|  |TAMS 0x0000000090000000, 0x0000000090000000| Untracked 
| 257|0x0000000090100000, 0x0000000090100000, 0x0000000090200000|  0%| F|  |TAMS 0x0000000090100000, 0x0000000090100000| Untracked 
| 258|0x0000000090200000, 0x0000000090200000, 0x0000000090300000|  0%| F|  |TAMS 0x0000000090200000, 0x0000000090200000| Untracked 
| 259|0x0000000090300000, 0x0000000090300000, 0x0000000090400000|  0%| F|  |TAMS 0x0000000090300000, 0x0000000090300000| Untracked 
| 260|0x0000000090400000, 0x0000000090400000, 0x0000000090500000|  0%| F|  |TAMS 0x0000000090400000, 0x0000000090400000| Untracked 
| 261|0x0000000090500000, 0x0000000090500000, 0x0000000090600000|  0%| F|  |TAMS 0x0000000090500000, 0x0000000090500000| Untracked 
| 262|0x0000000090600000, 0x0000000090600000, 0x0000000090700000|  0%| F|  |TAMS 0x0000000090600000, 0x0000000090600000| Untracked 
| 263|0x0000000090700000, 0x0000000090700000, 0x0000000090800000|  0%| F|  |TAMS 0x0000000090700000, 0x0000000090700000| Untracked 
| 264|0x0000000090800000, 0x0000000090800000, 0x0000000090900000|  0%| F|  |TAMS 0x0000000090800000, 0x0000000090800000| Untracked 
| 265|0x0000000090900000, 0x0000000090900000, 0x0000000090a00000|  0%| F|  |TAMS 0x0000000090900000, 0x0000000090900000| Untracked 
| 266|0x0000000090a00000, 0x0000000090a00000, 0x0000000090b00000|  0%| F|  |TAMS 0x0000000090a00000, 0x0000000090a00000| Untracked 
| 267|0x0000000090b00000, 0x0000000090b00000, 0x0000000090c00000|  0%| F|  |TAMS 0x0000000090b00000, 0x0000000090b00000| Untracked 
| 268|0x0000000090c00000, 0x0000000090c00000, 0x0000000090d00000|  0%| F|  |TAMS 0x0000000090c00000, 0x0000000090c00000| Untracked 
| 269|0x0000000090d00000, 0x0000000090d00000, 0x0000000090e00000|  0%| F|  |TAMS 0x0000000090d00000, 0x0000000090d00000| Untracked 
| 270|0x0000000090e00000, 0x0000000090e00000, 0x0000000090f00000|  0%| F|  |TAMS 0x0000000090e00000, 0x0000000090e00000| Untracked 
| 271|0x0000000090f00000, 0x0000000090f00000, 0x0000000091000000|  0%| F|  |TAMS 0x0000000090f00000, 0x0000000090f00000| Untracked 
| 272|0x0000000091000000, 0x0000000091000000, 0x0000000091100000|  0%| F|  |TAMS 0x0000000091000000, 0x0000000091000000| Untracked 
| 273|0x0000000091100000, 0x0000000091100000, 0x0000000091200000|  0%| F|  |TAMS 0x0000000091100000, 0x0000000091100000| Untracked 
| 274|0x0000000091200000, 0x0000000091200000, 0x0000000091300000|  0%| F|  |TAMS 0x0000000091200000, 0x0000000091200000| Untracked 
| 275|0x0000000091300000, 0x0000000091300000, 0x0000000091400000|  0%| F|  |TAMS 0x0000000091300000, 0x0000000091300000| Untracked 
| 276|0x0000000091400000, 0x0000000091400000, 0x0000000091500000|  0%| F|  |TAMS 0x0000000091400000, 0x0000000091400000| Untracked 
| 277|0x0000000091500000, 0x0000000091500000, 0x0000000091600000|  0%| F|  |TAMS 0x0000000091500000, 0x0000000091500000| Untracked 
| 278|0x0000000091600000, 0x0000000091600000, 0x0000000091700000|  0%| F|  |TAMS 0x0000000091600000, 0x0000000091600000| Untracked 
| 279|0x0000000091700000, 0x0000000091700000, 0x0000000091800000|  0%| F|  |TAMS 0x0000000091700000, 0x0000000091700000| Untracked 
| 280|0x0000000091800000, 0x0000000091800000, 0x0000000091900000|  0%| F|  |TAMS 0x0000000091800000, 0x0000000091800000| Untracked 
| 281|0x0000000091900000, 0x0000000091900000, 0x0000000091a00000|  0%| F|  |TAMS 0x0000000091900000, 0x0000000091900000| Untracked 
| 282|0x0000000091a00000, 0x0000000091a00000, 0x0000000091b00000|  0%| F|  |TAMS 0x0000000091a00000, 0x0000000091a00000| Untracked 
| 283|0x0000000091b00000, 0x0000000091b00000, 0x0000000091c00000|  0%| F|  |TAMS 0x0000000091b00000, 0x0000000091b00000| Untracked 
| 284|0x0000000091c00000, 0x0000000091c00000, 0x0000000091d00000|  0%| F|  |TAMS 0x0000000091c00000, 0x0000000091c00000| Untracked 
| 285|0x0000000091d00000, 0x0000000091d00000, 0x0000000091e00000|  0%| F|  |TAMS 0x0000000091d00000, 0x0000000091d00000| Untracked 
| 286|0x0000000091e00000, 0x0000000091e00000, 0x0000000091f00000|  0%| F|  |TAMS 0x0000000091e00000, 0x0000000091e00000| Untracked 
| 287|0x0000000091f00000, 0x0000000091f00000, 0x0000000092000000|  0%| F|  |TAMS 0x0000000091f00000, 0x0000000091f00000| Untracked 
| 288|0x0000000092000000, 0x0000000092000000, 0x0000000092100000|  0%| F|  |TAMS 0x0000000092000000, 0x0000000092000000| Untracked 
| 289|0x0000000092100000, 0x0000000092100000, 0x0000000092200000|  0%| F|  |TAMS 0x0000000092100000, 0x0000000092100000| Untracked 
| 290|0x0000000092200000, 0x0000000092200000, 0x0000000092300000|  0%| F|  |TAMS 0x0000000092200000, 0x0000000092200000| Untracked 
| 291|0x0000000092300000, 0x0000000092300000, 0x0000000092400000|  0%| F|  |TAMS 0x0000000092300000, 0x0000000092300000| Untracked 
| 292|0x0000000092400000, 0x0000000092400000, 0x0000000092500000|  0%| F|  |TAMS 0x0000000092400000, 0x0000000092400000| Untracked 
| 293|0x0000000092500000, 0x0000000092500000, 0x0000000092600000|  0%| F|  |TAMS 0x0000000092500000, 0x0000000092500000| Untracked 
| 294|0x0000000092600000, 0x0000000092600000, 0x0000000092700000|  0%| F|  |TAMS 0x0000000092600000, 0x0000000092600000| Untracked 
| 295|0x0000000092700000, 0x0000000092700000, 0x0000000092800000|  0%| F|  |TAMS 0x0000000092700000, 0x0000000092700000| Untracked 
| 296|0x0000000092800000, 0x0000000092800000, 0x0000000092900000|  0%| F|  |TAMS 0x0000000092800000, 0x0000000092800000| Untracked 
| 297|0x0000000092900000, 0x0000000092900000, 0x0000000092a00000|  0%| F|  |TAMS 0x0000000092900000, 0x0000000092900000| Untracked 
| 298|0x0000000092a00000, 0x0000000092a00000, 0x0000000092b00000|  0%| F|  |TAMS 0x0000000092a00000, 0x0000000092a00000| Untracked 
| 299|0x0000000092b00000, 0x0000000092b00000, 0x0000000092c00000|  0%| F|  |TAMS 0x0000000092b00000, 0x0000000092b00000| Untracked 
| 300|0x0000000092c00000, 0x0000000092c00000, 0x0000000092d00000|  0%| F|  |TAMS 0x0000000092c00000, 0x0000000092c00000| Untracked 
| 301|0x0000000092d00000, 0x0000000092d00000, 0x0000000092e00000|  0%| F|  |TAMS 0x0000000092d00000, 0x0000000092d00000| Untracked 
| 302|0x0000000092e00000, 0x0000000092e00000, 0x0000000092f00000|  0%| F|  |TAMS 0x0000000092e00000, 0x0000000092e00000| Untracked 
| 303|0x0000000092f00000, 0x0000000092f00000, 0x0000000093000000|  0%| F|  |TAMS 0x0000000092f00000, 0x0000000092f00000| Untracked 
| 304|0x0000000093000000, 0x0000000093000000, 0x0000000093100000|  0%| F|  |TAMS 0x0000000093000000, 0x0000000093000000| Untracked 
| 305|0x0000000093100000, 0x0000000093100000, 0x0000000093200000|  0%| F|  |TAMS 0x0000000093100000, 0x0000000093100000| Untracked 
| 306|0x0000000093200000, 0x0000000093200000, 0x0000000093300000|  0%| F|  |TAMS 0x0000000093200000, 0x0000000093200000| Untracked 
| 307|0x0000000093300000, 0x0000000093300000, 0x0000000093400000|  0%| F|  |TAMS 0x0000000093300000, 0x0000000093300000| Untracked 
| 308|0x0000000093400000, 0x0000000093400000, 0x0000000093500000|  0%| F|  |TAMS 0x0000000093400000, 0x0000000093400000| Untracked 
| 309|0x0000000093500000, 0x0000000093500000, 0x0000000093600000|  0%| F|  |TAMS 0x0000000093500000, 0x0000000093500000| Untracked 
| 310|0x0000000093600000, 0x0000000093600000, 0x0000000093700000|  0%| F|  |TAMS 0x0000000093600000, 0x0000000093600000| Untracked 
| 311|0x0000000093700000, 0x0000000093700000, 0x0000000093800000|  0%| F|  |TAMS 0x0000000093700000, 0x0000000093700000| Untracked 
| 312|0x0000000093800000, 0x0000000093800000, 0x0000000093900000|  0%| F|  |TAMS 0x0000000093800000, 0x0000000093800000| Untracked 
| 313|0x0000000093900000, 0x0000000093900000, 0x0000000093a00000|  0%| F|  |TAMS 0x0000000093900000, 0x0000000093900000| Untracked 
| 314|0x0000000093a00000, 0x0000000093a00000, 0x0000000093b00000|  0%| F|  |TAMS 0x0000000093a00000, 0x0000000093a00000| Untracked 
| 315|0x0000000093b00000, 0x0000000093b00000, 0x0000000093c00000|  0%| F|  |TAMS 0x0000000093b00000, 0x0000000093b00000| Untracked 
| 316|0x0000000093c00000, 0x0000000093c00000, 0x0000000093d00000|  0%| F|  |TAMS 0x0000000093c00000, 0x0000000093c00000| Untracked 
| 317|0x0000000093d00000, 0x0000000093d00000, 0x0000000093e00000|  0%| F|  |TAMS 0x0000000093d00000, 0x0000000093d00000| Untracked 
| 318|0x0000000093e00000, 0x0000000093e00000, 0x0000000093f00000|  0%| F|  |TAMS 0x0000000093e00000, 0x0000000093e00000| Untracked 
| 319|0x0000000093f00000, 0x0000000093f00000, 0x0000000094000000|  0%| F|  |TAMS 0x0000000093f00000, 0x0000000093f00000| Untracked 
| 320|0x0000000094000000, 0x0000000094000000, 0x0000000094100000|  0%| F|  |TAMS 0x0000000094000000, 0x0000000094000000| Untracked 
| 321|0x0000000094100000, 0x0000000094100000, 0x0000000094200000|  0%| F|  |TAMS 0x0000000094100000, 0x0000000094100000| Untracked 
| 322|0x0000000094200000, 0x0000000094200000, 0x0000000094300000|  0%| F|  |TAMS 0x0000000094200000, 0x0000000094200000| Untracked 
| 323|0x0000000094300000, 0x0000000094300000, 0x0000000094400000|  0%| F|  |TAMS 0x0000000094300000, 0x0000000094300000| Untracked 
| 324|0x0000000094400000, 0x0000000094400000, 0x0000000094500000|  0%| F|  |TAMS 0x0000000094400000, 0x0000000094400000| Untracked 
| 325|0x0000000094500000, 0x0000000094500000, 0x0000000094600000|  0%| F|  |TAMS 0x0000000094500000, 0x0000000094500000| Untracked 
| 326|0x0000000094600000, 0x0000000094600000, 0x0000000094700000|  0%| F|  |TAMS 0x0000000094600000, 0x0000000094600000| Untracked 
| 327|0x0000000094700000, 0x0000000094700000, 0x0000000094800000|  0%| F|  |TAMS 0x0000000094700000, 0x0000000094700000| Untracked 
| 328|0x0000000094800000, 0x0000000094800000, 0x0000000094900000|  0%| F|  |TAMS 0x0000000094800000, 0x0000000094800000| Untracked 
| 329|0x0000000094900000, 0x0000000094900000, 0x0000000094a00000|  0%| F|  |TAMS 0x0000000094900000, 0x0000000094900000| Untracked 
| 330|0x0000000094a00000, 0x0000000094a00000, 0x0000000094b00000|  0%| F|  |TAMS 0x0000000094a00000, 0x0000000094a00000| Untracked 
| 331|0x0000000094b00000, 0x0000000094b00000, 0x0000000094c00000|  0%| F|  |TAMS 0x0000000094b00000, 0x0000000094b00000| Untracked 
| 332|0x0000000094c00000, 0x0000000094c00000, 0x0000000094d00000|  0%| F|  |TAMS 0x0000000094c00000, 0x0000000094c00000| Untracked 
| 333|0x0000000094d00000, 0x0000000094d00000, 0x0000000094e00000|  0%| F|  |TAMS 0x0000000094d00000, 0x0000000094d00000| Untracked 
| 334|0x0000000094e00000, 0x0000000094e00000, 0x0000000094f00000|  0%| F|  |TAMS 0x0000000094e00000, 0x0000000094e00000| Untracked 
| 335|0x0000000094f00000, 0x0000000094f00000, 0x0000000095000000|  0%| F|  |TAMS 0x0000000094f00000, 0x0000000094f00000| Untracked 
| 336|0x0000000095000000, 0x0000000095000000, 0x0000000095100000|  0%| F|  |TAMS 0x0000000095000000, 0x0000000095000000| Untracked 
| 337|0x0000000095100000, 0x0000000095100000, 0x0000000095200000|  0%| F|  |TAMS 0x0000000095100000, 0x0000000095100000| Untracked 
| 338|0x0000000095200000, 0x0000000095200000, 0x0000000095300000|  0%| F|  |TAMS 0x0000000095200000, 0x0000000095200000| Untracked 
| 339|0x0000000095300000, 0x0000000095300000, 0x0000000095400000|  0%| F|  |TAMS 0x0000000095300000, 0x0000000095300000| Untracked 
| 340|0x0000000095400000, 0x0000000095400000, 0x0000000095500000|  0%| F|  |TAMS 0x0000000095400000, 0x0000000095400000| Untracked 
| 341|0x0000000095500000, 0x0000000095500000, 0x0000000095600000|  0%| F|  |TAMS 0x0000000095500000, 0x0000000095500000| Untracked 
| 342|0x0000000095600000, 0x0000000095600000, 0x0000000095700000|  0%| F|  |TAMS 0x0000000095600000, 0x0000000095600000| Untracked 
| 343|0x0000000095700000, 0x0000000095700000, 0x0000000095800000|  0%| F|  |TAMS 0x0000000095700000, 0x0000000095700000| Untracked 
| 344|0x0000000095800000, 0x0000000095800000, 0x0000000095900000|  0%| F|  |TAMS 0x0000000095800000, 0x0000000095800000| Untracked 
| 345|0x0000000095900000, 0x0000000095900000, 0x0000000095a00000|  0%| F|  |TAMS 0x0000000095900000, 0x0000000095900000| Untracked 
| 346|0x0000000095a00000, 0x0000000095a00000, 0x0000000095b00000|  0%| F|  |TAMS 0x0000000095a00000, 0x0000000095a00000| Untracked 
| 347|0x0000000095b00000, 0x0000000095b00000, 0x0000000095c00000|  0%| F|  |TAMS 0x0000000095b00000, 0x0000000095b00000| Untracked 
| 348|0x0000000095c00000, 0x0000000095c00000, 0x0000000095d00000|  0%| F|  |TAMS 0x0000000095c00000, 0x0000000095c00000| Untracked 
| 349|0x0000000095d00000, 0x0000000095d00000, 0x0000000095e00000|  0%| F|  |TAMS 0x0000000095d00000, 0x0000000095d00000| Untracked 
| 350|0x0000000095e00000, 0x0000000095e00000, 0x0000000095f00000|  0%| F|  |TAMS 0x0000000095e00000, 0x0000000095e00000| Untracked 
| 351|0x0000000095f00000, 0x0000000096000000, 0x0000000096000000|100%| S|CS|TAMS 0x0000000095f00000, 0x0000000095f00000| Complete 
| 352|0x0000000096000000, 0x0000000096100000, 0x0000000096100000|100%| S|CS|TAMS 0x0000000096000000, 0x0000000096000000| Complete 
| 353|0x0000000096100000, 0x0000000096200000, 0x0000000096200000|100%| S|CS|TAMS 0x0000000096100000, 0x0000000096100000| Complete 
| 354|0x0000000096200000, 0x0000000096300000, 0x0000000096300000|100%| S|CS|TAMS 0x0000000096200000, 0x0000000096200000| Complete 
| 355|0x0000000096300000, 0x0000000096400000, 0x0000000096400000|100%| S|CS|TAMS 0x0000000096300000, 0x0000000096300000| Complete 
| 356|0x0000000096400000, 0x0000000096500000, 0x0000000096500000|100%| S|CS|TAMS 0x0000000096400000, 0x0000000096400000| Complete 
| 357|0x0000000096500000, 0x0000000096600000, 0x0000000096600000|100%| S|CS|TAMS 0x0000000096500000, 0x0000000096500000| Complete 
| 358|0x0000000096600000, 0x0000000096600000, 0x0000000096700000|  0%| F|  |TAMS 0x0000000096600000, 0x0000000096600000| Untracked 
| 359|0x0000000096700000, 0x0000000096700000, 0x0000000096800000|  0%| F|  |TAMS 0x0000000096700000, 0x0000000096700000| Untracked 
| 360|0x0000000096800000, 0x0000000096800000, 0x0000000096900000|  0%| F|  |TAMS 0x0000000096800000, 0x0000000096800000| Untracked 
| 361|0x0000000096900000, 0x0000000096900000, 0x0000000096a00000|  0%| F|  |TAMS 0x0000000096900000, 0x0000000096900000| Untracked 
| 362|0x0000000096a00000, 0x0000000096a00000, 0x0000000096b00000|  0%| F|  |TAMS 0x0000000096a00000, 0x0000000096a00000| Untracked 
| 363|0x0000000096b00000, 0x0000000096b00000, 0x0000000096c00000|  0%| F|  |TAMS 0x0000000096b00000, 0x0000000096b00000| Untracked 
| 364|0x0000000096c00000, 0x0000000096c00000, 0x0000000096d00000|  0%| F|  |TAMS 0x0000000096c00000, 0x0000000096c00000| Untracked 
| 365|0x0000000096d00000, 0x0000000096d00000, 0x0000000096e00000|  0%| F|  |TAMS 0x0000000096d00000, 0x0000000096d00000| Untracked 
| 366|0x0000000096e00000, 0x0000000096e00000, 0x0000000096f00000|  0%| F|  |TAMS 0x0000000096e00000, 0x0000000096e00000| Untracked 
| 367|0x0000000096f00000, 0x0000000096f00000, 0x0000000097000000|  0%| F|  |TAMS 0x0000000096f00000, 0x0000000096f00000| Untracked 
| 368|0x0000000097000000, 0x0000000097000000, 0x0000000097100000|  0%| F|  |TAMS 0x0000000097000000, 0x0000000097000000| Untracked 
| 369|0x0000000097100000, 0x0000000097100000, 0x0000000097200000|  0%| F|  |TAMS 0x0000000097100000, 0x0000000097100000| Untracked 
| 370|0x0000000097200000, 0x0000000097200000, 0x0000000097300000|  0%| F|  |TAMS 0x0000000097200000, 0x0000000097200000| Untracked 
| 371|0x0000000097300000, 0x0000000097300000, 0x0000000097400000|  0%| F|  |TAMS 0x0000000097300000, 0x0000000097300000| Untracked 
| 372|0x0000000097400000, 0x0000000097400000, 0x0000000097500000|  0%| F|  |TAMS 0x0000000097400000, 0x0000000097400000| Untracked 
| 373|0x0000000097500000, 0x0000000097500000, 0x0000000097600000|  0%| F|  |TAMS 0x0000000097500000, 0x0000000097500000| Untracked 
| 374|0x0000000097600000, 0x0000000097600000, 0x0000000097700000|  0%| F|  |TAMS 0x0000000097600000, 0x0000000097600000| Untracked 
| 375|0x0000000097700000, 0x0000000097700000, 0x0000000097800000|  0%| F|  |TAMS 0x0000000097700000, 0x0000000097700000| Untracked 
| 376|0x0000000097800000, 0x0000000097800000, 0x0000000097900000|  0%| F|  |TAMS 0x0000000097800000, 0x0000000097800000| Untracked 
| 377|0x0000000097900000, 0x0000000097900000, 0x0000000097a00000|  0%| F|  |TAMS 0x0000000097900000, 0x0000000097900000| Untracked 
| 378|0x0000000097a00000, 0x0000000097a00000, 0x0000000097b00000|  0%| F|  |TAMS 0x0000000097a00000, 0x0000000097a00000| Untracked 
| 379|0x0000000097b00000, 0x0000000097b00000, 0x0000000097c00000|  0%| F|  |TAMS 0x0000000097b00000, 0x0000000097b00000| Untracked 
| 380|0x0000000097c00000, 0x0000000097c00000, 0x0000000097d00000|  0%| F|  |TAMS 0x0000000097c00000, 0x0000000097c00000| Untracked 
| 381|0x0000000097d00000, 0x0000000097d00000, 0x0000000097e00000|  0%| F|  |TAMS 0x0000000097d00000, 0x0000000097d00000| Untracked 
| 382|0x0000000097e00000, 0x0000000097e00000, 0x0000000097f00000|  0%| F|  |TAMS 0x0000000097e00000, 0x0000000097e00000| Untracked 
| 383|0x0000000097f00000, 0x0000000097f00000, 0x0000000098000000|  0%| F|  |TAMS 0x0000000097f00000, 0x0000000097f00000| Untracked 
| 384|0x0000000098000000, 0x0000000098000000, 0x0000000098100000|  0%| F|  |TAMS 0x0000000098000000, 0x0000000098000000| Untracked 
| 385|0x0000000098100000, 0x0000000098100000, 0x0000000098200000|  0%| F|  |TAMS 0x0000000098100000, 0x0000000098100000| Untracked 
| 386|0x0000000098200000, 0x0000000098200000, 0x0000000098300000|  0%| F|  |TAMS 0x0000000098200000, 0x0000000098200000| Untracked 
| 387|0x0000000098300000, 0x0000000098300000, 0x0000000098400000|  0%| F|  |TAMS 0x0000000098300000, 0x0000000098300000| Untracked 
| 388|0x0000000098400000, 0x0000000098400000, 0x0000000098500000|  0%| F|  |TAMS 0x0000000098400000, 0x0000000098400000| Untracked 
| 389|0x0000000098500000, 0x0000000098500000, 0x0000000098600000|  0%| F|  |TAMS 0x0000000098500000, 0x0000000098500000| Untracked 
| 390|0x0000000098600000, 0x0000000098600000, 0x0000000098700000|  0%| F|  |TAMS 0x0000000098600000, 0x0000000098600000| Untracked 
| 391|0x0000000098700000, 0x0000000098700000, 0x0000000098800000|  0%| F|  |TAMS 0x0000000098700000, 0x0000000098700000| Untracked 
| 392|0x0000000098800000, 0x0000000098800000, 0x0000000098900000|  0%| F|  |TAMS 0x0000000098800000, 0x0000000098800000| Untracked 
| 393|0x0000000098900000, 0x0000000098900000, 0x0000000098a00000|  0%| F|  |TAMS 0x0000000098900000, 0x0000000098900000| Untracked 
| 394|0x0000000098a00000, 0x0000000098a00000, 0x0000000098b00000|  0%| F|  |TAMS 0x0000000098a00000, 0x0000000098a00000| Untracked 
| 395|0x0000000098b00000, 0x0000000098b00000, 0x0000000098c00000|  0%| F|  |TAMS 0x0000000098b00000, 0x0000000098b00000| Untracked 
| 396|0x0000000098c00000, 0x0000000098c00000, 0x0000000098d00000|  0%| F|  |TAMS 0x0000000098c00000, 0x0000000098c00000| Untracked 
| 397|0x0000000098d00000, 0x0000000098d00000, 0x0000000098e00000|  0%| F|  |TAMS 0x0000000098d00000, 0x0000000098d00000| Untracked 
| 398|0x0000000098e00000, 0x0000000098e00000, 0x0000000098f00000|  0%| F|  |TAMS 0x0000000098e00000, 0x0000000098e00000| Untracked 
| 399|0x0000000098f00000, 0x0000000098f00000, 0x0000000099000000|  0%| F|  |TAMS 0x0000000098f00000, 0x0000000098f00000| Untracked 
| 400|0x0000000099000000, 0x0000000099000000, 0x0000000099100000|  0%| F|  |TAMS 0x0000000099000000, 0x0000000099000000| Untracked 
| 401|0x0000000099100000, 0x0000000099100000, 0x0000000099200000|  0%| F|  |TAMS 0x0000000099100000, 0x0000000099100000| Untracked 
| 402|0x0000000099200000, 0x0000000099200000, 0x0000000099300000|  0%| F|  |TAMS 0x0000000099200000, 0x0000000099200000| Untracked 
| 403|0x0000000099300000, 0x0000000099300000, 0x0000000099400000|  0%| F|  |TAMS 0x0000000099300000, 0x0000000099300000| Untracked 
| 404|0x0000000099400000, 0x0000000099400000, 0x0000000099500000|  0%| F|  |TAMS 0x0000000099400000, 0x0000000099400000| Untracked 
| 405|0x0000000099500000, 0x0000000099500000, 0x0000000099600000|  0%| F|  |TAMS 0x0000000099500000, 0x0000000099500000| Untracked 
| 406|0x0000000099600000, 0x0000000099600000, 0x0000000099700000|  0%| F|  |TAMS 0x0000000099600000, 0x0000000099600000| Untracked 
| 407|0x0000000099700000, 0x0000000099700000, 0x0000000099800000|  0%| F|  |TAMS 0x0000000099700000, 0x0000000099700000| Untracked 

Card table byte_map: [0x0000026dbbe20000,0x0000026dbc220000] _byte_map_base: 0x0000026dbba20000

Marking Bits (Prev, Next): (CMBitMap*) 0x0000026da7311f50, (CMBitMap*) 0x0000026da7311f18
 Prev Bits: [0x0000026dbe620000, 0x0000026dc0620000)
 Next Bits: [0x0000026dbc620000, 0x0000026dbe620000)

Polling page: 0x0000026da7180000

Metaspace:

Usage:
  Non-class:    101.26 MB capacity,    99.57 MB ( 98%) used,     1.37 MB (  1%) free+waste,   327.31 KB ( <1%) overhead. 
      Class:     15.38 MB capacity,    14.35 MB ( 93%) used,   907.55 KB (  6%) free+waste,   145.31 KB ( <1%) overhead. 
       Both:    116.65 MB capacity,   113.92 MB ( 98%) used,     2.26 MB (  2%) free+waste,   472.63 KB ( <1%) overhead. 

Virtual space:
  Non-class space:      102.00 MB reserved,     101.42 MB (>99%) committed 
      Class space:        1.00 GB reserved,      15.45 MB (  2%) committed 
             Both:        1.10 GB reserved,     116.87 MB ( 10%) committed 

Chunk freelists:
   Non-Class:  30.00 KB
       Class:  0 bytes
        Both:  30.00 KB

MaxMetaspaceSize: 17179869184.00 GB
CompressedClassSpaceSize: 1.00 GB

CodeHeap 'non-profiled nmethods': size=120064Kb used=10152Kb max_used=10152Kb free=109911Kb
 bounds [0x0000026db3ec0000, 0x0000026db48b0000, 0x0000026dbb400000]
CodeHeap 'profiled nmethods': size=120000Kb used=36974Kb max_used=36974Kb free=83025Kb
 bounds [0x0000026dac990000, 0x0000026daedb0000, 0x0000026db3ec0000]
CodeHeap 'non-nmethods': size=5696Kb used=2322Kb max_used=2386Kb free=3373Kb
 bounds [0x0000026dac400000, 0x0000026dac670000, 0x0000026dac990000]
 total_blobs=16458 nmethods=15514 adapters=853
 compilation: enabled
              stopped_count=0, restarted_count=0
 full_count=0

Compilation events (20 events):
Event: 103.162 Thread 0x0000026dc3634000 nmethod 15893 0x0000026daeda9090 code [0x0000026daeda9620, 0x0000026daedac678]
Event: 103.165 Thread 0x0000026dcfb07000 nmethod 15830 0x0000026db48a7210 code [0x0000026db48a7440, 0x0000026db48a7ea8]
Event: 103.172 Thread 0x0000026dcfb07000 15895       4       com.android.tools.r8.graph.w::collectIndexedItems (27 bytes)
Event: 103.174 Thread 0x0000026dcfb07000 nmethod 15895 0x0000026db48a8890 code [0x0000026db48a8a40, 0x0000026db48a8b48]
Event: 103.176 Thread 0x0000026dcfb07000 15896       4       java.util.Collections$SetFromMap::size (10 bytes)
Event: 103.177 Thread 0x0000026dcfb07000 nmethod 15896 0x0000026db48a8c90 code [0x0000026db48a8e20, 0x0000026db48a8eb8]
Event: 103.177 Thread 0x0000026dcfb07000 15897       4       com.sun.org.apache.xerces.internal.dom.DeferredDocumentImpl::ensureCapacity (358 bytes)
Event: 103.183 Thread 0x0000026dc2c6d000 nmethod 15894 0x0000026db48a8f90 code [0x0000026db48a9140, 0x0000026db48a9a48]
Event: 103.183 Thread 0x0000026dc2c6d000 15898       4       com.sun.org.apache.xerces.internal.parsers.AbstractDOMParser::endElement (473 bytes)
Event: 103.186 Thread 0x0000026dc3634000 15900       3       java.util.stream.Nodes$SpinedNodeBuilder::begin (38 bytes)
Event: 103.186 Thread 0x0000026dc2c6d000 nmethod 15898 0x0000026db48a9d10 code [0x0000026db48a9ec0, 0x0000026db48aa038]
Event: 103.186 Thread 0x0000026dc2c6d000 15899       4       com.sun.org.apache.xerces.internal.parsers.AbstractDOMParser::characters (394 bytes)
Event: 103.186 Thread 0x0000026dc3634000 nmethod 15900 0x0000026daedad590 code [0x0000026daedad760, 0x0000026daedad978]
Event: 103.186 Thread 0x0000026dc3634000 15901       3       java.util.stream.Nodes$SpinedNodeBuilder::end (29 bytes)
Event: 103.186 Thread 0x0000026dc3634000 nmethod 15901 0x0000026daedada90 code [0x0000026daedadc40, 0x0000026daedadd58]
Event: 103.186 Thread 0x0000026dc3634000 15902       3       java.util.stream.Nodes$SpinedNodeBuilder::copyInto (30 bytes)
Event: 103.187 Thread 0x0000026dc3634000 nmethod 15902 0x0000026daedade10 code [0x0000026daedadfc0, 0x0000026daedae108]
Event: 103.187 Thread 0x0000026dc3634000 15903       3       com.android.tools.r8.graph.N$$Lambda$1233/0x0000000100cee440::apply (5 bytes)
Event: 103.187 Thread 0x0000026dc3634000 nmethod 15903 0x0000026daedae190 code [0x0000026daedae340, 0x0000026daedae538]
Event: 103.192 Thread 0x0000026dc3634000 15904       3       com.android.tools.r8.graph.f0$$Lambda$1231/0x0000000100d12040::accept (12 bytes)

GC Heap History (20 events):
Event: 95.660 GC heap after
{Heap after GC invocations=79 (full 0):
 garbage-first heap   total 198656K, used 158171K [0x0000000080000000, 0x0000000100000000)
  region size 1024K, 2 young (2048K), 2 survivors (2048K)
 Metaspace       used 112265K, capacity 115039K, committed 115192K, reserved 1148928K
  class space    used 14261K, capacity 15300K, committed 15436K, reserved 1048576K
}
Event: 95.810 GC heap before
{Heap before GC invocations=79 (full 0):
 garbage-first heap   total 198656K, used 164315K [0x0000000080000000, 0x0000000100000000)
  region size 1024K, 9 young (9216K), 2 survivors (2048K)
 Metaspace       used 112511K, capacity 115333K, committed 115448K, reserved 1148928K
  class space    used 14296K, capacity 15333K, committed 15436K, reserved 1048576K
}
Event: 95.830 GC heap after
{Heap after GC invocations=80 (full 0):
 garbage-first heap   total 198656K, used 159667K [0x0000000080000000, 0x0000000100000000)
  region size 1024K, 2 young (2048K), 2 survivors (2048K)
 Metaspace       used 112511K, capacity 115333K, committed 115448K, reserved 1148928K
  class space    used 14296K, capacity 15333K, committed 15436K, reserved 1048576K
}
Event: 95.936 GC heap before
{Heap before GC invocations=80 (full 0):
 garbage-first heap   total 198656K, used 167859K [0x0000000080000000, 0x0000000100000000)
  region size 1024K, 10 young (10240K), 2 survivors (2048K)
 Metaspace       used 112670K, capacity 115493K, committed 115704K, reserved 1148928K
  class space    used 14319K, capacity 15365K, committed 15436K, reserved 1048576K
}
Event: 95.963 GC heap after
{Heap after GC invocations=81 (full 0):
 garbage-first heap   total 238592K, used 163535K [0x0000000080000000, 0x0000000100000000)
  region size 1024K, 2 young (2048K), 2 survivors (2048K)
 Metaspace       used 112670K, capacity 115493K, committed 115704K, reserved 1148928K
  class space    used 14319K, capacity 15365K, committed 15436K, reserved 1048576K
}
Event: 96.834 GC heap before
{Heap before GC invocations=81 (full 0):
 garbage-first heap   total 238592K, used 182991K [0x0000000080000000, 0x0000000100000000)
  region size 1024K, 20 young (20480K), 2 survivors (2048K)
 Metaspace       used 114342K, capacity 117157K, committed 117368K, reserved 1150976K
  class space    used 14463K, capacity 15513K, committed 15564K, reserved 1048576K
}
Event: 96.877 GC heap after
{Heap after GC invocations=82 (full 0):
 garbage-first heap   total 238592K, used 170405K [0x0000000080000000, 0x0000000100000000)
  region size 1024K, 3 young (3072K), 3 survivors (3072K)
 Metaspace       used 114342K, capacity 117157K, committed 117368K, reserved 1150976K
  class space    used 14463K, capacity 15513K, committed 15564K, reserved 1048576K
}
Event: 97.193 GC heap before
{Heap before GC invocations=83 (full 0):
 garbage-first heap   total 238592K, used 186789K [0x0000000080000000, 0x0000000100000000)
  region size 1024K, 20 young (20480K), 3 survivors (3072K)
 Metaspace       used 114827K, capacity 117611K, committed 117752K, reserved 1150976K
  class space    used 14533K, capacity 15577K, committed 15692K, reserved 1048576K
}
Event: 97.231 GC heap after
{Heap after GC invocations=84 (full 0):
 garbage-first heap   total 238592K, used 179587K [0x0000000080000000, 0x0000000100000000)
  region size 1024K, 3 young (3072K), 3 survivors (3072K)
 Metaspace       used 114827K, capacity 117611K, committed 117752K, reserved 1150976K
  class space    used 14533K, capacity 15577K, committed 15692K, reserved 1048576K
}
Event: 97.365 GC heap before
{Heap before GC invocations=84 (full 0):
 garbage-first heap   total 238592K, used 193923K [0x0000000080000000, 0x0000000100000000)
  region size 1024K, 17 young (17408K), 3 survivors (3072K)
 Metaspace       used 114975K, capacity 117771K, committed 118008K, reserved 1150976K
  class space    used 14552K, capacity 15609K, committed 15692K, reserved 1048576K
}
Event: 97.395 GC heap after
{Heap after GC invocations=85 (full 0):
 garbage-first heap   total 238592K, used 187771K [0x0000000080000000, 0x0000000100000000)
  region size 1024K, 3 young (3072K), 3 survivors (3072K)
 Metaspace       used 114975K, capacity 117771K, committed 118008K, reserved 1150976K
  class space    used 14552K, capacity 15609K, committed 15692K, reserved 1048576K
}
Event: 97.575 GC heap before
{Heap before GC invocations=85 (full 0):
 garbage-first heap   total 238592K, used 198011K [0x0000000080000000, 0x0000000100000000)
  region size 1024K, 13 young (13312K), 3 survivors (3072K)
 Metaspace       used 115055K, capacity 117835K, committed 118008K, reserved 1150976K
  class space    used 14562K, capacity 15609K, committed 15692K, reserved 1048576K
}
Event: 97.635 GC heap after
{Heap after GC invocations=86 (full 0):
 garbage-first heap   total 417792K, used 193921K [0x0000000080000000, 0x0000000100000000)
  region size 1024K, 2 young (2048K), 2 survivors (2048K)
 Metaspace       used 115055K, capacity 117835K, committed 118008K, reserved 1150976K
  class space    used 14562K, capacity 15609K, committed 15692K, reserved 1048576K
}
Event: 98.910 GC heap before
{Heap before GC invocations=87 (full 0):
 garbage-first heap   total 417792K, used 221569K [0x0000000080000000, 0x0000000100000000)
  region size 1024K, 29 young (29696K), 2 survivors (2048K)
 Metaspace       used 115371K, capacity 118238K, committed 118264K, reserved 1153024K
  class space    used 14594K, capacity 15679K, committed 15692K, reserved 1048576K
}
Event: 98.963 GC heap after
{Heap after GC invocations=88 (full 0):
 garbage-first heap   total 417792K, used 209920K [0x0000000080000000, 0x0000000100000000)
  region size 1024K, 8 young (8192K), 8 survivors (8192K)
 Metaspace       used 115371K, capacity 118238K, committed 118264K, reserved 1153024K
  class space    used 14594K, capacity 15679K, committed 15692K, reserved 1048576K
}
Event: 101.773 GC heap before
{Heap before GC invocations=89 (full 0):
 garbage-first heap   total 417792K, used 266240K [0x0000000080000000, 0x0000000100000000)
  region size 1024K, 63 young (64512K), 8 survivors (8192K)
 Metaspace       used 116630K, capacity 119444K, committed 119672K, reserved 1153024K
  class space    used 14698K, capacity 15751K, committed 15820K, reserved 1048576K
}
Event: 101.863 GC heap after
{Heap after GC invocations=90 (full 0):
 garbage-first heap   total 417792K, used 227328K [0x0000000080000000, 0x0000000100000000)
  region size 1024K, 8 young (8192K), 8 survivors (8192K)
 Metaspace       used 116630K, capacity 119444K, committed 119672K, reserved 1153024K
  class space    used 14698K, capacity 15751K, committed 15820K, reserved 1048576K
}
Event: 101.897 GC heap before
{Heap before GC invocations=90 (full 0):
 garbage-first heap   total 417792K, used 228352K [0x0000000080000000, 0x0000000100000000)
  region size 1024K, 10 young (10240K), 8 survivors (8192K)
 Metaspace       used 116631K, capacity 119444K, committed 119672K, reserved 1153024K
  class space    used 14698K, capacity 15751K, committed 15820K, reserved 1048576K
}
Event: 101.928 GC heap after
{Heap after GC invocations=91 (full 0):
 garbage-first heap   total 417792K, used 230272K [0x0000000080000000, 0x0000000100000000)
  region size 1024K, 2 young (2048K), 2 survivors (2048K)
 Metaspace       used 116631K, capacity 119444K, committed 119672K, reserved 1153024K
  class space    used 14698K, capacity 15751K, committed 15820K, reserved 1048576K
}
Event: 103.192 GC heap before
{Heap before GC invocations=91 (full 0):
 garbage-first heap   total 417792K, used 275328K [0x0000000080000000, 0x0000000100000000)
  region size 1024K, 50 young (51200K), 2 survivors (2048K)
 Metaspace       used 116658K, capacity 119445K, committed 119672K, reserved 1153024K
  class space    used 14698K, capacity 15751K, committed 15820K, reserved 1048576K
}

Deoptimization events (20 events):
Event: 101.769 Thread 0x0000026dc77f6800 DEOPT PACKING pc=0x0000026daeb6aeb0 sp=0x000000d35ccfbe60
Event: 101.769 Thread 0x0000026dc77f6800 DEOPT UNPACKING pc=0x0000026dac42724e sp=0x000000d35ccfb380 mode 0
Event: 101.769 Thread 0x0000026dc77f6800 DEOPT PACKING pc=0x0000026daeb6aeb0 sp=0x000000d35ccfbf30
Event: 101.769 Thread 0x0000026dc77f6800 DEOPT UNPACKING pc=0x0000026dac42724e sp=0x000000d35ccfb450 mode 0
Event: 101.770 Thread 0x0000026dc77f6800 DEOPT PACKING pc=0x0000026daeb6aeb0 sp=0x000000d35ccfbe60
Event: 101.770 Thread 0x0000026dc77f6800 DEOPT UNPACKING pc=0x0000026dac42724e sp=0x000000d35ccfb380 mode 0
Event: 101.771 Thread 0x0000026dc77f6800 DEOPT PACKING pc=0x0000026daeb6aeb0 sp=0x000000d35ccfbe60
Event: 101.771 Thread 0x0000026dc77f6800 DEOPT UNPACKING pc=0x0000026dac42724e sp=0x000000d35ccfb380 mode 0
Event: 101.771 Thread 0x0000026dc77f6800 DEOPT PACKING pc=0x0000026daeb6aeb0 sp=0x000000d35ccfbf30
Event: 101.772 Thread 0x0000026dc77f6800 DEOPT UNPACKING pc=0x0000026dac42724e sp=0x000000d35ccfb450 mode 0
Event: 101.772 Thread 0x0000026dc77f6800 DEOPT PACKING pc=0x0000026daeb6aeb0 sp=0x000000d35ccfbe60
Event: 101.772 Thread 0x0000026dc77f6800 DEOPT UNPACKING pc=0x0000026dac42724e sp=0x000000d35ccfb380 mode 0
Event: 102.551 Thread 0x0000026dc77f6800 DEOPT PACKING pc=0x0000026daea52e30 sp=0x000000d35ccfc250
Event: 102.551 Thread 0x0000026dc77f6800 DEOPT UNPACKING pc=0x0000026dac42724e sp=0x000000d35ccfb728 mode 0
Event: 102.637 Thread 0x0000026dc77f6800 Uncommon trap: trap_request=0xffffff4d fr.pc=0x0000026db474bde0 relative=0x00000000000004a0
Event: 102.637 Thread 0x0000026dc77f6800 Uncommon trap: reason=unstable_if action=reinterpret pc=0x0000026db474bde0 method=com.sun.org.apache.xerces.internal.dom.ParentNode.nodeListItem(I)Lorg/w3c/dom/Node; @ 4 c2
Event: 102.637 Thread 0x0000026dc77f6800 DEOPT PACKING pc=0x0000026db474bde0 sp=0x000000d35ccfc430
Event: 102.637 Thread 0x0000026dc77f6800 DEOPT UNPACKING pc=0x0000026dac42742f sp=0x000000d35ccfc370 mode 2
Event: 103.162 Thread 0x0000026dc77f2000 DEOPT PACKING pc=0x0000026daed7a383 sp=0x000000d35e9fd200
Event: 103.162 Thread 0x0000026dc77f2000 DEOPT UNPACKING pc=0x0000026dac42724e sp=0x000000d35e9fc6b8 mode 0

Classes redefined (0 events):
No events

Internal exceptions (20 events):
Event: 100.483 Thread 0x0000026dc77f6800 Exception <a 'sun/nio/fs/WindowsException'{0x00000000980bb9d0}> (0x00000000980bb9d0) thrown at [./src/hotspot/share/prims/jni.cpp, line 615]
Event: 100.483 Thread 0x0000026dc77f6800 Exception <a 'sun/nio/fs/WindowsException'{0x00000000980bcbd0}> (0x00000000980bcbd0) thrown at [./src/hotspot/share/prims/jni.cpp, line 615]
Event: 100.484 Thread 0x0000026dc77f6800 Exception <a 'sun/nio/fs/WindowsException'{0x00000000980bcc50}> (0x00000000980bcc50) thrown at [./src/hotspot/share/prims/jni.cpp, line 615]
Event: 100.484 Thread 0x0000026dc77f6800 Exception <a 'sun/nio/fs/WindowsException'{0x00000000980bde38}> (0x00000000980bde38) thrown at [./src/hotspot/share/prims/jni.cpp, line 615]
Event: 100.484 Thread 0x0000026dc77f6800 Exception <a 'sun/nio/fs/WindowsException'{0x00000000980bdeb8}> (0x00000000980bdeb8) thrown at [./src/hotspot/share/prims/jni.cpp, line 615]
Event: 100.484 Thread 0x0000026dc77f6800 Exception <a 'sun/nio/fs/WindowsException'{0x00000000980bf098}> (0x00000000980bf098) thrown at [./src/hotspot/share/prims/jni.cpp, line 615]
Event: 100.606 Thread 0x0000026dc77f6800 Exception <a 'sun/nio/fs/WindowsException'{0x0000000097eb1408}> (0x0000000097eb1408) thrown at [./src/hotspot/share/prims/jni.cpp, line 615]
Event: 100.606 Thread 0x0000026dc77f6800 Exception <a 'sun/nio/fs/WindowsException'{0x0000000097eb1e78}> (0x0000000097eb1e78) thrown at [./src/hotspot/share/prims/jni.cpp, line 615]
Event: 100.606 Thread 0x0000026dc77f6800 Exception <a 'sun/nio/fs/WindowsException'{0x0000000097eb2798}> (0x0000000097eb2798) thrown at [./src/hotspot/share/prims/jni.cpp, line 615]
Event: 100.607 Thread 0x0000026dc77f6800 Exception <a 'sun/nio/fs/WindowsException'{0x0000000097eb3000}> (0x0000000097eb3000) thrown at [./src/hotspot/share/prims/jni.cpp, line 615]
Event: 100.607 Thread 0x0000026dc77f6800 Exception <a 'sun/nio/fs/WindowsException'{0x0000000097eb3a08}> (0x0000000097eb3a08) thrown at [./src/hotspot/share/prims/jni.cpp, line 615]
Event: 100.607 Thread 0x0000026dc77f6800 Exception <a 'sun/nio/fs/WindowsException'{0x0000000097eb3a88}> (0x0000000097eb3a88) thrown at [./src/hotspot/share/prims/jni.cpp, line 615]
Event: 100.607 Thread 0x0000026dc77f6800 Exception <a 'sun/nio/fs/WindowsException'{0x0000000097eb4ca0}> (0x0000000097eb4ca0) thrown at [./src/hotspot/share/prims/jni.cpp, line 615]
Event: 100.806 Thread 0x0000026dc77f6800 Exception <a 'sun/nio/fs/WindowsException'{0x0000000096f86178}> (0x0000000096f86178) thrown at [./src/hotspot/share/prims/jni.cpp, line 615]
Event: 100.807 Thread 0x0000026dc77f6800 Exception <a 'sun/nio/fs/WindowsException'{0x0000000096f86bd0}> (0x0000000096f86bd0) thrown at [./src/hotspot/share/prims/jni.cpp, line 615]
Event: 101.197 Thread 0x0000026dc77f6800 Exception <a 'sun/nio/fs/WindowsException'{0x0000000096bd7858}> (0x0000000096bd7858) thrown at [./src/hotspot/share/prims/jni.cpp, line 615]
Event: 101.197 Thread 0x0000026dc77f6800 Exception <a 'sun/nio/fs/WindowsException'{0x0000000096bd82d0}> (0x0000000096bd82d0) thrown at [./src/hotspot/share/prims/jni.cpp, line 615]
Event: 101.208 Thread 0x0000026dc77f6800 Exception <a 'sun/nio/fs/WindowsException'{0x0000000096a05cd8}> (0x0000000096a05cd8) thrown at [./src/hotspot/share/prims/jni.cpp, line 615]
Event: 101.209 Thread 0x0000026dc77f6800 Exception <a 'sun/nio/fs/WindowsException'{0x0000000096a06740}> (0x0000000096a06740) thrown at [./src/hotspot/share/prims/jni.cpp, line 615]
Event: 102.637 Thread 0x0000026dc77f6800 Implicit null exception at 0x0000026db474b978 to 0x0000026db474bdcc

Events (20 events):
Event: 101.178 loading class com/squareup/javapoet/LineWrapper$FlushType done
Event: 101.180 loading class com/squareup/javapoet/LineWrapper$1
Event: 101.180 loading class com/squareup/javapoet/LineWrapper$1 done
Event: 101.200 loading class android/databinding/tool/writer/MergedBindingMapperWriter
Event: 101.200 loading class android/databinding/tool/writer/MergedBindingMapperWriter done
Event: 101.203 loading class android/databinding/tool/writer/MergedBindingMapperWriter$Companion
Event: 101.203 loading class android/databinding/tool/writer/MergedBindingMapperWriter$Companion done
Event: 101.218 loading class com/sun/tools/javac/code/Symtab
Event: 101.218 loading class com/sun/tools/javac/code/Symtab done
Event: 101.318 Executing VM operation: ICBufferFull
Event: 101.319 Executing VM operation: ICBufferFull done
Event: 101.457 loading class org/jetbrains/kotlin/kapt3/base/incremental/GeneratedTypesTaskListener$finished$treeVisitor$1
Event: 101.457 loading class org/jetbrains/kotlin/kapt3/base/incremental/GeneratedTypesTaskListener$finished$treeVisitor$1 done
Event: 101.772 Executing VM operation: G1CollectForAllocation
Event: 101.863 Executing VM operation: G1CollectForAllocation done
Event: 101.897 Executing VM operation: G1CollectForAllocation
Event: 101.928 Executing VM operation: G1CollectForAllocation done
Event: 102.884 Executing VM operation: CGC_Operation
Event: 102.907 Executing VM operation: CGC_Operation done
Event: 103.192 Executing VM operation: G1CollectForAllocation


Dynamic libraries:
0x00007ff7c9c40000 - 0x00007ff7c9c4a000 	D:\Android\Android Studio\jre\bin\java.exe
0x00007ffe71fd0000 - 0x00007ffe721bd000 	C:\Windows\SYSTEM32\ntdll.dll
0x00007ffe6f2e0000 - 0x00007ffe6f393000 	C:\Windows\System32\KERNEL32.DLL
0x00007ffe6e2d0000 - 0x00007ffe6e565000 	C:\Windows\System32\KERNELBASE.dll
0x00007ffe6e570000 - 0x00007ffe6e66a000 	C:\Windows\System32\ucrtbase.dll
0x00007ffe68210000 - 0x00007ffe68229000 	D:\Android\Android Studio\jre\bin\jli.dll
0x00007ffe6f830000 - 0x00007ffe6f9c8000 	C:\Windows\System32\USER32.dll
0x00007ffe6f1b0000 - 0x00007ffe6f1d0000 	C:\Windows\System32\win32u.dll
0x00007ffe6ffb0000 - 0x00007ffe6ffd9000 	C:\Windows\System32\GDI32.dll
0x00007ffe6e080000 - 0x00007ffe6e21c000 	C:\Windows\System32\gdi32full.dll
0x00007ffe6eec0000 - 0x00007ffe6ef60000 	C:\Windows\System32\msvcp_win.dll
0x00007ffe68140000 - 0x00007ffe68157000 	D:\Android\Android Studio\jre\bin\VCRUNTIME140.dll
0x00007ffe60230000 - 0x00007ffe604a9000 	C:\Windows\WinSxS\amd64_microsoft.windows.common-controls_6595b64144ccf1df_6.0.17763.2114_none_de6e8966534dbac6\COMCTL32.dll
0x00007ffe6fcb0000 - 0x00007ffe6fd4e000 	C:\Windows\System32\msvcrt.dll
0x00007ffe71680000 - 0x00007ffe719ad000 	C:\Windows\System32\combase.dll
0x00007ffe71ac0000 - 0x00007ffe71bdf000 	C:\Windows\System32\RPCRT4.dll
0x00007ffe6ee30000 - 0x00007ffe6eeb2000 	C:\Windows\System32\bcryptPrimitives.dll
0x00007ffe70090000 - 0x00007ffe700be000 	C:\Windows\System32\IMM32.DLL
0x00007ffe57db0000 - 0x00007ffe57e4d000 	D:\Android\Android Studio\jre\bin\msvcp140.dll
0x00007ffe44120000 - 0x00007ffe44bdc000 	D:\Android\Android Studio\jre\bin\server\jvm.dll
0x00007ffe6fa30000 - 0x00007ffe6fad4000 	C:\Windows\System32\ADVAPI32.dll
0x00007ffe719b0000 - 0x00007ffe71a4e000 	C:\Windows\System32\sechost.dll
0x00007ffe6f820000 - 0x00007ffe6f828000 	C:\Windows\System32\PSAPI.DLL
0x00007ffe680d0000 - 0x00007ffe680d9000 	C:\Windows\SYSTEM32\WSOCK32.dll
0x00007ffe6fae0000 - 0x00007ffe6fb4d000 	C:\Windows\System32\WS2_32.dll
0x00007ffe6c110000 - 0x00007ffe6c134000 	C:\Windows\SYSTEM32\WINMM.dll
0x00007ffe633e0000 - 0x00007ffe633ea000 	C:\Windows\SYSTEM32\VERSION.dll
0x00007ffe6c0b0000 - 0x00007ffe6c0dd000 	C:\Windows\SYSTEM32\WINMMBASE.dll
0x00007ffe6ede0000 - 0x00007ffe6ee2a000 	C:\Windows\System32\cfgmgr32.dll
0x00007ffe6e030000 - 0x00007ffe6e041000 	C:\Windows\System32\kernel.appcore.dll
0x00007ffe68090000 - 0x00007ffe680a1000 	D:\Android\Android Studio\jre\bin\verify.dll
0x00007ffe5e7a0000 - 0x00007ffe5e98d000 	C:\Windows\SYSTEM32\DBGHELP.DLL
0x00007ffe5e9f0000 - 0x00007ffe5ea1a000 	C:\Windows\SYSTEM32\dbgcore.DLL
0x00007ffe68060000 - 0x00007ffe68089000 	D:\Android\Android Studio\jre\bin\java.dll
0x00007ffe68050000 - 0x00007ffe6805b000 	D:\Android\Android Studio\jre\bin\jimage.dll
0x00007ffe68030000 - 0x00007ffe68048000 	D:\Android\Android Studio\jre\bin\zip.dll
0x00007ffe700c0000 - 0x00007ffe715b9000 	C:\Windows\System32\SHELL32.dll
0x00007ffe6ffe0000 - 0x00007ffe70088000 	C:\Windows\System32\shcore.dll
0x00007ffe6e690000 - 0x00007ffe6eddb000 	C:\Windows\System32\windows.storage.dll
0x00007ffe6e050000 - 0x00007ffe6e074000 	C:\Windows\System32\profapi.dll
0x00007ffe6dfb0000 - 0x00007ffe6e00d000 	C:\Windows\System32\powrprof.dll
0x00007ffe6f280000 - 0x00007ffe6f2d2000 	C:\Windows\System32\shlwapi.dll
0x00007ffe6e670000 - 0x00007ffe6e687000 	C:\Windows\System32\cryptsp.dll
0x00007ffe68010000 - 0x00007ffe6802a000 	D:\Android\Android Studio\jre\bin\net.dll
0x00007ffe654c0000 - 0x00007ffe655b1000 	C:\Windows\SYSTEM32\WINHTTP.dll
0x00007ffe6d7a0000 - 0x00007ffe6d807000 	C:\Windows\system32\mswsock.dll
0x00007ffe66c80000 - 0x00007ffe66c94000 	D:\Android\Android Studio\jre\bin\nio.dll
0x00007ffe66e00000 - 0x00007ffe66e27000 	C:\Users\Home\.gradle\native\f6784746aeab05261644944871eae4fe03e0ef1612fff0a4a95f87b438bc6780\windows-amd64\native-platform.dll
0x00007ffe6a0e0000 - 0x00007ffe6a0ea000 	D:\Android\Android Studio\jre\bin\management.dll
0x00007ffe58ce0000 - 0x00007ffe58cec000 	D:\Android\Android Studio\jre\bin\management_ext.dll
0x00007ffe6d330000 - 0x00007ffe6d363000 	C:\Windows\system32\rsaenh.dll
0x00007ffe6f1d0000 - 0x00007ffe6f1f6000 	C:\Windows\System32\bcrypt.dll
0x00007ffe6dee0000 - 0x00007ffe6df09000 	C:\Windows\SYSTEM32\USERENV.dll
0x00007ffe6d970000 - 0x00007ffe6d97c000 	C:\Windows\SYSTEM32\CRYPTBASE.dll
0x00007ffe6d4c0000 - 0x00007ffe6d4fd000 	C:\Windows\SYSTEM32\IPHLPAPI.DLL
0x00007ffe71670000 - 0x00007ffe71678000 	C:\Windows\System32\NSI.dll
0x00007ffe66000000 - 0x00007ffe66016000 	C:\Windows\SYSTEM32\dhcpcsvc6.DLL
0x00007ffe66900000 - 0x00007ffe6691c000 	C:\Windows\SYSTEM32\dhcpcsvc.DLL
0x00007ffe6d500000 - 0x00007ffe6d5c6000 	C:\Windows\SYSTEM32\DNSAPI.dll
0x00007ffe67120000 - 0x00007ffe6712b000 	C:\Windows\SYSTEM32\WINNSI.DLL
0x00007ffe680e0000 - 0x00007ffe680fe000 	C:\Users\Home\AppData\Local\Temp\native-platform2332002192053009818dir\native-platform.dll
0x00007ffe6ab60000 - 0x00007ffe6ab68000 	D:\Android\Android Studio\jre\bin\rmi.dll

dbghelp: loaded successfully - version: 4.0.5 - missing functions: none
symbol engine: initialized successfully - sym options: 0x614 - pdb path: .;D:\Android\Android Studio\jre\bin;C:\Windows\SYSTEM32;C:\Windows\WinSxS\amd64_microsoft.windows.common-controls_6595b64144ccf1df_6.0.17763.2114_none_de6e8966534dbac6;D:\Android\Android Studio\jre\bin\server;C:\Users\Home\.gradle\native\f6784746aeab05261644944871eae4fe03e0ef1612fff0a4a95f87b438bc6780\windows-amd64;C:\Users\Home\AppData\Local\Temp\native-platform2332002192053009818dir

VM Arguments:
jvm_args: --add-opens=java.base/java.util=ALL-UNNAMED --add-opens=java.base/java.lang=ALL-UNNAMED --add-opens=java.base/java.lang.invoke=ALL-UNNAMED --add-opens=java.prefs/java.util.prefs=ALL-UNNAMED -Xmx2048m -Dfile.encoding=UTF-8 -Duser.country=RU -Duser.language=ru -Duser.variant 
java_command: org.gradle.launcher.daemon.bootstrap.GradleDaemon 6.5
java_class_path (initial): C:\Users\Home\.gradle\wrapper\dists\gradle-6.5-all\2oz4ud9k3tuxjg84bbf55q0tn\gradle-6.5\lib\gradle-launcher-6.5.jar
Launcher Type: SUN_STANDARD

[Global flags]
     intx CICompilerCount                          = 3                                         {product} {ergonomic}
     uint ConcGCThreads                            = 1                                         {product} {ergonomic}
     uint G1ConcRefinementThreads                  = 4                                         {product} {ergonomic}
   size_t G1HeapRegionSize                         = 1048576                                   {product} {ergonomic}
    uintx GCDrainStackTargetSize                   = 64                                        {product} {ergonomic}
   size_t InitialHeapSize                          = 65011712                                  {product} {ergonomic}
   size_t MarkStackSize                            = 4194304                                   {product} {ergonomic}
   size_t MaxHeapSize                              = 2147483648                                {product} {command line}
   size_t MaxNewSize                               = 1287651328                                {product} {ergonomic}
   size_t MinHeapDeltaBytes                        = 1048576                                   {product} {ergonomic}
    uintx NonNMethodCodeHeapSize                   = 5830732                                {pd product} {ergonomic}
    uintx NonProfiledCodeHeapSize                  = 122913754                              {pd product} {ergonomic}
    uintx ProfiledCodeHeapSize                     = 122913754                              {pd product} {ergonomic}
    uintx ReservedCodeCacheSize                    = 251658240                              {pd product} {ergonomic}
     bool SegmentedCodeCache                       = true                                      {product} {ergonomic}
     bool UseCompressedClassPointers               = true                                 {lp64_product} {ergonomic}
     bool UseCompressedOops                        = true                                 {lp64_product} {ergonomic}
     bool UseG1GC                                  = true                                      {product} {ergonomic}
     bool UseLargePagesIndividualAllocation        = false                                  {pd product} {ergonomic}

Logging:
Log output configuration:
 #0: stdout all=warning uptime,level,tags
 #1: stderr all=off uptime,level,tags

Environment Variables:
PATH=C:\Program Files (x86)\Common Files\Oracle\Java\javapath;C:\Windows\system32;C:\Windows;C:\Windows\System32\Wbem;C:\Windows\System32\WindowsPowerShell\v1.0\;C:\Windows\System32\OpenSSH\;D:\AndroidProjects\Git\cmd;C:\Users\Home\AppData\Local\Microsoft\WindowsApps;
USERNAME=Home
OS=Windows_NT
PROCESSOR_IDENTIFIER=Intel64 Family 6 Model 42 Stepping 7, GenuineIntel



---------------  S Y S T E M  ---------------

OS: Windows 10 , 64 bit Build 17763 (10.0.17763.2090)
OS uptime: 0 days 0:53 hours

CPU:total 4 (initial active 4) (2 cores per cpu, 2 threads per core) family 6 model 42 stepping 7, cmov, cx8, fxsr, mmx, sse, sse2, sse3, ssse3, sse4.1, sse4.2, popcnt, avx, clmul, ht, tsc, tscinvbit

Memory: 4k page, system-wide physical 3932M (388M free)
TotalPageFile size 4638M (AvailPageFile size 225M)
current process WorkingSet (physical memory assigned to process): 640M, peak: 654M
current process commit charge ("private bytes"): 763M, peak: 1090M

vm_info: OpenJDK 64-Bit Server VM (11.0.8+10-b944.6842174) for windows-amd64 JRE (11.0.8+10-b944.6842174), built on Sep 19 2020 01:11:42 by "builder" with MS VC++ 14.0 (VS2015)

END.
