#
# There is insufficient memory for the Java Runtime Environment to continue.
# Native memory allocation (malloc) failed to allocate 2192336 bytes for Chunk::new
# Possible reasons:
#   The system is out of physical RAM or swap space
#   The process is running with CompressedOops enabled, and the Java Heap may be blocking the growth of the native heap
# Possible solutions:
#   Reduce memory load on the system
#   Increase physical memory or swap space
#   Check if swap backing store is full
#   Decrease Java heap size (-Xmx/-Xms)
#   Decrease number of Java threads
#   Decrease Java thread stack sizes (-Xss)
#   Set larger code cache with -XX:ReservedCodeCacheSize=
#   JVM is running with Unscaled Compressed Oops mode in which the Java heap is
#     placed in the first 4GB address space. The Java Heap base address is the
#     maximum limit for the native heap growth. Please use -XX:HeapBaseMinAddress
#     to set the Java Heap base and to place the Java Heap above 4GB virtual address.
# This output file may be truncated or incomplete.
#
#  Out of Memory Error (./src/hotspot/share/memory/arena.cpp:197), pid=4324, tid=1296
#
# JRE version: OpenJDK Runtime Environment (11.0.8+10) (build 11.0.8+10-b944.6842174)
# Java VM: OpenJDK 64-Bit Server VM (11.0.8+10-b944.6842174, mixed mode, tiered, compressed oops, g1 gc, windows-amd64)
# No core dump will be written. Minidumps are not enabled by default on client versions of Windows
#

---------------  S U M M A R Y ------------

Command Line: --add-opens=java.base/java.util=ALL-UNNAMED --add-opens=java.base/java.lang=ALL-UNNAMED --add-opens=java.base/java.lang.invoke=ALL-UNNAMED --add-opens=java.prefs/java.util.prefs=ALL-UNNAMED -Xmx2048m -Dfile.encoding=UTF-8 -Duser.country=RU -Duser.language=ru -Duser.variant org.gradle.launcher.daemon.bootstrap.GradleDaemon 6.5

Host: Intel(R) Core(TM) i3-2370M CPU @ 2.40GHz, 4 cores, 3G,  Windows 10 , 64 bit Build 17763 (10.0.17763.2090)
Time: Wed Aug 25 12:30:45 2021 RTZ 2 (ceia) elapsed time: 578 seconds (0d 0h 9m 38s)

---------------  T H R E A D  ---------------

Current thread (0x00000173fe895000):  JavaThread "C2 CompilerThread0" daemon [_thread_in_native, id=1296, stack(0x0000006ae6600000,0x0000006ae6700000)]


Current CompileTask:
C2: 578626 16768       4       org.gradle.cache.internal.DefaultCacheAccess$UnitOfWorkFileAccess::writeFile (14 bytes)

Stack: [0x0000006ae6600000,0x0000006ae6700000]
Native frames: (J=compiled Java code, j=interpreted, Vv=VM code, C=native code)
V  [jvm.dll+0x5de50a]
V  [jvm.dll+0x7122f5]
V  [jvm.dll+0x71384d]
V  [jvm.dll+0x713f03]
V  [jvm.dll+0x23e728]
V  [jvm.dll+0xb899c]
V  [jvm.dll+0xb8e9c]
V  [jvm.dll+0x35024d]
V  [jvm.dll+0x31dea3]
V  [jvm.dll+0x31d39a]
V  [jvm.dll+0x1f7702]
V  [jvm.dll+0x1f68d4]
V  [jvm.dll+0x17f32c]
V  [jvm.dll+0x205047]
V  [jvm.dll+0x203891]
V  [jvm.dll+0x6dad3f]
V  [jvm.dll+0x6d3895]
V  [jvm.dll+0x5dd4a6]
C  [ucrtbase.dll+0x2268a]
C  [KERNEL32.DLL+0x17974]
C  [ntdll.dll+0x5a2f1]


---------------  P R O C E S S  ---------------

Threads class SMR info:
_java_thread_list=0x000001738a5cff20, length=167, elements={
0x00000173e6e49000, 0x00000173fe875800, 0x00000173fe87b000, 0x00000173fe891000,
0x00000173fe894000, 0x00000173fe895000, 0x00000173ff244000, 0x00000173ff254000,
0x00000173ff343800, 0x00000173ff35e800, 0x0000017382c9d800, 0x0000017382fbc800,
0x0000017382f9b800, 0x000001738312c000, 0x000001738312d000, 0x000001738312a000,
0x000001738312f800, 0x00000173833c2800, 0x00000173ff4fd800, 0x00000173ff500000,
0x00000173ff501800, 0x00000173ff4fc000, 0x00000173ff502800, 0x00000173ff504000,
0x00000173838be800, 0x00000173838bc000, 0x0000017383ac2000, 0x0000017383abb000,
0x00000173833c0800, 0x00000173833c5000, 0x00000173833c4000, 0x00000173833c5800,
0x00000173833c7000, 0x00000173833c1800, 0x00000173833c8000, 0x00000173833c9000,
0x00000173833c3000, 0x00000173833cb800, 0x00000173833cc000, 0x00000173833c9800,
0x00000173833cd800, 0x00000173833cf800, 0x00000173833ca800, 0x00000173833cd000,
0x00000173833ce800, 0x00000173838c1000, 0x00000173838bf000, 0x00000173838bc800,
0x00000173838bd800, 0x00000173838c0000, 0x00000173838bb000, 0x00000173838c1800,
0x00000173838c5800, 0x00000173838c5000, 0x00000173838c6800, 0x00000173838c3800,
0x00000173838c4000, 0x00000173838c7800, 0x00000173838c2800, 0x00000173838c9000,
0x00000173838ca000, 0x0000017383abe000, 0x0000017383abb800, 0x0000017383abf800,
0x0000017383abf000, 0x0000017383aba000, 0x0000017383ac0800, 0x0000017383abc800,
0x0000017383abd000, 0x0000017383ac4800, 0x0000017383ac3000, 0x0000017383ac5800,
0x0000017383ac4000, 0x0000017383ac8000, 0x0000017383ac6000, 0x0000017383ac7000,
0x0000017383ac8800, 0x00000173ff4fa000, 0x00000173ff4f9800, 0x00000173ff4fb000,
0x00000173ff4f5800, 0x00000173ff4f6000, 0x00000173ff4fc800, 0x00000173ff4f8000,
0x00000173ff4f7000, 0x00000173ff4fe800, 0x00000173ff4f8800, 0x00000173ff4ff000,
0x00000173ff503000, 0x00000173ff501000, 0x000001738312e000, 0x000001738312a800,
0x000001738312e800, 0x0000017383129000, 0x000001738312b800, 0x0000017385d11000,
0x0000017385d12800, 0x0000017385d13000, 0x0000017385d0f000, 0x0000017385d0d800,
0x0000017385d14000, 0x0000017385d0e800, 0x0000017385d11800, 0x0000017385d15000,
0x0000017385d10000, 0x0000017385d15800, 0x0000017385d18000, 0x0000017385d1c000,
0x0000017385d16800, 0x0000017385d1b800, 0x0000017385d17800, 0x0000017385d19000,
0x0000017385d19800, 0x0000017385d1a800, 0x000001738225c800, 0x000001738225f000,
0x000001738225d000, 0x0000017382259000, 0x000001738225e000, 0x000001738225a000,
0x000001738225f800, 0x0000017382260800, 0x000001738225a800, 0x0000017382261800,
0x000001738225b800, 0x0000017382267000, 0x0000017382265800, 0x0000017382266000,
0x0000017382263800, 0x0000017382268000, 0x0000017382262000, 0x0000017382263000,
0x0000017382264800, 0x0000017385bc5800, 0x0000017385bc0800, 0x0000017385bc6000,
0x0000017385bc7000, 0x0000017385bc3000, 0x0000017385bc2000, 0x0000017385bc3800,
0x0000017385bc1800, 0x0000017385bca800, 0x0000017385bc8000, 0x0000017385bc4800,
0x0000017385bcb000, 0x0000017385bcc800, 0x0000017385bcc000, 0x0000017385bcd800,
0x0000017385bce800, 0x0000017385bc8800, 0x0000017385bc9800, 0x0000017385bcf000,
0x0000017385c5c000, 0x0000017385c57000, 0x0000017385c5d000, 0x0000017385c5a800,
0x0000017385c5d800, 0x0000017385c59800, 0x0000017385c5b000, 0x0000017385c58000,
0x0000017385c5e800, 0x0000017385c58800, 0x0000017385c65000, 0x0000017385c63800,
0x0000017385c62800, 0x0000017385c64000, 0x0000017385c61800
}

Java Threads: ( => current thread )
  0x00000173e6e49000 JavaThread "main" [_thread_blocked, id=5944, stack(0x0000006ae5b00000,0x0000006ae5c00000)]
  0x00000173fe875800 JavaThread "Reference Handler" daemon [_thread_blocked, id=1328, stack(0x0000006ae6200000,0x0000006ae6300000)]
  0x00000173fe87b000 JavaThread "Finalizer" daemon [_thread_blocked, id=5160, stack(0x0000006ae6300000,0x0000006ae6400000)]
  0x00000173fe891000 JavaThread "Signal Dispatcher" daemon [_thread_blocked, id=3348, stack(0x0000006ae6400000,0x0000006ae6500000)]
  0x00000173fe894000 JavaThread "Attach Listener" daemon [_thread_blocked, id=1956, stack(0x0000006ae6500000,0x0000006ae6600000)]
=>0x00000173fe895000 JavaThread "C2 CompilerThread0" daemon [_thread_in_native, id=1296, stack(0x0000006ae6600000,0x0000006ae6700000)]
  0x00000173ff244000 JavaThread "C1 CompilerThread0" daemon [_thread_blocked, id=7084, stack(0x0000006ae6700000,0x0000006ae6800000)]
  0x00000173ff254000 JavaThread "Sweeper thread" daemon [_thread_blocked, id=5568, stack(0x0000006ae6800000,0x0000006ae6900000)]
  0x00000173ff343800 JavaThread "Common-Cleaner" daemon [_thread_blocked, id=6436, stack(0x0000006ae6900000,0x0000006ae6a00000)]
  0x00000173ff35e800 JavaThread "Service Thread" daemon [_thread_blocked, id=5900, stack(0x0000006ae6a00000,0x0000006ae6b00000)]
  0x0000017382c9d800 JavaThread "Daemon health stats" [_thread_blocked, id=1800, stack(0x0000006ae6e00000,0x0000006ae6f00000)]
  0x0000017382fbc800 JavaThread "Incoming local TCP Connector on port 56167" [_thread_in_native, id=6188, stack(0x0000006ae7200000,0x0000006ae7300000)]
  0x0000017382f9b800 JavaThread "Daemon periodic checks" [_thread_blocked, id=1412, stack(0x0000006ae7300000,0x0000006ae7400000)]
  0x000001738312c000 JavaThread "Cache worker for journal cache (C:\Users\Home\.gradle\caches\journal-1)" [_thread_blocked, id=5316, stack(0x0000006ae7c00000,0x0000006ae7d00000)]
  0x000001738312d000 JavaThread "File lock request listener" [_thread_in_native, id=5260, stack(0x0000006ae7d00000,0x0000006ae7e00000)]
  0x000001738312a000 JavaThread "Cache worker for file hash cache (C:\Users\Home\.gradle\caches\6.5\fileHashes)" [_thread_blocked, id=6624, stack(0x0000006ae7e00000,0x0000006ae7f00000)]
  0x000001738312f800 JavaThread "Cache worker for execution history cache (C:\Users\Home\.gradle\caches\6.5\executionHistory)" [_thread_blocked, id=5052, stack(0x0000006ae8300000,0x0000006ae8400000)]
  0x00000173833c2800 JavaThread "Cache worker for file content cache (C:\Users\Home\.gradle\caches\6.5\fileContent)" [_thread_blocked, id=2636, stack(0x0000006ae8500000,0x0000006ae8600000)]
  0x00000173ff4fd800 JavaThread "Memory manager" [_thread_blocked, id=3232, stack(0x0000006aefc00000,0x0000006aefd00000)]
  0x00000173ff500000 JavaThread "RMI Scheduler(0)" daemon [_thread_blocked, id=6112, stack(0x0000006ae7b00000,0x0000006ae7c00000)]
  0x00000173ff501800 JavaThread "RMI GC Daemon" daemon [_thread_blocked, id=4892, stack(0x0000006af0300000,0x0000006af0400000)]
  0x00000173ff4fc000 JavaThread "RMI TCP Accept-0" daemon [_thread_in_native, id=2340, stack(0x0000006af0400000,0x0000006af0500000)]
  0x00000173ff502800 JavaThread "RMI Reaper" [_thread_blocked, id=6340, stack(0x0000006af0500000,0x0000006af0600000)]
  0x00000173ff504000 JavaThread "ForkJoinPool.commonPool-worker-3" daemon [_thread_blocked, id=3932, stack(0x0000006af0800000,0x0000006af0900000)]
  0x00000173838be800 JavaThread "RMI TCP Connection(13)-127.0.0.1" daemon [_thread_in_native, id=4728, stack(0x0000006ae5900000,0x0000006ae5a00000)]
  0x00000173838bc000 JavaThread "RMI TCP Connection(14)-127.0.0.1" daemon [_thread_in_native, id=632, stack(0x0000006ae5a00000,0x0000006ae5b00000)]
  0x0000017383ac2000 JavaThread "Cache worker for Java compile cache (C:\Users\Home\.gradle\caches\6.5\javaCompile)" [_thread_blocked, id=792, stack(0x0000006af0200000,0x0000006af0300000)]
  0x0000017383abb000 JavaThread "ForkJoinPool.commonPool-worker-5" daemon [_thread_blocked, id=3424, stack(0x0000006ae7900000,0x0000006ae7a00000)]
  0x00000173833c0800 JavaThread "Daemon Thread 3" [_thread_blocked, id=5616, stack(0x0000006ae6c00000,0x0000006ae6d00000)]
  0x00000173833c5000 JavaThread "Handler for socket connection from /127.0.0.1:56167 to /127.0.0.1:51108" [_thread_in_native, id=464, stack(0x0000006ae7100000,0x0000006ae7200000)]
  0x00000173833c4000 JavaThread "Cancel handler" [_thread_blocked, id=3992, stack(0x0000006ae7400000,0x0000006ae7500000)]
  0x00000173833c5800 JavaThread "Daemon worker Thread 3" [_thread_blocked, id=5768, stack(0x0000006ae7500000,0x0000006ae7600000)]
  0x00000173833c7000 JavaThread "Asynchronous log dispatcher for DefaultDaemonConnection: socket connection from /127.0.0.1:56167 to /127.0.0.1:51108" [_thread_blocked, id=6280, stack(0x0000006ae7600000,0x0000006ae7700000)]
  0x00000173833c1800 JavaThread "Stdin handler" [_thread_blocked, id=1084, stack(0x0000006ae7700000,0x0000006ae7800000)]
  0x00000173833c8000 JavaThread "Thread-451" [_thread_blocked, id=4556, stack(0x0000006ae7800000,0x0000006ae7900000)]
  0x00000173833c9000 JavaThread "Cache worker for file hash cache (D:\AndroidProjects\Unscramble\.gradle\6.5\fileHashes)" [_thread_blocked, id=3016, stack(0x0000006ae7a00000,0x0000006ae7b00000)]
  0x00000173833c3000 JavaThread "Cache worker for checksums cache (D:\AndroidProjects\Unscramble\.gradle\checksums)" [_thread_blocked, id=1668, stack(0x0000006ae7f00000,0x0000006ae8000000)]
  0x00000173833cb800 JavaThread "Cache worker for cache directory md-supplier (C:\Users\Home\.gradle\caches\6.5\md-supplier)" [_thread_blocked, id=2400, stack(0x0000006ae8000000,0x0000006ae8100000)]
  0x00000173833cc000 JavaThread "Cache worker for cache directory md-rule (C:\Users\Home\.gradle\caches\6.5\md-rule)" [_thread_blocked, id=196, stack(0x0000006ae8100000,0x0000006ae8200000)]
  0x00000173833c9800 JavaThread "Build operations" [_thread_blocked, id=3708, stack(0x0000006ae8200000,0x0000006ae8300000)]
  0x00000173833cd800 JavaThread "Build operations Thread 2" [_thread_blocked, id=6724, stack(0x0000006ae8400000,0x0000006ae8500000)]
  0x00000173833cf800 JavaThread "Build operations Thread 3" [_thread_blocked, id=5252, stack(0x0000006ae8600000,0x0000006ae8700000)]
  0x00000173833ca800 JavaThread "Build operations Thread 4" [_thread_blocked, id=4944, stack(0x0000006ae8700000,0x0000006ae8800000)]
  0x00000173833cd000 JavaThread "jar transforms Thread 343" [_thread_blocked, id=68, stack(0x0000006ae8800000,0x0000006ae8900000)]
  0x00000173833ce800 JavaThread "jar transforms Thread 344" [_thread_blocked, id=4196, stack(0x0000006ae8900000,0x0000006ae8a00000)]
  0x00000173838c1000 JavaThread "jar transforms Thread 345" [_thread_blocked, id=796, stack(0x0000006ae8a00000,0x0000006ae8b00000)]
  0x00000173838bf000 JavaThread "jar transforms Thread 346" [_thread_blocked, id=5748, stack(0x0000006ae8b00000,0x0000006ae8c00000)]
  0x00000173838bc800 JavaThread "jar transforms Thread 347" [_thread_blocked, id=7160, stack(0x0000006ae8c00000,0x0000006ae8d00000)]
  0x00000173838bd800 JavaThread "jar transforms Thread 348" [_thread_blocked, id=4112, stack(0x0000006ae8d00000,0x0000006ae8e00000)]
  0x00000173838c0000 JavaThread "jar transforms Thread 349" [_thread_blocked, id=4860, stack(0x0000006ae8e00000,0x0000006ae8f00000)]
  0x00000173838bb000 JavaThread "jar transforms Thread 350" [_thread_blocked, id=1952, stack(0x0000006ae8f00000,0x0000006ae9000000)]
  0x00000173838c1800 JavaThread "jar transforms Thread 351" [_thread_blocked, id=6924, stack(0x0000006ae9000000,0x0000006ae9100000)]
  0x00000173838c5800 JavaThread "jar transforms Thread 352" [_thread_blocked, id=4548, stack(0x0000006ae9100000,0x0000006ae9200000)]
  0x00000173838c5000 JavaThread "jar transforms Thread 353" [_thread_blocked, id=5584, stack(0x0000006ae9200000,0x0000006ae9300000)]
  0x00000173838c6800 JavaThread "jar transforms Thread 354" [_thread_blocked, id=2908, stack(0x0000006ae9300000,0x0000006ae9400000)]
  0x00000173838c3800 JavaThread "jar transforms Thread 355" [_thread_blocked, id=6008, stack(0x0000006ae9400000,0x0000006ae9500000)]
  0x00000173838c4000 JavaThread "jar transforms Thread 356" [_thread_blocked, id=4436, stack(0x0000006ae9500000,0x0000006ae9600000)]
  0x00000173838c7800 JavaThread "jar transforms Thread 357" [_thread_blocked, id=2552, stack(0x0000006ae9600000,0x0000006ae9700000)]
  0x00000173838c2800 JavaThread "jar transforms Thread 358" [_thread_blocked, id=4208, stack(0x0000006ae9700000,0x0000006ae9800000)]
  0x00000173838c9000 JavaThread "jar transforms Thread 359" [_thread_blocked, id=2232, stack(0x0000006ae9800000,0x0000006ae9900000)]
  0x00000173838ca000 JavaThread "jar transforms Thread 360" [_thread_blocked, id=1368, stack(0x0000006ae9900000,0x0000006ae9a00000)]
  0x0000017383abe000 JavaThread "jar transforms Thread 361" [_thread_blocked, id=2420, stack(0x0000006ae9a00000,0x0000006ae9b00000)]
  0x0000017383abb800 JavaThread "jar transforms Thread 362" [_thread_blocked, id=5520, stack(0x0000006ae9b00000,0x0000006ae9c00000)]
  0x0000017383abf800 JavaThread "jar transforms Thread 363" [_thread_blocked, id=3544, stack(0x0000006ae9c00000,0x0000006ae9d00000)]
  0x0000017383abf000 JavaThread "jar transforms Thread 364" [_thread_blocked, id=5188, stack(0x0000006ae9d00000,0x0000006ae9e00000)]
  0x0000017383aba000 JavaThread "jar transforms Thread 365" [_thread_blocked, id=5492, stack(0x0000006ae9e00000,0x0000006ae9f00000)]
  0x0000017383ac0800 JavaThread "jar transforms Thread 366" [_thread_blocked, id=4276, stack(0x0000006ae9f00000,0x0000006aea000000)]
  0x0000017383abc800 JavaThread "jar transforms Thread 367" [_thread_blocked, id=6068, stack(0x0000006aea000000,0x0000006aea100000)]
  0x0000017383abd000 JavaThread "jar transforms Thread 368" [_thread_blocked, id=1228, stack(0x0000006aea100000,0x0000006aea200000)]
  0x0000017383ac4800 JavaThread "jar transforms Thread 369" [_thread_blocked, id=1112, stack(0x0000006aea200000,0x0000006aea300000)]
  0x0000017383ac3000 JavaThread "jar transforms Thread 370" [_thread_blocked, id=4820, stack(0x0000006aea300000,0x0000006aea400000)]
  0x0000017383ac5800 JavaThread "jar transforms Thread 371" [_thread_blocked, id=1500, stack(0x0000006aea400000,0x0000006aea500000)]
  0x0000017383ac4000 JavaThread "jar transforms Thread 372" [_thread_blocked, id=1580, stack(0x0000006aea500000,0x0000006aea600000)]
  0x0000017383ac8000 JavaThread "jar transforms Thread 373" [_thread_blocked, id=1680, stack(0x0000006aea600000,0x0000006aea700000)]
  0x0000017383ac6000 JavaThread "jar transforms Thread 374" [_thread_blocked, id=6500, stack(0x0000006aea700000,0x0000006aea800000)]
  0x0000017383ac7000 JavaThread "jar transforms Thread 375" [_thread_blocked, id=1448, stack(0x0000006aea800000,0x0000006aea900000)]
  0x0000017383ac8800 JavaThread "jar transforms Thread 376" [_thread_blocked, id=6364, stack(0x0000006aea900000,0x0000006aeaa00000)]
  0x00000173ff4fa000 JavaThread "jar transforms Thread 377" [_thread_blocked, id=4788, stack(0x0000006aeaa00000,0x0000006aeab00000)]
  0x00000173ff4f9800 JavaThread "jar transforms Thread 378" [_thread_blocked, id=2952, stack(0x0000006aeab00000,0x0000006aeac00000)]
  0x00000173ff4fb000 JavaThread "jar transforms Thread 379" [_thread_blocked, id=2988, stack(0x0000006aeac00000,0x0000006aead00000)]
  0x00000173ff4f5800 JavaThread "jar transforms Thread 380" [_thread_blocked, id=5216, stack(0x0000006aead00000,0x0000006aeae00000)]
  0x00000173ff4f6000 JavaThread "jar transforms Thread 381" [_thread_blocked, id=4648, stack(0x0000006aeae00000,0x0000006aeaf00000)]
  0x00000173ff4fc800 JavaThread "jar transforms Thread 382" [_thread_blocked, id=6812, stack(0x0000006aeaf00000,0x0000006aeb000000)]
  0x00000173ff4f8000 JavaThread "jar transforms Thread 383" [_thread_blocked, id=5608, stack(0x0000006aeb000000,0x0000006aeb100000)]
  0x00000173ff4f7000 JavaThread "jar transforms Thread 384" [_thread_blocked, id=6472, stack(0x0000006aeb100000,0x0000006aeb200000)]
  0x00000173ff4fe800 JavaThread "jar transforms Thread 385" [_thread_blocked, id=444, stack(0x0000006aeb200000,0x0000006aeb300000)]
  0x00000173ff4f8800 JavaThread "jar transforms Thread 386" [_thread_blocked, id=2284, stack(0x0000006aeb300000,0x0000006aeb400000)]
  0x00000173ff4ff000 JavaThread "jar transforms Thread 387" [_thread_blocked, id=2680, stack(0x0000006aeb400000,0x0000006aeb500000)]
  0x00000173ff503000 JavaThread "jar transforms Thread 388" [_thread_blocked, id=6200, stack(0x0000006aeb500000,0x0000006aeb600000)]
  0x00000173ff501000 JavaThread "jar transforms Thread 389" [_thread_blocked, id=5444, stack(0x0000006aeb600000,0x0000006aeb700000)]
  0x000001738312e000 JavaThread "jar transforms Thread 390" [_thread_blocked, id=2172, stack(0x0000006aeb700000,0x0000006aeb800000)]
  0x000001738312a800 JavaThread "jar transforms Thread 391" [_thread_blocked, id=3468, stack(0x0000006aeb800000,0x0000006aeb900000)]
  0x000001738312e800 JavaThread "jar transforms Thread 392" [_thread_blocked, id=6264, stack(0x0000006aeb900000,0x0000006aeba00000)]
  0x0000017383129000 JavaThread "jar transforms Thread 393" [_thread_blocked, id=6184, stack(0x0000006aeba00000,0x0000006aebb00000)]
  0x000001738312b800 JavaThread "jar transforms Thread 394" [_thread_blocked, id=3688, stack(0x0000006aebb00000,0x0000006aebc00000)]
  0x0000017385d11000 JavaThread "jar transforms Thread 395" [_thread_blocked, id=6092, stack(0x0000006aebc00000,0x0000006aebd00000)]
  0x0000017385d12800 JavaThread "jar transforms Thread 396" [_thread_blocked, id=3692, stack(0x0000006aebd00000,0x0000006aebe00000)]
  0x0000017385d13000 JavaThread "jar transforms Thread 397" [_thread_blocked, id=4520, stack(0x0000006aebe00000,0x0000006aebf00000)]
  0x0000017385d0f000 JavaThread "jar transforms Thread 398" [_thread_blocked, id=5544, stack(0x0000006aebf00000,0x0000006aec000000)]
  0x0000017385d0d800 JavaThread "jar transforms Thread 399" [_thread_blocked, id=1568, stack(0x0000006aec000000,0x0000006aec100000)]
  0x0000017385d14000 JavaThread "jar transforms Thread 400" [_thread_blocked, id=2208, stack(0x0000006aec100000,0x0000006aec200000)]
  0x0000017385d0e800 JavaThread "jar transforms Thread 401" [_thread_blocked, id=552, stack(0x0000006aec200000,0x0000006aec300000)]
  0x0000017385d11800 JavaThread "jar transforms Thread 402" [_thread_blocked, id=6088, stack(0x0000006aec300000,0x0000006aec400000)]
  0x0000017385d15000 JavaThread "jar transforms Thread 403" [_thread_blocked, id=7040, stack(0x0000006aec400000,0x0000006aec500000)]
  0x0000017385d10000 JavaThread "jar transforms Thread 404" [_thread_blocked, id=5004, stack(0x0000006aec500000,0x0000006aec600000)]
  0x0000017385d15800 JavaThread "jar transforms Thread 405" [_thread_blocked, id=356, stack(0x0000006aec600000,0x0000006aec700000)]
  0x0000017385d18000 JavaThread "jar transforms Thread 406" [_thread_blocked, id=3460, stack(0x0000006aec700000,0x0000006aec800000)]
  0x0000017385d1c000 JavaThread "jar transforms Thread 407" [_thread_blocked, id=1316, stack(0x0000006aec800000,0x0000006aec900000)]
  0x0000017385d16800 JavaThread "jar transforms Thread 408" [_thread_blocked, id=5920, stack(0x0000006aec900000,0x0000006aeca00000)]
  0x0000017385d1b800 JavaThread "jar transforms Thread 409" [_thread_blocked, id=5816, stack(0x0000006aeca00000,0x0000006aecb00000)]
  0x0000017385d17800 JavaThread "jar transforms Thread 410" [_thread_blocked, id=5144, stack(0x0000006aecb00000,0x0000006aecc00000)]
  0x0000017385d19000 JavaThread "jar transforms Thread 411" [_thread_blocked, id=3444, stack(0x0000006aecc00000,0x0000006aecd00000)]
  0x0000017385d19800 JavaThread "jar transforms Thread 412" [_thread_blocked, id=1076, stack(0x0000006aecd00000,0x0000006aece00000)]
  0x0000017385d1a800 JavaThread "jar transforms Thread 413" [_thread_blocked, id=4912, stack(0x0000006aece00000,0x0000006aecf00000)]
  0x000001738225c800 JavaThread "jar transforms Thread 414" [_thread_blocked, id=1764, stack(0x0000006aecf00000,0x0000006aed000000)]
  0x000001738225f000 JavaThread "jar transforms Thread 415" [_thread_blocked, id=1652, stack(0x0000006aed000000,0x0000006aed100000)]
  0x000001738225d000 JavaThread "jar transforms Thread 416" [_thread_blocked, id=1444, stack(0x0000006aed100000,0x0000006aed200000)]
  0x0000017382259000 JavaThread "jar transforms Thread 417" [_thread_blocked, id=4948, stack(0x0000006aed200000,0x0000006aed300000)]
  0x000001738225e000 JavaThread "jar transforms Thread 418" [_thread_blocked, id=2376, stack(0x0000006aed300000,0x0000006aed400000)]
  0x000001738225a000 JavaThread "jar transforms Thread 419" [_thread_blocked, id=7068, stack(0x0000006aed400000,0x0000006aed500000)]
  0x000001738225f800 JavaThread "jar transforms Thread 420" [_thread_blocked, id=6524, stack(0x0000006aed500000,0x0000006aed600000)]
  0x0000017382260800 JavaThread "jar transforms Thread 421" [_thread_blocked, id=6084, stack(0x0000006aed600000,0x0000006aed700000)]
  0x000001738225a800 JavaThread "jar transforms Thread 422" [_thread_blocked, id=864, stack(0x0000006aed700000,0x0000006aed800000)]
  0x0000017382261800 JavaThread "jar transforms Thread 423" [_thread_blocked, id=2236, stack(0x0000006aed800000,0x0000006aed900000)]
  0x000001738225b800 JavaThread "jar transforms Thread 424" [_thread_blocked, id=3356, stack(0x0000006aed900000,0x0000006aeda00000)]
  0x0000017382267000 JavaThread "jar transforms Thread 425" [_thread_blocked, id=2296, stack(0x0000006aeda00000,0x0000006aedb00000)]
  0x0000017382265800 JavaThread "jar transforms Thread 426" [_thread_blocked, id=4700, stack(0x0000006aedb00000,0x0000006aedc00000)]
  0x0000017382266000 JavaThread "jar transforms Thread 427" [_thread_blocked, id=1088, stack(0x0000006aedc00000,0x0000006aedd00000)]
  0x0000017382263800 JavaThread "jar transforms Thread 428" [_thread_blocked, id=1240, stack(0x0000006aedd00000,0x0000006aede00000)]
  0x0000017382268000 JavaThread "jar transforms Thread 429" [_thread_blocked, id=2612, stack(0x0000006aede00000,0x0000006aedf00000)]
  0x0000017382262000 JavaThread "jar transforms Thread 430" [_thread_blocked, id=2336, stack(0x0000006aedf00000,0x0000006aee000000)]
  0x0000017382263000 JavaThread "jar transforms Thread 431" [_thread_blocked, id=5936, stack(0x0000006aee000000,0x0000006aee100000)]
  0x0000017382264800 JavaThread "jar transforms Thread 432" [_thread_blocked, id=5140, stack(0x0000006aee100000,0x0000006aee200000)]
  0x0000017385bc5800 JavaThread "jar transforms Thread 433" [_thread_blocked, id=6416, stack(0x0000006aee200000,0x0000006aee300000)]
  0x0000017385bc0800 JavaThread "jar transforms Thread 434" [_thread_blocked, id=4712, stack(0x0000006aee300000,0x0000006aee400000)]
  0x0000017385bc6000 JavaThread "jar transforms Thread 435" [_thread_blocked, id=6492, stack(0x0000006aee400000,0x0000006aee500000)]
  0x0000017385bc7000 JavaThread "jar transforms Thread 436" [_thread_blocked, id=6860, stack(0x0000006aee500000,0x0000006aee600000)]
  0x0000017385bc3000 JavaThread "jar transforms Thread 437" [_thread_blocked, id=2820, stack(0x0000006aee600000,0x0000006aee700000)]
  0x0000017385bc2000 JavaThread "jar transforms Thread 438" [_thread_blocked, id=2600, stack(0x0000006aee700000,0x0000006aee800000)]
  0x0000017385bc3800 JavaThread "jar transforms Thread 439" [_thread_blocked, id=6688, stack(0x0000006aee800000,0x0000006aee900000)]
  0x0000017385bc1800 JavaThread "jar transforms Thread 440" [_thread_blocked, id=5308, stack(0x0000006aee900000,0x0000006aeea00000)]
  0x0000017385bca800 JavaThread "jar transforms Thread 441" [_thread_blocked, id=6332, stack(0x0000006aeea00000,0x0000006aeeb00000)]
  0x0000017385bc8000 JavaThread "jar transforms Thread 442" [_thread_blocked, id=5836, stack(0x0000006aeeb00000,0x0000006aeec00000)]
  0x0000017385bc4800 JavaThread "jar transforms Thread 443" [_thread_blocked, id=1696, stack(0x0000006aeec00000,0x0000006aeed00000)]
  0x0000017385bcb000 JavaThread "jar transforms Thread 444" [_thread_blocked, id=6020, stack(0x0000006aeed00000,0x0000006aeee00000)]
  0x0000017385bcc800 JavaThread "jar transforms Thread 445" [_thread_blocked, id=6512, stack(0x0000006aeee00000,0x0000006aeef00000)]
  0x0000017385bcc000 JavaThread "jar transforms Thread 446" [_thread_blocked, id=3552, stack(0x0000006aeef00000,0x0000006aef000000)]
  0x0000017385bcd800 JavaThread "jar transforms Thread 447" [_thread_blocked, id=3076, stack(0x0000006aef000000,0x0000006aef100000)]
  0x0000017385bce800 JavaThread "jar transforms Thread 448" [_thread_blocked, id=6864, stack(0x0000006aef100000,0x0000006aef200000)]
  0x0000017385bc8800 JavaThread "jar transforms Thread 449" [_thread_blocked, id=2896, stack(0x0000006aef200000,0x0000006aef300000)]
  0x0000017385bc9800 JavaThread "jar transforms Thread 450" [_thread_blocked, id=3764, stack(0x0000006aef300000,0x0000006aef400000)]
  0x0000017385bcf000 JavaThread "jar transforms Thread 451" [_thread_blocked, id=1436, stack(0x0000006aef400000,0x0000006aef500000)]
  0x0000017385c5c000 JavaThread "jar transforms Thread 452" [_thread_blocked, id=2868, stack(0x0000006aef500000,0x0000006aef600000)]
  0x0000017385c57000 JavaThread "jar transforms Thread 453" [_thread_blocked, id=7032, stack(0x0000006aef600000,0x0000006aef700000)]
  0x0000017385c5d000 JavaThread "jar transforms Thread 454" [_thread_blocked, id=5624, stack(0x0000006aef700000,0x0000006aef800000)]
  0x0000017385c5a800 JavaThread "jar transforms Thread 455" [_thread_blocked, id=4888, stack(0x0000006aef800000,0x0000006aef900000)]
  0x0000017385c5d800 JavaThread "jar transforms Thread 456" [_thread_blocked, id=3372, stack(0x0000006aef900000,0x0000006aefa00000)]
  0x0000017385c59800 JavaThread "Cache worker for Build Output Cleanup Cache (D:\AndroidProjects\Unscramble\.gradle\buildOutputCleanup)" [_thread_blocked, id=4036, stack(0x0000006aefa00000,0x0000006aefb00000)]
  0x0000017385c5b000 JavaThread "Cache worker for file content cache (D:\AndroidProjects\Unscramble\.gradle\6.5\fileContent)" [_thread_blocked, id=1616, stack(0x0000006aefb00000,0x0000006aefc00000)]
  0x0000017385c58000 JavaThread "Execution worker for ':'" [_thread_blocked, id=5028, stack(0x0000006aefd00000,0x0000006aefe00000)]
  0x0000017385c5e800 JavaThread "Execution worker for ':' Thread 2" [_thread_blocked, id=4336, stack(0x0000006aefe00000,0x0000006aeff00000)]
  0x0000017385c58800 JavaThread "Execution worker for ':' Thread 3" [_thread_in_native, id=1372, stack(0x0000006aeff00000,0x0000006af0000000)]
  0x0000017385c65000 JavaThread "Cache worker for execution history cache (D:\AndroidProjects\Unscramble\.gradle\6.5\executionHistory)" [_thread_blocked, id=5912, stack(0x0000006af0000000,0x0000006af0100000)]
  0x0000017385c63800 JavaThread "RMI RenewClean-[127.0.0.1:17888,org.jetbrains.kotlin.daemon.common.LoopbackNetworkInterface$ClientLoopbackSocketFactory@5e403d9b]" daemon [_thread_blocked, id=6140, stack(0x0000006af0100000,0x0000006af0200000)]
  0x0000017385c62800 JavaThread "RMI TCP Connection(15)-127.0.0.1" daemon [_thread_in_native, id=3368, stack(0x0000006af0600000,0x0000006af0700000)]
  0x0000017385c64000 JavaThread "RMI TCP Connection(16)-127.0.0.1" daemon [_thread_in_native, id=5092, stack(0x0000006af0700000,0x0000006af0800000)]
  0x0000017385c61800 JavaThread "RMI TCP Connection(17)-127.0.0.1" daemon [_thread_in_native, id=6360, stack(0x0000006af0900000,0x0000006af0a00000)]

Other Threads:
  0x00000173fe870800 VMThread "VM Thread" [stack: 0x0000006ae6100000,0x0000006ae6200000] [id=3548]
  0x00000173ff360800 WatcherThread [stack: 0x0000006ae6b00000,0x0000006ae6c00000] [id=5856]
  0x00000173e6e63800 GCTaskThread "GC Thread#0" [stack: 0x0000006ae5c00000,0x0000006ae5d00000] [id=6508]
  0x00000173ff70f000 GCTaskThread "GC Thread#1" [stack: 0x0000006ae6d00000,0x0000006ae6e00000] [id=6204]
  0x000001738282f800 GCTaskThread "GC Thread#2" [stack: 0x0000006ae6f00000,0x0000006ae7000000] [id=2264]
  0x000001738254f800 GCTaskThread "GC Thread#3" [stack: 0x0000006ae7000000,0x0000006ae7100000] [id=308]
  0x00000173e6e94800 ConcurrentGCThread "G1 Main Marker" [stack: 0x0000006ae5d00000,0x0000006ae5e00000] [id=3568]
  0x00000173e6e96000 ConcurrentGCThread "G1 Conc#0" [stack: 0x0000006ae5e00000,0x0000006ae5f00000] [id=6448]
  0x00000173e6eed800 ConcurrentGCThread "G1 Refine#0" [stack: 0x0000006ae5f00000,0x0000006ae6000000] [id=4516]
  0x00000173e6eee800 ConcurrentGCThread "G1 Young RemSet Sampling" [stack: 0x0000006ae6000000,0x0000006ae6100000] [id=1560]

Threads with active compile tasks:
C2 CompilerThread0 578670 16768       4       org.gradle.cache.internal.DefaultCacheAccess$UnitOfWorkFileAccess::writeFile (14 bytes)

VM state:not at safepoint (normal execution)

VM Mutex/Monitor currently owned by a thread: None

Heap address: 0x0000000080000000, size: 2048 MB, Compressed Oops mode: 32-bit
Narrow klass base: 0x0000000000000000, Narrow klass shift: 3
Compressed class space size: 1073741824 Address: 0x0000000100000000

Heap:
 garbage-first heap   total 159744K, used 115456K [0x0000000080000000, 0x0000000100000000)
  region size 1024K, 20 young (20480K), 2 survivors (2048K)
 Metaspace       used 105297K, capacity 108323K, committed 108372K, reserved 1142784K
  class space    used 13380K, capacity 14460K, committed 14464K, reserved 1048576K
Heap Regions: E=young(eden), S=young(survivor), O=old, HS=humongous(starts), HC=humongous(continues), CS=collection set, F=free, A=archive, TAMS=top-at-mark-start (previous, next)
|   0|0x0000000080000000, 0x0000000080100000, 0x0000000080100000|100%| O|  |TAMS 0x0000000080100000, 0x0000000080000000| Complete 
|   1|0x0000000080100000, 0x0000000080200000, 0x0000000080200000|100%| O|  |TAMS 0x0000000080200000, 0x0000000080100000| Untracked 
|   2|0x0000000080200000, 0x0000000080300000, 0x0000000080300000|100%| O|  |TAMS 0x0000000080300000, 0x0000000080200000| Untracked 
|   3|0x0000000080300000, 0x0000000080400000, 0x0000000080400000|100%|HS|  |TAMS 0x0000000080400000, 0x0000000080300000| Complete 
|   4|0x0000000080400000, 0x0000000080500000, 0x0000000080500000|100%|HC|  |TAMS 0x0000000080500000, 0x0000000080400000| Complete 
|   5|0x0000000080500000, 0x0000000080600000, 0x0000000080600000|100%|HC|  |TAMS 0x0000000080600000, 0x0000000080500000| Complete 
|   6|0x0000000080600000, 0x0000000080700000, 0x0000000080700000|100%| O|  |TAMS 0x0000000080700000, 0x0000000080600000| Untracked 
|   7|0x0000000080700000, 0x0000000080800000, 0x0000000080800000|100%| O|  |TAMS 0x0000000080800000, 0x0000000080700000| Complete 
|   8|0x0000000080800000, 0x0000000080900000, 0x0000000080900000|100%| O|  |TAMS 0x0000000080900000, 0x0000000080800000| Untracked 
|   9|0x0000000080900000, 0x0000000080a00000, 0x0000000080a00000|100%| O|  |TAMS 0x0000000080a00000, 0x0000000080900000| Untracked 
|  10|0x0000000080a00000, 0x0000000080b00000, 0x0000000080b00000|100%| O|  |TAMS 0x0000000080b00000, 0x0000000080a00000| Untracked 
|  11|0x0000000080b00000, 0x0000000080c00000, 0x0000000080c00000|100%| O|  |TAMS 0x0000000080c00000, 0x0000000080b00000| Untracked 
|  12|0x0000000080c00000, 0x0000000080d00000, 0x0000000080d00000|100%| O|  |TAMS 0x0000000080d00000, 0x0000000080c00000| Untracked 
|  13|0x0000000080d00000, 0x0000000080e00000, 0x0000000080e00000|100%| O|  |TAMS 0x0000000080e00000, 0x0000000080d00000| Untracked 
|  14|0x0000000080e00000, 0x0000000080f00000, 0x0000000080f00000|100%| O|  |TAMS 0x0000000080f00000, 0x0000000080e00000| Untracked 
|  15|0x0000000080f00000, 0x0000000081000000, 0x0000000081000000|100%| O|  |TAMS 0x0000000081000000, 0x0000000080f00000| Untracked 
|  16|0x0000000081000000, 0x0000000081100000, 0x0000000081100000|100%| O|  |TAMS 0x0000000081100000, 0x0000000081000000| Complete 
|  17|0x0000000081100000, 0x0000000081200000, 0x0000000081200000|100%| O|  |TAMS 0x0000000081200000, 0x0000000081100000| Complete 
|  18|0x0000000081200000, 0x0000000081300000, 0x0000000081300000|100%| O|  |TAMS 0x0000000081300000, 0x0000000081200000| Untracked 
|  19|0x0000000081300000, 0x0000000081400000, 0x0000000081400000|100%| O|  |TAMS 0x0000000081400000, 0x0000000081300000| Untracked 
|  20|0x0000000081400000, 0x0000000081500000, 0x0000000081500000|100%| O|  |TAMS 0x0000000081500000, 0x0000000081400000| Untracked 
|  21|0x0000000081500000, 0x0000000081600000, 0x0000000081600000|100%|HS|  |TAMS 0x0000000081600000, 0x0000000081500000| Complete 
|  22|0x0000000081600000, 0x0000000081700000, 0x0000000081700000|100%|HS|  |TAMS 0x0000000081700000, 0x0000000081600000| Complete 
|  23|0x0000000081700000, 0x0000000081800000, 0x0000000081800000|100%|HC|  |TAMS 0x0000000081800000, 0x0000000081700000| Complete 
|  24|0x0000000081800000, 0x0000000081900000, 0x0000000081900000|100%|HC|  |TAMS 0x0000000081900000, 0x0000000081800000| Complete 
|  25|0x0000000081900000, 0x0000000081a00000, 0x0000000081a00000|100%|HS|  |TAMS 0x0000000081a00000, 0x0000000081900000| Complete 
|  26|0x0000000081a00000, 0x0000000081b00000, 0x0000000081b00000|100%|HC|  |TAMS 0x0000000081b00000, 0x0000000081a00000| Complete 
|  27|0x0000000081b00000, 0x0000000081c00000, 0x0000000081c00000|100%| O|  |TAMS 0x0000000081c00000, 0x0000000081b00000| Untracked 
|  28|0x0000000081c00000, 0x0000000081d00000, 0x0000000081d00000|100%| O|  |TAMS 0x0000000081d00000, 0x0000000081c00000| Untracked 
|  29|0x0000000081d00000, 0x0000000081e00000, 0x0000000081e00000|100%| O|  |TAMS 0x0000000081e00000, 0x0000000081d00000| Complete 
|  30|0x0000000081e00000, 0x0000000081f00000, 0x0000000081f00000|100%| O|  |TAMS 0x0000000081f00000, 0x0000000081e00000| Untracked 
|  31|0x0000000081f00000, 0x0000000082000000, 0x0000000082000000|100%| O|  |TAMS 0x0000000082000000, 0x0000000081f00000| Complete 
|  32|0x0000000082000000, 0x0000000082100000, 0x0000000082100000|100%| O|  |TAMS 0x0000000082100000, 0x0000000082000000| Complete 
|  33|0x0000000082100000, 0x0000000082200000, 0x0000000082200000|100%| O|  |TAMS 0x0000000082200000, 0x0000000082100000| Untracked 
|  34|0x0000000082200000, 0x0000000082300000, 0x0000000082300000|100%| O|  |TAMS 0x0000000082300000, 0x0000000082200000| Untracked 
|  35|0x0000000082300000, 0x0000000082400000, 0x0000000082400000|100%| O|  |TAMS 0x0000000082400000, 0x0000000082300000| Untracked 
|  36|0x0000000082400000, 0x0000000082500000, 0x0000000082500000|100%| O|  |TAMS 0x0000000082500000, 0x0000000082400000| Complete 
|  37|0x0000000082500000, 0x0000000082600000, 0x0000000082600000|100%| O|  |TAMS 0x0000000082600000, 0x0000000082500000| Complete 
|  38|0x0000000082600000, 0x0000000082700000, 0x0000000082700000|100%| O|  |TAMS 0x0000000082700000, 0x0000000082600000| Complete 
|  39|0x0000000082700000, 0x0000000082800000, 0x0000000082800000|100%| O|  |TAMS 0x0000000082800000, 0x0000000082700000| Untracked 
|  40|0x0000000082800000, 0x0000000082900000, 0x0000000082900000|100%| O|  |TAMS 0x0000000082900000, 0x0000000082800000| Untracked 
|  41|0x0000000082900000, 0x0000000082a00000, 0x0000000082a00000|100%| O|  |TAMS 0x0000000082a00000, 0x0000000082900000| Untracked 
|  42|0x0000000082a00000, 0x0000000082b00000, 0x0000000082b00000|100%| O|  |TAMS 0x0000000082b00000, 0x0000000082a00000| Untracked 
|  43|0x0000000082b00000, 0x0000000082c00000, 0x0000000082c00000|100%| O|  |TAMS 0x0000000082c00000, 0x0000000082b00000| Untracked 
|  44|0x0000000082c00000, 0x0000000082d00000, 0x0000000082d00000|100%| O|  |TAMS 0x0000000082d00000, 0x0000000082c00000| Complete 
|  45|0x0000000082d00000, 0x0000000082e00000, 0x0000000082e00000|100%| O|  |TAMS 0x0000000082e00000, 0x0000000082d00000| Untracked 
|  46|0x0000000082e00000, 0x0000000082f00000, 0x0000000082f00000|100%| O|  |TAMS 0x0000000082f00000, 0x0000000082e00000| Complete 
|  47|0x0000000082f00000, 0x0000000083000000, 0x0000000083000000|100%| O|  |TAMS 0x0000000083000000, 0x0000000082f00000| Untracked 
|  48|0x0000000083000000, 0x0000000083100000, 0x0000000083100000|100%| O|  |TAMS 0x0000000083100000, 0x0000000083000000| Untracked 
|  49|0x0000000083100000, 0x0000000083200000, 0x0000000083200000|100%| O|  |TAMS 0x0000000083200000, 0x0000000083100000| Untracked 
|  50|0x0000000083200000, 0x0000000083300000, 0x0000000083300000|100%| O|  |TAMS 0x0000000083300000, 0x0000000083200000| Complete 
|  51|0x0000000083300000, 0x0000000083400000, 0x0000000083400000|100%| O|  |TAMS 0x0000000083400000, 0x0000000083300000| Complete 
|  52|0x0000000083400000, 0x0000000083500000, 0x0000000083500000|100%| O|  |TAMS 0x0000000083500000, 0x0000000083400000| Complete 
|  53|0x0000000083500000, 0x0000000083600000, 0x0000000083600000|100%| O|  |TAMS 0x0000000083600000, 0x0000000083500000| Complete 
|  54|0x0000000083600000, 0x0000000083700000, 0x0000000083700000|100%| O|  |TAMS 0x0000000083700000, 0x0000000083600000| Complete 
|  55|0x0000000083700000, 0x0000000083800000, 0x0000000083800000|100%| O|  |TAMS 0x0000000083800000, 0x0000000083700000| Complete 
|  56|0x0000000083800000, 0x0000000083900000, 0x0000000083900000|100%| O|  |TAMS 0x0000000083900000, 0x0000000083800000| Complete 
|  57|0x0000000083900000, 0x0000000083a00000, 0x0000000083a00000|100%| O|  |TAMS 0x0000000083a00000, 0x0000000083900000| Complete 
|  58|0x0000000083a00000, 0x0000000083b00000, 0x0000000083b00000|100%| O|  |TAMS 0x0000000083b00000, 0x0000000083a00000| Untracked 
|  59|0x0000000083b00000, 0x0000000083c00000, 0x0000000083c00000|100%| O|  |TAMS 0x0000000083c00000, 0x0000000083b00000| Complete 
|  60|0x0000000083c00000, 0x0000000083d00000, 0x0000000083d00000|100%| O|  |TAMS 0x0000000083d00000, 0x0000000083c00000| Untracked 
|  61|0x0000000083d00000, 0x0000000083e00000, 0x0000000083e00000|100%| O|  |TAMS 0x0000000083e00000, 0x0000000083d00000| Complete 
|  62|0x0000000083e00000, 0x0000000083f00000, 0x0000000083f00000|100%| O|  |TAMS 0x0000000083e00000, 0x0000000083e00000| Untracked 
|  63|0x0000000083f00000, 0x0000000084000000, 0x0000000084000000|100%| O|  |TAMS 0x0000000084000000, 0x0000000083f00000| Complete 
|  64|0x0000000084000000, 0x0000000084100000, 0x0000000084100000|100%| O|  |TAMS 0x0000000084100000, 0x0000000084000000| Complete 
|  65|0x0000000084100000, 0x0000000084200000, 0x0000000084200000|100%| O|  |TAMS 0x0000000084200000, 0x0000000084100000| Untracked 
|  66|0x0000000084200000, 0x0000000084300000, 0x0000000084300000|100%| O|  |TAMS 0x0000000084300000, 0x0000000084200000| Complete 
|  67|0x0000000084300000, 0x0000000084400000, 0x0000000084400000|100%| O|  |TAMS 0x0000000084400000, 0x0000000084300000| Complete 
|  68|0x0000000084400000, 0x0000000084500000, 0x0000000084500000|100%| O|  |TAMS 0x0000000084500000, 0x0000000084400000| Complete 
|  69|0x0000000084500000, 0x0000000084600000, 0x0000000084600000|100%| O|  |TAMS 0x0000000084600000, 0x0000000084500000| Untracked 
|  70|0x0000000084600000, 0x0000000084700000, 0x0000000084700000|100%| O|  |TAMS 0x0000000084700000, 0x0000000084600000| Untracked 
|  71|0x0000000084700000, 0x0000000084800000, 0x0000000084800000|100%| O|  |TAMS 0x0000000084800000, 0x0000000084700000| Untracked 
|  72|0x0000000084800000, 0x0000000084900000, 0x0000000084900000|100%| O|  |TAMS 0x0000000084800000, 0x0000000084800000| Untracked 
|  73|0x0000000084900000, 0x0000000084a00000, 0x0000000084a00000|100%| O|  |TAMS 0x0000000084a00000, 0x0000000084900000| Complete 
|  74|0x0000000084a00000, 0x0000000084b00000, 0x0000000084b00000|100%| O|  |TAMS 0x0000000084b00000, 0x0000000084a00000| Complete 
|  75|0x0000000084b00000, 0x0000000084c00000, 0x0000000084c00000|100%| O|  |TAMS 0x0000000084c00000, 0x0000000084b00000| Complete 
|  76|0x0000000084c00000, 0x0000000084d00000, 0x0000000084d00000|100%| O|  |TAMS 0x0000000084d00000, 0x0000000084c00000| Complete 
|  77|0x0000000084d00000, 0x0000000084e00000, 0x0000000084e00000|100%| O|  |TAMS 0x0000000084e00000, 0x0000000084d00000| Untracked 
|  78|0x0000000084e00000, 0x0000000084f00000, 0x0000000084f00000|100%| O|  |TAMS 0x0000000084e48e00, 0x0000000084e00000| Untracked 
|  79|0x0000000084f00000, 0x0000000085000000, 0x0000000085000000|100%| O|  |TAMS 0x0000000085000000, 0x0000000084f00000| Complete 
|  80|0x0000000085000000, 0x0000000085100000, 0x0000000085100000|100%| O|  |TAMS 0x0000000085100000, 0x0000000085000000| Untracked 
|  81|0x0000000085100000, 0x0000000085200000, 0x0000000085200000|100%| O|  |TAMS 0x0000000085200000, 0x0000000085100000| Complete 
|  82|0x0000000085200000, 0x0000000085300000, 0x0000000085300000|100%| O|  |TAMS 0x0000000085300000, 0x0000000085200000| Complete 
|  83|0x0000000085300000, 0x0000000085400000, 0x0000000085400000|100%| O|  |TAMS 0x0000000085400000, 0x0000000085300000| Complete 
|  84|0x0000000085400000, 0x0000000085500000, 0x0000000085500000|100%| O|  |TAMS 0x0000000085500000, 0x0000000085400000| Complete 
|  85|0x0000000085500000, 0x0000000085600000, 0x0000000085600000|100%| O|  |TAMS 0x0000000085600000, 0x0000000085500000| Complete 
|  86|0x0000000085600000, 0x0000000085700000, 0x0000000085700000|100%| O|  |TAMS 0x0000000085700000, 0x0000000085600000| Complete 
|  87|0x0000000085700000, 0x0000000085800000, 0x0000000085800000|100%| O|  |TAMS 0x0000000085800000, 0x0000000085700000| Complete 
|  88|0x0000000085800000, 0x0000000085900000, 0x0000000085900000|100%| O|  |TAMS 0x0000000085900000, 0x0000000085800000| Complete 
|  89|0x0000000085900000, 0x0000000085a00000, 0x0000000085a00000|100%| O|  |TAMS 0x0000000085a00000, 0x0000000085900000| Untracked 
|  90|0x0000000085a00000, 0x0000000085b00000, 0x0000000085b00000|100%| O|  |TAMS 0x0000000085b00000, 0x0000000085a00000| Untracked 
|  91|0x0000000085b00000, 0x0000000085c00000, 0x0000000085c00000|100%| O|  |TAMS 0x0000000085c00000, 0x0000000085b00000| Complete 
|  92|0x0000000085c00000, 0x0000000085d00000, 0x0000000085d00000|100%| O|  |TAMS 0x0000000085d00000, 0x0000000085c00000| Untracked 
|  93|0x0000000085d00000, 0x0000000085e00000, 0x0000000085e00000|100%| O|  |TAMS 0x0000000085e00000, 0x0000000085d00000| Complete 
|  94|0x0000000085e00000, 0x0000000085f00000, 0x0000000085f00000|100%| O|  |TAMS 0x0000000085e00000, 0x0000000085e00000| Untracked 
|  95|0x0000000085f00000, 0x0000000085f2ca00, 0x0000000086000000| 17%| O|  |TAMS 0x0000000085f00000, 0x0000000085f00000| Untracked 
|  96|0x0000000086000000, 0x0000000086000000, 0x0000000086100000|  0%| F|  |TAMS 0x0000000086000000, 0x0000000086000000| Untracked 
|  97|0x0000000086100000, 0x0000000086100000, 0x0000000086200000|  0%| F|  |TAMS 0x0000000086100000, 0x0000000086100000| Untracked 
|  98|0x0000000086200000, 0x0000000086200000, 0x0000000086300000|  0%| F|  |TAMS 0x0000000086200000, 0x0000000086200000| Untracked 
|  99|0x0000000086300000, 0x0000000086300000, 0x0000000086400000|  0%| F|  |TAMS 0x0000000086300000, 0x0000000086300000| Untracked 
| 100|0x0000000086400000, 0x0000000086400000, 0x0000000086500000|  0%| F|  |TAMS 0x0000000086400000, 0x0000000086400000| Untracked 
| 101|0x0000000086500000, 0x0000000086500000, 0x0000000086600000|  0%| F|  |TAMS 0x0000000086500000, 0x0000000086500000| Untracked 
| 102|0x0000000086600000, 0x0000000086600000, 0x0000000086700000|  0%| F|  |TAMS 0x0000000086600000, 0x0000000086600000| Untracked 
| 103|0x0000000086700000, 0x0000000086700000, 0x0000000086800000|  0%| F|  |TAMS 0x0000000086700000, 0x0000000086700000| Untracked 
| 104|0x0000000086800000, 0x0000000086800000, 0x0000000086900000|  0%| F|  |TAMS 0x0000000086800000, 0x0000000086800000| Untracked 
| 105|0x0000000086900000, 0x0000000086900000, 0x0000000086a00000|  0%| F|  |TAMS 0x0000000086900000, 0x0000000086900000| Untracked 
| 106|0x0000000086a00000, 0x0000000086a00000, 0x0000000086b00000|  0%| F|  |TAMS 0x0000000086a00000, 0x0000000086a00000| Untracked 
| 107|0x0000000086b00000, 0x0000000086b00000, 0x0000000086c00000|  0%| F|  |TAMS 0x0000000086b00000, 0x0000000086b00000| Untracked 
| 108|0x0000000086c00000, 0x0000000086c00000, 0x0000000086d00000|  0%| F|  |TAMS 0x0000000086c00000, 0x0000000086c00000| Untracked 
| 109|0x0000000086d00000, 0x0000000086d00000, 0x0000000086e00000|  0%| F|  |TAMS 0x0000000086d00000, 0x0000000086d00000| Untracked 
| 110|0x0000000086e00000, 0x0000000086e00000, 0x0000000086f00000|  0%| F|  |TAMS 0x0000000086e00000, 0x0000000086e00000| Untracked 
| 111|0x0000000086f00000, 0x0000000086f00000, 0x0000000087000000|  0%| F|  |TAMS 0x0000000086f00000, 0x0000000086f00000| Untracked 
| 112|0x0000000087000000, 0x0000000087000000, 0x0000000087100000|  0%| F|  |TAMS 0x0000000087000000, 0x0000000087000000| Untracked 
| 113|0x0000000087100000, 0x0000000087100000, 0x0000000087200000|  0%| F|  |TAMS 0x0000000087100000, 0x0000000087100000| Untracked 
| 114|0x0000000087200000, 0x0000000087200000, 0x0000000087300000|  0%| F|  |TAMS 0x0000000087200000, 0x0000000087200000| Untracked 
| 115|0x0000000087300000, 0x0000000087300000, 0x0000000087400000|  0%| F|  |TAMS 0x0000000087300000, 0x0000000087300000| Untracked 
| 116|0x0000000087400000, 0x0000000087400000, 0x0000000087500000|  0%| F|  |TAMS 0x0000000087400000, 0x0000000087400000| Untracked 
| 117|0x0000000087500000, 0x0000000087500000, 0x0000000087600000|  0%| F|  |TAMS 0x0000000087500000, 0x0000000087500000| Untracked 
| 118|0x0000000087600000, 0x0000000087600000, 0x0000000087700000|  0%| F|  |TAMS 0x0000000087600000, 0x0000000087600000| Untracked 
| 119|0x0000000087700000, 0x0000000087700000, 0x0000000087800000|  0%| F|  |TAMS 0x0000000087700000, 0x0000000087700000| Untracked 
| 120|0x0000000087800000, 0x0000000087800000, 0x0000000087900000|  0%| F|  |TAMS 0x0000000087800000, 0x0000000087800000| Untracked 
| 121|0x0000000087900000, 0x0000000087900000, 0x0000000087a00000|  0%| F|  |TAMS 0x0000000087900000, 0x0000000087900000| Untracked 
| 122|0x0000000087a00000, 0x0000000087a93840, 0x0000000087b00000| 57%| S|CS|TAMS 0x0000000087a00000, 0x0000000087a00000| Complete 
| 123|0x0000000087b00000, 0x0000000087c00000, 0x0000000087c00000|100%| S|CS|TAMS 0x0000000087b00000, 0x0000000087b00000| Complete 
| 124|0x0000000087c00000, 0x0000000087c00000, 0x0000000087d00000|  0%| F|  |TAMS 0x0000000087c00000, 0x0000000087c00000| Untracked 
| 125|0x0000000087d00000, 0x0000000087d00000, 0x0000000087e00000|  0%| F|  |TAMS 0x0000000087d00000, 0x0000000087d00000| Untracked 
| 126|0x0000000087e00000, 0x0000000087e00000, 0x0000000087f00000|  0%| F|  |TAMS 0x0000000087e00000, 0x0000000087e00000| Untracked 
| 127|0x0000000087f00000, 0x0000000087f00000, 0x0000000088000000|  0%| F|  |TAMS 0x0000000087f00000, 0x0000000087f00000| Untracked 
| 128|0x0000000088000000, 0x0000000088000000, 0x0000000088100000|  0%| F|  |TAMS 0x0000000088000000, 0x0000000088000000| Untracked 
| 129|0x0000000088100000, 0x0000000088100000, 0x0000000088200000|  0%| F|  |TAMS 0x0000000088100000, 0x0000000088100000| Untracked 
| 130|0x0000000088200000, 0x0000000088200000, 0x0000000088300000|  0%| F|  |TAMS 0x0000000088200000, 0x0000000088200000| Untracked 
| 131|0x0000000088300000, 0x0000000088300000, 0x0000000088400000|  0%| F|  |TAMS 0x0000000088300000, 0x0000000088300000| Untracked 
| 132|0x0000000088400000, 0x0000000088400000, 0x0000000088500000|  0%| F|  |TAMS 0x0000000088400000, 0x0000000088400000| Untracked 
| 133|0x0000000088500000, 0x0000000088500000, 0x0000000088600000|  0%| F|  |TAMS 0x0000000088500000, 0x0000000088500000| Untracked 
| 134|0x0000000088600000, 0x0000000088600000, 0x0000000088700000|  0%| F|  |TAMS 0x0000000088600000, 0x0000000088600000| Untracked 
| 135|0x0000000088700000, 0x0000000088700000, 0x0000000088800000|  0%| F|  |TAMS 0x0000000088700000, 0x0000000088700000| Untracked 
| 136|0x0000000088800000, 0x0000000088800000, 0x0000000088900000|  0%| F|  |TAMS 0x0000000088800000, 0x0000000088800000| Untracked 
| 137|0x0000000088900000, 0x0000000088900000, 0x0000000088a00000|  0%| F|  |TAMS 0x0000000088900000, 0x0000000088900000| Untracked 
| 138|0x0000000088a00000, 0x0000000088a469b8, 0x0000000088b00000| 27%| E|  |TAMS 0x0000000088a00000, 0x0000000088a00000| Complete 
| 139|0x0000000088b00000, 0x0000000088c00000, 0x0000000088c00000|100%| E|CS|TAMS 0x0000000088b00000, 0x0000000088b00000| Complete 
| 140|0x0000000088c00000, 0x0000000088cfffd8, 0x0000000088d00000| 99%| E|  |TAMS 0x0000000088c00000, 0x0000000088c00000| Complete 
| 141|0x0000000088d00000, 0x0000000088e00000, 0x0000000088e00000|100%| E|CS|TAMS 0x0000000088d00000, 0x0000000088d00000| Complete 
| 142|0x0000000088e00000, 0x0000000088f00000, 0x0000000088f00000|100%| E|CS|TAMS 0x0000000088e00000, 0x0000000088e00000| Complete 
| 143|0x0000000088f00000, 0x0000000089000000, 0x0000000089000000|100%| E|CS|TAMS 0x0000000088f00000, 0x0000000088f00000| Complete 
| 144|0x0000000089000000, 0x0000000089100000, 0x0000000089100000|100%| E|CS|TAMS 0x0000000089000000, 0x0000000089000000| Complete 
| 145|0x0000000089100000, 0x0000000089200000, 0x0000000089200000|100%| E|CS|TAMS 0x0000000089100000, 0x0000000089100000| Complete 
| 146|0x0000000089200000, 0x0000000089300000, 0x0000000089300000|100%| E|CS|TAMS 0x0000000089200000, 0x0000000089200000| Complete 
| 147|0x0000000089300000, 0x0000000089400000, 0x0000000089400000|100%| E|CS|TAMS 0x0000000089300000, 0x0000000089300000| Complete 
| 148|0x0000000089400000, 0x0000000089500000, 0x0000000089500000|100%| E|CS|TAMS 0x0000000089400000, 0x0000000089400000| Complete 
| 149|0x0000000089500000, 0x0000000089600000, 0x0000000089600000|100%| E|CS|TAMS 0x0000000089500000, 0x0000000089500000| Complete 
| 150|0x0000000089600000, 0x0000000089700000, 0x0000000089700000|100%| E|CS|TAMS 0x0000000089600000, 0x0000000089600000| Complete 
| 151|0x0000000089700000, 0x0000000089800000, 0x0000000089800000|100%| E|CS|TAMS 0x0000000089700000, 0x0000000089700000| Complete 
| 152|0x0000000089800000, 0x0000000089900000, 0x0000000089900000|100%| E|CS|TAMS 0x0000000089800000, 0x0000000089800000| Complete 
| 153|0x0000000089900000, 0x0000000089a00000, 0x0000000089a00000|100%| E|CS|TAMS 0x0000000089900000, 0x0000000089900000| Complete 
| 154|0x0000000089a00000, 0x0000000089b00000, 0x0000000089b00000|100%| E|CS|TAMS 0x0000000089a00000, 0x0000000089a00000| Complete 
| 155|0x0000000089b00000, 0x0000000089c00000, 0x0000000089c00000|100%| E|CS|TAMS 0x0000000089b00000, 0x0000000089b00000| Complete 

Card table byte_map: [0x00000173f9bc0000,0x00000173f9fc0000] _byte_map_base: 0x00000173f97c0000

Marking Bits (Prev, Next): (CMBitMap*) 0x00000173e6e8bda8, (CMBitMap*) 0x00000173e6e8bde0
 Prev Bits: [0x00000173fa3c0000, 0x00000173fc3c0000)
 Next Bits: [0x00000173fc3c0000, 0x00000173fe3c0000)

Polling page: 0x00000173e4e10000

Metaspace:

Usage:
  Non-class:     91.66 MB capacity,    89.76 MB ( 98%) used,     1.57 MB (  2%) free+waste,   341.75 KB ( <1%) overhead. 
      Class:     14.12 MB capacity,    13.07 MB ( 93%) used,   925.41 KB (  6%) free+waste,   154.25 KB (  1%) overhead. 
       Both:    105.78 MB capacity,   102.83 MB ( 97%) used,     2.47 MB (  2%) free+waste,   496.00 KB ( <1%) overhead. 

Virtual space:
  Non-class space:       92.00 MB reserved,      91.71 MB (>99%) committed 
      Class space:        1.00 GB reserved,      14.13 MB (  1%) committed 
             Both:        1.09 GB reserved,     105.83 MB (  9%) committed 

Chunk freelists:
   Non-Class:  45.00 KB
       Class:  4.00 KB
        Both:  49.00 KB

MaxMetaspaceSize: 17179869184.00 GB
CompressedClassSpaceSize: 1.00 GB

CodeHeap 'non-profiled nmethods': size=120064Kb used=9557Kb max_used=9557Kb free=110506Kb
 bounds [0x00000173f2280000, 0x00000173f2be0000, 0x00000173f97c0000]
CodeHeap 'profiled nmethods': size=120000Kb used=34081Kb max_used=34081Kb free=85918Kb
 bounds [0x00000173ead50000, 0x00000173eceb0000, 0x00000173f2280000]
CodeHeap 'non-nmethods': size=5696Kb used=2328Kb max_used=2397Kb free=3367Kb
 bounds [0x00000173ea7c0000, 0x00000173eaa30000, 0x00000173ead50000]
 total_blobs=16815 nmethods=15872 adapters=853
 compilation: enabled
              stopped_count=0, restarted_count=0
 full_count=0

Compilation events (20 events):
Event: 578.552 Thread 0x00000173ff244000 16788       3       org.gradle.api.internal.file.collections.DefaultDirectoryWalker$PathVisitor::preVisitDirectory (80 bytes)
Event: 578.553 Thread 0x00000173ff244000 nmethod 16788 0x00000173ece99910 code [0x00000173ece99b60, 0x00000173ece9a398]
Event: 578.558 Thread 0x00000173ff244000 16789       3       org.gradle.api.internal.file.collections.FileTreeAdapter::visit (12 bytes)
Event: 578.559 Thread 0x00000173ff244000 nmethod 16789 0x00000173ece9a610 code [0x00000173ece9a7e0, 0x00000173ece9a9e8]
Event: 578.559 Thread 0x00000173ff244000 16790       3       org.gradle.api.internal.file.collections.DirectoryFileTree::visit (13 bytes)
Event: 578.559 Thread 0x00000173ff244000 nmethod 16790 0x00000173ece9ab10 code [0x00000173ece9acc0, 0x00000173ece9ae08]
Event: 578.559 Thread 0x00000173ff244000 16791       3       org.gradle.api.internal.file.collections.DirectoryFileTree::visitFrom (71 bytes)
Event: 578.560 Thread 0x00000173ff244000 nmethod 16791 0x00000173ece9ae90 code [0x00000173ece9b120, 0x00000173ece9bc68]
Event: 578.561 Thread 0x00000173ff244000 16792       3       org.gradle.internal.logging.slf4j.OutputEventListenerBackedLogger::info (18 bytes)
Event: 578.561 Thread 0x00000173ff244000 nmethod 16792 0x00000173ece9c090 code [0x00000173ece9c2a0, 0x00000173ece9c998]
Event: 578.569 Thread 0x00000173ff244000 16793       1       org.gradle.invocation.DefaultGradle::getStartParameter (5 bytes)
Event: 578.569 Thread 0x00000173ff244000 nmethod 16793 0x00000173f2bd6a90 code [0x00000173f2bd6c40, 0x00000173f2bd6cf8]
Event: 578.573 Thread 0x00000173ff244000 16794       3       kotlin.reflect.jvm.internal.KTypeImpl::getClassifier (17 bytes)
Event: 578.573 Thread 0x00000173ff244000 nmethod 16794 0x00000173ece9cc10 code [0x00000173ece9cde0, 0x00000173ece9d0a8]
Event: 578.575 Thread 0x00000173ff244000 16795       3       java.util.Formatter$FormatSpecifier::checkNumeric (168 bytes)
Event: 578.577 Thread 0x00000173ff244000 nmethod 16795 0x00000173ece9d210 code [0x00000173ece9d4c0, 0x00000173ece9e0d8]
Event: 578.577 Thread 0x00000173ff244000 16796       3       java.util.Formatter$FormatSpecifier::print (408 bytes)
Event: 578.586 Thread 0x00000173ff244000 nmethod 16796 0x00000173ece9e510 code [0x00000173ece9eaa0, 0x00000173ecea1b38]
Event: 578.586 Thread 0x00000173ff244000 16797       3       kotlin.io.FileTreeWalk$DirectoryState::<init> (56 bytes)
Event: 578.586 Thread 0x00000173ff244000 nmethod 16797 0x00000173ecea2b90 code [0x00000173ecea2d80, 0x00000173ecea3158]

GC Heap History (20 events):
Event: 489.665 GC heap before
{Heap before GC invocations=60 (full 0):
 garbage-first heap   total 159744K, used 126222K [0x0000000080000000, 0x0000000100000000)
  region size 1024K, 36 young (36864K), 4 survivors (4096K)
 Metaspace       used 103920K, capacity 106905K, committed 107092K, reserved 1142784K
  class space    used 13263K, capacity 14341K, committed 14464K, reserved 1048576K
}
Event: 489.679 GC heap after
{Heap after GC invocations=61 (full 0):
 garbage-first heap   total 159744K, used 95926K [0x0000000080000000, 0x0000000100000000)
  region size 1024K, 2 young (2048K), 2 survivors (2048K)
 Metaspace       used 103920K, capacity 106905K, committed 107092K, reserved 1142784K
  class space    used 13263K, capacity 14341K, committed 14464K, reserved 1048576K
}
Event: 489.789 GC heap before
{Heap before GC invocations=61 (full 0):
 garbage-first heap   total 159744K, used 101046K [0x0000000080000000, 0x0000000100000000)
  region size 1024K, 7 young (7168K), 2 survivors (2048K)
 Metaspace       used 103922K, capacity 106908K, committed 107092K, reserved 1142784K
  class space    used 13263K, capacity 14342K, committed 14464K, reserved 1048576K
}
Event: 489.806 GC heap after
{Heap after GC invocations=62 (full 0):
 garbage-first heap   total 159744K, used 86301K [0x0000000080000000, 0x0000000100000000)
  region size 1024K, 1 young (1024K), 1 survivors (1024K)
 Metaspace       used 103922K, capacity 106908K, committed 107092K, reserved 1142784K
  class space    used 13263K, capacity 14342K, committed 14464K, reserved 1048576K
}
Event: 499.430 GC heap before
{Heap before GC invocations=62 (full 0):
 garbage-first heap   total 159744K, used 123165K [0x0000000080000000, 0x0000000100000000)
  region size 1024K, 38 young (38912K), 1 survivors (1024K)
 Metaspace       used 104559K, capacity 107453K, committed 107604K, reserved 1142784K
  class space    used 13355K, capacity 14439K, committed 14464K, reserved 1048576K
}
Event: 499.445 GC heap after
{Heap after GC invocations=63 (full 0):
 garbage-first heap   total 159744K, used 89795K [0x0000000080000000, 0x0000000100000000)
  region size 1024K, 5 young (5120K), 5 survivors (5120K)
 Metaspace       used 104559K, capacity 107453K, committed 107604K, reserved 1142784K
  class space    used 13355K, capacity 14439K, committed 14464K, reserved 1048576K
}
Event: 500.269 GC heap before
{Heap before GC invocations=64 (full 0):
 garbage-first heap   total 159744K, used 124611K [0x0000000080000000, 0x0000000100000000)
  region size 1024K, 40 young (40960K), 5 survivors (5120K)
 Metaspace       used 104951K, capacity 107939K, committed 108116K, reserved 1142784K
  class space    used 13372K, capacity 14448K, committed 14464K, reserved 1048576K
}
Event: 500.284 GC heap after
{Heap after GC invocations=65 (full 0):
 garbage-first heap   total 159744K, used 91696K [0x0000000080000000, 0x0000000100000000)
  region size 1024K, 2 young (2048K), 2 survivors (2048K)
 Metaspace       used 104951K, capacity 107939K, committed 108116K, reserved 1142784K
  class space    used 13372K, capacity 14448K, committed 14464K, reserved 1048576K
}
Event: 500.353 GC heap before
{Heap before GC invocations=65 (full 0):
 garbage-first heap   total 159744K, used 95792K [0x0000000080000000, 0x0000000100000000)
  region size 1024K, 7 young (7168K), 2 survivors (2048K)
 Metaspace       used 104989K, capacity 108008K, committed 108116K, reserved 1142784K
  class space    used 13373K, capacity 14449K, committed 14464K, reserved 1048576K
}
Event: 500.360 GC heap after
{Heap after GC invocations=66 (full 0):
 garbage-first heap   total 159744K, used 91369K [0x0000000080000000, 0x0000000100000000)
  region size 1024K, 1 young (1024K), 1 survivors (1024K)
 Metaspace       used 104989K, capacity 108008K, committed 108116K, reserved 1142784K
  class space    used 13373K, capacity 14449K, committed 14464K, reserved 1048576K
}
Event: 500.538 GC heap before
{Heap before GC invocations=66 (full 0):
 garbage-first heap   total 159744K, used 111849K [0x0000000080000000, 0x0000000100000000)
  region size 1024K, 23 young (23552K), 1 survivors (1024K)
 Metaspace       used 105005K, capacity 108008K, committed 108116K, reserved 1142784K
  class space    used 13373K, capacity 14449K, committed 14464K, reserved 1048576K
}
Event: 500.551 GC heap after
{Heap after GC invocations=67 (full 0):
 garbage-first heap   total 159744K, used 97270K [0x0000000080000000, 0x0000000100000000)
  region size 1024K, 5 young (5120K), 5 survivors (5120K)
 Metaspace       used 105005K, capacity 108008K, committed 108116K, reserved 1142784K
  class space    used 13373K, capacity 14449K, committed 14464K, reserved 1048576K
}
Event: 573.722 GC heap before
{Heap before GC invocations=68 (full 0):
 garbage-first heap   total 159744K, used 135158K [0x0000000080000000, 0x0000000100000000)
  region size 1024K, 35 young (35840K), 5 survivors (5120K)
 Metaspace       used 105086K, capacity 108036K, committed 108116K, reserved 1142784K
  class space    used 13375K, capacity 14453K, committed 14464K, reserved 1048576K
}
Event: 573.729 GC heap after
{Heap after GC invocations=69 (full 0):
 garbage-first heap   total 159744K, used 94634K [0x0000000080000000, 0x0000000100000000)
  region size 1024K, 2 young (2048K), 2 survivors (2048K)
 Metaspace       used 105086K, capacity 108036K, committed 108116K, reserved 1142784K
  class space    used 13375K, capacity 14453K, committed 14464K, reserved 1048576K
}
Event: 573.813 GC heap before
{Heap before GC invocations=69 (full 0):
 garbage-first heap   total 159744K, used 99754K [0x0000000080000000, 0x0000000100000000)
  region size 1024K, 7 young (7168K), 2 survivors (2048K)
 Metaspace       used 105100K, capacity 108100K, committed 108116K, reserved 1142784K
  class space    used 13375K, capacity 14453K, committed 14464K, reserved 1048576K
}
Event: 573.822 GC heap after
{Heap after GC invocations=70 (full 0):
 garbage-first heap   total 159744K, used 94041K [0x0000000080000000, 0x0000000100000000)
  region size 1024K, 1 young (1024K), 1 survivors (1024K)
 Metaspace       used 105100K, capacity 108100K, committed 108116K, reserved 1142784K
  class space    used 13375K, capacity 14453K, committed 14464K, reserved 1048576K
}
Event: 574.344 GC heap before
{Heap before GC invocations=70 (full 0):
 garbage-first heap   total 159744K, used 126809K [0x0000000080000000, 0x0000000100000000)
  region size 1024K, 34 young (34816K), 1 survivors (1024K)
 Metaspace       used 105227K, capacity 108228K, committed 108372K, reserved 1142784K
  class space    used 13376K, capacity 14453K, committed 14464K, reserved 1048576K
}
Event: 574.365 GC heap after
{Heap after GC invocations=71 (full 0):
 garbage-first heap   total 159744K, used 97570K [0x0000000080000000, 0x0000000100000000)
  region size 1024K, 4 young (4096K), 4 survivors (4096K)
 Metaspace       used 105227K, capacity 108228K, committed 108372K, reserved 1142784K
  class space    used 13376K, capacity 14453K, committed 14464K, reserved 1048576K
}
Event: 574.825 GC heap before
{Heap before GC invocations=71 (full 0):
 garbage-first heap   total 159744K, used 129314K [0x0000000080000000, 0x0000000100000000)
  region size 1024K, 36 young (36864K), 4 survivors (4096K)
 Metaspace       used 105244K, capacity 108231K, committed 108372K, reserved 1142784K
  class space    used 13376K, capacity 14453K, committed 14464K, reserved 1048576K
}
Event: 574.839 GC heap after
{Heap after GC invocations=72 (full 0):
 garbage-first heap   total 159744K, used 99072K [0x0000000080000000, 0x0000000100000000)
  region size 1024K, 2 young (2048K), 2 survivors (2048K)
 Metaspace       used 105244K, capacity 108231K, committed 108372K, reserved 1142784K
  class space    used 13376K, capacity 14453K, committed 14464K, reserved 1048576K
}

Deoptimization events (20 events):
Event: 574.179 Thread 0x0000017385c58000 DEOPT PACKING pc=0x00000173ebbd410d sp=0x0000006aefdfc590
Event: 574.179 Thread 0x0000017385c58000 DEOPT UNPACKING pc=0x00000173ea7e724e sp=0x0000006aefdfba28 mode 0
Event: 574.304 Thread 0x00000173833ca800 Uncommon trap: trap_request=0xffffff4d fr.pc=0x00000173f26ab420 relative=0x0000000000000420
Event: 574.304 Thread 0x00000173833ca800 Uncommon trap: reason=unstable_if action=reinterpret pc=0x00000173f26ab420 method=com.google.common.cache.LongAdder.add(J)V @ 46 c2
Event: 574.304 Thread 0x00000173833ca800 DEOPT PACKING pc=0x00000173f26ab420 sp=0x0000006ae87fc170
Event: 574.304 Thread 0x00000173833ca800 DEOPT UNPACKING pc=0x00000173ea7e742f sp=0x0000006ae87fc100 mode 2
Event: 574.331 Thread 0x00000173833cd800 Uncommon trap: trap_request=0xffffff6e fr.pc=0x00000173f23f7a18 relative=0x0000000000002a58
Event: 574.331 Thread 0x00000173833cd800 Uncommon trap: reason=speculate_class_check action=maybe_recompile pc=0x00000173f23f7a18 method=java.util.concurrent.locks.AbstractQueuedSynchronizer.doAcquireInterruptibly(I)V @ 23 c2
Event: 574.331 Thread 0x00000173833cd800 DEOPT PACKING pc=0x00000173f23f7a18 sp=0x0000006ae84ff3c0
Event: 574.331 Thread 0x00000173833cd800 DEOPT UNPACKING pc=0x00000173ea7e742f sp=0x0000006ae84ff1f0 mode 2
Event: 574.337 Thread 0x00000173833ca800 Uncommon trap: trap_request=0xffffff6e fr.pc=0x00000173f23f7a18 relative=0x0000000000002a58
Event: 574.337 Thread 0x00000173833ca800 Uncommon trap: reason=speculate_class_check action=maybe_recompile pc=0x00000173f23f7a18 method=java.util.concurrent.locks.AbstractQueuedSynchronizer.doAcquireInterruptibly(I)V @ 23 c2
Event: 574.337 Thread 0x00000173833ca800 DEOPT PACKING pc=0x00000173f23f7a18 sp=0x0000006ae87feaf0
Event: 574.337 Thread 0x00000173833ca800 DEOPT UNPACKING pc=0x00000173ea7e742f sp=0x0000006ae87fe920 mode 2
Event: 578.400 Thread 0x0000017385c58000 DEOPT PACKING pc=0x00000173eba99569 sp=0x0000006aefdfc4a0
Event: 578.400 Thread 0x0000017385c58000 DEOPT UNPACKING pc=0x00000173ea7e724e sp=0x0000006aefdfb9d8 mode 0
Event: 578.477 Thread 0x00000173833ca800 Uncommon trap: trap_request=0xffffff6e fr.pc=0x00000173f23f7a18 relative=0x0000000000002a58
Event: 578.477 Thread 0x00000173833ca800 Uncommon trap: reason=speculate_class_check action=maybe_recompile pc=0x00000173f23f7a18 method=java.util.concurrent.locks.AbstractQueuedSynchronizer.doAcquireInterruptibly(I)V @ 23 c2
Event: 578.477 Thread 0x00000173833ca800 DEOPT PACKING pc=0x00000173f23f7a18 sp=0x0000006ae87feaf0
Event: 578.477 Thread 0x00000173833ca800 DEOPT UNPACKING pc=0x00000173ea7e742f sp=0x0000006ae87fe920 mode 2

Classes redefined (0 events):
No events

Internal exceptions (20 events):
Event: 575.918 Thread 0x0000017385c58000 Exception <a 'java/net/ConnectException'{0x00000000896e7f08}: Connection refused: connect> (0x00000000896e7f08) thrown at [./src/hotspot/share/prims/jni.cpp, line 636]
Event: 576.930 Thread 0x0000017385c58000 Exception <a 'java/net/ConnectException'{0x00000000896e9188}: Connection refused: connect> (0x00000000896e9188) thrown at [./src/hotspot/share/prims/jni.cpp, line 636]
Event: 577.943 Thread 0x0000017385c58000 Exception <a 'java/net/ConnectException'{0x00000000896ea408}: Connection refused: connect> (0x00000000896ea408) thrown at [./src/hotspot/share/prims/jni.cpp, line 636]
Event: 577.959 Thread 0x0000017385c63800 Exception <a 'java/lang/InterruptedException'{0x0000000089518d58}> (0x0000000089518d58) thrown at [./src/hotspot/share/runtime/objectMonitor.cpp, line 1635]
Event: 578.514 Thread 0x0000017385c58800 Exception <a 'sun/nio/fs/WindowsException'{0x0000000088dabaf0}> (0x0000000088dabaf0) thrown at [./src/hotspot/share/prims/jni.cpp, line 615]
Event: 578.514 Thread 0x0000017385c58800 Exception <a 'sun/nio/fs/WindowsException'{0x0000000088dac6c0}> (0x0000000088dac6c0) thrown at [./src/hotspot/share/prims/jni.cpp, line 615]
Event: 578.520 Thread 0x0000017385c58800 Exception <a 'sun/nio/fs/WindowsException'{0x0000000088c2d3c0}> (0x0000000088c2d3c0) thrown at [./src/hotspot/share/prims/jni.cpp, line 615]
Event: 578.520 Thread 0x0000017385c58800 Exception <a 'sun/nio/fs/WindowsException'{0x0000000088c2dfb8}> (0x0000000088c2dfb8) thrown at [./src/hotspot/share/prims/jni.cpp, line 615]
Event: 578.521 Thread 0x0000017385c58800 Exception <a 'sun/nio/fs/WindowsException'{0x0000000088c2f5b8}> (0x0000000088c2f5b8) thrown at [./src/hotspot/share/prims/jni.cpp, line 615]
Event: 578.521 Thread 0x0000017385c58800 Exception <a 'sun/nio/fs/WindowsException'{0x0000000088c301a8}> (0x0000000088c301a8) thrown at [./src/hotspot/share/prims/jni.cpp, line 615]
Event: 578.523 Thread 0x0000017385c58800 Exception <a 'sun/nio/fs/WindowsException'{0x0000000088c49c90}> (0x0000000088c49c90) thrown at [./src/hotspot/share/prims/jni.cpp, line 615]
Event: 578.524 Thread 0x0000017385c58800 Exception <a 'sun/nio/fs/WindowsException'{0x0000000088c4a858}> (0x0000000088c4a858) thrown at [./src/hotspot/share/prims/jni.cpp, line 615]
Event: 578.524 Thread 0x0000017385c58800 Exception <a 'sun/nio/fs/WindowsException'{0x0000000088c4c5f8}> (0x0000000088c4c5f8) thrown at [./src/hotspot/share/prims/jni.cpp, line 615]
Event: 578.524 Thread 0x0000017385c58800 Exception <a 'sun/nio/fs/WindowsException'{0x0000000088c4d1b8}> (0x0000000088c4d1b8) thrown at [./src/hotspot/share/prims/jni.cpp, line 615]
Event: 578.524 Thread 0x0000017385c58800 Exception <a 'sun/nio/fs/WindowsException'{0x0000000088c4ef40}> (0x0000000088c4ef40) thrown at [./src/hotspot/share/prims/jni.cpp, line 615]
Event: 578.524 Thread 0x0000017385c58800 Exception <a 'sun/nio/fs/WindowsException'{0x0000000088c4f8b8}> (0x0000000088c4f8b8) thrown at [./src/hotspot/share/prims/jni.cpp, line 615]
Event: 578.525 Thread 0x0000017385c58800 Exception <a 'sun/nio/fs/WindowsException'{0x0000000088c51628}> (0x0000000088c51628) thrown at [./src/hotspot/share/prims/jni.cpp, line 615]
Event: 578.525 Thread 0x0000017385c58800 Exception <a 'sun/nio/fs/WindowsException'{0x0000000088c521f8}> (0x0000000088c521f8) thrown at [./src/hotspot/share/prims/jni.cpp, line 615]
Event: 578.525 Thread 0x0000017385c58800 Exception <a 'sun/nio/fs/WindowsException'{0x0000000088c53f88}> (0x0000000088c53f88) thrown at [./src/hotspot/share/prims/jni.cpp, line 615]
Event: 578.525 Thread 0x0000017385c58800 Exception <a 'sun/nio/fs/WindowsException'{0x0000000088c54b98}> (0x0000000088c54b98) thrown at [./src/hotspot/share/prims/jni.cpp, line 615]

Events (20 events):
Event: 578.503 Executing VM operation: RevokeBias
Event: 578.504 Executing VM operation: RevokeBias done
Event: 578.526 Executing VM operation: RevokeBias
Event: 578.527 Executing VM operation: RevokeBias done
Event: 578.527 Executing VM operation: RevokeBias
Event: 578.527 Executing VM operation: RevokeBias done
Event: 578.527 Executing VM operation: RevokeBias
Event: 578.527 Executing VM operation: RevokeBias done
Event: 578.527 Executing VM operation: RevokeBias
Event: 578.528 Executing VM operation: RevokeBias done
Event: 578.528 Executing VM operation: RevokeBias
Event: 578.528 Executing VM operation: RevokeBias done
Event: 578.528 Executing VM operation: RevokeBias
Event: 578.528 Executing VM operation: RevokeBias done
Event: 578.565 Executing VM operation: RevokeBias
Event: 578.566 Executing VM operation: RevokeBias done
Event: 578.566 Executing VM operation: BulkRevokeBias
Event: 578.569 Executing VM operation: BulkRevokeBias done
Event: 578.580 Executing VM operation: BulkRevokeBias
Event: 578.583 Executing VM operation: BulkRevokeBias done


Dynamic libraries:
0x00007ff6b6c50000 - 0x00007ff6b6c5a000 	D:\Android\Android Studio\jre\bin\java.exe
0x00007ffb5d0a0000 - 0x00007ffb5d28d000 	C:\Windows\SYSTEM32\ntdll.dll
0x00007ffb5a630000 - 0x00007ffb5a6e3000 	C:\Windows\System32\KERNEL32.DLL
0x00007ffb59200000 - 0x00007ffb59495000 	C:\Windows\System32\KERNELBASE.dll
0x00007ffb5a110000 - 0x00007ffb5a20a000 	C:\Windows\System32\ucrtbase.dll
0x00007ffb51c60000 - 0x00007ffb51c79000 	D:\Android\Android Studio\jre\bin\jli.dll
0x00007ffb5a700000 - 0x00007ffb5a898000 	C:\Windows\System32\USER32.dll
0x00007ffb51c40000 - 0x00007ffb51c57000 	D:\Android\Android Studio\jre\bin\VCRUNTIME140.dll
0x00007ffb4b8c0000 - 0x00007ffb4bb39000 	C:\Windows\WinSxS\amd64_microsoft.windows.common-controls_6595b64144ccf1df_6.0.17763.2114_none_de6e8966534dbac6\COMCTL32.dll
0x00007ffb5b540000 - 0x00007ffb5b5de000 	C:\Windows\System32\msvcrt.dll
0x00007ffb5b210000 - 0x00007ffb5b53d000 	C:\Windows\System32\combase.dll
0x00007ffb5cea0000 - 0x00007ffb5cfbf000 	C:\Windows\System32\RPCRT4.dll
0x00007ffb59c70000 - 0x00007ffb59cf2000 	C:\Windows\System32\bcryptPrimitives.dll
0x00007ffb5b7a0000 - 0x00007ffb5b7c9000 	C:\Windows\System32\GDI32.dll
0x00007ffb59f50000 - 0x00007ffb5a0ec000 	C:\Windows\System32\gdi32full.dll
0x00007ffb5a230000 - 0x00007ffb5a2d0000 	C:\Windows\System32\msvcp_win.dll
0x00007ffb5a210000 - 0x00007ffb5a230000 	C:\Windows\System32\win32u.dll
0x00007ffb5a930000 - 0x00007ffb5a95e000 	C:\Windows\System32\IMM32.DLL
0x00007ffb42ff0000 - 0x00007ffb4308d000 	D:\Android\Android Studio\jre\bin\msvcp140.dll
0x00007ffb36cc0000 - 0x00007ffb3777c000 	D:\Android\Android Studio\jre\bin\server\jvm.dll
0x00007ffb5cfc0000 - 0x00007ffb5d064000 	C:\Windows\System32\ADVAPI32.dll
0x00007ffb5b6a0000 - 0x00007ffb5b73e000 	C:\Windows\System32\sechost.dll
0x00007ffb5b690000 - 0x00007ffb5b698000 	C:\Windows\System32\PSAPI.DLL
0x00007ffb55370000 - 0x00007ffb55379000 	C:\Windows\SYSTEM32\WSOCK32.dll
0x00007ffb5aad0000 - 0x00007ffb5ab3d000 	C:\Windows\System32\WS2_32.dll
0x00007ffb571e0000 - 0x00007ffb57204000 	C:\Windows\SYSTEM32\WINMM.dll
0x00007ffb4bf00000 - 0x00007ffb4bf0a000 	C:\Windows\SYSTEM32\VERSION.dll
0x00007ffb57080000 - 0x00007ffb570ad000 	C:\Windows\SYSTEM32\WINMMBASE.dll
0x00007ffb594a0000 - 0x00007ffb594ea000 	C:\Windows\System32\cfgmgr32.dll
0x00007ffb590d0000 - 0x00007ffb590e1000 	C:\Windows\System32\kernel.appcore.dll
0x00007ffb546e0000 - 0x00007ffb546f1000 	D:\Android\Android Studio\jre\bin\verify.dll
0x00007ffb49a60000 - 0x00007ffb49c4d000 	C:\Windows\SYSTEM32\DBGHELP.DLL
0x00007ffb49cb0000 - 0x00007ffb49cda000 	C:\Windows\SYSTEM32\dbgcore.DLL
0x00007ffb53cd0000 - 0x00007ffb53cf9000 	D:\Android\Android Studio\jre\bin\java.dll
0x00007ffb55360000 - 0x00007ffb5536b000 	D:\Android\Android Studio\jre\bin\jimage.dll
0x00007ffb53cb0000 - 0x00007ffb53cc8000 	D:\Android\Android Studio\jre\bin\zip.dll
0x00007ffb5b9a0000 - 0x00007ffb5ce99000 	C:\Windows\System32\SHELL32.dll
0x00007ffb5a9c0000 - 0x00007ffb5aa68000 	C:\Windows\System32\shcore.dll
0x00007ffb59520000 - 0x00007ffb59c6b000 	C:\Windows\System32\windows.storage.dll
0x00007ffb59080000 - 0x00007ffb590a4000 	C:\Windows\System32\profapi.dll
0x00007ffb590f0000 - 0x00007ffb5914d000 	C:\Windows\System32\powrprof.dll
0x00007ffb5aa70000 - 0x00007ffb5aac2000 	C:\Windows\System32\shlwapi.dll
0x00007ffb5a0f0000 - 0x00007ffb5a107000 	C:\Windows\System32\cryptsp.dll
0x00007ffb53c90000 - 0x00007ffb53caa000 	D:\Android\Android Studio\jre\bin\net.dll
0x00007ffb504e0000 - 0x00007ffb505d1000 	C:\Windows\SYSTEM32\WINHTTP.dll
0x00007ffb58870000 - 0x00007ffb588d7000 	C:\Windows\system32\mswsock.dll
0x00007ffb53c70000 - 0x00007ffb53c84000 	D:\Android\Android Studio\jre\bin\nio.dll
0x00007ffb53080000 - 0x00007ffb530a7000 	C:\Users\Home\.gradle\native\f6784746aeab05261644944871eae4fe03e0ef1612fff0a4a95f87b438bc6780\windows-amd64\native-platform.dll
0x00007ffb54e90000 - 0x00007ffb54e9a000 	D:\Android\Android Studio\jre\bin\management.dll
0x00007ffb54960000 - 0x00007ffb5496c000 	D:\Android\Android Studio\jre\bin\management_ext.dll
0x00007ffb58400000 - 0x00007ffb58433000 	C:\Windows\system32\rsaenh.dll
0x00007ffb594f0000 - 0x00007ffb59516000 	C:\Windows\System32\bcrypt.dll
0x00007ffb58fb0000 - 0x00007ffb58fd9000 	C:\Windows\SYSTEM32\USERENV.dll
0x00007ffb58a40000 - 0x00007ffb58a4c000 	C:\Windows\SYSTEM32\CRYPTBASE.dll
0x00007ffb58590000 - 0x00007ffb585cd000 	C:\Windows\SYSTEM32\IPHLPAPI.DLL
0x00007ffb5a6f0000 - 0x00007ffb5a6f8000 	C:\Windows\System32\NSI.dll
0x00007ffb51180000 - 0x00007ffb51196000 	C:\Windows\SYSTEM32\dhcpcsvc6.DLL
0x00007ffb52140000 - 0x00007ffb5215c000 	C:\Windows\SYSTEM32\dhcpcsvc.DLL
0x00007ffb585d0000 - 0x00007ffb58696000 	C:\Windows\SYSTEM32\DNSAPI.dll
0x00007ffb52e70000 - 0x00007ffb52e7b000 	C:\Windows\SYSTEM32\WINNSI.DLL
0x00007ffb50240000 - 0x00007ffb5025e000 	C:\Users\Home\AppData\Local\Temp\native-platform6015303885175907023dir\native-platform.dll
0x00007ffb53ae0000 - 0x00007ffb53ae8000 	D:\Android\Android Studio\jre\bin\rmi.dll
0x00007ffb53180000 - 0x00007ffb531a7000 	D:\Android\Android Studio\jre\bin\sunec.dll

dbghelp: loaded successfully - version: 4.0.5 - missing functions: none
symbol engine: initialized successfully - sym options: 0x614 - pdb path: .;D:\Android\Android Studio\jre\bin;C:\Windows\SYSTEM32;C:\Windows\WinSxS\amd64_microsoft.windows.common-controls_6595b64144ccf1df_6.0.17763.2114_none_de6e8966534dbac6;D:\Android\Android Studio\jre\bin\server;C:\Users\Home\.gradle\native\f6784746aeab05261644944871eae4fe03e0ef1612fff0a4a95f87b438bc6780\windows-amd64;C:\Users\Home\AppData\Local\Temp\native-platform6015303885175907023dir

VM Arguments:
jvm_args: --add-opens=java.base/java.util=ALL-UNNAMED --add-opens=java.base/java.lang=ALL-UNNAMED --add-opens=java.base/java.lang.invoke=ALL-UNNAMED --add-opens=java.prefs/java.util.prefs=ALL-UNNAMED -Xmx2048m -Dfile.encoding=UTF-8 -Duser.country=RU -Duser.language=ru -Duser.variant 
java_command: org.gradle.launcher.daemon.bootstrap.GradleDaemon 6.5
java_class_path (initial): C:\Users\Home\.gradle\wrapper\dists\gradle-6.5-all\2oz4ud9k3tuxjg84bbf55q0tn\gradle-6.5\lib\gradle-launcher-6.5.jar
Launcher Type: SUN_STANDARD

[Global flags]
     intx CICompilerCount                          = 3                                         {product} {ergonomic}
     uint ConcGCThreads                            = 1                                         {product} {ergonomic}
     uint G1ConcRefinementThreads                  = 4                                         {product} {ergonomic}
   size_t G1HeapRegionSize                         = 1048576                                   {product} {ergonomic}
    uintx GCDrainStackTargetSize                   = 64                                        {product} {ergonomic}
   size_t InitialHeapSize                          = 65011712                                  {product} {ergonomic}
   size_t MarkStackSize                            = 4194304                                   {product} {ergonomic}
   size_t MaxHeapSize                              = 2147483648                                {product} {command line}
   size_t MaxNewSize                               = 1287651328                                {product} {ergonomic}
   size_t MinHeapDeltaBytes                        = 1048576                                   {product} {ergonomic}
    uintx NonNMethodCodeHeapSize                   = 5830732                                {pd product} {ergonomic}
    uintx NonProfiledCodeHeapSize                  = 122913754                              {pd product} {ergonomic}
    uintx ProfiledCodeHeapSize                     = 122913754                              {pd product} {ergonomic}
    uintx ReservedCodeCacheSize                    = 251658240                              {pd product} {ergonomic}
     bool SegmentedCodeCache                       = true                                      {product} {ergonomic}
     bool UseCompressedClassPointers               = true                                 {lp64_product} {ergonomic}
     bool UseCompressedOops                        = true                                 {lp64_product} {ergonomic}
     bool UseG1GC                                  = true                                      {product} {ergonomic}
     bool UseLargePagesIndividualAllocation        = false                                  {pd product} {ergonomic}

Logging:
Log output configuration:
 #0: stdout all=warning uptime,level,tags
 #1: stderr all=off uptime,level,tags

Environment Variables:
PATH=C:\Program Files (x86)\Common Files\Oracle\Java\javapath;C:\Windows\system32;C:\Windows;C:\Windows\System32\Wbem;C:\Windows\System32\WindowsPowerShell\v1.0\;C:\Windows\System32\OpenSSH\;D:\AndroidProjects\Git\cmd;C:\Users\Home\AppData\Local\Microsoft\WindowsApps;
USERNAME=Home
OS=Windows_NT
PROCESSOR_IDENTIFIER=Intel64 Family 6 Model 42 Stepping 7, GenuineIntel



---------------  S Y S T E M  ---------------

OS: Windows 10 , 64 bit Build 17763 (10.0.17763.2090)
OS uptime: 0 days 3:31 hours

CPU:total 4 (initial active 4) (2 cores per cpu, 2 threads per core) family 6 model 42 stepping 7, cmov, cx8, fxsr, mmx, sse, sse2, sse3, ssse3, sse4.1, sse4.2, popcnt, avx, clmul, ht, tsc, tscinvbit

Memory: 4k page, system-wide physical 3932M (372M free)
TotalPageFile size 4732M (AvailPageFile size 6M)
current process WorkingSet (physical memory assigned to process): 447M, peak: 470M
current process commit charge ("private bytes"): 480M, peak: 503M

vm_info: OpenJDK 64-Bit Server VM (11.0.8+10-b944.6842174) for windows-amd64 JRE (11.0.8+10-b944.6842174), built on Sep 19 2020 01:11:42 by "builder" with MS VC++ 14.0 (VS2015)

END.
