#
# There is insufficient memory for the Java Runtime Environment to continue.
# Native memory allocation (malloc) failed to allocate 1665456 bytes for Chunk::new
# Possible reasons:
#   The system is out of physical RAM or swap space
#   The process is running with CompressedOops enabled, and the Java Heap may be blocking the growth of the native heap
# Possible solutions:
#   Reduce memory load on the system
#   Increase physical memory or swap space
#   Check if swap backing store is full
#   Decrease Java heap size (-Xmx/-Xms)
#   Decrease number of Java threads
#   Decrease Java thread stack sizes (-Xss)
#   Set larger code cache with -XX:ReservedCodeCacheSize=
#   JVM is running with Unscaled Compressed Oops mode in which the Java heap is
#     placed in the first 4GB address space. The Java Heap base address is the
#     maximum limit for the native heap growth. Please use -XX:HeapBaseMinAddress
#     to set the Java Heap base and to place the Java Heap above 4GB virtual address.
# This output file may be truncated or incomplete.
#
#  Out of Memory Error (./src/hotspot/share/memory/arena.cpp:197), pid=5940, tid=6608
#
# JRE version: OpenJDK Runtime Environment (11.0.8+10) (build 11.0.8+10-b944.6842174)
# Java VM: OpenJDK 64-Bit Server VM (11.0.8+10-b944.6842174, mixed mode, tiered, compressed oops, g1 gc, windows-amd64)
# No core dump will be written. Minidumps are not enabled by default on client versions of Windows
#

---------------  S U M M A R Y ------------

Command Line: --add-opens=java.base/java.util=ALL-UNNAMED --add-opens=java.base/java.lang=ALL-UNNAMED --add-opens=java.base/java.lang.invoke=ALL-UNNAMED --add-opens=java.prefs/java.util.prefs=ALL-UNNAMED -Xmx2048m -Dfile.encoding=UTF-8 -Duser.country=RU -Duser.language=ru -Duser.variant org.gradle.launcher.daemon.bootstrap.GradleDaemon 6.5

Host: Intel(R) Core(TM) i3-2370M CPU @ 2.40GHz, 4 cores, 3G,  Windows 10 , 64 bit Build 17763 (10.0.17763.2090)
Time: Wed Aug 25 12:18:48 2021 RTZ 2 (ceia) elapsed time: 6117 seconds (0d 1h 41m 57s)

---------------  T H R E A D  ---------------

Current thread (0x000001e31bd59000):  JavaThread "C2 CompilerThread0" daemon [_thread_in_native, id=6608, stack(0x0000000f8fc00000,0x0000000f8fd00000)]


Current CompileTask:
C2:6117787 23029       4       org.gradle.api.internal.artifacts.ivyservice.modulecache.PersistentModuleMetadataCache$$Lambda$266/0x0000000100587c40::create (16 bytes)

Stack: [0x0000000f8fc00000,0x0000000f8fd00000]
Native frames: (J=compiled Java code, j=interpreted, Vv=VM code, C=native code)
V  [jvm.dll+0x5de50a]
V  [jvm.dll+0x7122f5]
V  [jvm.dll+0x71384d]
V  [jvm.dll+0x713f03]
V  [jvm.dll+0x23e728]
V  [jvm.dll+0xb899c]
V  [jvm.dll+0xb8e9c]
V  [jvm.dll+0x35024d]
V  [jvm.dll+0x193ebc]
V  [jvm.dll+0x1f780e]
V  [jvm.dll+0x1f68d4]
V  [jvm.dll+0x17f32c]
V  [jvm.dll+0x205047]
V  [jvm.dll+0x203891]
V  [jvm.dll+0x6dad3f]
V  [jvm.dll+0x6d3895]
V  [jvm.dll+0x5dd4a6]
C  [ucrtbase.dll+0x2268a]
C  [KERNEL32.DLL+0x17974]
C  [ntdll.dll+0x5a2f1]


---------------  P R O C E S S  ---------------

Threads class SMR info:
_java_thread_list=0x000001e320fad070, length=165, elements={
0x000001e30039f800, 0x000001e31bd3b800, 0x000001e31bd3e800, 0x000001e31bd55800,
0x000001e31bd58000, 0x000001e31bd59000, 0x000001e31c71e800, 0x000001e31c724000,
0x000001e31c809800, 0x000001e31c810000, 0x000001e31e54b800, 0x000001e31d8c7800,
0x000001e31e3c8800, 0x000001e31e893800, 0x000001e31e890800, 0x000001e31e893000,
0x000001e31e892000, 0x000001e320c4d000, 0x000001e31ef9a000, 0x000001e31ef99000,
0x000001e31efa3000, 0x000001e31efa4800, 0x000001e31efa2000, 0x000001e31e11c800,
0x000001e3235ca800, 0x000001e31e88f800, 0x000001e31e894800, 0x000001e31e895800,
0x000001e31e891000, 0x000001e31e896000, 0x000001e3235c9800, 0x000001e3235c8800,
0x000001e3235cd000, 0x000001e3235cd800, 0x000001e3235cb000, 0x000001e3235c8000,
0x000001e3235cf000, 0x000001e3235d0000, 0x000001e3235ce800, 0x000001e3235d1800,
0x000001e3235d1000, 0x000001e3235cc000, 0x000001e3235d4000, 0x000001e3235d6800,
0x000001e3235d6000, 0x000001e3235d2800, 0x000001e3235d5000, 0x000001e3235d7800,
0x000001e3235d9000, 0x000001e3235d3800, 0x000001e3235de000, 0x000001e3235dd000,
0x000001e3235db800, 0x000001e3235dc800, 0x000001e3235d8000, 0x000001e3235de800,
0x000001e3235df800, 0x000001e3235da800, 0x000001e3235da000, 0x000001e3235e3000,
0x000001e3235e0800, 0x000001e3235e5800, 0x000001e3235e4800, 0x000001e3235e1000,
0x000001e3235e6000, 0x000001e3235e3800, 0x000001e3235e7000, 0x000001e3235e2000,
0x000001e31ef64000, 0x000001e31ef64800, 0x000001e31ef65800, 0x000001e31ef67000,
0x000001e31ef69800, 0x000001e31ef6c000, 0x000001e31ef66800, 0x000001e31ef6d000,
0x000001e31ef6d800, 0x000001e31ef68000, 0x000001e31ef6e800, 0x000001e31ef6a800,
0x000001e31ef69000, 0x000001e31ef70000, 0x000001e31ef72000, 0x000001e31ef6f800,
0x000001e31ef71000, 0x000001e31ef72800, 0x000001e31ece7800, 0x000001e31ece9000,
0x000001e31ece6800, 0x000001e31ece5000, 0x000001e31ece8800, 0x000001e31ece6000,
0x000001e31ecef800, 0x000001e31ecef000, 0x000001e31ecf0800, 0x000001e31eced000,
0x000001e31eceb000, 0x000001e31ecec800, 0x000001e31ecf1800, 0x000001e31eceb800,
0x000001e31ecf2000, 0x000001e31ecf3000, 0x000001e31ecf3800, 0x000001e31ecee000,
0x000001e3212bd000, 0x000001e3212ba800, 0x000001e3212bf800, 0x000001e3212ba000,
0x000001e3212be800, 0x000001e3212c0800, 0x000001e3212be000, 0x000001e3212c1000,
0x000001e3212bb800, 0x000001e3212c2000, 0x000001e3212bc800, 0x000001e3212c3000,
0x000001e3212c7800, 0x000001e3212c4800, 0x000001e3212c6000, 0x000001e3212c3800,
0x000001e3212c8800, 0x000001e3212c5800, 0x000001e31e113800, 0x000001e31e116000,
0x000001e31e110800, 0x000001e31e117000, 0x000001e31e111000, 0x000001e31e115800,
0x000001e31e112000, 0x000001e31e117800, 0x000001e31e114800, 0x000001e31e118800,
0x000001e31e113000, 0x000001e31e11a000, 0x000001e31e11b000, 0x000001e31e119800,
0x000001e31e11f000, 0x000001e31e11d800, 0x000001e31e11c000, 0x000001e31e11e800,
0x000001e320c4f800, 0x000001e320c52000, 0x000001e320c53000, 0x000001e320c4e800,
0x000001e320c50800, 0x000001e320c53800, 0x000001e320c4e000, 0x000001e320c57000,
0x000001e320c57800, 0x000001e320c59800, 0x000001e320c56000, 0x000001e320c58800,
0x000001e320c5a000, 0x000001e320c54800, 0x000001e320c5b000, 0x000001e320c55000,
0x000001e320c5c000, 0x000001e31ef9a800, 0x000001e31ef9b800, 0x000001e31ef9c000,
0x000001e31ef9e000, 0x000001e31ef9d000, 0x000001e31ef98000, 0x000001e31efa1000,
0x000001e31ef9f800
}

Java Threads: ( => current thread )
  0x000001e30039f800 JavaThread "main" [_thread_blocked, id=5188, stack(0x0000000f8f100000,0x0000000f8f200000)]
  0x000001e31bd3b800 JavaThread "Reference Handler" daemon [_thread_blocked, id=6188, stack(0x0000000f8f800000,0x0000000f8f900000)]
  0x000001e31bd3e800 JavaThread "Finalizer" daemon [_thread_blocked, id=1696, stack(0x0000000f8f900000,0x0000000f8fa00000)]
  0x000001e31bd55800 JavaThread "Signal Dispatcher" daemon [_thread_blocked, id=1868, stack(0x0000000f8fa00000,0x0000000f8fb00000)]
  0x000001e31bd58000 JavaThread "Attach Listener" daemon [_thread_blocked, id=5372, stack(0x0000000f8fb00000,0x0000000f8fc00000)]
=>0x000001e31bd59000 JavaThread "C2 CompilerThread0" daemon [_thread_in_native, id=6608, stack(0x0000000f8fc00000,0x0000000f8fd00000)]
  0x000001e31c71e800 JavaThread "C1 CompilerThread0" daemon [_thread_blocked, id=964, stack(0x0000000f8fd00000,0x0000000f8fe00000)]
  0x000001e31c724000 JavaThread "Sweeper thread" daemon [_thread_blocked, id=3280, stack(0x0000000f8fe00000,0x0000000f8ff00000)]
  0x000001e31c809800 JavaThread "Common-Cleaner" daemon [_thread_blocked, id=5420, stack(0x0000000f8ff00000,0x0000000f90000000)]
  0x000001e31c810000 JavaThread "Service Thread" daemon [_thread_blocked, id=5408, stack(0x0000000f90000000,0x0000000f90100000)]
  0x000001e31e54b800 JavaThread "Daemon health stats" [_thread_blocked, id=5052, stack(0x0000000f90400000,0x0000000f90500000)]
  0x000001e31d8c7800 JavaThread "Incoming local TCP Connector on port 63646" [_thread_in_native, id=1472, stack(0x0000000f90800000,0x0000000f90900000)]
  0x000001e31e3c8800 JavaThread "Daemon periodic checks" [_thread_blocked, id=2512, stack(0x0000000f90900000,0x0000000f90a00000)]
  0x000001e31e893800 JavaThread "Cache worker for journal cache (C:\Users\Home\.gradle\caches\journal-1)" [_thread_blocked, id=1608, stack(0x0000000f91100000,0x0000000f91200000)]
  0x000001e31e890800 JavaThread "File lock request listener" [_thread_in_native, id=4520, stack(0x0000000f91200000,0x0000000f91300000)]
  0x000001e31e893000 JavaThread "Cache worker for file hash cache (C:\Users\Home\.gradle\caches\6.5\fileHashes)" [_thread_blocked, id=3860, stack(0x0000000f91300000,0x0000000f91400000)]
  0x000001e31e892000 JavaThread "Cache worker for execution history cache (C:\Users\Home\.gradle\caches\6.5\executionHistory)" [_thread_blocked, id=6524, stack(0x0000000f91900000,0x0000000f91a00000)]
  0x000001e320c4d000 JavaThread "Cache worker for file content cache (C:\Users\Home\.gradle\caches\6.5\fileContent)" [_thread_blocked, id=6740, stack(0x0000000f91b00000,0x0000000f91c00000)]
  0x000001e31ef9a000 JavaThread "Memory manager" [_thread_blocked, id=6612, stack(0x0000000f99200000,0x0000000f99300000)]
  0x000001e31ef99000 JavaThread "RMI Scheduler(0)" daemon [_thread_blocked, id=432, stack(0x0000000f8ee00000,0x0000000f8ef00000)]
  0x000001e31efa3000 JavaThread "RMI GC Daemon" daemon [_thread_blocked, id=5916, stack(0x0000000f99800000,0x0000000f99900000)]
  0x000001e31efa4800 JavaThread "RMI TCP Accept-0" daemon [_thread_in_native, id=5712, stack(0x0000000f99900000,0x0000000f99a00000)]
  0x000001e31efa2000 JavaThread "RMI Reaper" [_thread_blocked, id=6296, stack(0x0000000f99a00000,0x0000000f99b00000)]
  0x000001e31e11c800 JavaThread "Cache worker for Java compile cache (C:\Users\Home\.gradle\caches\6.5\javaCompile)" [_thread_blocked, id=6244, stack(0x0000000f99c00000,0x0000000f99d00000)]
  0x000001e3235ca800 JavaThread "ForkJoinPool.commonPool-worker-1" daemon [_thread_blocked, id=1936, stack(0x0000000f9a300000,0x0000000f9a400000)]
  0x000001e31e88f800 JavaThread "Daemon Thread 18" [_thread_blocked, id=3484, stack(0x0000000f8ef00000,0x0000000f8f000000)]
  0x000001e31e894800 JavaThread "Handler for socket connection from /127.0.0.1:63646 to /127.0.0.1:54893" [_thread_in_native, id=2040, stack(0x0000000f90300000,0x0000000f90400000)]
  0x000001e31e895800 JavaThread "Cancel handler" [_thread_blocked, id=2896, stack(0x0000000f90700000,0x0000000f90800000)]
  0x000001e31e891000 JavaThread "Daemon worker Thread 18" [_thread_blocked, id=4600, stack(0x0000000f90a00000,0x0000000f90b00000)]
  0x000001e31e896000 JavaThread "Asynchronous log dispatcher for DefaultDaemonConnection: socket connection from /127.0.0.1:63646 to /127.0.0.1:54893" [_thread_blocked, id=2600, stack(0x0000000f90b00000,0x0000000f90c00000)]
  0x000001e3235c9800 JavaThread "Stdin handler" [_thread_blocked, id=2316, stack(0x0000000f90c00000,0x0000000f90d00000)]
  0x000001e3235c8800 JavaThread "Thread-2439" [_thread_blocked, id=1188, stack(0x0000000f90d00000,0x0000000f90e00000)]
  0x000001e3235cd000 JavaThread "Cache worker for file hash cache (D:\AndroidProjects\Unscramble\.gradle\6.5\fileHashes)" [_thread_blocked, id=2820, stack(0x0000000f90e00000,0x0000000f90f00000)]
  0x000001e3235cd800 JavaThread "Cache worker for checksums cache (D:\AndroidProjects\Unscramble\.gradle\checksums)" [_thread_blocked, id=2088, stack(0x0000000f90f00000,0x0000000f91000000)]
  0x000001e3235cb000 JavaThread "Cache worker for cache directory md-supplier (C:\Users\Home\.gradle\caches\6.5\md-supplier)" [_thread_blocked, id=1436, stack(0x0000000f91000000,0x0000000f91100000)]
  0x000001e3235c8000 JavaThread "Cache worker for cache directory md-rule (C:\Users\Home\.gradle\caches\6.5\md-rule)" [_thread_blocked, id=2076, stack(0x0000000f91400000,0x0000000f91500000)]
  0x000001e3235cf000 JavaThread "Build operations" [_thread_blocked, id=4136, stack(0x0000000f91500000,0x0000000f91600000)]
  0x000001e3235d0000 JavaThread "Build operations Thread 2" [_thread_blocked, id=1448, stack(0x0000000f91600000,0x0000000f91700000)]
  0x000001e3235ce800 JavaThread "Build operations Thread 3" [_thread_blocked, id=7032, stack(0x0000000f91700000,0x0000000f91800000)]
  0x000001e3235d1800 JavaThread "Build operations Thread 4" [_thread_blocked, id=388, stack(0x0000000f91800000,0x0000000f91900000)]
  0x000001e3235d1000 JavaThread "jar transforms Thread 1939" [_thread_blocked, id=5360, stack(0x0000000f91a00000,0x0000000f91b00000)]
  0x000001e3235cc000 JavaThread "jar transforms Thread 1940" [_thread_blocked, id=7028, stack(0x0000000f91c00000,0x0000000f91d00000)]
  0x000001e3235d4000 JavaThread "jar transforms Thread 1941" [_thread_blocked, id=2764, stack(0x0000000f91d00000,0x0000000f91e00000)]
  0x000001e3235d6800 JavaThread "jar transforms Thread 1942" [_thread_blocked, id=4884, stack(0x0000000f91e00000,0x0000000f91f00000)]
  0x000001e3235d6000 JavaThread "jar transforms Thread 1943" [_thread_blocked, id=3440, stack(0x0000000f91f00000,0x0000000f92000000)]
  0x000001e3235d2800 JavaThread "jar transforms Thread 1944" [_thread_blocked, id=6412, stack(0x0000000f92000000,0x0000000f92100000)]
  0x000001e3235d5000 JavaThread "jar transforms Thread 1945" [_thread_blocked, id=4628, stack(0x0000000f92100000,0x0000000f92200000)]
  0x000001e3235d7800 JavaThread "jar transforms Thread 1946" [_thread_blocked, id=2460, stack(0x0000000f92200000,0x0000000f92300000)]
  0x000001e3235d9000 JavaThread "jar transforms Thread 1947" [_thread_blocked, id=4188, stack(0x0000000f92300000,0x0000000f92400000)]
  0x000001e3235d3800 JavaThread "jar transforms Thread 1948" [_thread_blocked, id=4808, stack(0x0000000f92400000,0x0000000f92500000)]
  0x000001e3235de000 JavaThread "jar transforms Thread 1949" [_thread_blocked, id=2708, stack(0x0000000f92500000,0x0000000f92600000)]
  0x000001e3235dd000 JavaThread "jar transforms Thread 1950" [_thread_blocked, id=3008, stack(0x0000000f92600000,0x0000000f92700000)]
  0x000001e3235db800 JavaThread "jar transforms Thread 1951" [_thread_blocked, id=3148, stack(0x0000000f92700000,0x0000000f92800000)]
  0x000001e3235dc800 JavaThread "jar transforms Thread 1952" [_thread_blocked, id=4468, stack(0x0000000f92800000,0x0000000f92900000)]
  0x000001e3235d8000 JavaThread "jar transforms Thread 1953" [_thread_blocked, id=6460, stack(0x0000000f92900000,0x0000000f92a00000)]
  0x000001e3235de800 JavaThread "jar transforms Thread 1954" [_thread_blocked, id=6216, stack(0x0000000f92a00000,0x0000000f92b00000)]
  0x000001e3235df800 JavaThread "jar transforms Thread 1955" [_thread_blocked, id=5132, stack(0x0000000f92b00000,0x0000000f92c00000)]
  0x000001e3235da800 JavaThread "jar transforms Thread 1956" [_thread_blocked, id=5956, stack(0x0000000f92c00000,0x0000000f92d00000)]
  0x000001e3235da000 JavaThread "jar transforms Thread 1957" [_thread_blocked, id=6820, stack(0x0000000f92d00000,0x0000000f92e00000)]
  0x000001e3235e3000 JavaThread "jar transforms Thread 1958" [_thread_blocked, id=6228, stack(0x0000000f92e00000,0x0000000f92f00000)]
  0x000001e3235e0800 JavaThread "jar transforms Thread 1959" [_thread_blocked, id=3256, stack(0x0000000f92f00000,0x0000000f93000000)]
  0x000001e3235e5800 JavaThread "jar transforms Thread 1960" [_thread_blocked, id=4208, stack(0x0000000f93000000,0x0000000f93100000)]
  0x000001e3235e4800 JavaThread "jar transforms Thread 1961" [_thread_blocked, id=5604, stack(0x0000000f93100000,0x0000000f93200000)]
  0x000001e3235e1000 JavaThread "jar transforms Thread 1962" [_thread_blocked, id=6996, stack(0x0000000f93200000,0x0000000f93300000)]
  0x000001e3235e6000 JavaThread "jar transforms Thread 1963" [_thread_blocked, id=5472, stack(0x0000000f93300000,0x0000000f93400000)]
  0x000001e3235e3800 JavaThread "jar transforms Thread 1964" [_thread_blocked, id=5800, stack(0x0000000f93400000,0x0000000f93500000)]
  0x000001e3235e7000 JavaThread "jar transforms Thread 1965" [_thread_blocked, id=6576, stack(0x0000000f93500000,0x0000000f93600000)]
  0x000001e3235e2000 JavaThread "jar transforms Thread 1966" [_thread_blocked, id=2448, stack(0x0000000f93600000,0x0000000f93700000)]
  0x000001e31ef64000 JavaThread "jar transforms Thread 1967" [_thread_blocked, id=6104, stack(0x0000000f93700000,0x0000000f93800000)]
  0x000001e31ef64800 JavaThread "jar transforms Thread 1968" [_thread_blocked, id=2456, stack(0x0000000f93800000,0x0000000f93900000)]
  0x000001e31ef65800 JavaThread "jar transforms Thread 1969" [_thread_blocked, id=4084, stack(0x0000000f93900000,0x0000000f93a00000)]
  0x000001e31ef67000 JavaThread "jar transforms Thread 1970" [_thread_blocked, id=3832, stack(0x0000000f93a00000,0x0000000f93b00000)]
  0x000001e31ef69800 JavaThread "jar transforms Thread 1971" [_thread_blocked, id=6616, stack(0x0000000f93b00000,0x0000000f93c00000)]
  0x000001e31ef6c000 JavaThread "jar transforms Thread 1972" [_thread_blocked, id=4484, stack(0x0000000f93c00000,0x0000000f93d00000)]
  0x000001e31ef66800 JavaThread "jar transforms Thread 1973" [_thread_blocked, id=4240, stack(0x0000000f93d00000,0x0000000f93e00000)]
  0x000001e31ef6d000 JavaThread "jar transforms Thread 1974" [_thread_blocked, id=4104, stack(0x0000000f93e00000,0x0000000f93f00000)]
  0x000001e31ef6d800 JavaThread "jar transforms Thread 1975" [_thread_blocked, id=4300, stack(0x0000000f93f00000,0x0000000f94000000)]
  0x000001e31ef68000 JavaThread "jar transforms Thread 1976" [_thread_blocked, id=5928, stack(0x0000000f94000000,0x0000000f94100000)]
  0x000001e31ef6e800 JavaThread "jar transforms Thread 1977" [_thread_blocked, id=2888, stack(0x0000000f94100000,0x0000000f94200000)]
  0x000001e31ef6a800 JavaThread "jar transforms Thread 1978" [_thread_blocked, id=5964, stack(0x0000000f94200000,0x0000000f94300000)]
  0x000001e31ef69000 JavaThread "jar transforms Thread 1979" [_thread_blocked, id=3004, stack(0x0000000f94300000,0x0000000f94400000)]
  0x000001e31ef70000 JavaThread "jar transforms Thread 1980" [_thread_blocked, id=2024, stack(0x0000000f94400000,0x0000000f94500000)]
  0x000001e31ef72000 JavaThread "jar transforms Thread 1981" [_thread_blocked, id=1204, stack(0x0000000f94500000,0x0000000f94600000)]
  0x000001e31ef6f800 JavaThread "jar transforms Thread 1982" [_thread_blocked, id=784, stack(0x0000000f94600000,0x0000000f94700000)]
  0x000001e31ef71000 JavaThread "jar transforms Thread 1983" [_thread_blocked, id=5252, stack(0x0000000f94700000,0x0000000f94800000)]
  0x000001e31ef72800 JavaThread "jar transforms Thread 1984" [_thread_blocked, id=2080, stack(0x0000000f94800000,0x0000000f94900000)]
  0x000001e31ece7800 JavaThread "jar transforms Thread 1985" [_thread_blocked, id=6864, stack(0x0000000f94900000,0x0000000f94a00000)]
  0x000001e31ece9000 JavaThread "jar transforms Thread 1986" [_thread_blocked, id=6232, stack(0x0000000f94a00000,0x0000000f94b00000)]
  0x000001e31ece6800 JavaThread "jar transforms Thread 1987" [_thread_blocked, id=2780, stack(0x0000000f94b00000,0x0000000f94c00000)]
  0x000001e31ece5000 JavaThread "jar transforms Thread 1988" [_thread_blocked, id=4740, stack(0x0000000f94c00000,0x0000000f94d00000)]
  0x000001e31ece8800 JavaThread "jar transforms Thread 1989" [_thread_blocked, id=6100, stack(0x0000000f94d00000,0x0000000f94e00000)]
  0x000001e31ece6000 JavaThread "jar transforms Thread 1990" [_thread_blocked, id=1120, stack(0x0000000f94e00000,0x0000000f94f00000)]
  0x000001e31ecef800 JavaThread "jar transforms Thread 1991" [_thread_blocked, id=5740, stack(0x0000000f94f00000,0x0000000f95000000)]
  0x000001e31ecef000 JavaThread "jar transforms Thread 1992" [_thread_blocked, id=5756, stack(0x0000000f95000000,0x0000000f95100000)]
  0x000001e31ecf0800 JavaThread "jar transforms Thread 1993" [_thread_blocked, id=1016, stack(0x0000000f95100000,0x0000000f95200000)]
  0x000001e31eced000 JavaThread "jar transforms Thread 1994" [_thread_blocked, id=4900, stack(0x0000000f95200000,0x0000000f95300000)]
  0x000001e31eceb000 JavaThread "jar transforms Thread 1995" [_thread_blocked, id=1372, stack(0x0000000f95300000,0x0000000f95400000)]
  0x000001e31ecec800 JavaThread "jar transforms Thread 1996" [_thread_blocked, id=3028, stack(0x0000000f95400000,0x0000000f95500000)]
  0x000001e31ecf1800 JavaThread "jar transforms Thread 1997" [_thread_blocked, id=5460, stack(0x0000000f95500000,0x0000000f95600000)]
  0x000001e31eceb800 JavaThread "jar transforms Thread 1998" [_thread_blocked, id=3544, stack(0x0000000f95600000,0x0000000f95700000)]
  0x000001e31ecf2000 JavaThread "jar transforms Thread 1999" [_thread_blocked, id=628, stack(0x0000000f95700000,0x0000000f95800000)]
  0x000001e31ecf3000 JavaThread "jar transforms Thread 2000" [_thread_blocked, id=7040, stack(0x0000000f95800000,0x0000000f95900000)]
  0x000001e31ecf3800 JavaThread "jar transforms Thread 2001" [_thread_blocked, id=4120, stack(0x0000000f95900000,0x0000000f95a00000)]
  0x000001e31ecee000 JavaThread "jar transforms Thread 2002" [_thread_blocked, id=7000, stack(0x0000000f95a00000,0x0000000f95b00000)]
  0x000001e3212bd000 JavaThread "jar transforms Thread 2003" [_thread_blocked, id=4508, stack(0x0000000f95b00000,0x0000000f95c00000)]
  0x000001e3212ba800 JavaThread "jar transforms Thread 2004" [_thread_blocked, id=5476, stack(0x0000000f95c00000,0x0000000f95d00000)]
  0x000001e3212bf800 JavaThread "jar transforms Thread 2005" [_thread_blocked, id=5912, stack(0x0000000f95d00000,0x0000000f95e00000)]
  0x000001e3212ba000 JavaThread "jar transforms Thread 2006" [_thread_blocked, id=1100, stack(0x0000000f95e00000,0x0000000f95f00000)]
  0x000001e3212be800 JavaThread "jar transforms Thread 2007" [_thread_blocked, id=6728, stack(0x0000000f95f00000,0x0000000f96000000)]
  0x000001e3212c0800 JavaThread "jar transforms Thread 2008" [_thread_blocked, id=2752, stack(0x0000000f96000000,0x0000000f96100000)]
  0x000001e3212be000 JavaThread "jar transforms Thread 2009" [_thread_blocked, id=1276, stack(0x0000000f96100000,0x0000000f96200000)]
  0x000001e3212c1000 JavaThread "jar transforms Thread 2010" [_thread_blocked, id=6480, stack(0x0000000f96200000,0x0000000f96300000)]
  0x000001e3212bb800 JavaThread "jar transforms Thread 2011" [_thread_blocked, id=2488, stack(0x0000000f96300000,0x0000000f96400000)]
  0x000001e3212c2000 JavaThread "jar transforms Thread 2012" [_thread_blocked, id=5520, stack(0x0000000f96400000,0x0000000f96500000)]
  0x000001e3212bc800 JavaThread "jar transforms Thread 2013" [_thread_blocked, id=3552, stack(0x0000000f96500000,0x0000000f96600000)]
  0x000001e3212c3000 JavaThread "jar transforms Thread 2014" [_thread_blocked, id=6484, stack(0x0000000f96600000,0x0000000f96700000)]
  0x000001e3212c7800 JavaThread "jar transforms Thread 2015" [_thread_blocked, id=2996, stack(0x0000000f96700000,0x0000000f96800000)]
  0x000001e3212c4800 JavaThread "jar transforms Thread 2016" [_thread_blocked, id=6688, stack(0x0000000f96800000,0x0000000f96900000)]
  0x000001e3212c6000 JavaThread "jar transforms Thread 2017" [_thread_blocked, id=3108, stack(0x0000000f96900000,0x0000000f96a00000)]
  0x000001e3212c3800 JavaThread "jar transforms Thread 2018" [_thread_blocked, id=3376, stack(0x0000000f96a00000,0x0000000f96b00000)]
  0x000001e3212c8800 JavaThread "jar transforms Thread 2019" [_thread_blocked, id=6512, stack(0x0000000f96b00000,0x0000000f96c00000)]
  0x000001e3212c5800 JavaThread "jar transforms Thread 2020" [_thread_blocked, id=5404, stack(0x0000000f96c00000,0x0000000f96d00000)]
  0x000001e31e113800 JavaThread "jar transforms Thread 2021" [_thread_blocked, id=6020, stack(0x0000000f96d00000,0x0000000f96e00000)]
  0x000001e31e116000 JavaThread "jar transforms Thread 2022" [_thread_blocked, id=1360, stack(0x0000000f96e00000,0x0000000f96f00000)]
  0x000001e31e110800 JavaThread "jar transforms Thread 2023" [_thread_blocked, id=6636, stack(0x0000000f96f00000,0x0000000f97000000)]
  0x000001e31e117000 JavaThread "jar transforms Thread 2024" [_thread_blocked, id=1244, stack(0x0000000f97000000,0x0000000f97100000)]
  0x000001e31e111000 JavaThread "jar transforms Thread 2025" [_thread_blocked, id=3076, stack(0x0000000f97100000,0x0000000f97200000)]
  0x000001e31e115800 JavaThread "jar transforms Thread 2026" [_thread_blocked, id=2044, stack(0x0000000f97200000,0x0000000f97300000)]
  0x000001e31e112000 JavaThread "jar transforms Thread 2027" [_thread_blocked, id=4480, stack(0x0000000f97300000,0x0000000f97400000)]
  0x000001e31e117800 JavaThread "jar transforms Thread 2028" [_thread_blocked, id=2392, stack(0x0000000f97400000,0x0000000f97500000)]
  0x000001e31e114800 JavaThread "jar transforms Thread 2029" [_thread_blocked, id=4068, stack(0x0000000f97500000,0x0000000f97600000)]
  0x000001e31e118800 JavaThread "jar transforms Thread 2030" [_thread_blocked, id=5588, stack(0x0000000f97600000,0x0000000f97700000)]
  0x000001e31e113000 JavaThread "jar transforms Thread 2031" [_thread_blocked, id=5624, stack(0x0000000f97700000,0x0000000f97800000)]
  0x000001e31e11a000 JavaThread "jar transforms Thread 2032" [_thread_blocked, id=8, stack(0x0000000f97800000,0x0000000f97900000)]
  0x000001e31e11b000 JavaThread "jar transforms Thread 2033" [_thread_blocked, id=4952, stack(0x0000000f97900000,0x0000000f97a00000)]
  0x000001e31e119800 JavaThread "jar transforms Thread 2034" [_thread_blocked, id=1712, stack(0x0000000f97a00000,0x0000000f97b00000)]
  0x000001e31e11f000 JavaThread "jar transforms Thread 2035" [_thread_blocked, id=5208, stack(0x0000000f97b00000,0x0000000f97c00000)]
  0x000001e31e11d800 JavaThread "jar transforms Thread 2036" [_thread_blocked, id=6812, stack(0x0000000f97c00000,0x0000000f97d00000)]
  0x000001e31e11c000 JavaThread "jar transforms Thread 2037" [_thread_blocked, id=928, stack(0x0000000f97d00000,0x0000000f97e00000)]
  0x000001e31e11e800 JavaThread "jar transforms Thread 2038" [_thread_blocked, id=4472, stack(0x0000000f97e00000,0x0000000f97f00000)]
  0x000001e320c4f800 JavaThread "jar transforms Thread 2039" [_thread_blocked, id=4680, stack(0x0000000f97f00000,0x0000000f98000000)]
  0x000001e320c52000 JavaThread "jar transforms Thread 2040" [_thread_blocked, id=1368, stack(0x0000000f98000000,0x0000000f98100000)]
  0x000001e320c53000 JavaThread "jar transforms Thread 2041" [_thread_blocked, id=5488, stack(0x0000000f98100000,0x0000000f98200000)]
  0x000001e320c4e800 JavaThread "jar transforms Thread 2042" [_thread_blocked, id=2508, stack(0x0000000f98200000,0x0000000f98300000)]
  0x000001e320c50800 JavaThread "jar transforms Thread 2043" [_thread_blocked, id=4488, stack(0x0000000f98300000,0x0000000f98400000)]
  0x000001e320c53800 JavaThread "jar transforms Thread 2044" [_thread_blocked, id=2616, stack(0x0000000f98400000,0x0000000f98500000)]
  0x000001e320c4e000 JavaThread "jar transforms Thread 2045" [_thread_blocked, id=2676, stack(0x0000000f98500000,0x0000000f98600000)]
  0x000001e320c57000 JavaThread "jar transforms Thread 2046" [_thread_blocked, id=6140, stack(0x0000000f98600000,0x0000000f98700000)]
  0x000001e320c57800 JavaThread "jar transforms Thread 2047" [_thread_blocked, id=192, stack(0x0000000f98700000,0x0000000f98800000)]
  0x000001e320c59800 JavaThread "jar transforms Thread 2048" [_thread_blocked, id=392, stack(0x0000000f98800000,0x0000000f98900000)]
  0x000001e320c56000 JavaThread "jar transforms Thread 2049" [_thread_blocked, id=7092, stack(0x0000000f98900000,0x0000000f98a00000)]
  0x000001e320c58800 JavaThread "jar transforms Thread 2050" [_thread_blocked, id=2260, stack(0x0000000f98a00000,0x0000000f98b00000)]
  0x000001e320c5a000 JavaThread "jar transforms Thread 2051" [_thread_blocked, id=2224, stack(0x0000000f98b00000,0x0000000f98c00000)]
  0x000001e320c54800 JavaThread "jar transforms Thread 2052" [_thread_blocked, id=2860, stack(0x0000000f98c00000,0x0000000f98d00000)]
  0x000001e320c5b000 JavaThread "Cache worker for Build Output Cleanup Cache (D:\AndroidProjects\Unscramble\.gradle\buildOutputCleanup)" [_thread_blocked, id=5852, stack(0x0000000f98d00000,0x0000000f98e00000)]
  0x000001e320c55000 JavaThread "Cache worker for file content cache (D:\AndroidProjects\Unscramble\.gradle\6.5\fileContent)" [_thread_blocked, id=4692, stack(0x0000000f98e00000,0x0000000f98f00000)]
  0x000001e320c5c000 JavaThread "Execution worker for ':'" [_thread_blocked, id=420, stack(0x0000000f98f00000,0x0000000f99000000)]
  0x000001e31ef9a800 JavaThread "Execution worker for ':' Thread 2" [_thread_in_native, id=5028, stack(0x0000000f99000000,0x0000000f99100000)]
  0x000001e31ef9b800 JavaThread "Execution worker for ':' Thread 3" [_thread_blocked, id=4336, stack(0x0000000f99100000,0x0000000f99200000)]
  0x000001e31ef9c000 JavaThread "Cache worker for execution history cache (D:\AndroidProjects\Unscramble\.gradle\6.5\executionHistory)" [_thread_blocked, id=1332, stack(0x0000000f99300000,0x0000000f99400000)]
  0x000001e31ef9e000 JavaThread "RMI RenewClean-[127.0.0.1:17873,org.jetbrains.kotlin.daemon.common.LoopbackNetworkInterface$ClientLoopbackSocketFactory@5916474]" daemon [_thread_blocked, id=6040, stack(0x0000000f99400000,0x0000000f99500000)]
  0x000001e31ef9d000 JavaThread "RMI TCP Connection(81)-127.0.0.1" daemon [_thread_in_native, id=3424, stack(0x0000000f99500000,0x0000000f99600000)]
  0x000001e31ef98000 JavaThread "RMI TCP Connection(79)-127.0.0.1" daemon [_thread_in_native, id=6356, stack(0x0000000f99600000,0x0000000f99700000)]
  0x000001e31efa1000 JavaThread "RMI RenewClean-[127.0.0.1:17873,org.jetbrains.kotlin.daemon.common.LoopbackNetworkInterface$ClientLoopbackSocketFactory@5f493cfb]" daemon [_thread_blocked, id=6652, stack(0x0000000f99700000,0x0000000f99800000)]
  0x000001e31ef9f800 JavaThread "RMI TCP Connection(80)-127.0.0.1" daemon [_thread_in_native, id=5988, stack(0x0000000f99b00000,0x0000000f99c00000)]

Other Threads:
  0x000001e31bd36800 VMThread "VM Thread" [stack: 0x0000000f8f700000,0x0000000f8f800000] [id=6036]
  0x000001e31c811800 WatcherThread [stack: 0x0000000f90100000,0x0000000f90200000] [id=2636]
  0x000001e3003b9800 GCTaskThread "GC Thread#0" [stack: 0x0000000f8f200000,0x0000000f8f300000] [id=6648]
  0x000001e31cabe000 GCTaskThread "GC Thread#1" [stack: 0x0000000f90200000,0x0000000f90300000] [id=2208]
  0x000001e31dffe000 GCTaskThread "GC Thread#2" [stack: 0x0000000f90500000,0x0000000f90600000] [id=1364]
  0x000001e31d263000 GCTaskThread "GC Thread#3" [stack: 0x0000000f90600000,0x0000000f90700000] [id=4788]
  0x000001e3003e8800 ConcurrentGCThread "G1 Main Marker" [stack: 0x0000000f8f300000,0x0000000f8f400000] [id=1412]
  0x000001e3003ea000 ConcurrentGCThread "G1 Conc#0" [stack: 0x0000000f8f400000,0x0000000f8f500000] [id=4944]
  0x000001e300443800 ConcurrentGCThread "G1 Refine#0" [stack: 0x0000000f8f500000,0x0000000f8f600000] [id=7072]
  0x000001e3272da000 ConcurrentGCThread "G1 Refine#1" [stack: 0x0000000f8f000000,0x0000000f8f100000] [id=5212]
  0x000001e300444800 ConcurrentGCThread "G1 Young RemSet Sampling" [stack: 0x0000000f8f600000,0x0000000f8f700000] [id=3976]

Threads with active compile tasks:
C2 CompilerThread06117854 23029       4       org.gradle.api.internal.artifacts.ivyservice.modulecache.PersistentModuleMetadataCache$$Lambda$266/0x0000000100587c40::create (16 bytes)

VM state:not at safepoint (normal execution)

VM Mutex/Monitor currently owned by a thread: None

Heap address: 0x0000000080000000, size: 2048 MB, Compressed Oops mode: 32-bit
Narrow klass base: 0x0000000000000000, Narrow klass shift: 3
Compressed class space size: 1073741824 Address: 0x0000000100000000

Heap:
 garbage-first heap   total 159744K, used 107908K [0x0000000080000000, 0x0000000100000000)
  region size 1024K, 16 young (16384K), 2 survivors (2048K)
 Metaspace       used 111324K, capacity 115460K, committed 115664K, reserved 1148928K
  class space    used 13857K, capacity 15286K, committed 15360K, reserved 1048576K
Heap Regions: E=young(eden), S=young(survivor), O=old, HS=humongous(starts), HC=humongous(continues), CS=collection set, F=free, A=archive, TAMS=top-at-mark-start (previous, next)
|   0|0x0000000080000000, 0x0000000080100000, 0x0000000080100000|100%| O|  |TAMS 0x0000000080100000, 0x0000000080000000| Untracked 
|   1|0x0000000080100000, 0x0000000080200000, 0x0000000080200000|100%| O|  |TAMS 0x0000000080200000, 0x0000000080100000| Untracked 
|   2|0x0000000080200000, 0x0000000080300000, 0x0000000080300000|100%| O|  |TAMS 0x0000000080300000, 0x0000000080200000| Untracked 
|   3|0x0000000080300000, 0x0000000080400000, 0x0000000080400000|100%|HS|  |TAMS 0x0000000080400000, 0x0000000080300000| Complete 
|   4|0x0000000080400000, 0x0000000080500000, 0x0000000080500000|100%|HC|  |TAMS 0x0000000080500000, 0x0000000080400000| Complete 
|   5|0x0000000080500000, 0x0000000080600000, 0x0000000080600000|100%|HC|  |TAMS 0x0000000080600000, 0x0000000080500000| Complete 
|   6|0x0000000080600000, 0x0000000080700000, 0x0000000080700000|100%| O|  |TAMS 0x0000000080700000, 0x0000000080600000| Untracked 
|   7|0x0000000080700000, 0x0000000080800000, 0x0000000080800000|100%| O|  |TAMS 0x0000000080800000, 0x0000000080700000| Untracked 
|   8|0x0000000080800000, 0x0000000080900000, 0x0000000080900000|100%| O|  |TAMS 0x0000000080900000, 0x0000000080800000| Untracked 
|   9|0x0000000080900000, 0x0000000080a00000, 0x0000000080a00000|100%| O|  |TAMS 0x0000000080a00000, 0x0000000080900000| Complete 
|  10|0x0000000080a00000, 0x0000000080b00000, 0x0000000080b00000|100%| O|  |TAMS 0x0000000080b00000, 0x0000000080a00000| Untracked 
|  11|0x0000000080b00000, 0x0000000080c00000, 0x0000000080c00000|100%| O|  |TAMS 0x0000000080c00000, 0x0000000080b00000| Untracked 
|  12|0x0000000080c00000, 0x0000000080d00000, 0x0000000080d00000|100%| O|  |TAMS 0x0000000080d00000, 0x0000000080c00000| Untracked 
|  13|0x0000000080d00000, 0x0000000080e00000, 0x0000000080e00000|100%| O|  |TAMS 0x0000000080e00000, 0x0000000080d00000| Untracked 
|  14|0x0000000080e00000, 0x0000000080f00000, 0x0000000080f00000|100%| O|  |TAMS 0x0000000080f00000, 0x0000000080e00000| Complete 
|  15|0x0000000080f00000, 0x0000000081000000, 0x0000000081000000|100%| O|  |TAMS 0x0000000081000000, 0x0000000080f00000| Complete 
|  16|0x0000000081000000, 0x0000000081100000, 0x0000000081100000|100%| O|  |TAMS 0x0000000081100000, 0x0000000081000000| Complete 
|  17|0x0000000081100000, 0x0000000081200000, 0x0000000081200000|100%| O|  |TAMS 0x0000000081200000, 0x0000000081100000| Complete 
|  18|0x0000000081200000, 0x0000000081300000, 0x0000000081300000|100%| O|  |TAMS 0x0000000081300000, 0x0000000081200000| Complete 
|  19|0x0000000081300000, 0x0000000081400000, 0x0000000081400000|100%| O|  |TAMS 0x0000000081400000, 0x0000000081300000| Untracked 
|  20|0x0000000081400000, 0x0000000081500000, 0x0000000081500000|100%| O|  |TAMS 0x0000000081500000, 0x0000000081400000| Complete 
|  21|0x0000000081500000, 0x0000000081600000, 0x0000000081600000|100%| O|  |TAMS 0x0000000081600000, 0x0000000081500000| Complete 
|  22|0x0000000081600000, 0x0000000081700000, 0x0000000081700000|100%| O|  |TAMS 0x0000000081700000, 0x0000000081600000| Complete 
|  23|0x0000000081700000, 0x0000000081800000, 0x0000000081800000|100%| O|  |TAMS 0x0000000081800000, 0x0000000081700000| Complete 
|  24|0x0000000081800000, 0x0000000081900000, 0x0000000081900000|100%| O|  |TAMS 0x0000000081900000, 0x0000000081800000| Untracked 
|  25|0x0000000081900000, 0x0000000081a00000, 0x0000000081a00000|100%|HS|  |TAMS 0x0000000081a00000, 0x0000000081900000| Complete 
|  26|0x0000000081a00000, 0x0000000081b00000, 0x0000000081b00000|100%| O|  |TAMS 0x0000000081b00000, 0x0000000081a00000| Complete 
|  27|0x0000000081b00000, 0x0000000081c00000, 0x0000000081c00000|100%| O|  |TAMS 0x0000000081c00000, 0x0000000081b00000| Complete 
|  28|0x0000000081c00000, 0x0000000081d00000, 0x0000000081d00000|100%| O|  |TAMS 0x0000000081d00000, 0x0000000081c00000| Complete 
|  29|0x0000000081d00000, 0x0000000081e00000, 0x0000000081e00000|100%|HS|  |TAMS 0x0000000081e00000, 0x0000000081d00000| Complete 
|  30|0x0000000081e00000, 0x0000000081f00000, 0x0000000081f00000|100%|HC|  |TAMS 0x0000000081f00000, 0x0000000081e00000| Complete 
|  31|0x0000000081f00000, 0x0000000082000000, 0x0000000082000000|100%|HC|  |TAMS 0x0000000082000000, 0x0000000081f00000| Complete 
|  32|0x0000000082000000, 0x0000000082100000, 0x0000000082100000|100%|HS|  |TAMS 0x0000000082100000, 0x0000000082000000| Complete 
|  33|0x0000000082100000, 0x0000000082200000, 0x0000000082200000|100%|HC|  |TAMS 0x0000000082200000, 0x0000000082100000| Complete 
|  34|0x0000000082200000, 0x0000000082300000, 0x0000000082300000|100%| O|  |TAMS 0x0000000082300000, 0x0000000082200000| Untracked 
|  35|0x0000000082300000, 0x0000000082400000, 0x0000000082400000|100%| O|  |TAMS 0x0000000082400000, 0x0000000082300000| Untracked 
|  36|0x0000000082400000, 0x0000000082500000, 0x0000000082500000|100%| O|  |TAMS 0x0000000082500000, 0x0000000082400000| Untracked 
|  37|0x0000000082500000, 0x0000000082600000, 0x0000000082600000|100%| O|  |TAMS 0x0000000082600000, 0x0000000082500000| Untracked 
|  38|0x0000000082600000, 0x0000000082700000, 0x0000000082700000|100%| O|  |TAMS 0x0000000082700000, 0x0000000082600000| Untracked 
|  39|0x0000000082700000, 0x0000000082800000, 0x0000000082800000|100%| O|  |TAMS 0x0000000082800000, 0x0000000082700000| Complete 
|  40|0x0000000082800000, 0x0000000082900000, 0x0000000082900000|100%| O|  |TAMS 0x0000000082900000, 0x0000000082800000| Complete 
|  41|0x0000000082900000, 0x0000000082a00000, 0x0000000082a00000|100%| O|  |TAMS 0x0000000082a00000, 0x0000000082900000| Complete 
|  42|0x0000000082a00000, 0x0000000082b00000, 0x0000000082b00000|100%| O|  |TAMS 0x0000000082b00000, 0x0000000082a00000| Untracked 
|  43|0x0000000082b00000, 0x0000000082c00000, 0x0000000082c00000|100%| O|  |TAMS 0x0000000082c00000, 0x0000000082b00000| Complete 
|  44|0x0000000082c00000, 0x0000000082d00000, 0x0000000082d00000|100%| O|  |TAMS 0x0000000082d00000, 0x0000000082c00000| Untracked 
|  45|0x0000000082d00000, 0x0000000082e00000, 0x0000000082e00000|100%| O|  |TAMS 0x0000000082e00000, 0x0000000082d00000| Complete 
|  46|0x0000000082e00000, 0x0000000082f00000, 0x0000000082f00000|100%| O|  |TAMS 0x0000000082f00000, 0x0000000082e00000| Untracked 
|  47|0x0000000082f00000, 0x0000000083000000, 0x0000000083000000|100%| O|  |TAMS 0x0000000083000000, 0x0000000082f00000| Complete 
|  48|0x0000000083000000, 0x0000000083100000, 0x0000000083100000|100%| O|  |TAMS 0x0000000083100000, 0x0000000083000000| Complete 
|  49|0x0000000083100000, 0x0000000083200000, 0x0000000083200000|100%| O|  |TAMS 0x0000000083200000, 0x0000000083100000| Complete 
|  50|0x0000000083200000, 0x0000000083300000, 0x0000000083300000|100%| O|  |TAMS 0x0000000083300000, 0x0000000083200000| Complete 
|  51|0x0000000083300000, 0x0000000083400000, 0x0000000083400000|100%| O|  |TAMS 0x0000000083400000, 0x0000000083300000| Complete 
|  52|0x0000000083400000, 0x0000000083500000, 0x0000000083500000|100%| O|  |TAMS 0x0000000083400000, 0x0000000083400000| Untracked 
|  53|0x0000000083500000, 0x0000000083600000, 0x0000000083600000|100%| O|  |TAMS 0x0000000083600000, 0x0000000083500000| Untracked 
|  54|0x0000000083600000, 0x0000000083700000, 0x0000000083700000|100%| O|  |TAMS 0x0000000083700000, 0x0000000083600000| Complete 
|  55|0x0000000083700000, 0x0000000083800000, 0x0000000083800000|100%| O|  |TAMS 0x0000000083800000, 0x0000000083700000| Complete 
|  56|0x0000000083800000, 0x0000000083900000, 0x0000000083900000|100%| O|  |TAMS 0x0000000083900000, 0x0000000083800000| Complete 
|  57|0x0000000083900000, 0x0000000083a00000, 0x0000000083a00000|100%| O|  |TAMS 0x0000000083900000, 0x0000000083900000| Untracked 
|  58|0x0000000083a00000, 0x0000000083b00000, 0x0000000083b00000|100%| O|  |TAMS 0x0000000083b00000, 0x0000000083a00000| Complete 
|  59|0x0000000083b00000, 0x0000000083c00000, 0x0000000083c00000|100%| O|  |TAMS 0x0000000083c00000, 0x0000000083b00000| Complete 
|  60|0x0000000083c00000, 0x0000000083d00000, 0x0000000083d00000|100%| O|  |TAMS 0x0000000083d00000, 0x0000000083c00000| Complete 
|  61|0x0000000083d00000, 0x0000000083e00000, 0x0000000083e00000|100%| O|  |TAMS 0x0000000083e00000, 0x0000000083d00000| Complete 
|  62|0x0000000083e00000, 0x0000000083f00000, 0x0000000083f00000|100%| O|  |TAMS 0x0000000083f00000, 0x0000000083e00000| Complete 
|  63|0x0000000083f00000, 0x0000000084000000, 0x0000000084000000|100%| O|  |TAMS 0x0000000083f00000, 0x0000000083f00000| Untracked 
|  64|0x0000000084000000, 0x0000000084100000, 0x0000000084100000|100%| O|  |TAMS 0x0000000084100000, 0x0000000084000000| Complete 
|  65|0x0000000084100000, 0x0000000084200000, 0x0000000084200000|100%| O|  |TAMS 0x0000000084200000, 0x0000000084100000| Complete 
|  66|0x0000000084200000, 0x0000000084300000, 0x0000000084300000|100%| O|  |TAMS 0x0000000084300000, 0x0000000084200000| Untracked 
|  67|0x0000000084300000, 0x0000000084400000, 0x0000000084400000|100%| O|  |TAMS 0x0000000084400000, 0x0000000084300000| Untracked 
|  68|0x0000000084400000, 0x0000000084500000, 0x0000000084500000|100%| O|  |TAMS 0x0000000084500000, 0x0000000084400000| Untracked 
|  69|0x0000000084500000, 0x0000000084600000, 0x0000000084600000|100%| O|  |TAMS 0x0000000084600000, 0x0000000084500000| Untracked 
|  70|0x0000000084600000, 0x0000000084700000, 0x0000000084700000|100%| O|  |TAMS 0x0000000084700000, 0x0000000084600000| Complete 
|  71|0x0000000084700000, 0x0000000084800000, 0x0000000084800000|100%| O|  |TAMS 0x0000000084800000, 0x0000000084700000| Untracked 
|  72|0x0000000084800000, 0x0000000084900000, 0x0000000084900000|100%| O|  |TAMS 0x0000000084900000, 0x0000000084800000| Untracked 
|  73|0x0000000084900000, 0x0000000084a00000, 0x0000000084a00000|100%| O|  |TAMS 0x0000000084a00000, 0x0000000084900000| Untracked 
|  74|0x0000000084a00000, 0x0000000084b00000, 0x0000000084b00000|100%| O|  |TAMS 0x0000000084b00000, 0x0000000084a00000| Complete 
|  75|0x0000000084b00000, 0x0000000084c00000, 0x0000000084c00000|100%| O|  |TAMS 0x0000000084c00000, 0x0000000084b00000| Untracked 
|  76|0x0000000084c00000, 0x0000000084d00000, 0x0000000084d00000|100%| O|  |TAMS 0x0000000084d00000, 0x0000000084c00000| Complete 
|  77|0x0000000084d00000, 0x0000000084deac00, 0x0000000084e00000| 91%| O|  |TAMS 0x0000000084d00000, 0x0000000084d00000| Untracked 
|  78|0x0000000084e00000, 0x0000000084e00000, 0x0000000084f00000|  0%| F|  |TAMS 0x0000000084e00000, 0x0000000084e00000| Untracked 
|  79|0x0000000084f00000, 0x0000000085000000, 0x0000000085000000|100%| O|  |TAMS 0x0000000085000000, 0x0000000084f00000| Complete 
|  80|0x0000000085000000, 0x0000000085100000, 0x0000000085100000|100%| O|  |TAMS 0x0000000085100000, 0x0000000085000000| Complete 
|  81|0x0000000085100000, 0x0000000085100000, 0x0000000085200000|  0%| F|  |TAMS 0x0000000085100000, 0x0000000085100000| Untracked 
|  82|0x0000000085200000, 0x0000000085300000, 0x0000000085300000|100%| O|  |TAMS 0x0000000085300000, 0x0000000085200000| Complete 
|  83|0x0000000085300000, 0x0000000085400000, 0x0000000085400000|100%| O|  |TAMS 0x0000000085400000, 0x0000000085300000| Complete 
|  84|0x0000000085400000, 0x0000000085400000, 0x0000000085500000|  0%| F|  |TAMS 0x0000000085400000, 0x0000000085400000| Untracked 
|  85|0x0000000085500000, 0x0000000085600000, 0x0000000085600000|100%| O|  |TAMS 0x0000000085600000, 0x0000000085500000| Complete 
|  86|0x0000000085600000, 0x0000000085700000, 0x0000000085700000|100%| O|  |TAMS 0x0000000085700000, 0x0000000085600000| Complete 
|  87|0x0000000085700000, 0x0000000085800000, 0x0000000085800000|100%| O|  |TAMS 0x0000000085800000, 0x0000000085700000| Untracked 
|  88|0x0000000085800000, 0x0000000085900000, 0x0000000085900000|100%| O|  |TAMS 0x0000000085900000, 0x0000000085800000| Untracked 
|  89|0x0000000085900000, 0x0000000085a00000, 0x0000000085a00000|100%| O|  |TAMS 0x0000000085a00000, 0x0000000085900000| Untracked 
|  90|0x0000000085a00000, 0x0000000085b00000, 0x0000000085b00000|100%| O|  |TAMS 0x0000000085b00000, 0x0000000085a00000| Complete 
|  91|0x0000000085b00000, 0x0000000085b00000, 0x0000000085c00000|  0%| F|  |TAMS 0x0000000085b00000, 0x0000000085b00000| Untracked 
|  92|0x0000000085c00000, 0x0000000085d00000, 0x0000000085d00000|100%| O|  |TAMS 0x0000000085d00000, 0x0000000085c00000| Complete 
|  93|0x0000000085d00000, 0x0000000085e00000, 0x0000000085e00000|100%| O|  |TAMS 0x0000000085e00000, 0x0000000085d00000| Untracked 
|  94|0x0000000085e00000, 0x0000000085f00000, 0x0000000085f00000|100%| O|  |TAMS 0x0000000085f00000, 0x0000000085e00000| Complete 
|  95|0x0000000085f00000, 0x0000000085f00000, 0x0000000086000000|  0%| F|  |TAMS 0x0000000085f00000, 0x0000000085f00000| Untracked 
|  96|0x0000000086000000, 0x0000000086000000, 0x0000000086100000|  0%| F|  |TAMS 0x0000000086000000, 0x0000000086000000| Untracked 
|  97|0x0000000086100000, 0x0000000086200000, 0x0000000086200000|100%| O|  |TAMS 0x0000000086200000, 0x0000000086100000| Complete 
|  98|0x0000000086200000, 0x0000000086200000, 0x0000000086300000|  0%| F|  |TAMS 0x0000000086200000, 0x0000000086200000| Untracked 
|  99|0x0000000086300000, 0x0000000086300000, 0x0000000086400000|  0%| F|  |TAMS 0x0000000086300000, 0x0000000086300000| Untracked 
| 100|0x0000000086400000, 0x0000000086400000, 0x0000000086500000|  0%| F|  |TAMS 0x0000000086400000, 0x0000000086400000| Untracked 
| 101|0x0000000086500000, 0x0000000086500000, 0x0000000086600000|  0%| F|  |TAMS 0x0000000086500000, 0x0000000086500000| Untracked 
| 102|0x0000000086600000, 0x0000000086600000, 0x0000000086700000|  0%| F|  |TAMS 0x0000000086600000, 0x0000000086600000| Untracked 
| 103|0x0000000086700000, 0x0000000086700000, 0x0000000086800000|  0%| F|  |TAMS 0x0000000086700000, 0x0000000086700000| Untracked 
| 104|0x0000000086800000, 0x0000000086800000, 0x0000000086900000|  0%| F|  |TAMS 0x0000000086800000, 0x0000000086800000| Untracked 
| 105|0x0000000086900000, 0x0000000086900000, 0x0000000086a00000|  0%| F|  |TAMS 0x0000000086900000, 0x0000000086900000| Untracked 
| 106|0x0000000086a00000, 0x0000000086a00000, 0x0000000086b00000|  0%| F|  |TAMS 0x0000000086a00000, 0x0000000086a00000| Untracked 
| 107|0x0000000086b00000, 0x0000000086b00000, 0x0000000086c00000|  0%| F|  |TAMS 0x0000000086b00000, 0x0000000086b00000| Untracked 
| 108|0x0000000086c00000, 0x0000000086c00000, 0x0000000086d00000|  0%| F|  |TAMS 0x0000000086c00000, 0x0000000086c00000| Untracked 
| 109|0x0000000086d00000, 0x0000000086d00000, 0x0000000086e00000|  0%| F|  |TAMS 0x0000000086d00000, 0x0000000086d00000| Untracked 
| 110|0x0000000086e00000, 0x0000000086e00000, 0x0000000086f00000|  0%| F|  |TAMS 0x0000000086e00000, 0x0000000086e00000| Untracked 
| 111|0x0000000086f00000, 0x0000000086f00000, 0x0000000087000000|  0%| F|  |TAMS 0x0000000086f00000, 0x0000000086f00000| Untracked 
| 112|0x0000000087000000, 0x0000000087000000, 0x0000000087100000|  0%| F|  |TAMS 0x0000000087000000, 0x0000000087000000| Untracked 
| 113|0x0000000087100000, 0x0000000087100000, 0x0000000087200000|  0%| F|  |TAMS 0x0000000087100000, 0x0000000087100000| Untracked 
| 114|0x0000000087200000, 0x0000000087200000, 0x0000000087300000|  0%| F|  |TAMS 0x0000000087200000, 0x0000000087200000| Untracked 
| 115|0x0000000087300000, 0x0000000087300000, 0x0000000087400000|  0%| F|  |TAMS 0x0000000087300000, 0x0000000087300000| Untracked 
| 116|0x0000000087400000, 0x0000000087400000, 0x0000000087500000|  0%| F|  |TAMS 0x0000000087400000, 0x0000000087400000| Untracked 
| 117|0x0000000087500000, 0x0000000087500000, 0x0000000087600000|  0%| F|  |TAMS 0x0000000087500000, 0x0000000087500000| Untracked 
| 118|0x0000000087600000, 0x0000000087600000, 0x0000000087700000|  0%| F|  |TAMS 0x0000000087600000, 0x0000000087600000| Untracked 
| 119|0x0000000087700000, 0x0000000087700000, 0x0000000087800000|  0%| F|  |TAMS 0x0000000087700000, 0x0000000087700000| Untracked 
| 120|0x0000000087800000, 0x0000000087800000, 0x0000000087900000|  0%| F|  |TAMS 0x0000000087800000, 0x0000000087800000| Untracked 
| 121|0x0000000087900000, 0x0000000087976470, 0x0000000087a00000| 46%| S|CS|TAMS 0x0000000087900000, 0x0000000087900000| Complete 
| 122|0x0000000087a00000, 0x0000000087b00000, 0x0000000087b00000|100%| S|CS|TAMS 0x0000000087a00000, 0x0000000087a00000| Complete 
| 123|0x0000000087b00000, 0x0000000087b00000, 0x0000000087c00000|  0%| F|  |TAMS 0x0000000087b00000, 0x0000000087b00000| Untracked 
| 124|0x0000000087c00000, 0x0000000087c00000, 0x0000000087d00000|  0%| F|  |TAMS 0x0000000087c00000, 0x0000000087c00000| Untracked 
| 125|0x0000000087d00000, 0x0000000087d00000, 0x0000000087e00000|  0%| F|  |TAMS 0x0000000087d00000, 0x0000000087d00000| Untracked 
| 126|0x0000000087e00000, 0x0000000087e00000, 0x0000000087f00000|  0%| F|  |TAMS 0x0000000087e00000, 0x0000000087e00000| Untracked 
| 127|0x0000000087f00000, 0x0000000087f00000, 0x0000000088000000|  0%| F|  |TAMS 0x0000000087f00000, 0x0000000087f00000| Untracked 
| 128|0x0000000088000000, 0x0000000088000000, 0x0000000088100000|  0%| F|  |TAMS 0x0000000088000000, 0x0000000088000000| Untracked 
| 129|0x0000000088100000, 0x0000000088100000, 0x0000000088200000|  0%| F|  |TAMS 0x0000000088100000, 0x0000000088100000| Untracked 
| 130|0x0000000088200000, 0x0000000088200000, 0x0000000088300000|  0%| F|  |TAMS 0x0000000088200000, 0x0000000088200000| Untracked 
| 131|0x0000000088300000, 0x0000000088300000, 0x0000000088400000|  0%| F|  |TAMS 0x0000000088300000, 0x0000000088300000| Untracked 
| 132|0x0000000088400000, 0x0000000088400000, 0x0000000088500000|  0%| F|  |TAMS 0x0000000088400000, 0x0000000088400000| Untracked 
| 133|0x0000000088500000, 0x0000000088500000, 0x0000000088600000|  0%| F|  |TAMS 0x0000000088500000, 0x0000000088500000| Untracked 
| 134|0x0000000088600000, 0x0000000088600000, 0x0000000088700000|  0%| F|  |TAMS 0x0000000088600000, 0x0000000088600000| Untracked 
| 135|0x0000000088700000, 0x0000000088700000, 0x0000000088800000|  0%| F|  |TAMS 0x0000000088700000, 0x0000000088700000| Untracked 
| 136|0x0000000088800000, 0x0000000088800000, 0x0000000088900000|  0%| F|  |TAMS 0x0000000088800000, 0x0000000088800000| Untracked 
| 137|0x0000000088900000, 0x0000000088900000, 0x0000000088a00000|  0%| F|  |TAMS 0x0000000088900000, 0x0000000088900000| Untracked 
| 138|0x0000000088a00000, 0x0000000088a00000, 0x0000000088b00000|  0%| F|  |TAMS 0x0000000088a00000, 0x0000000088a00000| Untracked 
| 139|0x0000000088b00000, 0x0000000088b00000, 0x0000000088c00000|  0%| F|  |TAMS 0x0000000088b00000, 0x0000000088b00000| Untracked 
| 140|0x0000000088c00000, 0x0000000088c00000, 0x0000000088d00000|  0%| F|  |TAMS 0x0000000088c00000, 0x0000000088c00000| Untracked 
| 141|0x0000000088d00000, 0x0000000088d00000, 0x0000000088e00000|  0%| F|  |TAMS 0x0000000088d00000, 0x0000000088d00000| Untracked 
| 142|0x0000000088e00000, 0x0000000088e06480, 0x0000000088f00000|  2%| E|  |TAMS 0x0000000088e00000, 0x0000000088e00000| Complete 
| 143|0x0000000088f00000, 0x0000000089000000, 0x0000000089000000|100%| E|CS|TAMS 0x0000000088f00000, 0x0000000088f00000| Complete 
| 144|0x0000000089000000, 0x00000000890ffff8, 0x0000000089100000| 99%| E|CS|TAMS 0x0000000089000000, 0x0000000089000000| Complete 
| 145|0x0000000089100000, 0x0000000089200000, 0x0000000089200000|100%| E|CS|TAMS 0x0000000089100000, 0x0000000089100000| Complete 
| 146|0x0000000089200000, 0x00000000892fffc0, 0x0000000089300000| 99%| E|  |TAMS 0x0000000089200000, 0x0000000089200000| Complete 
| 147|0x0000000089300000, 0x0000000089400000, 0x0000000089400000|100%| E|CS|TAMS 0x0000000089300000, 0x0000000089300000| Complete 
| 148|0x0000000089400000, 0x0000000089500000, 0x0000000089500000|100%| E|CS|TAMS 0x0000000089400000, 0x0000000089400000| Complete 
| 149|0x0000000089500000, 0x0000000089600000, 0x0000000089600000|100%| E|CS|TAMS 0x0000000089500000, 0x0000000089500000| Complete 
| 150|0x0000000089600000, 0x0000000089700000, 0x0000000089700000|100%| E|CS|TAMS 0x0000000089600000, 0x0000000089600000| Complete 
| 151|0x0000000089700000, 0x0000000089800000, 0x0000000089800000|100%| E|CS|TAMS 0x0000000089700000, 0x0000000089700000| Complete 
| 152|0x0000000089800000, 0x0000000089900000, 0x0000000089900000|100%| E|CS|TAMS 0x0000000089800000, 0x0000000089800000| Complete 
| 153|0x0000000089900000, 0x0000000089a00000, 0x0000000089a00000|100%| E|CS|TAMS 0x0000000089900000, 0x0000000089900000| Complete 
| 154|0x0000000089a00000, 0x0000000089b00000, 0x0000000089b00000|100%| E|CS|TAMS 0x0000000089a00000, 0x0000000089a00000| Complete 
| 155|0x0000000089b00000, 0x0000000089c00000, 0x0000000089c00000|100%| E|CS|TAMS 0x0000000089b00000, 0x0000000089b00000| Complete 

Card table byte_map: [0x000001e314f20000,0x000001e315320000] _byte_map_base: 0x000001e314b20000

Marking Bits (Prev, Next): (CMBitMap*) 0x000001e3003dfe78, (CMBitMap*) 0x000001e3003dfeb0
 Prev Bits: [0x000001e315720000, 0x000001e317720000)
 Next Bits: [0x000001e317720000, 0x000001e319720000)

Polling page: 0x000001e300470000

Metaspace:

Usage:
  Non-class:     97.83 MB capacity,    95.18 MB ( 97%) used,     2.20 MB (  2%) free+waste,   455.88 KB ( <1%) overhead. 
      Class:     14.93 MB capacity,    13.53 MB ( 91%) used,     1.20 MB (  8%) free+waste,   203.94 KB (  1%) overhead. 
       Both:    112.75 MB capacity,   108.71 MB ( 96%) used,     3.39 MB (  3%) free+waste,   659.81 KB ( <1%) overhead. 

Virtual space:
  Non-class space:       98.00 MB reserved,      97.95 MB (>99%) committed 
      Class space:        1.00 GB reserved,      15.00 MB (  1%) committed 
             Both:        1.10 GB reserved,     112.95 MB ( 10%) committed 

Chunk freelists:
   Non-Class:  2.00 KB
       Class:  0 bytes
        Both:  2.00 KB

MaxMetaspaceSize: 17179869184.00 GB
CompressedClassSpaceSize: 1.00 GB

CodeHeap 'non-profiled nmethods': size=120064Kb used=15866Kb max_used=15885Kb free=104197Kb
 bounds [0x000001e30cfb0000, 0x000001e30df40000, 0x000001e3144f0000]
CodeHeap 'profiled nmethods': size=120000Kb used=38739Kb max_used=40193Kb free=81260Kb
 bounds [0x000001e305a80000, 0x000001e308210000, 0x000001e30cfb0000]
CodeHeap 'non-nmethods': size=5696Kb used=2342Kb max_used=2416Kb free=3353Kb
 bounds [0x000001e3054f0000, 0x000001e305760000, 0x000001e305a80000]
 total_blobs=19506 nmethods=18541 adapters=873
 compilation: enabled
              stopped_count=0, restarted_count=0
 full_count=0

Compilation events (20 events):
Event: 6116.564 Thread 0x000001e31c71e800 23041       3       com.android.build.api.component.impl.ComponentPropertiesImpl::getJavaClasspath (107 bytes)
Event: 6116.566 Thread 0x000001e31c71e800 nmethod 23041 0x000001e3066aa510 code [0x000001e3066aa7e0, 0x000001e3066ab658]
Event: 6116.566 Thread 0x000001e31c71e800 23042       3       com.android.build.api.component.impl.ComponentPropertiesImpl::getCompiledRClasses (487 bytes)
Event: 6116.588 Thread 0x000001e31c71e800 nmethod 23042 0x000001e306905d90 code [0x000001e3069065c0, 0x000001e30690b3d8]
Event: 6116.588 Thread 0x000001e31c71e800 23043       3       com.android.build.api.variant.impl.ApplicationVariantPropertiesImpl_Decorated::getTestedConfig (40 bytes)
Event: 6116.589 Thread 0x000001e31c71e800 nmethod 23043 0x000001e30668df90 code [0x000001e30668e1c0, 0x000001e30668e8c8]
Event: 6116.589 Thread 0x000001e31c71e800 23044   !   3       jdk.internal.reflect.GeneratedMethodAccessor79::invoke (76 bytes)
Event: 6116.590 Thread 0x000001e31c71e800 nmethod 23044 0x000001e3066a9610 code [0x000001e3066a9860, 0x000001e3066aa138]
Event: 6116.608 Thread 0x000001e31c71e800 23045   !   3       java.rmi.server.UID::<init> (164 bytes)
Event: 6116.610 Thread 0x000001e31c71e800 nmethod 23045 0x000001e3066f2190 code [0x000001e3066f2400, 0x000001e3066f2f48]
Event: 6117.010 Thread 0x000001e31c71e800 23046       3       kotlin.reflect.jvm.internal.KPropertyImpl$Setter::getCaller (17 bytes)
Event: 6117.010 Thread 0x000001e31c71e800 nmethod 23046 0x000001e306436110 code [0x000001e3064362e0, 0x000001e3064365a8]
Event: 6117.010 Thread 0x000001e31c71e800 23047       3       kotlin.collections.ArraysKt___ArraysJvmKt::copyOfRange (27 bytes)
Event: 6117.011 Thread 0x000001e31c71e800 nmethod 23047 0x000001e3065a0410 code [0x000001e3065a0600, 0x000001e3065a08f8]
Event: 6117.011 Thread 0x000001e31c71e800 23048       3       kotlin.collections.ArraysKt__ArraysJVMKt::copyOfRangeToIndexCheck (50 bytes)
Event: 6117.012 Thread 0x000001e31c71e800 nmethod 23048 0x000001e30678da90 code [0x000001e30678dd40, 0x000001e30678e788]
Event: 6117.021 Thread 0x000001e31c71e800 23049   !   3       sun.rmi.transport.tcp.TCPChannel::newConnection (105 bytes)
Event: 6117.022 Thread 0x000001e31c71e800 nmethod 23049 0x000001e305b3c890 code [0x000001e305b3cae0, 0x000001e305b3d3b8]
Event: 6117.024 Thread 0x000001e31c71e800 23051   !   3       sun.rmi.transport.tcp.TCPChannel::free (161 bytes)
Event: 6117.026 Thread 0x000001e31c71e800 nmethod 23051 0x000001e305b7a510 code [0x000001e305b7a780, 0x000001e305b7b218]

GC Heap History (20 events):
Event: 5975.617 GC heap before
{Heap before GC invocations=223 (full 0):
 garbage-first heap   total 159744K, used 132214K [0x0000000080000000, 0x0000000100000000)
  region size 1024K, 43 young (44032K), 2 survivors (2048K)
 Metaspace       used 111191K, capacity 115326K, committed 115408K, reserved 1148928K
  class space    used 13856K, capacity 15285K, committed 15360K, reserved 1048576K
}
Event: 5975.633 GC heap after
{Heap after GC invocations=224 (full 0):
 garbage-first heap   total 159744K, used 95391K [0x0000000080000000, 0x0000000100000000)
  region size 1024K, 6 young (6144K), 6 survivors (6144K)
 Metaspace       used 111191K, capacity 115326K, committed 115408K, reserved 1148928K
  class space    used 13856K, capacity 15285K, committed 15360K, reserved 1048576K
}
Event: 5975.639 GC heap before
{Heap before GC invocations=224 (full 0):
 garbage-first heap   total 159744K, used 96415K [0x0000000080000000, 0x0000000100000000)
  region size 1024K, 7 young (7168K), 6 survivors (6144K)
 Metaspace       used 111191K, capacity 115326K, committed 115408K, reserved 1148928K
  class space    used 13856K, capacity 15285K, committed 15360K, reserved 1048576K
}
Event: 5975.659 GC heap after
{Heap after GC invocations=225 (full 0):
 garbage-first heap   total 159744K, used 88814K [0x0000000080000000, 0x0000000100000000)
  region size 1024K, 1 young (1024K), 1 survivors (1024K)
 Metaspace       used 111191K, capacity 115326K, committed 115408K, reserved 1148928K
  class space    used 13856K, capacity 15285K, committed 15360K, reserved 1048576K
}
Event: 5976.368 GC heap before
{Heap before GC invocations=225 (full 0):
 garbage-first heap   total 159744K, used 129774K [0x0000000080000000, 0x0000000100000000)
  region size 1024K, 42 young (43008K), 1 survivors (1024K)
 Metaspace       used 111198K, capacity 115332K, committed 115408K, reserved 1148928K
  class space    used 13857K, capacity 15286K, committed 15360K, reserved 1048576K
}
Event: 5976.380 GC heap after
{Heap after GC invocations=226 (full 0):
 garbage-first heap   total 159744K, used 89460K [0x0000000080000000, 0x0000000100000000)
  region size 1024K, 2 young (2048K), 2 survivors (2048K)
 Metaspace       used 111198K, capacity 115332K, committed 115408K, reserved 1148928K
  class space    used 13857K, capacity 15286K, committed 15360K, reserved 1048576K
}
Event: 5977.693 GC heap before
{Heap before GC invocations=227 (full 0):
 garbage-first heap   total 159744K, used 130420K [0x0000000080000000, 0x0000000100000000)
  region size 1024K, 44 young (45056K), 2 survivors (2048K)
 Metaspace       used 111226K, capacity 115460K, committed 115664K, reserved 1148928K
  class space    used 13857K, capacity 15286K, committed 15360K, reserved 1048576K
}
Event: 5977.706 GC heap after
{Heap after GC invocations=228 (full 0):
 garbage-first heap   total 159744K, used 92024K [0x0000000080000000, 0x0000000100000000)
  region size 1024K, 5 young (5120K), 5 survivors (5120K)
 Metaspace       used 111226K, capacity 115460K, committed 115664K, reserved 1148928K
  class space    used 13857K, capacity 15286K, committed 15360K, reserved 1048576K
}
Event: 5977.716 GC heap before
{Heap before GC invocations=228 (full 0):
 garbage-first heap   total 159744K, used 94072K [0x0000000080000000, 0x0000000100000000)
  region size 1024K, 7 young (7168K), 5 survivors (5120K)
 Metaspace       used 111226K, capacity 115460K, committed 115664K, reserved 1148928K
  class space    used 13857K, capacity 15286K, committed 15360K, reserved 1048576K
}
Event: 5977.733 GC heap after
{Heap after GC invocations=229 (full 0):
 garbage-first heap   total 159744K, used 87826K [0x0000000080000000, 0x0000000100000000)
  region size 1024K, 1 young (1024K), 1 survivors (1024K)
 Metaspace       used 111226K, capacity 115460K, committed 115664K, reserved 1148928K
  class space    used 13857K, capacity 15286K, committed 15360K, reserved 1048576K
}
Event: 5977.857 GC heap before
{Heap before GC invocations=229 (full 0):
 garbage-first heap   total 159744K, used 100114K [0x0000000080000000, 0x0000000100000000)
  region size 1024K, 15 young (15360K), 1 survivors (1024K)
 Metaspace       used 111227K, capacity 115460K, committed 115664K, reserved 1148928K
  class space    used 13857K, capacity 15286K, committed 15360K, reserved 1048576K
}
Event: 5977.876 GC heap after
{Heap after GC invocations=230 (full 0):
 garbage-first heap   total 159744K, used 91808K [0x0000000080000000, 0x0000000100000000)
  region size 1024K, 5 young (5120K), 5 survivors (5120K)
 Metaspace       used 111227K, capacity 115460K, committed 115664K, reserved 1148928K
  class space    used 13857K, capacity 15286K, committed 15360K, reserved 1048576K
}
Event: 6115.503 GC heap before
{Heap before GC invocations=231 (full 0):
 garbage-first heap   total 159744K, used 131744K [0x0000000080000000, 0x0000000100000000)
  region size 1024K, 37 young (37888K), 5 survivors (5120K)
 Metaspace       used 111251K, capacity 115460K, committed 115664K, reserved 1148928K
  class space    used 13857K, capacity 15286K, committed 15360K, reserved 1048576K
}
Event: 6115.521 GC heap after
{Heap after GC invocations=232 (full 0):
 garbage-first heap   total 159744K, used 91130K [0x0000000080000000, 0x0000000100000000)
  region size 1024K, 2 young (2048K), 2 survivors (2048K)
 Metaspace       used 111251K, capacity 115460K, committed 115664K, reserved 1148928K
  class space    used 13857K, capacity 15286K, committed 15360K, reserved 1048576K
}
Event: 6115.622 GC heap before
{Heap before GC invocations=232 (full 0):
 garbage-first heap   total 159744K, used 95226K [0x0000000080000000, 0x0000000100000000)
  region size 1024K, 7 young (7168K), 2 survivors (2048K)
 Metaspace       used 111259K, capacity 115460K, committed 115664K, reserved 1148928K
  class space    used 13857K, capacity 15286K, committed 15360K, reserved 1048576K
}
Event: 6115.635 GC heap after
{Heap after GC invocations=233 (full 0):
 garbage-first heap   total 159744K, used 91116K [0x0000000080000000, 0x0000000100000000)
  region size 1024K, 1 young (1024K), 1 survivors (1024K)
 Metaspace       used 111259K, capacity 115460K, committed 115664K, reserved 1148928K
  class space    used 13857K, capacity 15286K, committed 15360K, reserved 1048576K
}
Event: 6116.148 GC heap before
{Heap before GC invocations=233 (full 0):
 garbage-first heap   total 159744K, used 124908K [0x0000000080000000, 0x0000000100000000)
  region size 1024K, 35 young (35840K), 1 survivors (1024K)
 Metaspace       used 111297K, capacity 115460K, committed 115664K, reserved 1148928K
  class space    used 13857K, capacity 15286K, committed 15360K, reserved 1048576K
}
Event: 6116.171 GC heap after
{Heap after GC invocations=234 (full 0):
 garbage-first heap   total 159744K, used 94219K [0x0000000080000000, 0x0000000100000000)
  region size 1024K, 4 young (4096K), 4 survivors (4096K)
 Metaspace       used 111297K, capacity 115460K, committed 115664K, reserved 1148928K
  class space    used 13857K, capacity 15286K, committed 15360K, reserved 1048576K
}
Event: 6116.572 GC heap before
{Heap before GC invocations=234 (full 0):
 garbage-first heap   total 159744K, used 126976K [0x0000000080000000, 0x0000000100000000)
  region size 1024K, 37 young (37888K), 4 survivors (4096K)
 Metaspace       used 111311K, capacity 115460K, committed 115664K, reserved 1148928K
  class space    used 13857K, capacity 15286K, committed 15360K, reserved 1048576K
}
Event: 6116.587 GC heap after
{Heap after GC invocations=235 (full 0):
 garbage-first heap   total 159744K, used 95620K [0x0000000080000000, 0x0000000100000000)
  region size 1024K, 2 young (2048K), 2 survivors (2048K)
 Metaspace       used 111311K, capacity 115460K, committed 115664K, reserved 1148928K
  class space    used 13857K, capacity 15286K, committed 15360K, reserved 1048576K
}

Deoptimization events (20 events):
Event: 5679.112 Thread 0x000001e3235cb000 DEOPT PACKING pc=0x000001e3072f4561 sp=0x0000000f9a5fed50
Event: 5679.112 Thread 0x000001e3235cb000 DEOPT UNPACKING pc=0x000001e30551724e sp=0x0000000f9a5fe240 mode 0
Event: 5679.120 Thread 0x000001e3235cb000 DEOPT PACKING pc=0x000001e3072f4561 sp=0x0000000f9a5fed80
Event: 5679.120 Thread 0x000001e3235cb000 DEOPT UNPACKING pc=0x000001e30551724e sp=0x0000000f9a5fe270 mode 0
Event: 5679.124 Thread 0x000001e3235cb000 DEOPT PACKING pc=0x000001e3072f4561 sp=0x0000000f9a5fed80
Event: 5679.124 Thread 0x000001e3235cb000 DEOPT UNPACKING pc=0x000001e30551724e sp=0x0000000f9a5fe270 mode 0
Event: 5756.443 Thread 0x000001e3235d1800 Uncommon trap: trap_request=0xffffff5c fr.pc=0x000001e30d694408 relative=0x0000000000002248
Event: 5756.443 Thread 0x000001e3235d1800 Uncommon trap: reason=speculate_null_assert action=make_not_entrant pc=0x000001e30d694408 method=com.google.common.collect.Interners$InternerImpl.intern(Ljava/lang/Object;)Ljava/lang/Object; @ 42 c2
Event: 5756.443 Thread 0x000001e3235d1800 DEOPT PACKING pc=0x000001e30d694408 sp=0x0000000f916fe0d0
Event: 5756.443 Thread 0x000001e3235d1800 DEOPT UNPACKING pc=0x000001e30551742f sp=0x0000000f916fe0d0 mode 2
Event: 5975.830 Thread 0x000001e3235d2800 Uncommon trap: trap_request=0xffffff4d fr.pc=0x000001e30d571c10 relative=0x0000000000003290
Event: 5975.830 Thread 0x000001e3235d2800 Uncommon trap: reason=unstable_if action=reinterpret pc=0x000001e30d571c10 method=java.util.concurrent.locks.LockSupport.unpark(Ljava/lang/Thread;)V @ 1 c2
Event: 5975.830 Thread 0x000001e3235d2800 DEOPT PACKING pc=0x000001e30d571c10 sp=0x0000000f917fec10
Event: 5975.830 Thread 0x000001e3235d2800 DEOPT UNPACKING pc=0x000001e30551742f sp=0x0000000f917fe9f0 mode 2
Event: 5977.681 Thread 0x000001e31efa5000 DEOPT PACKING pc=0x000001e307f21edd sp=0x0000000f99dfd8f0
Event: 5977.681 Thread 0x000001e31efa5000 DEOPT UNPACKING pc=0x000001e30551724e sp=0x0000000f99dfcdd8 mode 0
Event: 5977.682 Thread 0x000001e31efa5000 DEOPT PACKING pc=0x000001e307f21edd sp=0x0000000f99dfd8f0
Event: 5977.683 Thread 0x000001e31efa5000 DEOPT UNPACKING pc=0x000001e30551724e sp=0x0000000f99dfcdd8 mode 0
Event: 6115.767 Thread 0x000001e31e891000 DEOPT PACKING pc=0x000001e3066bd7bb sp=0x0000000f90af9b50
Event: 6115.767 Thread 0x000001e31e891000 DEOPT UNPACKING pc=0x000001e30551724e sp=0x0000000f90af9090 mode 0

Classes redefined (0 events):
No events

Internal exceptions (20 events):
Event: 6116.540 Thread 0x000001e320c5c000 Exception <a 'sun/nio/fs/WindowsException'{0x0000000087c4aad8}> (0x0000000087c4aad8) thrown at [./src/hotspot/share/prims/jni.cpp, line 615]
Event: 6116.541 Thread 0x000001e320c5c000 Exception <a 'sun/nio/fs/WindowsException'{0x0000000087c4b450}> (0x0000000087c4b450) thrown at [./src/hotspot/share/prims/jni.cpp, line 615]
Event: 6116.603 Thread 0x000001e31ef9e000 Exception <a 'java/lang/InterruptedException'{0x0000000089b55d80}> (0x0000000089b55d80) thrown at [./src/hotspot/share/runtime/objectMonitor.cpp, line 1635]
Event: 6116.956 Thread 0x000001e31ef9a800 Exception <a 'sun/nio/fs/WindowsException'{0x00000000893ecb80}> (0x00000000893ecb80) thrown at [./src/hotspot/share/prims/jni.cpp, line 615]
Event: 6116.956 Thread 0x000001e31ef9a800 Exception <a 'sun/nio/fs/WindowsException'{0x00000000893ed748}> (0x00000000893ed748) thrown at [./src/hotspot/share/prims/jni.cpp, line 615]
Event: 6116.960 Thread 0x000001e31ef9a800 Exception <a 'sun/nio/fs/WindowsException'{0x000000008926b378}> (0x000000008926b378) thrown at [./src/hotspot/share/prims/jni.cpp, line 615]
Event: 6116.960 Thread 0x000001e31ef9a800 Exception <a 'sun/nio/fs/WindowsException'{0x000000008926bf88}> (0x000000008926bf88) thrown at [./src/hotspot/share/prims/jni.cpp, line 615]
Event: 6116.960 Thread 0x000001e31ef9a800 Exception <a 'sun/nio/fs/WindowsException'{0x000000008926d580}> (0x000000008926d580) thrown at [./src/hotspot/share/prims/jni.cpp, line 615]
Event: 6116.960 Thread 0x000001e31ef9a800 Exception <a 'sun/nio/fs/WindowsException'{0x000000008926e150}> (0x000000008926e150) thrown at [./src/hotspot/share/prims/jni.cpp, line 615]
Event: 6116.962 Thread 0x000001e31ef9a800 Exception <a 'sun/nio/fs/WindowsException'{0x00000000892866a8}> (0x00000000892866a8) thrown at [./src/hotspot/share/prims/jni.cpp, line 615]
Event: 6116.962 Thread 0x000001e31ef9a800 Exception <a 'sun/nio/fs/WindowsException'{0x0000000089286fb0}> (0x0000000089286fb0) thrown at [./src/hotspot/share/prims/jni.cpp, line 615]
Event: 6116.962 Thread 0x000001e31ef9a800 Exception <a 'sun/nio/fs/WindowsException'{0x0000000089288d88}> (0x0000000089288d88) thrown at [./src/hotspot/share/prims/jni.cpp, line 615]
Event: 6116.962 Thread 0x000001e31ef9a800 Exception <a 'sun/nio/fs/WindowsException'{0x0000000089289958}> (0x0000000089289958) thrown at [./src/hotspot/share/prims/jni.cpp, line 615]
Event: 6116.962 Thread 0x000001e31ef9a800 Exception <a 'sun/nio/fs/WindowsException'{0x000000008928b6c8}> (0x000000008928b6c8) thrown at [./src/hotspot/share/prims/jni.cpp, line 615]
Event: 6116.962 Thread 0x000001e31ef9a800 Exception <a 'sun/nio/fs/WindowsException'{0x000000008928c290}> (0x000000008928c290) thrown at [./src/hotspot/share/prims/jni.cpp, line 615]
Event: 6116.962 Thread 0x000001e31ef9a800 Exception <a 'sun/nio/fs/WindowsException'{0x000000008928dd90}> (0x000000008928dd90) thrown at [./src/hotspot/share/prims/jni.cpp, line 615]
Event: 6116.962 Thread 0x000001e31ef9a800 Exception <a 'sun/nio/fs/WindowsException'{0x000000008928e968}> (0x000000008928e968) thrown at [./src/hotspot/share/prims/jni.cpp, line 615]
Event: 6116.962 Thread 0x000001e31ef9a800 Exception <a 'sun/nio/fs/WindowsException'{0x0000000089290718}> (0x0000000089290718) thrown at [./src/hotspot/share/prims/jni.cpp, line 615]
Event: 6116.963 Thread 0x000001e31ef9a800 Exception <a 'sun/nio/fs/WindowsException'{0x00000000892912e8}> (0x00000000892912e8) thrown at [./src/hotspot/share/prims/jni.cpp, line 615]
Event: 6117.026 Thread 0x000001e31efa1000 Exception <a 'java/lang/InterruptedException'{0x00000000890993c8}> (0x00000000890993c8) thrown at [./src/hotspot/share/runtime/objectMonitor.cpp, line 1635]

Events (20 events):
Event: 6117.041 Thread 0x000001e31c724000 flushing nmethod 0x000001e3073b9b10
Event: 6117.041 Thread 0x000001e31c724000 flushing nmethod 0x000001e307460a10
Event: 6117.042 Thread 0x000001e31c724000 flushing nmethod 0x000001e3074dc210
Event: 6117.042 Thread 0x000001e31c724000 flushing nmethod 0x000001e307533e90
Event: 6117.042 Thread 0x000001e31c724000 flushing nmethod 0x000001e3075c4990
Event: 6117.042 Thread 0x000001e31c724000 flushing nmethod 0x000001e3075f0490
Event: 6117.042 Thread 0x000001e31c724000 flushing nmethod 0x000001e30762c690
Event: 6117.044 Thread 0x000001e31c724000 flushing nmethod 0x000001e3077a8810
Event: 6117.044 Thread 0x000001e31c724000 flushing nmethod 0x000001e3077fef10
Event: 6117.044 Thread 0x000001e31c724000 flushing nmethod 0x000001e307840410
Event: 6117.045 Thread 0x000001e31c724000 flushing nmethod 0x000001e30794a910
Event: 6117.046 Thread 0x000001e31c724000 flushing nmethod 0x000001e307952790
Event: 6117.046 Thread 0x000001e31c724000 flushing nmethod 0x000001e307a01f90
Event: 6117.047 Thread 0x000001e31c724000 flushing nmethod 0x000001e307b2ca90
Event: 6117.047 Thread 0x000001e31c724000 flushing nmethod 0x000001e307b5ad10
Event: 6117.048 Thread 0x000001e31c724000 flushing nmethod 0x000001e307c79e10
Event: 6117.049 Thread 0x000001e31c724000 flushing nmethod 0x000001e307e0c190
Event: 6117.051 Thread 0x000001e31c724000 flushing nmethod 0x000001e307fc3d90
Event: 6117.169 Executing VM operation: RevokeBias
Event: 6117.169 Executing VM operation: RevokeBias done


Dynamic libraries:
0x00007ff6b6c50000 - 0x00007ff6b6c5a000 	D:\Android\Android Studio\jre\bin\java.exe
0x00007ffb5d0a0000 - 0x00007ffb5d28d000 	C:\Windows\SYSTEM32\ntdll.dll
0x00007ffb5a630000 - 0x00007ffb5a6e3000 	C:\Windows\System32\KERNEL32.DLL
0x00007ffb59200000 - 0x00007ffb59495000 	C:\Windows\System32\KERNELBASE.dll
0x00007ffb5a110000 - 0x00007ffb5a20a000 	C:\Windows\System32\ucrtbase.dll
0x00007ffb51c60000 - 0x00007ffb51c79000 	D:\Android\Android Studio\jre\bin\jli.dll
0x00007ffb51c40000 - 0x00007ffb51c57000 	D:\Android\Android Studio\jre\bin\VCRUNTIME140.dll
0x00007ffb5a700000 - 0x00007ffb5a898000 	C:\Windows\System32\USER32.dll
0x00007ffb5a210000 - 0x00007ffb5a230000 	C:\Windows\System32\win32u.dll
0x00007ffb5b7a0000 - 0x00007ffb5b7c9000 	C:\Windows\System32\GDI32.dll
0x00007ffb4b8c0000 - 0x00007ffb4bb39000 	C:\Windows\WinSxS\amd64_microsoft.windows.common-controls_6595b64144ccf1df_6.0.17763.2114_none_de6e8966534dbac6\COMCTL32.dll
0x00007ffb59f50000 - 0x00007ffb5a0ec000 	C:\Windows\System32\gdi32full.dll
0x00007ffb5b540000 - 0x00007ffb5b5de000 	C:\Windows\System32\msvcrt.dll
0x00007ffb5b210000 - 0x00007ffb5b53d000 	C:\Windows\System32\combase.dll
0x00007ffb5a230000 - 0x00007ffb5a2d0000 	C:\Windows\System32\msvcp_win.dll
0x00007ffb5cea0000 - 0x00007ffb5cfbf000 	C:\Windows\System32\RPCRT4.dll
0x00007ffb59c70000 - 0x00007ffb59cf2000 	C:\Windows\System32\bcryptPrimitives.dll
0x00007ffb5a930000 - 0x00007ffb5a95e000 	C:\Windows\System32\IMM32.DLL
0x00007ffb42ff0000 - 0x00007ffb4308d000 	D:\Android\Android Studio\jre\bin\msvcp140.dll
0x00007ffb36cc0000 - 0x00007ffb3777c000 	D:\Android\Android Studio\jre\bin\server\jvm.dll
0x00007ffb5cfc0000 - 0x00007ffb5d064000 	C:\Windows\System32\ADVAPI32.dll
0x00007ffb5b6a0000 - 0x00007ffb5b73e000 	C:\Windows\System32\sechost.dll
0x00007ffb5b690000 - 0x00007ffb5b698000 	C:\Windows\System32\PSAPI.DLL
0x00007ffb55370000 - 0x00007ffb55379000 	C:\Windows\SYSTEM32\WSOCK32.dll
0x00007ffb5aad0000 - 0x00007ffb5ab3d000 	C:\Windows\System32\WS2_32.dll
0x00007ffb571e0000 - 0x00007ffb57204000 	C:\Windows\SYSTEM32\WINMM.dll
0x00007ffb4bf00000 - 0x00007ffb4bf0a000 	C:\Windows\SYSTEM32\VERSION.dll
0x00007ffb57080000 - 0x00007ffb570ad000 	C:\Windows\SYSTEM32\WINMMBASE.dll
0x00007ffb594a0000 - 0x00007ffb594ea000 	C:\Windows\System32\cfgmgr32.dll
0x00007ffb590d0000 - 0x00007ffb590e1000 	C:\Windows\System32\kernel.appcore.dll
0x00007ffb546e0000 - 0x00007ffb546f1000 	D:\Android\Android Studio\jre\bin\verify.dll
0x00007ffb49a60000 - 0x00007ffb49c4d000 	C:\Windows\SYSTEM32\DBGHELP.DLL
0x00007ffb49cb0000 - 0x00007ffb49cda000 	C:\Windows\SYSTEM32\dbgcore.DLL
0x00007ffb53cd0000 - 0x00007ffb53cf9000 	D:\Android\Android Studio\jre\bin\java.dll
0x00007ffb55360000 - 0x00007ffb5536b000 	D:\Android\Android Studio\jre\bin\jimage.dll
0x00007ffb53cb0000 - 0x00007ffb53cc8000 	D:\Android\Android Studio\jre\bin\zip.dll
0x00007ffb5b9a0000 - 0x00007ffb5ce99000 	C:\Windows\System32\SHELL32.dll
0x00007ffb5a9c0000 - 0x00007ffb5aa68000 	C:\Windows\System32\shcore.dll
0x00007ffb59520000 - 0x00007ffb59c6b000 	C:\Windows\System32\windows.storage.dll
0x00007ffb59080000 - 0x00007ffb590a4000 	C:\Windows\System32\profapi.dll
0x00007ffb590f0000 - 0x00007ffb5914d000 	C:\Windows\System32\powrprof.dll
0x00007ffb5aa70000 - 0x00007ffb5aac2000 	C:\Windows\System32\shlwapi.dll
0x00007ffb5a0f0000 - 0x00007ffb5a107000 	C:\Windows\System32\cryptsp.dll
0x00007ffb53c90000 - 0x00007ffb53caa000 	D:\Android\Android Studio\jre\bin\net.dll
0x00007ffb504e0000 - 0x00007ffb505d1000 	C:\Windows\SYSTEM32\WINHTTP.dll
0x00007ffb58870000 - 0x00007ffb588d7000 	C:\Windows\system32\mswsock.dll
0x00007ffb53c70000 - 0x00007ffb53c84000 	D:\Android\Android Studio\jre\bin\nio.dll
0x00007ffb53080000 - 0x00007ffb530a7000 	C:\Users\Home\.gradle\native\f6784746aeab05261644944871eae4fe03e0ef1612fff0a4a95f87b438bc6780\windows-amd64\native-platform.dll
0x00007ffb54e90000 - 0x00007ffb54e9a000 	D:\Android\Android Studio\jre\bin\management.dll
0x00007ffb54960000 - 0x00007ffb5496c000 	D:\Android\Android Studio\jre\bin\management_ext.dll
0x00007ffb58400000 - 0x00007ffb58433000 	C:\Windows\system32\rsaenh.dll
0x00007ffb594f0000 - 0x00007ffb59516000 	C:\Windows\System32\bcrypt.dll
0x00007ffb58fb0000 - 0x00007ffb58fd9000 	C:\Windows\SYSTEM32\USERENV.dll
0x00007ffb58a40000 - 0x00007ffb58a4c000 	C:\Windows\SYSTEM32\CRYPTBASE.dll
0x00007ffb58590000 - 0x00007ffb585cd000 	C:\Windows\SYSTEM32\IPHLPAPI.DLL
0x00007ffb5a6f0000 - 0x00007ffb5a6f8000 	C:\Windows\System32\NSI.dll
0x00007ffb51180000 - 0x00007ffb51196000 	C:\Windows\SYSTEM32\dhcpcsvc6.DLL
0x00007ffb52140000 - 0x00007ffb5215c000 	C:\Windows\SYSTEM32\dhcpcsvc.DLL
0x00007ffb585d0000 - 0x00007ffb58696000 	C:\Windows\SYSTEM32\DNSAPI.dll
0x00007ffb52e70000 - 0x00007ffb52e7b000 	C:\Windows\SYSTEM32\WINNSI.DLL
0x00007ffb50240000 - 0x00007ffb5025e000 	C:\Users\Home\AppData\Local\Temp\native-platform7947590957923379802dir\native-platform.dll
0x00007ffb53ae0000 - 0x00007ffb53ae8000 	D:\Android\Android Studio\jre\bin\rmi.dll
0x00007ffb53180000 - 0x00007ffb531a7000 	D:\Android\Android Studio\jre\bin\sunec.dll

dbghelp: loaded successfully - version: 4.0.5 - missing functions: none
symbol engine: initialized successfully - sym options: 0x614 - pdb path: .;D:\Android\Android Studio\jre\bin;C:\Windows\SYSTEM32;C:\Windows\WinSxS\amd64_microsoft.windows.common-controls_6595b64144ccf1df_6.0.17763.2114_none_de6e8966534dbac6;D:\Android\Android Studio\jre\bin\server;C:\Users\Home\.gradle\native\f6784746aeab05261644944871eae4fe03e0ef1612fff0a4a95f87b438bc6780\windows-amd64;C:\Users\Home\AppData\Local\Temp\native-platform7947590957923379802dir

VM Arguments:
jvm_args: --add-opens=java.base/java.util=ALL-UNNAMED --add-opens=java.base/java.lang=ALL-UNNAMED --add-opens=java.base/java.lang.invoke=ALL-UNNAMED --add-opens=java.prefs/java.util.prefs=ALL-UNNAMED -Xmx2048m -Dfile.encoding=UTF-8 -Duser.country=RU -Duser.language=ru -Duser.variant 
java_command: org.gradle.launcher.daemon.bootstrap.GradleDaemon 6.5
java_class_path (initial): C:\Users\Home\.gradle\wrapper\dists\gradle-6.5-all\2oz4ud9k3tuxjg84bbf55q0tn\gradle-6.5\lib\gradle-launcher-6.5.jar
Launcher Type: SUN_STANDARD

[Global flags]
     intx CICompilerCount                          = 3                                         {product} {ergonomic}
     uint ConcGCThreads                            = 1                                         {product} {ergonomic}
     uint G1ConcRefinementThreads                  = 4                                         {product} {ergonomic}
   size_t G1HeapRegionSize                         = 1048576                                   {product} {ergonomic}
    uintx GCDrainStackTargetSize                   = 64                                        {product} {ergonomic}
   size_t InitialHeapSize                          = 65011712                                  {product} {ergonomic}
   size_t MarkStackSize                            = 4194304                                   {product} {ergonomic}
   size_t MaxHeapSize                              = 2147483648                                {product} {command line}
   size_t MaxNewSize                               = 1287651328                                {product} {ergonomic}
   size_t MinHeapDeltaBytes                        = 1048576                                   {product} {ergonomic}
    uintx NonNMethodCodeHeapSize                   = 5830732                                {pd product} {ergonomic}
    uintx NonProfiledCodeHeapSize                  = 122913754                              {pd product} {ergonomic}
    uintx ProfiledCodeHeapSize                     = 122913754                              {pd product} {ergonomic}
    uintx ReservedCodeCacheSize                    = 251658240                              {pd product} {ergonomic}
     bool SegmentedCodeCache                       = true                                      {product} {ergonomic}
     bool UseCompressedClassPointers               = true                                 {lp64_product} {ergonomic}
     bool UseCompressedOops                        = true                                 {lp64_product} {ergonomic}
     bool UseG1GC                                  = true                                      {product} {ergonomic}
     bool UseLargePagesIndividualAllocation        = false                                  {pd product} {ergonomic}

Logging:
Log output configuration:
 #0: stdout all=warning uptime,level,tags
 #1: stderr all=off uptime,level,tags

Environment Variables:
PATH=C:\Program Files (x86)\Common Files\Oracle\Java\javapath;C:\Windows\system32;C:\Windows;C:\Windows\System32\Wbem;C:\Windows\System32\WindowsPowerShell\v1.0\;C:\Windows\System32\OpenSSH\;D:\AndroidProjects\Git\cmd;C:\Users\Home\AppData\Local\Microsoft\WindowsApps;
USERNAME=Home
OS=Windows_NT
PROCESSOR_IDENTIFIER=Intel64 Family 6 Model 42 Stepping 7, GenuineIntel



---------------  S Y S T E M  ---------------

OS: Windows 10 , 64 bit Build 17763 (10.0.17763.2090)
OS uptime: 0 days 3:19 hours

CPU:total 4 (initial active 4) (2 cores per cpu, 2 threads per core) family 6 model 42 stepping 7, cmov, cx8, fxsr, mmx, sse, sse2, sse3, ssse3, sse4.1, sse4.2, popcnt, avx, clmul, ht, tsc, tscinvbit

Memory: 4k page, system-wide physical 3932M (336M free)
TotalPageFile size 4732M (AvailPageFile size 4M)
current process WorkingSet (physical memory assigned to process): 394M, peak: 446M
current process commit charge ("private bytes"): 507M, peak: 517M

vm_info: OpenJDK 64-Bit Server VM (11.0.8+10-b944.6842174) for windows-amd64 JRE (11.0.8+10-b944.6842174), built on Sep 19 2020 01:11:42 by "builder" with MS VC++ 14.0 (VS2015)

END.
