#
# There is insufficient memory for the Java Runtime Environment to continue.
# Native memory allocation (malloc) failed to allocate 1116816 bytes for Chunk::new
# Possible reasons:
#   The system is out of physical RAM or swap space
#   The process is running with CompressedOops enabled, and the Java Heap may be blocking the growth of the native heap
# Possible solutions:
#   Reduce memory load on the system
#   Increase physical memory or swap space
#   Check if swap backing store is full
#   Decrease Java heap size (-Xmx/-Xms)
#   Decrease number of Java threads
#   Decrease Java thread stack sizes (-Xss)
#   Set larger code cache with -XX:ReservedCodeCacheSize=
#   JVM is running with Unscaled Compressed Oops mode in which the Java heap is
#     placed in the first 4GB address space. The Java Heap base address is the
#     maximum limit for the native heap growth. Please use -XX:HeapBaseMinAddress
#     to set the Java Heap base and to place the Java Heap above 4GB virtual address.
# This output file may be truncated or incomplete.
#
#  Out of Memory Error (./src/hotspot/share/memory/arena.cpp:197), pid=5108, tid=6576
#
# JRE version: OpenJDK Runtime Environment (11.0.8+10) (build 11.0.8+10-b944.6842174)
# Java VM: OpenJDK 64-Bit Server VM (11.0.8+10-b944.6842174, mixed mode, tiered, compressed oops, g1 gc, windows-amd64)
# No core dump will be written. Minidumps are not enabled by default on client versions of Windows
#

---------------  S U M M A R Y ------------

Command Line: --add-opens=java.base/java.util=ALL-UNNAMED --add-opens=java.base/java.lang=ALL-UNNAMED --add-opens=java.base/java.lang.invoke=ALL-UNNAMED --add-opens=java.prefs/java.util.prefs=ALL-UNNAMED -Xmx2048m -Dfile.encoding=UTF-8 -Duser.country=RU -Duser.language=ru -Duser.variant org.gradle.launcher.daemon.bootstrap.GradleDaemon 6.5

Host: Intel(R) Core(TM) i3-2370M CPU @ 2.40GHz, 4 cores, 3G,  Windows 10 , 64 bit Build 17763 (10.0.17763.2090)
Time: Wed Aug 25 14:58:38 2021 RTZ 2 (ceia) elapsed time: 251 seconds (0d 0h 4m 11s)

---------------  T H R E A D  ---------------

Current thread (0x0000025735f27000):  JavaThread "C2 CompilerThread1" daemon [_thread_in_native, id=6576, stack(0x000000b0e4f00000,0x000000b0e5000000)]


Current CompileTask:
C2: 251347 12773   !   4       java.io.ObjectOutputStream::writeObject0 (619 bytes)

Stack: [0x000000b0e4f00000,0x000000b0e5000000]
Native frames: (J=compiled Java code, j=interpreted, Vv=VM code, C=native code)
V  [jvm.dll+0x5de50a]
V  [jvm.dll+0x7122f5]
V  [jvm.dll+0x71384d]
V  [jvm.dll+0x713f03]
V  [jvm.dll+0x23e728]
V  [jvm.dll+0xb899c]
V  [jvm.dll+0xb8e9c]
V  [jvm.dll+0x2b20e4]
V  [jvm.dll+0x502098]
V  [jvm.dll+0x1ff393]
V  [jvm.dll+0x1f917c]
V  [jvm.dll+0x1f685f]
V  [jvm.dll+0x17f32c]
V  [jvm.dll+0x205047]
V  [jvm.dll+0x203891]
V  [jvm.dll+0x6dad3f]
V  [jvm.dll+0x6d3895]
V  [jvm.dll+0x5dd4a6]
C  [ucrtbase.dll+0x2268a]
C  [KERNEL32.DLL+0x17974]
C  [ntdll.dll+0x5a2f1]


---------------  P R O C E S S  ---------------

Threads class SMR info:
_java_thread_list=0x000002573fa08bc0, length=162, elements={
0x000002571b42e000, 0x0000025734e61800, 0x0000025734e6d000, 0x0000025734e7a000,
0x0000025734e7a800, 0x0000025734e7b800, 0x0000025734e84800, 0x0000025734e86000,
0x000002573593e800, 0x0000025735960000, 0x000002573797c800, 0x0000025735a38000,
0x0000025736e9c800, 0x0000025737a4f000, 0x0000025737a53800, 0x0000025737a54800,
0x0000025737a50800, 0x0000025737720000, 0x0000025735f1b800, 0x0000025735f23000,
0x0000025735f1f000, 0x0000025735f1d800, 0x0000025735f1e000, 0x0000025735f1f800,
0x0000025735f20800, 0x0000025735f22000, 0x0000025735f21800, 0x0000025735f1c800,
0x0000025735f29800, 0x0000025735f24800, 0x0000025735f25800, 0x0000025735f27000,
0x0000025735f28800, 0x0000025735f26800, 0x0000025735f2a800, 0x0000025735f28000,
0x0000025737721000, 0x0000025737726000, 0x0000025737722800, 0x0000025737727800,
0x0000025737726800, 0x0000025737721800, 0x0000025737728800, 0x0000025737729000,
0x0000025737723800, 0x000002573772a000, 0x0000025737724000, 0x000002573772a800,
0x000002573772b800, 0x000002573772c800, 0x000002573772d000, 0x000002573772e000,
0x0000025737a53000, 0x0000025737a51800, 0x0000025737a52000, 0x0000025737a55800,
0x0000025737a4f800, 0x000002573b3e2800, 0x000002573b3e3800, 0x000002573b3e5000,
0x000002573b3e6000, 0x000002573b3e6800, 0x000002573b3e4000, 0x000002573b3e1000,
0x000002573b3e7800, 0x000002573b3e2000, 0x000002573b3eb800, 0x000002573b3e8800,
0x000002573b3ec800, 0x000002573b3ed000, 0x000002573b3ee000, 0x000002573b3ea000,
0x000002573b3ef000, 0x000002573b3e9000, 0x000002573b3ea800, 0x000002573b3ef800,
0x000002573d640000, 0x000002573d63f800, 0x000002573d63c000, 0x000002573d63d000,
0x000002573d63b800, 0x000002573d641000, 0x000002573d642000, 0x000002573d63e800,
0x000002573d63d800, 0x000002573d646800, 0x000002573d645000, 0x000002573d643800,
0x000002573d647800, 0x000002573d644800, 0x000002573d646000, 0x000002573d648800,
0x000002573d642800, 0x000002573d64a000, 0x000002573d649000, 0x000002573b396800,
0x000002573b391000, 0x000002573b397800, 0x000002573b394000, 0x000002573b395000,
0x000002573b392000, 0x000002573b396000, 0x000002573b398800, 0x000002573b392800,
0x000002573b399000, 0x000002573b393800, 0x000002573b39a000, 0x000002573b39b800,
0x000002573b39e000, 0x000002573b39f000, 0x000002573b39f800, 0x000002573b39c800,
0x000002573b39b000, 0x000002573b39d000, 0x000002573ba93000, 0x000002573ba95000,
0x000002573ba90000, 0x000002573ba92800, 0x000002573ba94000, 0x000002573ba95800,
0x000002573ba96800, 0x000002573ba90800, 0x000002573ba97000, 0x000002573ba91800,
0x000002573ba98000, 0x000002573ba9a800, 0x000002573ba9e800, 0x000002573ba99000,
0x000002573ba9c000, 0x000002573ba99800, 0x000002573ba9b800, 0x000002573ba9d000,
0x000002573ba9e000, 0x000002573d9eb000, 0x000002573d9e6000, 0x000002573d9e7800,
0x000002573d9ea000, 0x000002573d9e5000, 0x000002573d9ec000, 0x000002573d9ec800,
0x000002573d9e8800, 0x000002573d9e9800, 0x000002573d9e7000, 0x000002573d9ee000,
0x000002573d9ef000, 0x000002573d9f0000, 0x000002573d9f1800, 0x000002573d9f0800,
0x000002573d9f2800, 0x000002573d9f3000, 0x000002573d9ed800, 0x000002573d9f4000,
0x000002573dfb2000, 0x000002573dfae800, 0x000002573dfb0800, 0x000002573dfb1000,
0x000002573dfac800, 0x000002573dfb3000, 0x000002573dfad000, 0x000002573dfae000,
0x000002573dfaf800, 0x000002573dda7800
}

Java Threads: ( => current thread )
  0x000002571b42e000 JavaThread "main" [_thread_blocked, id=1636, stack(0x000000b0e3000000,0x000000b0e3100000)]
  0x0000025734e61800 JavaThread "Reference Handler" daemon [_thread_blocked, id=3988, stack(0x000000b0e3700000,0x000000b0e3800000)]
  0x0000025734e6d000 JavaThread "Finalizer" daemon [_thread_blocked, id=5636, stack(0x000000b0e3800000,0x000000b0e3900000)]
  0x0000025734e7a000 JavaThread "Signal Dispatcher" daemon [_thread_blocked, id=1960, stack(0x000000b0e3900000,0x000000b0e3a00000)]
  0x0000025734e7a800 JavaThread "Attach Listener" daemon [_thread_blocked, id=7000, stack(0x000000b0e3a00000,0x000000b0e3b00000)]
  0x0000025734e7b800 JavaThread "C2 CompilerThread0" daemon [_thread_in_native, id=68, stack(0x000000b0e3b00000,0x000000b0e3c00000)]
  0x0000025734e84800 JavaThread "C1 CompilerThread0" daemon [_thread_blocked, id=5712, stack(0x000000b0e3c00000,0x000000b0e3d00000)]
  0x0000025734e86000 JavaThread "Sweeper thread" daemon [_thread_blocked, id=7140, stack(0x000000b0e3d00000,0x000000b0e3e00000)]
  0x000002573593e800 JavaThread "Common-Cleaner" daemon [_thread_blocked, id=6244, stack(0x000000b0e3e00000,0x000000b0e3f00000)]
  0x0000025735960000 JavaThread "Service Thread" daemon [_thread_blocked, id=1060, stack(0x000000b0e3f00000,0x000000b0e4000000)]
  0x000002573797c800 JavaThread "Daemon health stats" [_thread_blocked, id=1248, stack(0x000000b0e4300000,0x000000b0e4400000)]
  0x0000025735a38000 JavaThread "Incoming local TCP Connector on port 50887" [_thread_in_native, id=7364, stack(0x000000b0e4700000,0x000000b0e4800000)]
  0x0000025736e9c800 JavaThread "Daemon periodic checks" [_thread_blocked, id=2756, stack(0x000000b0e4800000,0x000000b0e4900000)]
  0x0000025737a4f000 JavaThread "Cache worker for journal cache (C:\Users\Home\.gradle\caches\journal-1)" [_thread_blocked, id=2160, stack(0x000000b0e5100000,0x000000b0e5200000)]
  0x0000025737a53800 JavaThread "File lock request listener" [_thread_in_native, id=6020, stack(0x000000b0e5200000,0x000000b0e5300000)]
  0x0000025737a54800 JavaThread "Cache worker for file hash cache (C:\Users\Home\.gradle\caches\6.5\fileHashes)" [_thread_blocked, id=7004, stack(0x000000b0e5300000,0x000000b0e5400000)]
  0x0000025737a50800 JavaThread "Cache worker for execution history cache (C:\Users\Home\.gradle\caches\6.5\executionHistory)" [_thread_blocked, id=8100, stack(0x000000b0e5800000,0x000000b0e5900000)]
  0x0000025737720000 JavaThread "Cache worker for file content cache (C:\Users\Home\.gradle\caches\6.5\fileContent)" [_thread_blocked, id=3360, stack(0x000000b0e5a00000,0x000000b0e5b00000)]
  0x0000025735f1b800 JavaThread "Memory manager" [_thread_blocked, id=8148, stack(0x000000b0ed100000,0x000000b0ed200000)]
  0x0000025735f23000 JavaThread "ForkJoinPool.commonPool-worker-5" daemon [_thread_blocked, id=6332, stack(0x000000b0ed900000,0x000000b0eda00000)]
  0x0000025735f1f000 JavaThread "Daemon Thread 2" [_thread_blocked, id=5456, stack(0x000000b0e2d00000,0x000000b0e2e00000)]
  0x0000025735f1d800 JavaThread "Handler for socket connection from /127.0.0.1:50887 to /127.0.0.1:50919" [_thread_in_native, id=8076, stack(0x000000b0e2e00000,0x000000b0e2f00000)]
  0x0000025735f1e000 JavaThread "Cancel handler" [_thread_blocked, id=1684, stack(0x000000b0e2f00000,0x000000b0e3000000)]
  0x0000025735f1f800 JavaThread "Daemon worker Thread 2" [_thread_blocked, id=2612, stack(0x000000b0e4100000,0x000000b0e4200000)]
  0x0000025735f20800 JavaThread "Asynchronous log dispatcher for DefaultDaemonConnection: socket connection from /127.0.0.1:50887 to /127.0.0.1:50919" [_thread_blocked, id=3768, stack(0x000000b0e4600000,0x000000b0e4700000)]
  0x0000025735f22000 JavaThread "Stdin handler" [_thread_blocked, id=7392, stack(0x000000b0e4900000,0x000000b0e4a00000)]
  0x0000025735f21800 JavaThread "Thread-167" [_thread_blocked, id=728, stack(0x000000b0e4a00000,0x000000b0e4b00000)]
  0x0000025735f1c800 JavaThread "Cache worker for file hash cache (D:\AndroidProjects\Unscramble\.gradle\6.5\fileHashes)" [_thread_blocked, id=2700, stack(0x000000b0e4b00000,0x000000b0e4c00000)]
  0x0000025735f29800 JavaThread "Cache worker for checksums cache (D:\AndroidProjects\Unscramble\.gradle\checksums)" [_thread_blocked, id=7864, stack(0x000000b0e4c00000,0x000000b0e4d00000)]
  0x0000025735f24800 JavaThread "Cache worker for cache directory md-supplier (C:\Users\Home\.gradle\caches\6.5\md-supplier)" [_thread_blocked, id=2224, stack(0x000000b0e4d00000,0x000000b0e4e00000)]
  0x0000025735f25800 JavaThread "Cache worker for cache directory md-rule (C:\Users\Home\.gradle\caches\6.5\md-rule)" [_thread_blocked, id=6896, stack(0x000000b0e4e00000,0x000000b0e4f00000)]
=>0x0000025735f27000 JavaThread "C2 CompilerThread1" daemon [_thread_in_native, id=6576, stack(0x000000b0e4f00000,0x000000b0e5000000)]
  0x0000025735f28800 JavaThread "Build operations" [_thread_blocked, id=6564, stack(0x000000b0e5000000,0x000000b0e5100000)]
  0x0000025735f26800 JavaThread "Build operations Thread 2" [_thread_blocked, id=3860, stack(0x000000b0e5400000,0x000000b0e5500000)]
  0x0000025735f2a800 JavaThread "Build operations Thread 3" [_thread_blocked, id=6956, stack(0x000000b0e5500000,0x000000b0e5600000)]
  0x0000025735f28000 JavaThread "Build operations Thread 4" [_thread_blocked, id=1576, stack(0x000000b0e5600000,0x000000b0e5700000)]
  0x0000025737721000 JavaThread "jar transforms Thread 115" [_thread_blocked, id=4196, stack(0x000000b0e5700000,0x000000b0e5800000)]
  0x0000025737726000 JavaThread "jar transforms Thread 116" [_thread_blocked, id=6736, stack(0x000000b0e5900000,0x000000b0e5a00000)]
  0x0000025737722800 JavaThread "jar transforms Thread 117" [_thread_blocked, id=7532, stack(0x000000b0e5b00000,0x000000b0e5c00000)]
  0x0000025737727800 JavaThread "jar transforms Thread 118" [_thread_blocked, id=4648, stack(0x000000b0e5c00000,0x000000b0e5d00000)]
  0x0000025737726800 JavaThread "jar transforms Thread 119" [_thread_blocked, id=6960, stack(0x000000b0e5d00000,0x000000b0e5e00000)]
  0x0000025737721800 JavaThread "jar transforms Thread 120" [_thread_blocked, id=5056, stack(0x000000b0e5e00000,0x000000b0e5f00000)]
  0x0000025737728800 JavaThread "jar transforms Thread 121" [_thread_blocked, id=3176, stack(0x000000b0e5f00000,0x000000b0e6000000)]
  0x0000025737729000 JavaThread "jar transforms Thread 122" [_thread_blocked, id=1436, stack(0x000000b0e6000000,0x000000b0e6100000)]
  0x0000025737723800 JavaThread "jar transforms Thread 123" [_thread_blocked, id=2176, stack(0x000000b0e6100000,0x000000b0e6200000)]
  0x000002573772a000 JavaThread "jar transforms Thread 124" [_thread_blocked, id=7316, stack(0x000000b0e6200000,0x000000b0e6300000)]
  0x0000025737724000 JavaThread "jar transforms Thread 125" [_thread_blocked, id=4556, stack(0x000000b0e6300000,0x000000b0e6400000)]
  0x000002573772a800 JavaThread "jar transforms Thread 126" [_thread_blocked, id=4436, stack(0x000000b0e6400000,0x000000b0e6500000)]
  0x000002573772b800 JavaThread "jar transforms Thread 127" [_thread_blocked, id=3560, stack(0x000000b0e6500000,0x000000b0e6600000)]
  0x000002573772c800 JavaThread "jar transforms Thread 128" [_thread_blocked, id=7776, stack(0x000000b0e6600000,0x000000b0e6700000)]
  0x000002573772d000 JavaThread "jar transforms Thread 129" [_thread_blocked, id=5756, stack(0x000000b0e6700000,0x000000b0e6800000)]
  0x000002573772e000 JavaThread "jar transforms Thread 130" [_thread_blocked, id=8116, stack(0x000000b0e6800000,0x000000b0e6900000)]
  0x0000025737a53000 JavaThread "jar transforms Thread 131" [_thread_blocked, id=7340, stack(0x000000b0e6900000,0x000000b0e6a00000)]
  0x0000025737a51800 JavaThread "jar transforms Thread 132" [_thread_blocked, id=6272, stack(0x000000b0e6a00000,0x000000b0e6b00000)]
  0x0000025737a52000 JavaThread "jar transforms Thread 133" [_thread_blocked, id=4516, stack(0x000000b0e6b00000,0x000000b0e6c00000)]
  0x0000025737a55800 JavaThread "jar transforms Thread 134" [_thread_blocked, id=2836, stack(0x000000b0e6c00000,0x000000b0e6d00000)]
  0x0000025737a4f800 JavaThread "jar transforms Thread 135" [_thread_blocked, id=5768, stack(0x000000b0e6d00000,0x000000b0e6e00000)]
  0x000002573b3e2800 JavaThread "jar transforms Thread 136" [_thread_blocked, id=6000, stack(0x000000b0e6e00000,0x000000b0e6f00000)]
  0x000002573b3e3800 JavaThread "jar transforms Thread 137" [_thread_blocked, id=6064, stack(0x000000b0e6f00000,0x000000b0e7000000)]
  0x000002573b3e5000 JavaThread "jar transforms Thread 138" [_thread_blocked, id=6696, stack(0x000000b0e7000000,0x000000b0e7100000)]
  0x000002573b3e6000 JavaThread "jar transforms Thread 139" [_thread_blocked, id=2792, stack(0x000000b0e7100000,0x000000b0e7200000)]
  0x000002573b3e6800 JavaThread "jar transforms Thread 140" [_thread_blocked, id=6236, stack(0x000000b0e7200000,0x000000b0e7300000)]
  0x000002573b3e4000 JavaThread "jar transforms Thread 141" [_thread_blocked, id=7308, stack(0x000000b0e7300000,0x000000b0e7400000)]
  0x000002573b3e1000 JavaThread "jar transforms Thread 142" [_thread_blocked, id=5812, stack(0x000000b0e7400000,0x000000b0e7500000)]
  0x000002573b3e7800 JavaThread "jar transforms Thread 143" [_thread_blocked, id=7668, stack(0x000000b0e7500000,0x000000b0e7600000)]
  0x000002573b3e2000 JavaThread "jar transforms Thread 144" [_thread_blocked, id=4296, stack(0x000000b0e7600000,0x000000b0e7700000)]
  0x000002573b3eb800 JavaThread "jar transforms Thread 145" [_thread_blocked, id=808, stack(0x000000b0e7700000,0x000000b0e7800000)]
  0x000002573b3e8800 JavaThread "jar transforms Thread 146" [_thread_blocked, id=5052, stack(0x000000b0e7800000,0x000000b0e7900000)]
  0x000002573b3ec800 JavaThread "jar transforms Thread 147" [_thread_blocked, id=7204, stack(0x000000b0e7900000,0x000000b0e7a00000)]
  0x000002573b3ed000 JavaThread "jar transforms Thread 148" [_thread_blocked, id=3944, stack(0x000000b0e7a00000,0x000000b0e7b00000)]
  0x000002573b3ee000 JavaThread "jar transforms Thread 149" [_thread_blocked, id=2400, stack(0x000000b0e7b00000,0x000000b0e7c00000)]
  0x000002573b3ea000 JavaThread "jar transforms Thread 150" [_thread_blocked, id=5404, stack(0x000000b0e7c00000,0x000000b0e7d00000)]
  0x000002573b3ef000 JavaThread "jar transforms Thread 151" [_thread_blocked, id=7300, stack(0x000000b0e7d00000,0x000000b0e7e00000)]
  0x000002573b3e9000 JavaThread "jar transforms Thread 152" [_thread_blocked, id=1188, stack(0x000000b0e7e00000,0x000000b0e7f00000)]
  0x000002573b3ea800 JavaThread "jar transforms Thread 153" [_thread_blocked, id=4208, stack(0x000000b0e7f00000,0x000000b0e8000000)]
  0x000002573b3ef800 JavaThread "jar transforms Thread 154" [_thread_blocked, id=5400, stack(0x000000b0e8000000,0x000000b0e8100000)]
  0x000002573d640000 JavaThread "jar transforms Thread 155" [_thread_blocked, id=7252, stack(0x000000b0e8100000,0x000000b0e8200000)]
  0x000002573d63f800 JavaThread "jar transforms Thread 156" [_thread_blocked, id=8024, stack(0x000000b0e8200000,0x000000b0e8300000)]
  0x000002573d63c000 JavaThread "jar transforms Thread 157" [_thread_blocked, id=5888, stack(0x000000b0e8300000,0x000000b0e8400000)]
  0x000002573d63d000 JavaThread "jar transforms Thread 158" [_thread_blocked, id=4112, stack(0x000000b0e8400000,0x000000b0e8500000)]
  0x000002573d63b800 JavaThread "jar transforms Thread 159" [_thread_blocked, id=2892, stack(0x000000b0e8500000,0x000000b0e8600000)]
  0x000002573d641000 JavaThread "jar transforms Thread 160" [_thread_blocked, id=5368, stack(0x000000b0e8600000,0x000000b0e8700000)]
  0x000002573d642000 JavaThread "jar transforms Thread 161" [_thread_blocked, id=7648, stack(0x000000b0e8700000,0x000000b0e8800000)]
  0x000002573d63e800 JavaThread "jar transforms Thread 162" [_thread_blocked, id=7992, stack(0x000000b0e8800000,0x000000b0e8900000)]
  0x000002573d63d800 JavaThread "jar transforms Thread 163" [_thread_blocked, id=5584, stack(0x000000b0e8900000,0x000000b0e8a00000)]
  0x000002573d646800 JavaThread "jar transforms Thread 164" [_thread_blocked, id=5736, stack(0x000000b0e8a00000,0x000000b0e8b00000)]
  0x000002573d645000 JavaThread "jar transforms Thread 165" [_thread_blocked, id=1680, stack(0x000000b0e8b00000,0x000000b0e8c00000)]
  0x000002573d643800 JavaThread "jar transforms Thread 166" [_thread_blocked, id=5772, stack(0x000000b0e8c00000,0x000000b0e8d00000)]
  0x000002573d647800 JavaThread "jar transforms Thread 167" [_thread_blocked, id=7260, stack(0x000000b0e8d00000,0x000000b0e8e00000)]
  0x000002573d644800 JavaThread "jar transforms Thread 168" [_thread_blocked, id=4044, stack(0x000000b0e8e00000,0x000000b0e8f00000)]
  0x000002573d646000 JavaThread "jar transforms Thread 169" [_thread_blocked, id=8060, stack(0x000000b0e8f00000,0x000000b0e9000000)]
  0x000002573d648800 JavaThread "jar transforms Thread 170" [_thread_blocked, id=1132, stack(0x000000b0e9000000,0x000000b0e9100000)]
  0x000002573d642800 JavaThread "jar transforms Thread 171" [_thread_blocked, id=7076, stack(0x000000b0e9100000,0x000000b0e9200000)]
  0x000002573d64a000 JavaThread "jar transforms Thread 172" [_thread_blocked, id=3756, stack(0x000000b0e9200000,0x000000b0e9300000)]
  0x000002573d649000 JavaThread "jar transforms Thread 173" [_thread_blocked, id=760, stack(0x000000b0e9300000,0x000000b0e9400000)]
  0x000002573b396800 JavaThread "jar transforms Thread 174" [_thread_blocked, id=7564, stack(0x000000b0e9400000,0x000000b0e9500000)]
  0x000002573b391000 JavaThread "jar transforms Thread 175" [_thread_blocked, id=3344, stack(0x000000b0e9500000,0x000000b0e9600000)]
  0x000002573b397800 JavaThread "jar transforms Thread 176" [_thread_blocked, id=7936, stack(0x000000b0e9600000,0x000000b0e9700000)]
  0x000002573b394000 JavaThread "jar transforms Thread 177" [_thread_blocked, id=5840, stack(0x000000b0e9700000,0x000000b0e9800000)]
  0x000002573b395000 JavaThread "jar transforms Thread 178" [_thread_blocked, id=3484, stack(0x000000b0e9800000,0x000000b0e9900000)]
  0x000002573b392000 JavaThread "jar transforms Thread 179" [_thread_blocked, id=964, stack(0x000000b0e9900000,0x000000b0e9a00000)]
  0x000002573b396000 JavaThread "jar transforms Thread 180" [_thread_blocked, id=3444, stack(0x000000b0e9a00000,0x000000b0e9b00000)]
  0x000002573b398800 JavaThread "jar transforms Thread 181" [_thread_blocked, id=3668, stack(0x000000b0e9b00000,0x000000b0e9c00000)]
  0x000002573b392800 JavaThread "jar transforms Thread 182" [_thread_blocked, id=7432, stack(0x000000b0e9c00000,0x000000b0e9d00000)]
  0x000002573b399000 JavaThread "jar transforms Thread 183" [_thread_blocked, id=7236, stack(0x000000b0e9d00000,0x000000b0e9e00000)]
  0x000002573b393800 JavaThread "jar transforms Thread 184" [_thread_blocked, id=7220, stack(0x000000b0e9e00000,0x000000b0e9f00000)]
  0x000002573b39a000 JavaThread "jar transforms Thread 185" [_thread_blocked, id=644, stack(0x000000b0e9f00000,0x000000b0ea000000)]
  0x000002573b39b800 JavaThread "jar transforms Thread 186" [_thread_blocked, id=7248, stack(0x000000b0ea000000,0x000000b0ea100000)]
  0x000002573b39e000 JavaThread "jar transforms Thread 187" [_thread_blocked, id=7232, stack(0x000000b0ea100000,0x000000b0ea200000)]
  0x000002573b39f000 JavaThread "jar transforms Thread 188" [_thread_blocked, id=7376, stack(0x000000b0ea200000,0x000000b0ea300000)]
  0x000002573b39f800 JavaThread "jar transforms Thread 189" [_thread_blocked, id=4108, stack(0x000000b0ea300000,0x000000b0ea400000)]
  0x000002573b39c800 JavaThread "jar transforms Thread 190" [_thread_blocked, id=6884, stack(0x000000b0ea400000,0x000000b0ea500000)]
  0x000002573b39b000 JavaThread "jar transforms Thread 191" [_thread_blocked, id=3516, stack(0x000000b0ea500000,0x000000b0ea600000)]
  0x000002573b39d000 JavaThread "jar transforms Thread 192" [_thread_blocked, id=196, stack(0x000000b0ea600000,0x000000b0ea700000)]
  0x000002573ba93000 JavaThread "jar transforms Thread 193" [_thread_blocked, id=2820, stack(0x000000b0ea700000,0x000000b0ea800000)]
  0x000002573ba95000 JavaThread "jar transforms Thread 194" [_thread_blocked, id=7296, stack(0x000000b0ea800000,0x000000b0ea900000)]
  0x000002573ba90000 JavaThread "jar transforms Thread 195" [_thread_blocked, id=5388, stack(0x000000b0ea900000,0x000000b0eaa00000)]
  0x000002573ba92800 JavaThread "jar transforms Thread 196" [_thread_blocked, id=2116, stack(0x000000b0eaa00000,0x000000b0eab00000)]
  0x000002573ba94000 JavaThread "jar transforms Thread 197" [_thread_blocked, id=1244, stack(0x000000b0eab00000,0x000000b0eac00000)]
  0x000002573ba95800 JavaThread "jar transforms Thread 198" [_thread_blocked, id=7916, stack(0x000000b0eac00000,0x000000b0ead00000)]
  0x000002573ba96800 JavaThread "jar transforms Thread 199" [_thread_blocked, id=7828, stack(0x000000b0ead00000,0x000000b0eae00000)]
  0x000002573ba90800 JavaThread "jar transforms Thread 200" [_thread_blocked, id=7756, stack(0x000000b0eae00000,0x000000b0eaf00000)]
  0x000002573ba97000 JavaThread "jar transforms Thread 201" [_thread_blocked, id=8120, stack(0x000000b0eaf00000,0x000000b0eb000000)]
  0x000002573ba91800 JavaThread "jar transforms Thread 202" [_thread_blocked, id=7596, stack(0x000000b0eb000000,0x000000b0eb100000)]
  0x000002573ba98000 JavaThread "jar transforms Thread 203" [_thread_blocked, id=5424, stack(0x000000b0eb100000,0x000000b0eb200000)]
  0x000002573ba9a800 JavaThread "jar transforms Thread 204" [_thread_blocked, id=2680, stack(0x000000b0eb200000,0x000000b0eb300000)]
  0x000002573ba9e800 JavaThread "jar transforms Thread 205" [_thread_blocked, id=7896, stack(0x000000b0eb300000,0x000000b0eb400000)]
  0x000002573ba99000 JavaThread "jar transforms Thread 206" [_thread_blocked, id=7760, stack(0x000000b0eb400000,0x000000b0eb500000)]
  0x000002573ba9c000 JavaThread "jar transforms Thread 207" [_thread_blocked, id=7944, stack(0x000000b0eb500000,0x000000b0eb600000)]
  0x000002573ba99800 JavaThread "jar transforms Thread 208" [_thread_blocked, id=1828, stack(0x000000b0eb600000,0x000000b0eb700000)]
  0x000002573ba9b800 JavaThread "jar transforms Thread 209" [_thread_blocked, id=7772, stack(0x000000b0eb700000,0x000000b0eb800000)]
  0x000002573ba9d000 JavaThread "jar transforms Thread 210" [_thread_blocked, id=7872, stack(0x000000b0eb800000,0x000000b0eb900000)]
  0x000002573ba9e000 JavaThread "jar transforms Thread 211" [_thread_blocked, id=7472, stack(0x000000b0eb900000,0x000000b0eba00000)]
  0x000002573d9eb000 JavaThread "jar transforms Thread 212" [_thread_blocked, id=7800, stack(0x000000b0eba00000,0x000000b0ebb00000)]
  0x000002573d9e6000 JavaThread "jar transforms Thread 213" [_thread_blocked, id=8132, stack(0x000000b0ebb00000,0x000000b0ebc00000)]
  0x000002573d9e7800 JavaThread "jar transforms Thread 214" [_thread_blocked, id=7440, stack(0x000000b0ebc00000,0x000000b0ebd00000)]
  0x000002573d9ea000 JavaThread "jar transforms Thread 215" [_thread_blocked, id=7640, stack(0x000000b0ebd00000,0x000000b0ebe00000)]
  0x000002573d9e5000 JavaThread "jar transforms Thread 216" [_thread_blocked, id=5476, stack(0x000000b0ebe00000,0x000000b0ebf00000)]
  0x000002573d9ec000 JavaThread "jar transforms Thread 217" [_thread_blocked, id=7400, stack(0x000000b0ebf00000,0x000000b0ec000000)]
  0x000002573d9ec800 JavaThread "jar transforms Thread 218" [_thread_blocked, id=2908, stack(0x000000b0ec000000,0x000000b0ec100000)]
  0x000002573d9e8800 JavaThread "jar transforms Thread 219" [_thread_blocked, id=7956, stack(0x000000b0ec100000,0x000000b0ec200000)]
  0x000002573d9e9800 JavaThread "jar transforms Thread 220" [_thread_blocked, id=6588, stack(0x000000b0ec200000,0x000000b0ec300000)]
  0x000002573d9e7000 JavaThread "jar transforms Thread 221" [_thread_blocked, id=3504, stack(0x000000b0ec300000,0x000000b0ec400000)]
  0x000002573d9ee000 JavaThread "jar transforms Thread 222" [_thread_blocked, id=7216, stack(0x000000b0ec400000,0x000000b0ec500000)]
  0x000002573d9ef000 JavaThread "jar transforms Thread 223" [_thread_blocked, id=7428, stack(0x000000b0ec500000,0x000000b0ec600000)]
  0x000002573d9f0000 JavaThread "jar transforms Thread 224" [_thread_blocked, id=6232, stack(0x000000b0ec600000,0x000000b0ec700000)]
  0x000002573d9f1800 JavaThread "jar transforms Thread 225" [_thread_blocked, id=4528, stack(0x000000b0ec700000,0x000000b0ec800000)]
  0x000002573d9f0800 JavaThread "jar transforms Thread 226" [_thread_blocked, id=6832, stack(0x000000b0ec800000,0x000000b0ec900000)]
  0x000002573d9f2800 JavaThread "jar transforms Thread 227" [_thread_blocked, id=6360, stack(0x000000b0ec900000,0x000000b0eca00000)]
  0x000002573d9f3000 JavaThread "jar transforms Thread 228" [_thread_blocked, id=6844, stack(0x000000b0eca00000,0x000000b0ecb00000)]
  0x000002573d9ed800 JavaThread "Cache worker for Build Output Cleanup Cache (D:\AndroidProjects\Unscramble\.gradle\buildOutputCleanup)" [_thread_blocked, id=4624, stack(0x000000b0ecb00000,0x000000b0ecc00000)]
  0x000002573d9f4000 JavaThread "Cache worker for file content cache (D:\AndroidProjects\Unscramble\.gradle\6.5\fileContent)" [_thread_blocked, id=7808, stack(0x000000b0ecc00000,0x000000b0ecd00000)]
  0x000002573dfb2000 JavaThread "Execution worker for ':'" [_thread_in_native, id=6148, stack(0x000000b0ecd00000,0x000000b0ece00000)]
  0x000002573dfae800 JavaThread "Execution worker for ':' Thread 2" [_thread_blocked, id=3396, stack(0x000000b0ece00000,0x000000b0ecf00000)]
  0x000002573dfb0800 JavaThread "Execution worker for ':' Thread 3" [_thread_blocked, id=1412, stack(0x000000b0ecf00000,0x000000b0ed000000)]
  0x000002573dfb1000 JavaThread "Cache worker for execution history cache (D:\AndroidProjects\Unscramble\.gradle\6.5\executionHistory)" [_thread_blocked, id=328, stack(0x000000b0ed000000,0x000000b0ed100000)]
  0x000002573dfac800 JavaThread "RMI Scheduler(0)" daemon [_thread_blocked, id=6748, stack(0x000000b0ed200000,0x000000b0ed300000)]
  0x000002573dfb3000 JavaThread "RMI RenewClean-[127.0.0.1:17677,org.jetbrains.kotlin.daemon.common.LoopbackNetworkInterface$ClientLoopbackSocketFactory@62ed5e43]" daemon [_thread_blocked, id=1496, stack(0x000000b0ed300000,0x000000b0ed400000)]
  0x000002573dfad000 JavaThread "RMI GC Daemon" daemon [_thread_blocked, id=4080, stack(0x000000b0ed400000,0x000000b0ed500000)]
  0x000002573dfae000 JavaThread "RMI TCP Accept-0" daemon [_thread_in_native, id=3028, stack(0x000000b0ed500000,0x000000b0ed600000)]
  0x000002573dfaf800 JavaThread "RMI Reaper" [_thread_blocked, id=2328, stack(0x000000b0ed600000,0x000000b0ed700000)]
  0x000002573dda7800 JavaThread "RMI TCP Connection(1)-127.0.0.1" daemon [_thread_in_native, id=7940, stack(0x000000b0ed700000,0x000000b0ed800000)]

Other Threads:
  0x0000025734e5f800 VMThread "VM Thread" [stack: 0x000000b0e3600000,0x000000b0e3700000] [id=2384]
  0x0000025735960800 WatcherThread [stack: 0x000000b0e4000000,0x000000b0e4100000] [id=3008]
  0x000002571b447000 GCTaskThread "GC Thread#0" [stack: 0x000000b0e3100000,0x000000b0e3200000] [id=7700]
  0x0000025736132000 GCTaskThread "GC Thread#1" [stack: 0x000000b0e4200000,0x000000b0e4300000] [id=2896]
  0x0000025736beb000 GCTaskThread "GC Thread#2" [stack: 0x000000b0e4400000,0x000000b0e4500000] [id=2404]
  0x0000025737234000 GCTaskThread "GC Thread#3" [stack: 0x000000b0e4500000,0x000000b0e4600000] [id=4084]
  0x000002571b478000 ConcurrentGCThread "G1 Main Marker" [stack: 0x000000b0e3200000,0x000000b0e3300000] [id=7172]
  0x000002571b479800 ConcurrentGCThread "G1 Conc#0" [stack: 0x000000b0e3300000,0x000000b0e3400000] [id=7132]
  0x000002571b4d6800 ConcurrentGCThread "G1 Refine#0" [stack: 0x000000b0e3400000,0x000000b0e3500000] [id=7888]
  0x000002571b4d7800 ConcurrentGCThread "G1 Young RemSet Sampling" [stack: 0x000000b0e3500000,0x000000b0e3600000] [id=5028]

Threads with active compile tasks:
C2 CompilerThread0 251388 12765       4       org.gradle.internal.typeconversion.TypedNotationConverter::convert (30 bytes)
C2 CompilerThread1 251388 12773   !   4       java.io.ObjectOutputStream::writeObject0 (619 bytes)

VM state:not at safepoint (normal execution)

VM Mutex/Monitor currently owned by a thread: None

Heap address: 0x0000000080000000, size: 2048 MB, Compressed Oops mode: 32-bit
Narrow klass base: 0x0000000000000000, Narrow klass shift: 3
Compressed class space size: 1073741824 Address: 0x0000000100000000

Heap:
 garbage-first heap   total 192512K, used 150923K [0x0000000080000000, 0x0000000100000000)
  region size 1024K, 73 young (74752K), 6 survivors (6144K)
 Metaspace       used 92123K, capacity 94400K, committed 94548K, reserved 1132544K
  class space    used 11590K, capacity 12352K, committed 12416K, reserved 1048576K
Heap Regions: E=young(eden), S=young(survivor), O=old, HS=humongous(starts), HC=humongous(continues), CS=collection set, F=free, A=archive, TAMS=top-at-mark-start (previous, next)
|   0|0x0000000080000000, 0x0000000080100000, 0x0000000080100000|100%| O|  |TAMS 0x0000000080100000, 0x0000000080000000| Untracked 
|   1|0x0000000080100000, 0x0000000080200000, 0x0000000080200000|100%| O|  |TAMS 0x0000000080200000, 0x0000000080100000| Untracked 
|   2|0x0000000080200000, 0x0000000080300000, 0x0000000080300000|100%| O|  |TAMS 0x0000000080300000, 0x0000000080200000| Untracked 
|   3|0x0000000080300000, 0x0000000080400000, 0x0000000080400000|100%|HS|  |TAMS 0x0000000080400000, 0x0000000080300000| Complete 
|   4|0x0000000080400000, 0x0000000080500000, 0x0000000080500000|100%|HC|  |TAMS 0x0000000080500000, 0x0000000080400000| Complete 
|   5|0x0000000080500000, 0x0000000080600000, 0x0000000080600000|100%|HC|  |TAMS 0x0000000080600000, 0x0000000080500000| Complete 
|   6|0x0000000080600000, 0x0000000080700000, 0x0000000080700000|100%| O|  |TAMS 0x0000000080700000, 0x0000000080600000| Untracked 
|   7|0x0000000080700000, 0x0000000080800000, 0x0000000080800000|100%| O|  |TAMS 0x0000000080800000, 0x0000000080700000| Untracked 
|   8|0x0000000080800000, 0x0000000080900000, 0x0000000080900000|100%| O|  |TAMS 0x0000000080900000, 0x0000000080800000| Untracked 
|   9|0x0000000080900000, 0x0000000080a00000, 0x0000000080a00000|100%| O|  |TAMS 0x0000000080a00000, 0x0000000080900000| Untracked 
|  10|0x0000000080a00000, 0x0000000080b00000, 0x0000000080b00000|100%| O|  |TAMS 0x0000000080b00000, 0x0000000080a00000| Untracked 
|  11|0x0000000080b00000, 0x0000000080c00000, 0x0000000080c00000|100%| O|  |TAMS 0x0000000080c00000, 0x0000000080b00000| Untracked 
|  12|0x0000000080c00000, 0x0000000080d00000, 0x0000000080d00000|100%| O|  |TAMS 0x0000000080d00000, 0x0000000080c00000| Untracked 
|  13|0x0000000080d00000, 0x0000000080e00000, 0x0000000080e00000|100%| O|  |TAMS 0x0000000080e00000, 0x0000000080d00000| Untracked 
|  14|0x0000000080e00000, 0x0000000080f00000, 0x0000000080f00000|100%| O|  |TAMS 0x0000000080f00000, 0x0000000080e00000| Untracked 
|  15|0x0000000080f00000, 0x0000000081000000, 0x0000000081000000|100%| O|  |TAMS 0x0000000081000000, 0x0000000080f00000| Untracked 
|  16|0x0000000081000000, 0x0000000081100000, 0x0000000081100000|100%| O|  |TAMS 0x0000000081100000, 0x0000000081000000| Untracked 
|  17|0x0000000081100000, 0x0000000081200000, 0x0000000081200000|100%| O|  |TAMS 0x0000000081200000, 0x0000000081100000| Untracked 
|  18|0x0000000081200000, 0x0000000081300000, 0x0000000081300000|100%| O|  |TAMS 0x0000000081300000, 0x0000000081200000| Untracked 
|  19|0x0000000081300000, 0x0000000081400000, 0x0000000081400000|100%| O|  |TAMS 0x0000000081400000, 0x0000000081300000| Untracked 
|  20|0x0000000081400000, 0x0000000081500000, 0x0000000081500000|100%|HS|  |TAMS 0x0000000081500000, 0x0000000081400000| Complete 
|  21|0x0000000081500000, 0x0000000081600000, 0x0000000081600000|100%| O|  |TAMS 0x0000000081600000, 0x0000000081500000| Untracked 
|  22|0x0000000081600000, 0x0000000081700000, 0x0000000081700000|100%| O|  |TAMS 0x0000000081700000, 0x0000000081600000| Untracked 
|  23|0x0000000081700000, 0x0000000081800000, 0x0000000081800000|100%|HS|  |TAMS 0x0000000081800000, 0x0000000081700000| Complete 
|  24|0x0000000081800000, 0x0000000081900000, 0x0000000081900000|100%|HC|  |TAMS 0x0000000081900000, 0x0000000081800000| Complete 
|  25|0x0000000081900000, 0x0000000081a00000, 0x0000000081a00000|100%|HC|  |TAMS 0x0000000081a00000, 0x0000000081900000| Complete 
|  26|0x0000000081a00000, 0x0000000081b00000, 0x0000000081b00000|100%|HS|  |TAMS 0x0000000081b00000, 0x0000000081a00000| Complete 
|  27|0x0000000081b00000, 0x0000000081c00000, 0x0000000081c00000|100%|HC|  |TAMS 0x0000000081c00000, 0x0000000081b00000| Complete 
|  28|0x0000000081c00000, 0x0000000081d00000, 0x0000000081d00000|100%| O|  |TAMS 0x0000000081d00000, 0x0000000081c00000| Untracked 
|  29|0x0000000081d00000, 0x0000000081e00000, 0x0000000081e00000|100%| O|  |TAMS 0x0000000081e00000, 0x0000000081d00000| Untracked 
|  30|0x0000000081e00000, 0x0000000081f00000, 0x0000000081f00000|100%| O|  |TAMS 0x0000000081f00000, 0x0000000081e00000| Untracked 
|  31|0x0000000081f00000, 0x0000000082000000, 0x0000000082000000|100%| O|  |TAMS 0x0000000082000000, 0x0000000081f00000| Untracked 
|  32|0x0000000082000000, 0x0000000082100000, 0x0000000082100000|100%| O|  |TAMS 0x0000000082100000, 0x0000000082000000| Untracked 
|  33|0x0000000082100000, 0x0000000082200000, 0x0000000082200000|100%| O|  |TAMS 0x0000000082200000, 0x0000000082100000| Untracked 
|  34|0x0000000082200000, 0x0000000082300000, 0x0000000082300000|100%| O|  |TAMS 0x0000000082300000, 0x0000000082200000| Untracked 
|  35|0x0000000082300000, 0x0000000082400000, 0x0000000082400000|100%| O|  |TAMS 0x0000000082400000, 0x0000000082300000| Untracked 
|  36|0x0000000082400000, 0x0000000082500000, 0x0000000082500000|100%| O|  |TAMS 0x0000000082500000, 0x0000000082400000| Untracked 
|  37|0x0000000082500000, 0x0000000082600000, 0x0000000082600000|100%| O|  |TAMS 0x0000000082600000, 0x0000000082500000| Untracked 
|  38|0x0000000082600000, 0x0000000082700000, 0x0000000082700000|100%| O|  |TAMS 0x0000000082700000, 0x0000000082600000| Untracked 
|  39|0x0000000082700000, 0x0000000082800000, 0x0000000082800000|100%| O|  |TAMS 0x0000000082800000, 0x0000000082700000| Untracked 
|  40|0x0000000082800000, 0x0000000082900000, 0x0000000082900000|100%| O|  |TAMS 0x0000000082900000, 0x0000000082800000| Untracked 
|  41|0x0000000082900000, 0x0000000082a00000, 0x0000000082a00000|100%| O|  |TAMS 0x0000000082a00000, 0x0000000082900000| Untracked 
|  42|0x0000000082a00000, 0x0000000082b00000, 0x0000000082b00000|100%| O|  |TAMS 0x0000000082b00000, 0x0000000082a00000| Untracked 
|  43|0x0000000082b00000, 0x0000000082c00000, 0x0000000082c00000|100%| O|  |TAMS 0x0000000082c00000, 0x0000000082b00000| Untracked 
|  44|0x0000000082c00000, 0x0000000082d00000, 0x0000000082d00000|100%| O|  |TAMS 0x0000000082d00000, 0x0000000082c00000| Untracked 
|  45|0x0000000082d00000, 0x0000000082e00000, 0x0000000082e00000|100%| O|  |TAMS 0x0000000082e00000, 0x0000000082d00000| Untracked 
|  46|0x0000000082e00000, 0x0000000082f00000, 0x0000000082f00000|100%| O|  |TAMS 0x0000000082f00000, 0x0000000082e00000| Untracked 
|  47|0x0000000082f00000, 0x0000000083000000, 0x0000000083000000|100%| O|  |TAMS 0x0000000083000000, 0x0000000082f00000| Untracked 
|  48|0x0000000083000000, 0x0000000083100000, 0x0000000083100000|100%| O|  |TAMS 0x0000000083100000, 0x0000000083000000| Untracked 
|  49|0x0000000083100000, 0x0000000083200000, 0x0000000083200000|100%| O|  |TAMS 0x0000000083200000, 0x0000000083100000| Untracked 
|  50|0x0000000083200000, 0x0000000083300000, 0x0000000083300000|100%| O|  |TAMS 0x0000000083300000, 0x0000000083200000| Untracked 
|  51|0x0000000083300000, 0x0000000083400000, 0x0000000083400000|100%| O|  |TAMS 0x0000000083400000, 0x0000000083300000| Untracked 
|  52|0x0000000083400000, 0x0000000083500000, 0x0000000083500000|100%| O|  |TAMS 0x0000000083500000, 0x0000000083400000| Untracked 
|  53|0x0000000083500000, 0x0000000083600000, 0x0000000083600000|100%| O|  |TAMS 0x0000000083600000, 0x0000000083500000| Untracked 
|  54|0x0000000083600000, 0x0000000083700000, 0x0000000083700000|100%| O|  |TAMS 0x0000000083700000, 0x0000000083600000| Untracked 
|  55|0x0000000083700000, 0x0000000083800000, 0x0000000083800000|100%| O|  |TAMS 0x0000000083800000, 0x0000000083700000| Untracked 
|  56|0x0000000083800000, 0x0000000083900000, 0x0000000083900000|100%| O|  |TAMS 0x0000000083900000, 0x0000000083800000| Untracked 
|  57|0x0000000083900000, 0x0000000083a00000, 0x0000000083a00000|100%| O|  |TAMS 0x0000000083a00000, 0x0000000083900000| Untracked 
|  58|0x0000000083a00000, 0x0000000083b00000, 0x0000000083b00000|100%| O|  |TAMS 0x0000000083b00000, 0x0000000083a00000| Untracked 
|  59|0x0000000083b00000, 0x0000000083c00000, 0x0000000083c00000|100%| O|  |TAMS 0x0000000083c00000, 0x0000000083b00000| Untracked 
|  60|0x0000000083c00000, 0x0000000083d00000, 0x0000000083d00000|100%| O|  |TAMS 0x0000000083d00000, 0x0000000083c00000| Untracked 
|  61|0x0000000083d00000, 0x0000000083e00000, 0x0000000083e00000|100%| O|  |TAMS 0x0000000083e00000, 0x0000000083d00000| Untracked 
|  62|0x0000000083e00000, 0x0000000083f00000, 0x0000000083f00000|100%| O|  |TAMS 0x0000000083f00000, 0x0000000083e00000| Untracked 
|  63|0x0000000083f00000, 0x0000000084000000, 0x0000000084000000|100%| O|  |TAMS 0x0000000084000000, 0x0000000083f00000| Untracked 
|  64|0x0000000084000000, 0x0000000084100000, 0x0000000084100000|100%| O|  |TAMS 0x0000000084100000, 0x0000000084000000| Untracked 
|  65|0x0000000084100000, 0x0000000084200000, 0x0000000084200000|100%| O|  |TAMS 0x0000000084200000, 0x0000000084100000| Untracked 
|  66|0x0000000084200000, 0x0000000084300000, 0x0000000084300000|100%| O|  |TAMS 0x0000000084300000, 0x0000000084200000| Untracked 
|  67|0x0000000084300000, 0x0000000084400000, 0x0000000084400000|100%| O|  |TAMS 0x0000000084400000, 0x0000000084300000| Untracked 
|  68|0x0000000084400000, 0x0000000084500000, 0x0000000084500000|100%| O|  |TAMS 0x0000000084500000, 0x0000000084400000| Untracked 
|  69|0x0000000084500000, 0x0000000084600000, 0x0000000084600000|100%| O|  |TAMS 0x0000000084600000, 0x0000000084500000| Untracked 
|  70|0x0000000084600000, 0x0000000084700000, 0x0000000084700000|100%| O|  |TAMS 0x0000000084700000, 0x0000000084600000| Untracked 
|  71|0x0000000084700000, 0x0000000084800000, 0x0000000084800000|100%| O|  |TAMS 0x0000000084800000, 0x0000000084700000| Untracked 
|  72|0x0000000084800000, 0x00000000848c3e00, 0x0000000084900000| 76%| O|  |TAMS 0x0000000084800000, 0x0000000084800000| Untracked 
|  73|0x0000000084900000, 0x0000000084900000, 0x0000000084a00000|  0%| F|  |TAMS 0x0000000084900000, 0x0000000084900000| Untracked 
|  74|0x0000000084a00000, 0x0000000084a00000, 0x0000000084b00000|  0%| F|  |TAMS 0x0000000084a00000, 0x0000000084a00000| Untracked 
|  75|0x0000000084b00000, 0x0000000084b00000, 0x0000000084c00000|  0%| F|  |TAMS 0x0000000084b00000, 0x0000000084b00000| Untracked 
|  76|0x0000000084c00000, 0x0000000084c00000, 0x0000000084d00000|  0%| F|  |TAMS 0x0000000084c00000, 0x0000000084c00000| Untracked 
|  77|0x0000000084d00000, 0x0000000084d00000, 0x0000000084e00000|  0%| F|  |TAMS 0x0000000084d00000, 0x0000000084d00000| Untracked 
|  78|0x0000000084e00000, 0x0000000084e00000, 0x0000000084f00000|  0%| F|  |TAMS 0x0000000084e00000, 0x0000000084e00000| Untracked 
|  79|0x0000000084f00000, 0x0000000084f00000, 0x0000000085000000|  0%| F|  |TAMS 0x0000000084f00000, 0x0000000084f00000| Untracked 
|  80|0x0000000085000000, 0x0000000085000000, 0x0000000085100000|  0%| F|  |TAMS 0x0000000085000000, 0x0000000085000000| Untracked 
|  81|0x0000000085100000, 0x0000000085100000, 0x0000000085200000|  0%| F|  |TAMS 0x0000000085100000, 0x0000000085100000| Untracked 
|  82|0x0000000085200000, 0x0000000085200000, 0x0000000085300000|  0%| F|  |TAMS 0x0000000085200000, 0x0000000085200000| Untracked 
|  83|0x0000000085300000, 0x0000000085300000, 0x0000000085400000|  0%| F|  |TAMS 0x0000000085300000, 0x0000000085300000| Untracked 
|  84|0x0000000085400000, 0x0000000085400000, 0x0000000085500000|  0%| F|  |TAMS 0x0000000085400000, 0x0000000085400000| Untracked 
|  85|0x0000000085500000, 0x0000000085500000, 0x0000000085600000|  0%| F|  |TAMS 0x0000000085500000, 0x0000000085500000| Untracked 
|  86|0x0000000085600000, 0x0000000085600000, 0x0000000085700000|  0%| F|  |TAMS 0x0000000085600000, 0x0000000085600000| Untracked 
|  87|0x0000000085700000, 0x0000000085700000, 0x0000000085800000|  0%| F|  |TAMS 0x0000000085700000, 0x0000000085700000| Untracked 
|  88|0x0000000085800000, 0x0000000085900000, 0x0000000085900000|100%| O|  |TAMS 0x0000000085900000, 0x0000000085800000| Untracked 
|  89|0x0000000085900000, 0x0000000085a00000, 0x0000000085a00000|100%| O|  |TAMS 0x0000000085a00000, 0x0000000085900000| Untracked 
|  90|0x0000000085a00000, 0x0000000085b00000, 0x0000000085b00000|100%| O|  |TAMS 0x0000000085b00000, 0x0000000085a00000| Untracked 
|  91|0x0000000085b00000, 0x0000000085c00000, 0x0000000085c00000|100%| O|  |TAMS 0x0000000085b49e00, 0x0000000085b00000| Untracked 
|  92|0x0000000085c00000, 0x0000000085c00000, 0x0000000085d00000|  0%| F|  |TAMS 0x0000000085c00000, 0x0000000085c00000| Untracked 
|  93|0x0000000085d00000, 0x0000000085d00000, 0x0000000085e00000|  0%| F|  |TAMS 0x0000000085d00000, 0x0000000085d00000| Untracked 
|  94|0x0000000085e00000, 0x0000000085e00000, 0x0000000085f00000|  0%| F|  |TAMS 0x0000000085e00000, 0x0000000085e00000| Untracked 
|  95|0x0000000085f00000, 0x0000000085f00000, 0x0000000086000000|  0%| F|  |TAMS 0x0000000085f00000, 0x0000000085f00000| Untracked 
|  96|0x0000000086000000, 0x0000000086000000, 0x0000000086100000|  0%| F|  |TAMS 0x0000000086000000, 0x0000000086000000| Untracked 
|  97|0x0000000086100000, 0x0000000086100000, 0x0000000086200000|  0%| F|  |TAMS 0x0000000086100000, 0x0000000086100000| Untracked 
|  98|0x0000000086200000, 0x0000000086200000, 0x0000000086300000|  0%| F|  |TAMS 0x0000000086200000, 0x0000000086200000| Untracked 
|  99|0x0000000086300000, 0x0000000086300000, 0x0000000086400000|  0%| F|  |TAMS 0x0000000086300000, 0x0000000086300000| Untracked 
| 100|0x0000000086400000, 0x0000000086400000, 0x0000000086500000|  0%| F|  |TAMS 0x0000000086400000, 0x0000000086400000| Untracked 
| 101|0x0000000086500000, 0x0000000086500000, 0x0000000086600000|  0%| F|  |TAMS 0x0000000086500000, 0x0000000086500000| Untracked 
| 102|0x0000000086600000, 0x0000000086600000, 0x0000000086700000|  0%| F|  |TAMS 0x0000000086600000, 0x0000000086600000| Untracked 
| 103|0x0000000086700000, 0x0000000086700000, 0x0000000086800000|  0%| F|  |TAMS 0x0000000086700000, 0x0000000086700000| Untracked 
| 104|0x0000000086800000, 0x0000000086800000, 0x0000000086900000|  0%| F|  |TAMS 0x0000000086800000, 0x0000000086800000| Untracked 
| 105|0x0000000086900000, 0x000000008699efe0, 0x0000000086a00000| 62%| S|CS|TAMS 0x0000000086900000, 0x0000000086900000| Complete 
| 106|0x0000000086a00000, 0x0000000086a00000, 0x0000000086b00000|  0%| F|  |TAMS 0x0000000086a00000, 0x0000000086a00000| Untracked 
| 107|0x0000000086b00000, 0x0000000086b00000, 0x0000000086c00000|  0%| F|  |TAMS 0x0000000086b00000, 0x0000000086b00000| Untracked 
| 108|0x0000000086c00000, 0x0000000086c00000, 0x0000000086d00000|  0%| F|  |TAMS 0x0000000086c00000, 0x0000000086c00000| Untracked 
| 109|0x0000000086d00000, 0x0000000086d00000, 0x0000000086e00000|  0%| F|  |TAMS 0x0000000086d00000, 0x0000000086d00000| Untracked 
| 110|0x0000000086e00000, 0x0000000086e00000, 0x0000000086f00000|  0%| F|  |TAMS 0x0000000086e00000, 0x0000000086e00000| Untracked 
| 111|0x0000000086f00000, 0x0000000086f00000, 0x0000000087000000|  0%| F|  |TAMS 0x0000000086f00000, 0x0000000086f00000| Untracked 
| 112|0x0000000087000000, 0x0000000087100000, 0x0000000087100000|100%| S|CS|TAMS 0x0000000087000000, 0x0000000087000000| Complete 
| 113|0x0000000087100000, 0x0000000087200000, 0x0000000087200000|100%| S|CS|TAMS 0x0000000087100000, 0x0000000087100000| Complete 
| 114|0x0000000087200000, 0x0000000087300000, 0x0000000087300000|100%| S|CS|TAMS 0x0000000087200000, 0x0000000087200000| Complete 
| 115|0x0000000087300000, 0x0000000087400000, 0x0000000087400000|100%| S|CS|TAMS 0x0000000087300000, 0x0000000087300000| Complete 
| 116|0x0000000087400000, 0x0000000087500000, 0x0000000087500000|100%| S|CS|TAMS 0x0000000087400000, 0x0000000087400000| Complete 
| 117|0x0000000087500000, 0x0000000087500000, 0x0000000087600000|  0%| F|  |TAMS 0x0000000087500000, 0x0000000087500000| Untracked 
| 118|0x0000000087600000, 0x0000000087600000, 0x0000000087700000|  0%| F|  |TAMS 0x0000000087600000, 0x0000000087600000| Untracked 
| 119|0x0000000087700000, 0x0000000087700000, 0x0000000087800000|  0%| F|  |TAMS 0x0000000087700000, 0x0000000087700000| Untracked 
| 120|0x0000000087800000, 0x0000000087800000, 0x0000000087900000|  0%| F|  |TAMS 0x0000000087800000, 0x0000000087800000| Untracked 
| 121|0x0000000087900000, 0x0000000087919600, 0x0000000087a00000|  9%| E|  |TAMS 0x0000000087900000, 0x0000000087900000| Complete 
| 122|0x0000000087a00000, 0x0000000087b00000, 0x0000000087b00000|100%| E|CS|TAMS 0x0000000087a00000, 0x0000000087a00000| Complete 
| 123|0x0000000087b00000, 0x0000000087c00000, 0x0000000087c00000|100%| E|CS|TAMS 0x0000000087b00000, 0x0000000087b00000| Complete 
| 124|0x0000000087c00000, 0x0000000087d00000, 0x0000000087d00000|100%| E|CS|TAMS 0x0000000087c00000, 0x0000000087c00000| Complete 
| 125|0x0000000087d00000, 0x0000000087e00000, 0x0000000087e00000|100%| E|CS|TAMS 0x0000000087d00000, 0x0000000087d00000| Complete 
| 126|0x0000000087e00000, 0x0000000087f00000, 0x0000000087f00000|100%| E|CS|TAMS 0x0000000087e00000, 0x0000000087e00000| Complete 
| 127|0x0000000087f00000, 0x0000000088000000, 0x0000000088000000|100%| E|  |TAMS 0x0000000087f00000, 0x0000000087f00000| Complete 
| 128|0x0000000088000000, 0x0000000088100000, 0x0000000088100000|100%| E|CS|TAMS 0x0000000088000000, 0x0000000088000000| Complete 
| 129|0x0000000088100000, 0x0000000088200000, 0x0000000088200000|100%| E|CS|TAMS 0x0000000088100000, 0x0000000088100000| Complete 
| 130|0x0000000088200000, 0x0000000088300000, 0x0000000088300000|100%| E|CS|TAMS 0x0000000088200000, 0x0000000088200000| Complete 
| 131|0x0000000088300000, 0x0000000088400000, 0x0000000088400000|100%| E|CS|TAMS 0x0000000088300000, 0x0000000088300000| Complete 
| 132|0x0000000088400000, 0x0000000088500000, 0x0000000088500000|100%| E|CS|TAMS 0x0000000088400000, 0x0000000088400000| Complete 
| 133|0x0000000088500000, 0x0000000088600000, 0x0000000088600000|100%| E|CS|TAMS 0x0000000088500000, 0x0000000088500000| Complete 
| 134|0x0000000088600000, 0x0000000088700000, 0x0000000088700000|100%| E|CS|TAMS 0x0000000088600000, 0x0000000088600000| Complete 
| 135|0x0000000088700000, 0x0000000088800000, 0x0000000088800000|100%| E|CS|TAMS 0x0000000088700000, 0x0000000088700000| Complete 
| 136|0x0000000088800000, 0x0000000088900000, 0x0000000088900000|100%| E|CS|TAMS 0x0000000088800000, 0x0000000088800000| Complete 
| 137|0x0000000088900000, 0x0000000088a00000, 0x0000000088a00000|100%| E|CS|TAMS 0x0000000088900000, 0x0000000088900000| Complete 
| 138|0x0000000088a00000, 0x0000000088b00000, 0x0000000088b00000|100%| E|CS|TAMS 0x0000000088a00000, 0x0000000088a00000| Complete 
| 139|0x0000000088b00000, 0x0000000088c00000, 0x0000000088c00000|100%| E|CS|TAMS 0x0000000088b00000, 0x0000000088b00000| Complete 
| 140|0x0000000088c00000, 0x0000000088d00000, 0x0000000088d00000|100%| E|CS|TAMS 0x0000000088c00000, 0x0000000088c00000| Complete 
| 141|0x0000000088d00000, 0x0000000088e00000, 0x0000000088e00000|100%| E|CS|TAMS 0x0000000088d00000, 0x0000000088d00000| Complete 
| 142|0x0000000088e00000, 0x0000000088f00000, 0x0000000088f00000|100%| E|CS|TAMS 0x0000000088e00000, 0x0000000088e00000| Complete 
| 143|0x0000000088f00000, 0x0000000089000000, 0x0000000089000000|100%| E|CS|TAMS 0x0000000088f00000, 0x0000000088f00000| Complete 
| 144|0x0000000089000000, 0x0000000089100000, 0x0000000089100000|100%| E|CS|TAMS 0x0000000089000000, 0x0000000089000000| Complete 
| 145|0x0000000089100000, 0x0000000089200000, 0x0000000089200000|100%| E|CS|TAMS 0x0000000089100000, 0x0000000089100000| Complete 
| 146|0x0000000089200000, 0x0000000089300000, 0x0000000089300000|100%| E|CS|TAMS 0x0000000089200000, 0x0000000089200000| Complete 
| 147|0x0000000089300000, 0x0000000089400000, 0x0000000089400000|100%| E|CS|TAMS 0x0000000089300000, 0x0000000089300000| Complete 
| 148|0x0000000089400000, 0x0000000089500000, 0x0000000089500000|100%| E|CS|TAMS 0x0000000089400000, 0x0000000089400000| Complete 
| 149|0x0000000089500000, 0x0000000089600000, 0x0000000089600000|100%| E|CS|TAMS 0x0000000089500000, 0x0000000089500000| Complete 
| 150|0x0000000089600000, 0x0000000089700000, 0x0000000089700000|100%| E|CS|TAMS 0x0000000089600000, 0x0000000089600000| Complete 
| 151|0x0000000089700000, 0x0000000089800000, 0x0000000089800000|100%| E|CS|TAMS 0x0000000089700000, 0x0000000089700000| Complete 
| 152|0x0000000089800000, 0x0000000089900000, 0x0000000089900000|100%| E|CS|TAMS 0x0000000089800000, 0x0000000089800000| Complete 
| 153|0x0000000089900000, 0x0000000089a00000, 0x0000000089a00000|100%| E|CS|TAMS 0x0000000089900000, 0x0000000089900000| Complete 
| 154|0x0000000089a00000, 0x0000000089b00000, 0x0000000089b00000|100%| E|CS|TAMS 0x0000000089a00000, 0x0000000089a00000| Complete 
| 155|0x0000000089b00000, 0x0000000089c00000, 0x0000000089c00000|100%| E|CS|TAMS 0x0000000089b00000, 0x0000000089b00000| Complete 
| 156|0x0000000089c00000, 0x0000000089d00000, 0x0000000089d00000|100%| E|CS|TAMS 0x0000000089c00000, 0x0000000089c00000| Complete 
| 157|0x0000000089d00000, 0x0000000089e00000, 0x0000000089e00000|100%| E|CS|TAMS 0x0000000089d00000, 0x0000000089d00000| Complete 
| 158|0x0000000089e00000, 0x0000000089f00000, 0x0000000089f00000|100%| E|CS|TAMS 0x0000000089e00000, 0x0000000089e00000| Complete 
| 159|0x0000000089f00000, 0x000000008a000000, 0x000000008a000000|100%| E|CS|TAMS 0x0000000089f00000, 0x0000000089f00000| Complete 
| 160|0x000000008a000000, 0x000000008a100000, 0x000000008a100000|100%| E|CS|TAMS 0x000000008a000000, 0x000000008a000000| Complete 
| 161|0x000000008a100000, 0x000000008a200000, 0x000000008a200000|100%| E|CS|TAMS 0x000000008a100000, 0x000000008a100000| Complete 
| 162|0x000000008a200000, 0x000000008a300000, 0x000000008a300000|100%| E|CS|TAMS 0x000000008a200000, 0x000000008a200000| Complete 
| 163|0x000000008a300000, 0x000000008a400000, 0x000000008a400000|100%| E|CS|TAMS 0x000000008a300000, 0x000000008a300000| Complete 
| 164|0x000000008a400000, 0x000000008a500000, 0x000000008a500000|100%| E|CS|TAMS 0x000000008a400000, 0x000000008a400000| Complete 
| 165|0x000000008a500000, 0x000000008a600000, 0x000000008a600000|100%| E|CS|TAMS 0x000000008a500000, 0x000000008a500000| Complete 
| 166|0x000000008a600000, 0x000000008a700000, 0x000000008a700000|100%| E|CS|TAMS 0x000000008a600000, 0x000000008a600000| Complete 
| 167|0x000000008a700000, 0x000000008a800000, 0x000000008a800000|100%| E|CS|TAMS 0x000000008a700000, 0x000000008a700000| Complete 
| 168|0x000000008a800000, 0x000000008a900000, 0x000000008a900000|100%| E|CS|TAMS 0x000000008a800000, 0x000000008a800000| Complete 
| 169|0x000000008a900000, 0x000000008aa00000, 0x000000008aa00000|100%| E|CS|TAMS 0x000000008a900000, 0x000000008a900000| Complete 
| 170|0x000000008aa00000, 0x000000008ab00000, 0x000000008ab00000|100%| E|CS|TAMS 0x000000008aa00000, 0x000000008aa00000| Complete 
| 171|0x000000008ab00000, 0x000000008ac00000, 0x000000008ac00000|100%| E|CS|TAMS 0x000000008ab00000, 0x000000008ab00000| Complete 
| 172|0x000000008ac00000, 0x000000008ad00000, 0x000000008ad00000|100%| E|CS|TAMS 0x000000008ac00000, 0x000000008ac00000| Complete 
| 173|0x000000008ad00000, 0x000000008ae00000, 0x000000008ae00000|100%| E|CS|TAMS 0x000000008ad00000, 0x000000008ad00000| Complete 
| 174|0x000000008ae00000, 0x000000008af00000, 0x000000008af00000|100%| E|CS|TAMS 0x000000008ae00000, 0x000000008ae00000| Complete 
| 175|0x000000008af00000, 0x000000008b000000, 0x000000008b000000|100%| E|CS|TAMS 0x000000008af00000, 0x000000008af00000| Complete 
| 176|0x000000008b000000, 0x000000008b100000, 0x000000008b100000|100%| E|CS|TAMS 0x000000008b000000, 0x000000008b000000| Complete 
| 177|0x000000008b100000, 0x000000008b200000, 0x000000008b200000|100%| E|CS|TAMS 0x000000008b100000, 0x000000008b100000| Complete 
| 178|0x000000008b200000, 0x000000008b300000, 0x000000008b300000|100%| E|CS|TAMS 0x000000008b200000, 0x000000008b200000| Complete 
| 179|0x000000008b300000, 0x000000008b400000, 0x000000008b400000|100%| E|CS|TAMS 0x000000008b300000, 0x000000008b300000| Complete 
| 180|0x000000008b400000, 0x000000008b500000, 0x000000008b500000|100%| E|CS|TAMS 0x000000008b400000, 0x000000008b400000| Complete 
| 181|0x000000008b500000, 0x000000008b600000, 0x000000008b600000|100%| E|CS|TAMS 0x000000008b500000, 0x000000008b500000| Complete 
| 182|0x000000008b600000, 0x000000008b700000, 0x000000008b700000|100%| E|CS|TAMS 0x000000008b600000, 0x000000008b600000| Complete 
| 183|0x000000008b700000, 0x000000008b800000, 0x000000008b800000|100%| E|CS|TAMS 0x000000008b700000, 0x000000008b700000| Complete 
| 184|0x000000008b800000, 0x000000008b900000, 0x000000008b900000|100%| E|CS|TAMS 0x000000008b800000, 0x000000008b800000| Complete 
| 185|0x000000008b900000, 0x000000008ba00000, 0x000000008ba00000|100%| E|CS|TAMS 0x000000008b900000, 0x000000008b900000| Complete 
| 186|0x000000008ba00000, 0x000000008bb00000, 0x000000008bb00000|100%| E|CS|TAMS 0x000000008ba00000, 0x000000008ba00000| Complete 
| 187|0x000000008bb00000, 0x000000008bc00000, 0x000000008bc00000|100%| E|CS|TAMS 0x000000008bb00000, 0x000000008bb00000| Complete 

Card table byte_map: [0x000002572e1a0000,0x000002572e5a0000] _byte_map_base: 0x000002572dda0000

Marking Bits (Prev, Next): (CMBitMap*) 0x000002571b46f3a0, (CMBitMap*) 0x000002571b46f368
 Prev Bits: [0x00000257309a0000, 0x00000257329a0000)
 Next Bits: [0x000002572e9a0000, 0x00000257309a0000)

Polling page: 0x00000257193c0000

Metaspace:

Usage:
  Non-class:     80.13 MB capacity,    78.65 MB ( 98%) used,     1.23 MB (  2%) free+waste,   250.00 KB ( <1%) overhead. 
      Class:     12.06 MB capacity,    11.32 MB ( 94%) used,   649.80 KB (  5%) free+waste,   111.63 KB ( <1%) overhead. 
       Both:     92.19 MB capacity,    89.97 MB ( 98%) used,     1.87 MB (  2%) free+waste,   361.63 KB ( <1%) overhead. 

Virtual space:
  Non-class space:       82.00 MB reserved,      80.21 MB ( 98%) committed 
      Class space:        1.00 GB reserved,      12.13 MB (  1%) committed 
             Both:        1.08 GB reserved,      92.33 MB (  8%) committed 

Chunk freelists:
   Non-Class:  20.00 KB
       Class:  0 bytes
        Both:  20.00 KB

MaxMetaspaceSize: 17179869184.00 GB
CompressedClassSpaceSize: 1.00 GB

CodeHeap 'non-profiled nmethods': size=120064Kb used=6679Kb max_used=6978Kb free=113384Kb
 bounds [0x0000025726860000, 0x0000025726f40000, 0x000002572dda0000]
CodeHeap 'profiled nmethods': size=120000Kb used=25963Kb max_used=26974Kb free=94036Kb
 bounds [0x000002571f330000, 0x0000025720da0000, 0x0000025726860000]
CodeHeap 'non-nmethods': size=5696Kb used=2300Kb max_used=2352Kb free=3395Kb
 bounds [0x000002571eda0000, 0x000002571f010000, 0x000002571f330000]
 total_blobs=12881 nmethods=11968 adapters=823
 compilation: enabled
              stopped_count=0, restarted_count=0
 full_count=0

Compilation events (20 events):
Event: 251.296 Thread 0x0000025734e84800 12791       2       sun.nio.fs.WindowsFileKey::equals (50 bytes)
Event: 251.296 Thread 0x0000025734e84800 nmethod 12791 0x000002571f3c5f90 code [0x000002571f3c6140, 0x000002571f3c6318]
Event: 251.297 Thread 0x0000025734e84800 12792       2       org.gradle.api.reflect.TypeOf::typeWhichCannotBeNull (16 bytes)
Event: 251.297 Thread 0x0000025734e84800 nmethod 12792 0x000002571f388690 code [0x000002571f388840, 0x000002571f3889c8]
Event: 251.298 Thread 0x0000025734e84800 12793       1       org.gradle.api.internal.artifacts.ivyservice.resolveengine.artifact.DefaultVisitedArtifactResults$DefaultSelectedArtifactResults::getArtifacts (5 bytes)
Event: 251.298 Thread 0x0000025734e84800 nmethod 12793 0x00000257268c1b90 code [0x00000257268c1d40, 0x00000257268c1df8]
Event: 251.314 Thread 0x0000025734e84800 12794       1       org.gradle.api.internal.artifacts.ivyservice.ResolvedFilesCollectingVisitor::getFailures (5 bytes)
Event: 251.314 Thread 0x0000025734e84800 nmethod 12794 0x00000257268c6110 code [0x00000257268c62c0, 0x00000257268c6378]
Event: 251.330 Thread 0x0000025734e84800 12795       1       org.gradle.api.internal.artifacts.ivyservice.DefaultLenientConfiguration::access$000 (5 bytes)
Event: 251.330 Thread 0x0000025734e84800 nmethod 12795 0x00000257268cd790 code [0x00000257268cd940, 0x00000257268cd9d8]
Event: 251.330 Thread 0x0000025734e84800 12796       1       org.gradle.api.internal.artifacts.ivyservice.DefaultLenientConfiguration::access$100 (5 bytes)
Event: 251.330 Thread 0x0000025734e84800 nmethod 12796 0x00000257268cd490 code [0x00000257268cd640, 0x00000257268cd6d8]
Event: 251.330 Thread 0x0000025734e84800 12797       1       org.gradle.api.internal.artifacts.configurations.DefaultConfiguration::getIdentityPath (5 bytes)
Event: 251.330 Thread 0x0000025734e84800 nmethod 12797 0x00000257268d9790 code [0x00000257268d9940, 0x00000257268d99f8]
Event: 251.333 Thread 0x0000025734e84800 12798       1       org.gradle.api.internal.artifacts.ivyservice.DefaultLenientConfiguration::access$700 (5 bytes)
Event: 251.333 Thread 0x0000025734e84800 nmethod 12798 0x00000257268d9490 code [0x00000257268d9640, 0x00000257268d96d8]
Event: 251.335 Thread 0x0000025734e84800 12799       1       org.gradle.internal.fingerprint.impl.DefaultFileCollectionSnapshotter::access$300 (5 bytes)
Event: 251.335 Thread 0x0000025734e84800 nmethod 12799 0x00000257268d9190 code [0x00000257268d9340, 0x00000257268d93d8]
Event: 251.343 Thread 0x0000025734e84800 12800       2       java.nio.file.FileTreeWalker$Event::<init> (9 bytes)
Event: 251.343 Thread 0x0000025734e84800 nmethod 12800 0x000002571f3c7990 code [0x000002571f3c7b40, 0x000002571f3c7d78]

GC Heap History (20 events):
Event: 19.468 GC heap before
{Heap before GC invocations=24 (full 0):
 garbage-first heap   total 133120K, used 101365K [0x0000000080000000, 0x0000000100000000)
  region size 1024K, 49 young (50176K), 6 survivors (6144K)
 Metaspace       used 76671K, capacity 78415K, committed 78676K, reserved 1118208K
  class space    used 9963K, capacity 10597K, committed 10624K, reserved 1048576K
}
Event: 19.490 GC heap after
{Heap after GC invocations=25 (full 0):
 garbage-first heap   total 159744K, used 62227K [0x0000000080000000, 0x0000000100000000)
  region size 1024K, 7 young (7168K), 7 survivors (7168K)
 Metaspace       used 76671K, capacity 78415K, committed 78676K, reserved 1118208K
  class space    used 9963K, capacity 10597K, committed 10624K, reserved 1048576K
}
Event: 20.966 GC heap before
{Heap before GC invocations=25 (full 0):
 garbage-first heap   total 159744K, used 114451K [0x0000000080000000, 0x0000000100000000)
  region size 1024K, 59 young (60416K), 7 survivors (7168K)
 Metaspace       used 77443K, capacity 79267K, committed 79444K, reserved 1118208K
  class space    used 9988K, capacity 10617K, committed 10624K, reserved 1048576K
}
Event: 20.988 GC heap after
{Heap after GC invocations=26 (full 0):
 garbage-first heap   total 159744K, used 66391K [0x0000000080000000, 0x0000000100000000)
  region size 1024K, 8 young (8192K), 8 survivors (8192K)
 Metaspace       used 77443K, capacity 79267K, committed 79444K, reserved 1118208K
  class space    used 9988K, capacity 10617K, committed 10624K, reserved 1048576K
}
Event: 21.935 GC heap before
{Heap before GC invocations=26 (full 0):
 garbage-first heap   total 159744K, used 124759K [0x0000000080000000, 0x0000000100000000)
  region size 1024K, 65 young (66560K), 8 survivors (8192K)
 Metaspace       used 80276K, capacity 82121K, committed 82132K, reserved 1120256K
  class space    used 10360K, capacity 11004K, committed 11008K, reserved 1048576K
}
Event: 21.955 GC heap after
{Heap after GC invocations=27 (full 0):
 garbage-first heap   total 159744K, used 68820K [0x0000000080000000, 0x0000000100000000)
  region size 1024K, 7 young (7168K), 7 survivors (7168K)
 Metaspace       used 80276K, capacity 82121K, committed 82132K, reserved 1120256K
  class space    used 10360K, capacity 11004K, committed 11008K, reserved 1048576K
}
Event: 23.114 GC heap before
{Heap before GC invocations=27 (full 0):
 garbage-first heap   total 159744K, used 126164K [0x0000000080000000, 0x0000000100000000)
  region size 1024K, 64 young (65536K), 7 survivors (7168K)
 Metaspace       used 82741K, capacity 84673K, committed 84820K, reserved 1122304K
  class space    used 10653K, capacity 11319K, committed 11392K, reserved 1048576K
}
Event: 23.135 GC heap after
{Heap after GC invocations=28 (full 0):
 garbage-first heap   total 159744K, used 73489K [0x0000000080000000, 0x0000000100000000)
  region size 1024K, 8 young (8192K), 8 survivors (8192K)
 Metaspace       used 82741K, capacity 84673K, committed 84820K, reserved 1122304K
  class space    used 10653K, capacity 11319K, committed 11392K, reserved 1048576K
}
Event: 24.420 GC heap before
{Heap before GC invocations=28 (full 0):
 garbage-first heap   total 159744K, used 127761K [0x0000000080000000, 0x0000000100000000)
  region size 1024K, 62 young (63488K), 8 survivors (8192K)
 Metaspace       used 84268K, capacity 86315K, committed 86484K, reserved 1124352K
  class space    used 10837K, capacity 11511K, committed 11520K, reserved 1048576K
}
Event: 24.444 GC heap after
{Heap after GC invocations=29 (full 0):
 garbage-first heap   total 192512K, used 77825K [0x0000000080000000, 0x0000000100000000)
  region size 1024K, 5 young (5120K), 5 survivors (5120K)
 Metaspace       used 84268K, capacity 86315K, committed 86484K, reserved 1124352K
  class space    used 10837K, capacity 11511K, committed 11520K, reserved 1048576K
}
Event: 24.625 GC heap before
{Heap before GC invocations=29 (full 0):
 garbage-first heap   total 192512K, used 91137K [0x0000000080000000, 0x0000000100000000)
  region size 1024K, 12 young (12288K), 5 survivors (5120K)
 Metaspace       used 84888K, capacity 86943K, committed 87124K, reserved 1124352K
  class space    used 10933K, capacity 11637K, committed 11648K, reserved 1048576K
}
Event: 24.637 GC heap after
{Heap after GC invocations=30 (full 0):
 garbage-first heap   total 192512K, used 87044K [0x0000000080000000, 0x0000000100000000)
  region size 1024K, 6 young (6144K), 6 survivors (6144K)
 Metaspace       used 84888K, capacity 86943K, committed 87124K, reserved 1124352K
  class space    used 10933K, capacity 11637K, committed 11648K, reserved 1048576K
}
Event: 25.065 GC heap before
{Heap before GC invocations=31 (full 0):
 garbage-first heap   total 192512K, used 97284K [0x0000000080000000, 0x0000000100000000)
  region size 1024K, 9 young (9216K), 6 survivors (6144K)
 Metaspace       used 84974K, capacity 86987K, committed 87252K, reserved 1124352K
  class space    used 10938K, capacity 11628K, committed 11776K, reserved 1048576K
}
Event: 25.079 GC heap after
{Heap after GC invocations=32 (full 0):
 garbage-first heap   total 192512K, used 77947K [0x0000000080000000, 0x0000000100000000)
  region size 1024K, 1 young (1024K), 1 survivors (1024K)
 Metaspace       used 84974K, capacity 86987K, committed 87252K, reserved 1124352K
  class space    used 10938K, capacity 11628K, committed 11776K, reserved 1048576K
}
Event: 45.587 GC heap before
{Heap before GC invocations=33 (full 0):
 garbage-first heap   total 192512K, used 154747K [0x0000000080000000, 0x0000000100000000)
  region size 1024K, 70 young (71680K), 1 survivors (1024K)
 Metaspace       used 89216K, capacity 91270K, committed 91604K, reserved 1128448K
  class space    used 11251K, capacity 11950K, committed 12032K, reserved 1048576K
}
Event: 45.604 GC heap after
{Heap after GC invocations=34 (full 0):
 garbage-first heap   total 192512K, used 82565K [0x0000000080000000, 0x0000000100000000)
  region size 1024K, 6 young (6144K), 6 survivors (6144K)
 Metaspace       used 89216K, capacity 91270K, committed 91604K, reserved 1128448K
  class space    used 11251K, capacity 11950K, committed 12032K, reserved 1048576K
}
Event: 47.079 GC heap before
{Heap before GC invocations=34 (full 0):
 garbage-first heap   total 192512K, used 151173K [0x0000000080000000, 0x0000000100000000)
  region size 1024K, 74 young (75776K), 6 survivors (6144K)
 Metaspace       used 89338K, capacity 91349K, committed 91604K, reserved 1128448K
  class space    used 11252K, capacity 11953K, committed 12032K, reserved 1048576K
}
Event: 47.097 GC heap after
{Heap after GC invocations=35 (full 0):
 garbage-first heap   total 192512K, used 85272K [0x0000000080000000, 0x0000000100000000)
  region size 1024K, 8 young (8192K), 8 survivors (8192K)
 Metaspace       used 89338K, capacity 91349K, committed 91604K, reserved 1128448K
  class space    used 11252K, capacity 11953K, committed 12032K, reserved 1048576K
}
Event: 249.358 GC heap before
{Heap before GC invocations=35 (full 0):
 garbage-first heap   total 192512K, used 154904K [0x0000000080000000, 0x0000000100000000)
  region size 1024K, 77 young (78848K), 8 survivors (8192K)
 Metaspace       used 89968K, capacity 92052K, committed 92116K, reserved 1130496K
  class space    used 11267K, capacity 11975K, committed 12032K, reserved 1048576K
}
Event: 249.373 GC heap after
{Heap after GC invocations=36 (full 0):
 garbage-first heap   total 192512K, used 84363K [0x0000000080000000, 0x0000000100000000)
  region size 1024K, 6 young (6144K), 6 survivors (6144K)
 Metaspace       used 89968K, capacity 92052K, committed 92116K, reserved 1130496K
  class space    used 11267K, capacity 11975K, committed 12032K, reserved 1048576K
}

Deoptimization events (20 events):
Event: 250.560 Thread 0x0000025735f1f800 DEOPT PACKING pc=0x0000025726d8e46c sp=0x000000b0e41f4210
Event: 250.560 Thread 0x0000025735f1f800 DEOPT UNPACKING pc=0x000002571edc742f sp=0x000000b0e41f41d0 mode 2
Event: 250.609 Thread 0x0000025735f1f800 Uncommon trap: trap_request=0xffffff4d fr.pc=0x000002572697f180 relative=0x00000000000009a0
Event: 250.609 Thread 0x0000025735f1f800 Uncommon trap: reason=unstable_if action=reinterpret pc=0x000002572697f180 method=java.util.WeakHashMap.eq(Ljava/lang/Object;Ljava/lang/Object;)Z @ 2 c2
Event: 250.609 Thread 0x0000025735f1f800 DEOPT PACKING pc=0x000002572697f180 sp=0x000000b0e41f6eb0
Event: 250.609 Thread 0x0000025735f1f800 DEOPT UNPACKING pc=0x000002571edc742f sp=0x000000b0e41f6e20 mode 2
Event: 250.690 Thread 0x0000025735f1f800 Uncommon trap: trap_request=0xffffff4d fr.pc=0x0000025726c95c24 relative=0x00000000000003e4
Event: 250.690 Thread 0x0000025735f1f800 Uncommon trap: reason=unstable_if action=reinterpret pc=0x0000025726c95c24 method=java.io.ObjectOutputStream$BlockDataOutputStream.writeBytes(Ljava/lang/String;)V @ 22 c2
Event: 250.690 Thread 0x0000025735f1f800 DEOPT PACKING pc=0x0000025726c95c24 sp=0x000000b0e41f7490
Event: 250.690 Thread 0x0000025735f1f800 DEOPT UNPACKING pc=0x000002571edc742f sp=0x000000b0e41f7418 mode 2
Event: 250.757 Thread 0x000002573dda7800 Uncommon trap: trap_request=0xffffffde fr.pc=0x0000025726b4817c relative=0x00000000000000bc
Event: 250.757 Thread 0x000002573dda7800 Uncommon trap: reason=class_check action=maybe_recompile pc=0x0000025726b4817c method=java.lang.ThreadLocal.set(Ljava/lang/Object;)V @ 26 c2
Event: 250.757 Thread 0x000002573dda7800 DEOPT PACKING pc=0x0000025726b4817c sp=0x000000b0ed7fd810
Event: 250.757 Thread 0x000002573dda7800 DEOPT UNPACKING pc=0x000002571edc742f sp=0x000000b0ed7fd7a0 mode 2
Event: 251.103 Thread 0x0000025735f21800 DEOPT PACKING pc=0x000002571f3926fd sp=0x000000b0e4afe340
Event: 251.103 Thread 0x0000025735f21800 DEOPT UNPACKING pc=0x000002571edc724e sp=0x000000b0e4afd808 mode 0
Event: 251.149 Thread 0x0000025735f28000 DEOPT PACKING pc=0x0000025726f25f70 sp=0x000000b0e56fc0b0
Event: 251.149 Thread 0x0000025735f28000 DEOPT UNPACKING pc=0x000002571edc724e sp=0x000000b0e56fb470 mode 0
Event: 251.202 Thread 0x0000025735f1f800 DEOPT PACKING pc=0x000002571f4e249c sp=0x000000b0e41f7fe0
Event: 251.202 Thread 0x0000025735f1f800 DEOPT UNPACKING pc=0x000002571edc724e sp=0x000000b0e41f7580 mode 0

Classes redefined (0 events):
No events

Internal exceptions (20 events):
Event: 250.690 Thread 0x0000025735f1f800 Exception <a 'java/lang/NoSuchMethodError'{0x00000000885fe838}: <clinit>> (0x00000000885fe838) thrown at [./src/hotspot/share/prims/jni.cpp, line 1362]
Event: 250.697 Thread 0x0000025735f1f800 Exception <a 'java/lang/NoSuchMethodError'{0x0000000088475a38}: <clinit>> (0x0000000088475a38) thrown at [./src/hotspot/share/prims/jni.cpp, line 1362]
Event: 250.749 Thread 0x000002573dda7800 Exception <a 'java/lang/NoSuchMethodError'{0x0000000088286070}: 'java.lang.Object java.lang.invoke.DirectMethodHandle$Holder.invokeStatic(java.lang.Object, java.lang.Object, java.lang.Object, java.lang.Object, java.lang.Object, java.lang.Object, java.lang.Object, java.lang.Object, java.lang.Object, java.lang.Object, java.lang.Object, java.lang.Object, java.lang.Object, int)'> (0x0000000088286070) thrown at [./src/hotspot/share/interpreter/linkResolver.cpp, line 773]
Event: 250.751 Thread 0x000002573dda7800 Exception <a 'java/lang/NoSuchMethodError'{0x0000000088293008}: 'java.lang.Object java.lang.invoke.DirectMethodHandle$Holder.invokeStatic(java.lang.Object, java.lang.Object, java.lang.Object, java.lang.Object, java.lang.Object, java.lang.Object, java.lang.Object, java.lang.Object, java.lang.Object, java.lang.Object, java.lang.Object, java.lang.Object, java.lang.Object, int, int)'> (0x0000000088293008) thrown at [./src/hotspot/share/interpreter/linkResolver.cpp, line 773]
Event: 251.324 Thread 0x000002573dfb2000 Exception <a 'sun/nio/fs/WindowsException'{0x0000000087a15150}> (0x0000000087a15150) thrown at [./src/hotspot/share/prims/jni.cpp, line 615]
Event: 251.325 Thread 0x000002573dfb2000 Exception <a 'sun/nio/fs/WindowsException'{0x0000000087a15ac8}> (0x0000000087a15ac8) thrown at [./src/hotspot/share/prims/jni.cpp, line 615]
Event: 251.334 Thread 0x000002573dfb2000 Exception <a 'sun/nio/fs/WindowsException'{0x0000000087a869e0}> (0x0000000087a869e0) thrown at [./src/hotspot/share/prims/jni.cpp, line 615]
Event: 251.335 Thread 0x000002573dfb2000 Exception <a 'sun/nio/fs/WindowsException'{0x0000000087a87388}> (0x0000000087a87388) thrown at [./src/hotspot/share/prims/jni.cpp, line 615]
Event: 251.335 Thread 0x000002573dfb2000 Exception <a 'sun/nio/fs/WindowsException'{0x0000000087a88740}> (0x0000000087a88740) thrown at [./src/hotspot/share/prims/jni.cpp, line 615]
Event: 251.335 Thread 0x000002573dfb2000 Exception <a 'sun/nio/fs/WindowsException'{0x0000000087a890c0}> (0x0000000087a890c0) thrown at [./src/hotspot/share/prims/jni.cpp, line 615]
Event: 251.339 Thread 0x000002573dfb2000 Exception <a 'sun/nio/fs/WindowsException'{0x0000000087a9eef8}> (0x0000000087a9eef8) thrown at [./src/hotspot/share/prims/jni.cpp, line 615]
Event: 251.340 Thread 0x000002573dfb2000 Exception <a 'sun/nio/fs/WindowsException'{0x0000000087a9f878}> (0x0000000087a9f878) thrown at [./src/hotspot/share/prims/jni.cpp, line 615]
Event: 251.341 Thread 0x000002573dfb2000 Exception <a 'sun/nio/fs/WindowsException'{0x0000000087aa13a0}> (0x0000000087aa13a0) thrown at [./src/hotspot/share/prims/jni.cpp, line 615]
Event: 251.341 Thread 0x000002573dfb2000 Exception <a 'sun/nio/fs/WindowsException'{0x0000000087aa1d20}> (0x0000000087aa1d20) thrown at [./src/hotspot/share/prims/jni.cpp, line 615]
Event: 251.342 Thread 0x000002573dfb2000 Exception <a 'sun/nio/fs/WindowsException'{0x0000000087aa35f0}> (0x0000000087aa35f0) thrown at [./src/hotspot/share/prims/jni.cpp, line 615]
Event: 251.342 Thread 0x000002573dfb2000 Exception <a 'sun/nio/fs/WindowsException'{0x0000000087aa3f68}> (0x0000000087aa3f68) thrown at [./src/hotspot/share/prims/jni.cpp, line 615]
Event: 251.342 Thread 0x000002573dfb2000 Exception <a 'sun/nio/fs/WindowsException'{0x0000000087aa5850}> (0x0000000087aa5850) thrown at [./src/hotspot/share/prims/jni.cpp, line 615]
Event: 251.342 Thread 0x000002573dfb2000 Exception <a 'sun/nio/fs/WindowsException'{0x0000000087aa61d0}> (0x0000000087aa61d0) thrown at [./src/hotspot/share/prims/jni.cpp, line 615]
Event: 251.342 Thread 0x000002573dfb2000 Exception <a 'sun/nio/fs/WindowsException'{0x0000000087aa7ab8}> (0x0000000087aa7ab8) thrown at [./src/hotspot/share/prims/jni.cpp, line 615]
Event: 251.343 Thread 0x000002573dfb2000 Exception <a 'sun/nio/fs/WindowsException'{0x0000000087aa8438}> (0x0000000087aa8438) thrown at [./src/hotspot/share/prims/jni.cpp, line 615]

Events (20 events):
Event: 251.057 loading class org/jetbrains/kotlin/daemon/common/CompileIterationResult$Companion
Event: 251.057 loading class org/jetbrains/kotlin/daemon/common/CompileIterationResult$Companion done
Event: 251.064 loading class org/jetbrains/kotlin/compilerRunner/ReportUtilsKt
Event: 251.064 loading class org/jetbrains/kotlin/compilerRunner/ReportUtilsKt done
Event: 251.066 loading class org/jetbrains/kotlin/cli/common/ExitCode
Event: 251.066 loading class org/jetbrains/kotlin/cli/common/ExitCode done
Event: 251.068 loading class org/jetbrains/kotlin/gradle/tasks/TasksUtilsKt
Event: 251.068 loading class org/jetbrains/kotlin/gradle/tasks/TasksUtilsKt done
Event: 251.069 loading class org/jetbrains/kotlin/gradle/tasks/TasksUtilsKt$WhenMappings
Event: 251.069 loading class org/jetbrains/kotlin/gradle/tasks/TasksUtilsKt$WhenMappings done
Event: 251.144 loading class com/google/common/collect/CompactHashMap$1
Event: 251.144 loading class com/google/common/collect/CompactHashMap$1 done
Event: 251.145 Executing VM operation: Deoptimize
Event: 251.147 Executing VM operation: Deoptimize done
Event: 251.291 Executing VM operation: RevokeBias
Event: 251.291 Executing VM operation: RevokeBias done
Event: 251.292 Executing VM operation: RevokeBias
Event: 251.292 Executing VM operation: RevokeBias done
Event: 251.298 Executing VM operation: RevokeBias
Event: 251.299 Executing VM operation: RevokeBias done


Dynamic libraries:
0x00007ff6b6c50000 - 0x00007ff6b6c5a000 	D:\Android\Android Studio\jre\bin\java.exe
0x00007ffb5d0a0000 - 0x00007ffb5d28d000 	C:\Windows\SYSTEM32\ntdll.dll
0x00007ffb5a630000 - 0x00007ffb5a6e3000 	C:\Windows\System32\KERNEL32.DLL
0x00007ffb59200000 - 0x00007ffb59495000 	C:\Windows\System32\KERNELBASE.dll
0x00007ffb5a110000 - 0x00007ffb5a20a000 	C:\Windows\System32\ucrtbase.dll
0x00007ffb51c60000 - 0x00007ffb51c79000 	D:\Android\Android Studio\jre\bin\jli.dll
0x00007ffb51c40000 - 0x00007ffb51c57000 	D:\Android\Android Studio\jre\bin\VCRUNTIME140.dll
0x00007ffb5a700000 - 0x00007ffb5a898000 	C:\Windows\System32\USER32.dll
0x00007ffb5a210000 - 0x00007ffb5a230000 	C:\Windows\System32\win32u.dll
0x00007ffb5b7a0000 - 0x00007ffb5b7c9000 	C:\Windows\System32\GDI32.dll
0x00007ffb59f50000 - 0x00007ffb5a0ec000 	C:\Windows\System32\gdi32full.dll
0x00007ffb4b8c0000 - 0x00007ffb4bb39000 	C:\Windows\WinSxS\amd64_microsoft.windows.common-controls_6595b64144ccf1df_6.0.17763.2114_none_de6e8966534dbac6\COMCTL32.dll
0x00007ffb5a230000 - 0x00007ffb5a2d0000 	C:\Windows\System32\msvcp_win.dll
0x00007ffb5b540000 - 0x00007ffb5b5de000 	C:\Windows\System32\msvcrt.dll
0x00007ffb5b210000 - 0x00007ffb5b53d000 	C:\Windows\System32\combase.dll
0x00007ffb5cea0000 - 0x00007ffb5cfbf000 	C:\Windows\System32\RPCRT4.dll
0x00007ffb59c70000 - 0x00007ffb59cf2000 	C:\Windows\System32\bcryptPrimitives.dll
0x00007ffb5a930000 - 0x00007ffb5a95e000 	C:\Windows\System32\IMM32.DLL
0x00007ffb42ff0000 - 0x00007ffb4308d000 	D:\Android\Android Studio\jre\bin\msvcp140.dll
0x00007ffb36cc0000 - 0x00007ffb3777c000 	D:\Android\Android Studio\jre\bin\server\jvm.dll
0x00007ffb5cfc0000 - 0x00007ffb5d064000 	C:\Windows\System32\ADVAPI32.dll
0x00007ffb5b6a0000 - 0x00007ffb5b73e000 	C:\Windows\System32\sechost.dll
0x00007ffb5b690000 - 0x00007ffb5b698000 	C:\Windows\System32\PSAPI.DLL
0x00007ffb571e0000 - 0x00007ffb57204000 	C:\Windows\SYSTEM32\WINMM.dll
0x00007ffb55370000 - 0x00007ffb55379000 	C:\Windows\SYSTEM32\WSOCK32.dll
0x00007ffb5aad0000 - 0x00007ffb5ab3d000 	C:\Windows\System32\WS2_32.dll
0x00007ffb4bf00000 - 0x00007ffb4bf0a000 	C:\Windows\SYSTEM32\VERSION.dll
0x00007ffb57080000 - 0x00007ffb570ad000 	C:\Windows\SYSTEM32\WINMMBASE.dll
0x00007ffb594a0000 - 0x00007ffb594ea000 	C:\Windows\System32\cfgmgr32.dll
0x00007ffb590d0000 - 0x00007ffb590e1000 	C:\Windows\System32\kernel.appcore.dll
0x00007ffb546e0000 - 0x00007ffb546f1000 	D:\Android\Android Studio\jre\bin\verify.dll
0x00007ffb49a60000 - 0x00007ffb49c4d000 	C:\Windows\SYSTEM32\DBGHELP.DLL
0x00007ffb49cb0000 - 0x00007ffb49cda000 	C:\Windows\SYSTEM32\dbgcore.DLL
0x00007ffb53cd0000 - 0x00007ffb53cf9000 	D:\Android\Android Studio\jre\bin\java.dll
0x00007ffb55360000 - 0x00007ffb5536b000 	D:\Android\Android Studio\jre\bin\jimage.dll
0x00007ffb53cb0000 - 0x00007ffb53cc8000 	D:\Android\Android Studio\jre\bin\zip.dll
0x00007ffb5b9a0000 - 0x00007ffb5ce99000 	C:\Windows\System32\SHELL32.dll
0x00007ffb5a9c0000 - 0x00007ffb5aa68000 	C:\Windows\System32\shcore.dll
0x00007ffb59520000 - 0x00007ffb59c6b000 	C:\Windows\System32\windows.storage.dll
0x00007ffb59080000 - 0x00007ffb590a4000 	C:\Windows\System32\profapi.dll
0x00007ffb590f0000 - 0x00007ffb5914d000 	C:\Windows\System32\powrprof.dll
0x00007ffb5aa70000 - 0x00007ffb5aac2000 	C:\Windows\System32\shlwapi.dll
0x00007ffb5a0f0000 - 0x00007ffb5a107000 	C:\Windows\System32\cryptsp.dll
0x00007ffb53c90000 - 0x00007ffb53caa000 	D:\Android\Android Studio\jre\bin\net.dll
0x00007ffb504e0000 - 0x00007ffb505d1000 	C:\Windows\SYSTEM32\WINHTTP.dll
0x00007ffb58870000 - 0x00007ffb588d7000 	C:\Windows\system32\mswsock.dll
0x00007ffb53c70000 - 0x00007ffb53c84000 	D:\Android\Android Studio\jre\bin\nio.dll
0x00007ffb53080000 - 0x00007ffb530a7000 	C:\Users\Home\.gradle\native\f6784746aeab05261644944871eae4fe03e0ef1612fff0a4a95f87b438bc6780\windows-amd64\native-platform.dll
0x00007ffb54e90000 - 0x00007ffb54e9a000 	D:\Android\Android Studio\jre\bin\management.dll
0x00007ffb54960000 - 0x00007ffb5496c000 	D:\Android\Android Studio\jre\bin\management_ext.dll
0x00007ffb58400000 - 0x00007ffb58433000 	C:\Windows\system32\rsaenh.dll
0x00007ffb594f0000 - 0x00007ffb59516000 	C:\Windows\System32\bcrypt.dll
0x00007ffb58fb0000 - 0x00007ffb58fd9000 	C:\Windows\SYSTEM32\USERENV.dll
0x00007ffb58a40000 - 0x00007ffb58a4c000 	C:\Windows\SYSTEM32\CRYPTBASE.dll
0x00007ffb58590000 - 0x00007ffb585cd000 	C:\Windows\SYSTEM32\IPHLPAPI.DLL
0x00007ffb5a6f0000 - 0x00007ffb5a6f8000 	C:\Windows\System32\NSI.dll
0x00007ffb51180000 - 0x00007ffb51196000 	C:\Windows\SYSTEM32\dhcpcsvc6.DLL
0x00007ffb52140000 - 0x00007ffb5215c000 	C:\Windows\SYSTEM32\dhcpcsvc.DLL
0x00007ffb585d0000 - 0x00007ffb58696000 	C:\Windows\SYSTEM32\DNSAPI.dll
0x00007ffb52e70000 - 0x00007ffb52e7b000 	C:\Windows\SYSTEM32\WINNSI.DLL
0x00007ffb53180000 - 0x00007ffb531a7000 	D:\Android\Android Studio\jre\bin\sunec.dll
0x00007ffb53ae0000 - 0x00007ffb53ae8000 	D:\Android\Android Studio\jre\bin\rmi.dll

dbghelp: loaded successfully - version: 4.0.5 - missing functions: none
symbol engine: initialized successfully - sym options: 0x614 - pdb path: .;D:\Android\Android Studio\jre\bin;C:\Windows\SYSTEM32;C:\Windows\WinSxS\amd64_microsoft.windows.common-controls_6595b64144ccf1df_6.0.17763.2114_none_de6e8966534dbac6;D:\Android\Android Studio\jre\bin\server;C:\Users\Home\.gradle\native\f6784746aeab05261644944871eae4fe03e0ef1612fff0a4a95f87b438bc6780\windows-amd64

VM Arguments:
jvm_args: --add-opens=java.base/java.util=ALL-UNNAMED --add-opens=java.base/java.lang=ALL-UNNAMED --add-opens=java.base/java.lang.invoke=ALL-UNNAMED --add-opens=java.prefs/java.util.prefs=ALL-UNNAMED -Xmx2048m -Dfile.encoding=UTF-8 -Duser.country=RU -Duser.language=ru -Duser.variant 
java_command: org.gradle.launcher.daemon.bootstrap.GradleDaemon 6.5
java_class_path (initial): C:\Users\Home\.gradle\wrapper\dists\gradle-6.5-all\2oz4ud9k3tuxjg84bbf55q0tn\gradle-6.5\lib\gradle-launcher-6.5.jar
Launcher Type: SUN_STANDARD

[Global flags]
     intx CICompilerCount                          = 3                                         {product} {ergonomic}
     uint ConcGCThreads                            = 1                                         {product} {ergonomic}
     uint G1ConcRefinementThreads                  = 4                                         {product} {ergonomic}
   size_t G1HeapRegionSize                         = 1048576                                   {product} {ergonomic}
    uintx GCDrainStackTargetSize                   = 64                                        {product} {ergonomic}
   size_t InitialHeapSize                          = 65011712                                  {product} {ergonomic}
   size_t MarkStackSize                            = 4194304                                   {product} {ergonomic}
   size_t MaxHeapSize                              = 2147483648                                {product} {command line}
   size_t MaxNewSize                               = 1287651328                                {product} {ergonomic}
   size_t MinHeapDeltaBytes                        = 1048576                                   {product} {ergonomic}
    uintx NonNMethodCodeHeapSize                   = 5830732                                {pd product} {ergonomic}
    uintx NonProfiledCodeHeapSize                  = 122913754                              {pd product} {ergonomic}
    uintx ProfiledCodeHeapSize                     = 122913754                              {pd product} {ergonomic}
    uintx ReservedCodeCacheSize                    = 251658240                              {pd product} {ergonomic}
     bool SegmentedCodeCache                       = true                                      {product} {ergonomic}
     bool UseCompressedClassPointers               = true                                 {lp64_product} {ergonomic}
     bool UseCompressedOops                        = true                                 {lp64_product} {ergonomic}
     bool UseG1GC                                  = true                                      {product} {ergonomic}
     bool UseLargePagesIndividualAllocation        = false                                  {pd product} {ergonomic}

Logging:
Log output configuration:
 #0: stdout all=warning uptime,level,tags
 #1: stderr all=off uptime,level,tags

Environment Variables:
PATH=C:\Program Files (x86)\Common Files\Oracle\Java\javapath;C:\Windows\system32;C:\Windows;C:\Windows\System32\Wbem;C:\Windows\System32\WindowsPowerShell\v1.0\;C:\Windows\System32\OpenSSH\;D:\AndroidProjects\Git\cmd;C:\Users\Home\AppData\Local\Microsoft\WindowsApps;
USERNAME=Home
OS=Windows_NT
PROCESSOR_IDENTIFIER=Intel64 Family 6 Model 42 Stepping 7, GenuineIntel



---------------  S Y S T E M  ---------------

OS: Windows 10 , 64 bit Build 17763 (10.0.17763.2090)
OS uptime: 0 days 5:59 hours

CPU:total 4 (initial active 4) (2 cores per cpu, 2 threads per core) family 6 model 42 stepping 7, cmov, cx8, fxsr, mmx, sse, sse2, sse3, ssse3, sse4.1, sse4.2, popcnt, avx, clmul, ht, tsc, tscinvbit

Memory: 4k page, system-wide physical 3932M (379M free)
TotalPageFile size 4732M (AvailPageFile size 8M)
current process WorkingSet (physical memory assigned to process): 459M, peak: 460M
current process commit charge ("private bytes"): 489M, peak: 491M

vm_info: OpenJDK 64-Bit Server VM (11.0.8+10-b944.6842174) for windows-amd64 JRE (11.0.8+10-b944.6842174), built on Sep 19 2020 01:11:42 by "builder" with MS VC++ 14.0 (VS2015)

END.
